Command: /SCRATCH/srivats/vs/IEEE_Book/Practical-UVM-IEEE-Edition/Advanced_UVM_Topics/Out_of_order/run/./simv -l simv.log -lca +ntb_random_seed=1 +UVM_TESTNAME=wb_env_slave_test +UVM_TR_RECORD +UVM_LOG_RECORD
Chronologic VCS simulator copyright 1991-2019
Contains Synopsys proprietary information.
Compiler version P-2019.06; Runtime version P-2019.06;  Aug 31 00:25 2019
UVM_INFO /global/apps/vcs_2019.06/etc/uvm-ieee/base/uvm_root.svh(460) @ 0: reporter [UVM/RELNOTES] 
  ***********       IMPORTANT RELEASE NOTES         ************

  This implementation of the UVM Library deviates from the 1800.2-2017
  standard.  See the DEVIATIONS.md file contained in the release
  for more details.

----------------------------------------------------------------
Accellera:1800.2-2017:UVM:1.0.Synopsys

All copyright owners for this kit are listed in NOTICE.txt
All Rights Reserved Worldwide
----------------------------------------------------------------

      (Specify +UVM_NO_RELNOTES to turn off this notice)

VCD+ Writer P-2019.06 Copyright (c) 1991-2019 by Synopsys Inc.
UVM_INFO /global/apps/vcs_2019.06/etc/uvm-ieee/vcs/uvm_custom_install_vcs_recorder.sv(85) @ 0: reporter [VCS_TR_AUTO] +UVM_TR_RECORD implicitly enables recording_details to UVM_FULL for all components. For explicit control use +UVM_DISABLE_AUTO_COMPONENT and set recording_detail on components accordingly
UVM_INFO @ 0: reporter [RNTST] Running test wb_env_slave_test...
*Verdi* Loading libsscore_vcs201906.so
FSDB Dumper for VCS, Release Verdi_P-2019.06, Linux, 05/26/2019
(C) 1996 - 2019 by Synopsys, Inc.
*Verdi* FSDB WARNING: The FSDB file already exists. Overwriting the FSDB file may crash the programs that are using this file.
*Verdi* : Create FSDB file 'novas.fsdb'
*Verdi* : Begin traversing the scope (wb_env_top_mod), layer (0).
*Verdi* : End of traversing.
----------------------------------------------
Name             Type           Size  Value   
----------------------------------------------
wb_slave_config  wb_config      -     @245    
  port_size      sizes_e        32    BYTE    
  granularity    sizes_e        32    BYTE    
  cycles         cycle_types_e  32    CLASSIC 
  max_n_wss      integral       32    'h5     
  min_addr       integral       64    'h0     
  max_addr       integral       64    'h989680
----------------------------------------------
UVM_INFO ../src/wb_master.sv(132) @ 45: uvm_test_top.env.master_agent.mast_drv [WB_MASTER]           2 STARTED READ TRANSACTION -----------------------------------------------------------------------------------------------------------------
Name                           Type            Size  Value                                                       
-----------------------------------------------------------------------------------------------------------------
req                            wb_transaction  -     @867                                                        
  address                      integral        64    'h10                                                        
  data                         integral        64    'h2651289d21ffe7e2                                          
  sel                          integral        8     'h1                                                         
  tga                          integral        16    'h6c03                                                      
  lock                         integral        1     'h1                                                         
  num_wait_states              integral        32    'h0                                                         
  kind                         kinds_e         32    READ                                                        
  status                       status_e        32    OK                                                          
  next_cycle                   pipelining_e    32    CLASSIC                                                     
  begin_time                   time            64    45                                                          
  depth                        int             32    'd2                                                         
  parent sequence (name)       string          21    out_of_order_sequence                                       
  parent sequence (full name)  string          60    uvm_test_top.env.master_agent.mast_sqr.out_of_order_sequence
  sequencer                    string          38    uvm_test_top.env.master_agent.mast_sqr                      
-----------------------------------------------------------------------------------------------------------------

UVM_INFO ../src/wb_slave.sv(162) @ 45: uvm_test_top.env.slave_agent.slv_drv [Wb_slave] got a read transaction ------------------------------------------------
Name               Type            Size  Value  
------------------------------------------------
tr                 wb_transaction  -     @902   
  address          integral        64    'h10   
  data             integral        64    'h0    
  sel              integral        8     'h0    
  tga              integral        16    'h0    
  lock             integral        1     'h0    
  num_wait_states  integral        32    'h0    
  kind             kinds_e         32    READ   
  status           status_e        32    OK     
  next_cycle       pipelining_e    32    CLASSIC
------------------------------------------------
  
UVM_INFO ../src/wb_slave.sv(165) @ 45: uvm_test_top.env.slave_agent.slv_drv [WB_SLAVE] WAITFORLOCK 1
UVM_INFO ../src/wb_slave.sv(166) @ 45: uvm_test_top.env.slave_agent.slv_drv [WB_SLAVE] GOT LOCK 1
UVM_INFO ../src/wb_slave_agent_sequence_library.sv(77) @ 45: uvm_test_top.env.slave_agent.slv_seqr@@ram_sequence [SLAVE_RAM_SEQ] SLAVE QUEUED           0 transaction ------------------------------------------------
Name               Type            Size  Value  
------------------------------------------------
tr                 wb_transaction  -     @902   
  address          integral        64    'h10   
  data             integral        64    'h0    
  sel              integral        8     'h0    
  tga              integral        16    'h0    
  lock             integral        1     'h0    
  num_wait_states  integral        32    'h0    
  kind             kinds_e         32    READ   
  status           status_e        32    OK     
  next_cycle       pipelining_e    32    CLASSIC
------------------------------------------------

UVM_INFO ../src/wb_slave_agent_sequence_library.sv(57) @ 45: uvm_test_top.env.slave_agent.slv_seqr@@ram_sequence [SLAVE_RAM_SEQ] SLAVE received transaction ------------------------------------------------
Name               Type            Size  Value  
------------------------------------------------
tr                 wb_transaction  -     @902   
  address          integral        64    'h10   
  data             integral        64    'h0    
  sel              integral        8     'h0    
  tga              integral        16    'h0    
  lock             integral        1     'h0    
  num_wait_states  integral        32    'h0    
  kind             kinds_e         32    READ   
  status           status_e        32    OK     
  next_cycle       pipelining_e    32    CLASSIC
------------------------------------------------

UVM_INFO ../src/wb_slave_agent_sequence_library.sv(65) @ 45: uvm_test_top.env.slave_agent.slv_seqr@@ram_sequence [SLAVE_RAM_SEQ] SLAVE SEQUENCER response transaction ------------------------------------------------
Name               Type            Size  Value  
------------------------------------------------
tr                 wb_transaction  -     @902   
  address          integral        64    'h10   
  data             integral        64    'h20   
  sel              integral        8     'h0    
  tga              integral        16    'h0    
  lock             integral        1     'h0    
  num_wait_states  integral        32    'h0    
  kind             kinds_e         32    READ   
  status           status_e        32    OK     
  next_cycle       pipelining_e    32    CLASSIC
------------------------------------------------

UVM_INFO ../src/wb_slave.sv(175) @ 75: uvm_test_top.env.slave_agent.slv_drv [WB_SLAVE] PUT LOCK 1
UVM_INFO ../src/wb_master.sv(178) @ 75: uvm_test_top.env.master_agent.mast_drv [WB_MASTER]           2 COMPLETED READ TRANSACTION -----------------------------------------------------------------------------------------------------------------
Name                           Type            Size  Value                                                       
-----------------------------------------------------------------------------------------------------------------
req                            wb_transaction  -     @867                                                        
  address                      integral        64    'h10                                                        
  data                         integral        64    'h0                                                         
  sel                          integral        8     'h1                                                         
  tga                          integral        16    'h0                                                         
  lock                         integral        1     'h1                                                         
  num_wait_states              integral        32    'h0                                                         
  kind                         kinds_e         32    READ                                                        
  status                       status_e        32    OK                                                          
  next_cycle                   pipelining_e    32    CLASSIC                                                     
  begin_time                   time            64    45                                                          
  end_time                     time            64    45                                                          
  depth                        int             32    'd2                                                         
  parent sequence (name)       string          21    out_of_order_sequence                                       
  parent sequence (full name)  string          60    uvm_test_top.env.master_agent.mast_sqr.out_of_order_sequence
  sequencer                    string          38    uvm_test_top.env.master_agent.mast_sqr                      
-----------------------------------------------------------------------------------------------------------------

UVM_INFO ../src/wb_master_agent_sequence_library.sv(152) @ 75: uvm_test_top.env.master_agent.mast_sqr@@out_of_order_sequence [SEQUENCE] RESPONSE Transaction Received -----------------------------------------------------------------------------------------------------------------
Name                           Type            Size  Value                                                       
-----------------------------------------------------------------------------------------------------------------
req                            wb_transaction  -     @867                                                        
  address                      integral        64    'h10                                                        
  data                         integral        64    'h0                                                         
  sel                          integral        8     'h1                                                         
  tga                          integral        16    'h0                                                         
  lock                         integral        1     'h1                                                         
  num_wait_states              integral        32    'h0                                                         
  kind                         kinds_e         32    READ                                                        
  status                       status_e        32    OK                                                          
  next_cycle                   pipelining_e    32    CLASSIC                                                     
  begin_time                   time            64    45                                                          
  end_time                     time            64    45                                                          
  depth                        int             32    'd2                                                         
  parent sequence (name)       string          21    out_of_order_sequence                                       
  parent sequence (full name)  string          60    uvm_test_top.env.master_agent.mast_sqr.out_of_order_sequence
  sequencer                    string          38    uvm_test_top.env.master_agent.mast_sqr                      
-----------------------------------------------------------------------------------------------------------------

UVM_INFO ../src/wb_master.sv(132) @ 85: uvm_test_top.env.master_agent.mast_drv [WB_MASTER]           1 STARTED READ TRANSACTION -----------------------------------------------------------------------------------------------------------------
Name                           Type            Size  Value                                                       
-----------------------------------------------------------------------------------------------------------------
req                            wb_transaction  -     @887                                                        
  address                      integral        64    'h20                                                        
  data                         integral        64    'h3fce83018c32a4db                                          
  sel                          integral        8     'h1                                                         
  tga                          integral        16    'h9b79                                                      
  lock                         integral        1     'h1                                                         
  num_wait_states              integral        32    'h0                                                         
  kind                         kinds_e         32    READ                                                        
  status                       status_e        32    OK                                                          
  next_cycle                   pipelining_e    32    CLASSIC                                                     
  begin_time                   time            64    45                                                          
  end_time                     time            64    45                                                          
  depth                        int             32    'd2                                                         
  parent sequence (name)       string          21    out_of_order_sequence                                       
  parent sequence (full name)  string          60    uvm_test_top.env.master_agent.mast_sqr.out_of_order_sequence
  sequencer                    string          38    uvm_test_top.env.master_agent.mast_sqr                      
-----------------------------------------------------------------------------------------------------------------

UVM_INFO ../src/wb_slave.sv(162) @ 85: uvm_test_top.env.slave_agent.slv_drv [Wb_slave] got a read transaction ------------------------------------------------
Name               Type            Size  Value  
------------------------------------------------
tr                 wb_transaction  -     @932   
  address          integral        64    'h20   
  data             integral        64    'h0    
  sel              integral        8     'h0    
  tga              integral        16    'h1    
  lock             integral        1     'h0    
  num_wait_states  integral        32    'h0    
  kind             kinds_e         32    READ   
  status           status_e        32    OK     
  next_cycle       pipelining_e    32    CLASSIC
------------------------------------------------
  
UVM_INFO ../src/wb_slave.sv(165) @ 85: uvm_test_top.env.slave_agent.slv_drv [WB_SLAVE] WAITFORLOCK 1
UVM_INFO ../src/wb_slave.sv(166) @ 85: uvm_test_top.env.slave_agent.slv_drv [WB_SLAVE] GOT LOCK 1
UVM_INFO ../src/wb_slave.sv(191) @ 95: uvm_test_top.env.slave_agent.slv_drv [WB_SLAVE] WAITFORLOCK 2
UVM_INFO ../src/wb_slave.sv(175) @ 115: uvm_test_top.env.slave_agent.slv_drv [WB_SLAVE] PUT LOCK 1
UVM_INFO ../src/wb_master.sv(178) @ 115: uvm_test_top.env.master_agent.mast_drv [WB_MASTER]           1 COMPLETED READ TRANSACTION -----------------------------------------------------------------------------------------------------------------
Name                           Type            Size  Value                                                       
-----------------------------------------------------------------------------------------------------------------
req                            wb_transaction  -     @887                                                        
  address                      integral        64    'h20                                                        
  data                         integral        64    'h0                                                         
  sel                          integral        8     'h1                                                         
  tga                          integral        16    'h1                                                         
  lock                         integral        1     'h1                                                         
  num_wait_states              integral        32    'h0                                                         
  kind                         kinds_e         32    READ                                                        
  status                       status_e        32    OK                                                          
  next_cycle                   pipelining_e    32    CLASSIC                                                     
  begin_time                   time            64    45                                                          
  end_time                     time            64    45                                                          
  depth                        int             32    'd2                                                         
  parent sequence (name)       string          21    out_of_order_sequence                                       
  parent sequence (full name)  string          60    uvm_test_top.env.master_agent.mast_sqr.out_of_order_sequence
  sequencer                    string          38    uvm_test_top.env.master_agent.mast_sqr                      
-----------------------------------------------------------------------------------------------------------------

UVM_INFO ../src/wb_master_agent_sequence_library.sv(152) @ 115: uvm_test_top.env.master_agent.mast_sqr@@out_of_order_sequence [SEQUENCE] RESPONSE Transaction Received -----------------------------------------------------------------------------------------------------------------
Name                           Type            Size  Value                                                       
-----------------------------------------------------------------------------------------------------------------
req                            wb_transaction  -     @887                                                        
  address                      integral        64    'h20                                                        
  data                         integral        64    'h0                                                         
  sel                          integral        8     'h1                                                         
  tga                          integral        16    'h1                                                         
  lock                         integral        1     'h1                                                         
  num_wait_states              integral        32    'h0                                                         
  kind                         kinds_e         32    READ                                                        
  status                       status_e        32    OK                                                          
  next_cycle                   pipelining_e    32    CLASSIC                                                     
  begin_time                   time            64    45                                                          
  end_time                     time            64    45                                                          
  depth                        int             32    'd2                                                         
  parent sequence (name)       string          21    out_of_order_sequence                                       
  parent sequence (full name)  string          60    uvm_test_top.env.master_agent.mast_sqr.out_of_order_sequence
  sequencer                    string          38    uvm_test_top.env.master_agent.mast_sqr                      
-----------------------------------------------------------------------------------------------------------------

UVM_INFO ../src/wb_slave.sv(193) @ 115: uvm_test_top.env.slave_agent.slv_drv [WB_SLAVE] GOT LOCK 2
UVM_INFO ../src/wb_master.sv(132) @ 125: uvm_test_top.env.master_agent.mast_drv [WB_MASTER]           2 STARTED WRITE TRANSACTION -----------------------------------------------------------------------------------------------------------------
Name                           Type            Size  Value                                                       
-----------------------------------------------------------------------------------------------------------------
req                            wb_transaction  -     @896                                                        
  address                      integral        64    'h8                                                         
  data                         integral        64    'hdeadbeef                                                  
  sel                          integral        8     'h1                                                         
  tga                          integral        16    'h38ca                                                      
  lock                         integral        1     'h1                                                         
  num_wait_states              integral        32    'h0                                                         
  kind                         kinds_e         32    WRITE                                                       
  status                       status_e        32    OK                                                          
  next_cycle                   pipelining_e    32    CLASSIC                                                     
  begin_time                   time            64    95                                                          
  end_time                     time            64    95                                                          
  depth                        int             32    'd2                                                         
  parent sequence (name)       string          21    out_of_order_sequence                                       
  parent sequence (full name)  string          60    uvm_test_top.env.master_agent.mast_sqr.out_of_order_sequence
  sequencer                    string          38    uvm_test_top.env.master_agent.mast_sqr                      
-----------------------------------------------------------------------------------------------------------------

UVM_INFO ../src/wb_slave.sv(216) @ 135: uvm_test_top.env.slave_agent.slv_drv [WB_SLAVE] PUT LOCK 2
UVM_INFO ../src/wb_slave.sv(158) @ 135: uvm_test_top.env.slave_agent.slv_drv [Wb_slave] got a Write transaction ---------------------------------------------------
Name               Type            Size  Value     
---------------------------------------------------
tr                 wb_transaction  -     @972      
  address          integral        64    'h8       
  data             integral        64    'hdeadbeef
  sel              integral        8     'h1       
  tga              integral        16    'h2       
  lock             integral        1     'h0       
  num_wait_states  integral        32    'h0       
  kind             kinds_e         32    WRITE     
  status           status_e        32    OK        
  next_cycle       pipelining_e    32    CLASSIC   
---------------------------------------------------
  
UVM_INFO ../src/wb_slave.sv(165) @ 135: uvm_test_top.env.slave_agent.slv_drv [WB_SLAVE] WAITFORLOCK 1
UVM_INFO ../src/wb_slave.sv(166) @ 135: uvm_test_top.env.slave_agent.slv_drv [WB_SLAVE] GOT LOCK 1
UVM_INFO ../src/wb_slave_agent_sequence_library.sv(77) @ 135: uvm_test_top.env.slave_agent.slv_seqr@@ram_sequence [SLAVE_RAM_SEQ] SLAVE QUEUED           0 transaction ---------------------------------------------------
Name               Type            Size  Value     
---------------------------------------------------
tr                 wb_transaction  -     @972      
  address          integral        64    'h8       
  data             integral        64    'hdeadbeef
  sel              integral        8     'h1       
  tga              integral        16    'h2       
  lock             integral        1     'h0       
  num_wait_states  integral        32    'h0       
  kind             kinds_e         32    WRITE     
  status           status_e        32    OK        
  next_cycle       pipelining_e    32    CLASSIC   
---------------------------------------------------

UVM_INFO ../src/wb_slave_agent_sequence_library.sv(57) @ 135: uvm_test_top.env.slave_agent.slv_seqr@@ram_sequence [SLAVE_RAM_SEQ] SLAVE received transaction ---------------------------------------------------
Name               Type            Size  Value     
---------------------------------------------------
tr                 wb_transaction  -     @972      
  address          integral        64    'h8       
  data             integral        64    'hdeadbeef
  sel              integral        8     'h1       
  tga              integral        16    'h2       
  lock             integral        1     'h0       
  num_wait_states  integral        32    'h0       
  kind             kinds_e         32    WRITE     
  status           status_e        32    OK        
  next_cycle       pipelining_e    32    CLASSIC   
---------------------------------------------------

UVM_INFO ../src/wb_master_agent_sequence_library.sv(152) @ 155: uvm_test_top.env.master_agent.mast_sqr@@out_of_order_sequence [SEQUENCE] RESPONSE Transaction Received -----------------------------------------------------------------------------------------------------------------
Name                           Type            Size  Value                                                       
-----------------------------------------------------------------------------------------------------------------
req                            wb_transaction  -     @896                                                        
  address                      integral        64    'h8                                                         
  data                         integral        64    'hdeadbeef                                                  
  sel                          integral        8     'h1                                                         
  tga                          integral        16    'h2                                                         
  lock                         integral        1     'h1                                                         
  num_wait_states              integral        32    'h0                                                         
  kind                         kinds_e         32    WRITE                                                       
  status                       status_e        32    OK                                                          
  next_cycle                   pipelining_e    32    CLASSIC                                                     
  begin_time                   time            64    95                                                          
  end_time                     time            64    95                                                          
  depth                        int             32    'd2                                                         
  parent sequence (name)       string          21    out_of_order_sequence                                       
  parent sequence (full name)  string          60    uvm_test_top.env.master_agent.mast_sqr.out_of_order_sequence
  sequencer                    string          38    uvm_test_top.env.master_agent.mast_sqr                      
-----------------------------------------------------------------------------------------------------------------

UVM_INFO ../src/wb_master.sv(168) @ 155: uvm_test_top.env.master_agent.mast_drv [WB_MASTER]           2 Completed WRITE TRANSACTION -----------------------------------------------------------------------------------------------------------------
Name                           Type            Size  Value                                                       
-----------------------------------------------------------------------------------------------------------------
req                            wb_transaction  -     @896                                                        
  address                      integral        64    'h8                                                         
  data                         integral        64    'hdeadbeef                                                  
  sel                          integral        8     'h1                                                         
  tga                          integral        16    'h2                                                         
  lock                         integral        1     'h1                                                         
  num_wait_states              integral        32    'h0                                                         
  kind                         kinds_e         32    WRITE                                                       
  status                       status_e        32    OK                                                          
  next_cycle                   pipelining_e    32    CLASSIC                                                     
  begin_time                   time            64    95                                                          
  end_time                     time            64    95                                                          
  depth                        int             32    'd2                                                         
  parent sequence (name)       string          21    out_of_order_sequence                                       
  parent sequence (full name)  string          60    uvm_test_top.env.master_agent.mast_sqr.out_of_order_sequence
  sequencer                    string          38    uvm_test_top.env.master_agent.mast_sqr                      
-----------------------------------------------------------------------------------------------------------------

UVM_INFO ../src/wb_master.sv(132) @ 155: uvm_test_top.env.master_agent.mast_drv [WB_MASTER]           1 STARTED WRITE TRANSACTION -----------------------------------------------------------------------------------------------------------------
Name                           Type            Size  Value                                                       
-----------------------------------------------------------------------------------------------------------------
req                            wb_transaction  -     @949                                                        
  address                      integral        64    'h4                                                         
  data                         integral        64    'hbeefdead                                                  
  sel                          integral        8     'h1                                                         
  tga                          integral        16    'h79e0                                                      
  lock                         integral        1     'h0                                                         
  num_wait_states              integral        32    'h0                                                         
  kind                         kinds_e         32    WRITE                                                       
  status                       status_e        32    OK                                                          
  next_cycle                   pipelining_e    32    CLASSIC                                                     
  begin_time                   time            64    135                                                         
  end_time                     time            64    135                                                         
  depth                        int             32    'd2                                                         
  parent sequence (name)       string          21    out_of_order_sequence                                       
  parent sequence (full name)  string          60    uvm_test_top.env.master_agent.mast_sqr.out_of_order_sequence
  sequencer                    string          38    uvm_test_top.env.master_agent.mast_sqr                      
-----------------------------------------------------------------------------------------------------------------

UVM_INFO ../src/wb_slave.sv(175) @ 165: uvm_test_top.env.slave_agent.slv_drv [WB_SLAVE] PUT LOCK 1
UVM_INFO ../src/wb_slave.sv(158) @ 165: uvm_test_top.env.slave_agent.slv_drv [Wb_slave] got a Write transaction ---------------------------------------------------
Name               Type            Size  Value     
---------------------------------------------------
tr                 wb_transaction  -     @1005     
  address          integral        64    'h4       
  data             integral        64    'hbeefdead
  sel              integral        8     'h1       
  tga              integral        16    'h3       
  lock             integral        1     'h0       
  num_wait_states  integral        32    'h0       
  kind             kinds_e         32    WRITE     
  status           status_e        32    OK        
  next_cycle       pipelining_e    32    CLASSIC   
---------------------------------------------------
  
UVM_INFO ../src/wb_slave.sv(165) @ 165: uvm_test_top.env.slave_agent.slv_drv [WB_SLAVE] WAITFORLOCK 1
UVM_INFO ../src/wb_slave.sv(166) @ 165: uvm_test_top.env.slave_agent.slv_drv [WB_SLAVE] GOT LOCK 1
UVM_INFO ../src/wb_slave.sv(191) @ 185: uvm_test_top.env.slave_agent.slv_drv [WB_SLAVE] WAITFORLOCK 2
UVM_INFO ../src/wb_master_agent_sequence_library.sv(152) @ 185: uvm_test_top.env.master_agent.mast_sqr@@out_of_order_sequence [SEQUENCE] RESPONSE Transaction Received -----------------------------------------------------------------------------------------------------------------
Name                           Type            Size  Value                                                       
-----------------------------------------------------------------------------------------------------------------
req                            wb_transaction  -     @949                                                        
  address                      integral        64    'h4                                                         
  data                         integral        64    'hbeefdead                                                  
  sel                          integral        8     'h1                                                         
  tga                          integral        16    'h3                                                         
  lock                         integral        1     'h0                                                         
  num_wait_states              integral        32    'h0                                                         
  kind                         kinds_e         32    WRITE                                                       
  status                       status_e        32    OK                                                          
  next_cycle                   pipelining_e    32    CLASSIC                                                     
  begin_time                   time            64    135                                                         
  end_time                     time            64    135                                                         
  depth                        int             32    'd2                                                         
  parent sequence (name)       string          21    out_of_order_sequence                                       
  parent sequence (full name)  string          60    uvm_test_top.env.master_agent.mast_sqr.out_of_order_sequence
  sequencer                    string          38    uvm_test_top.env.master_agent.mast_sqr                      
-----------------------------------------------------------------------------------------------------------------

UVM_INFO ../src/wb_master.sv(168) @ 185: uvm_test_top.env.master_agent.mast_drv [WB_MASTER]           1 Completed WRITE TRANSACTION -----------------------------------------------------------------------------------------------------------------
Name                           Type            Size  Value                                                       
-----------------------------------------------------------------------------------------------------------------
req                            wb_transaction  -     @949                                                        
  address                      integral        64    'h4                                                         
  data                         integral        64    'hbeefdead                                                  
  sel                          integral        8     'h1                                                         
  tga                          integral        16    'h3                                                         
  lock                         integral        1     'h0                                                         
  num_wait_states              integral        32    'h0                                                         
  kind                         kinds_e         32    WRITE                                                       
  status                       status_e        32    OK                                                          
  next_cycle                   pipelining_e    32    CLASSIC                                                     
  begin_time                   time            64    135                                                         
  end_time                     time            64    135                                                         
  depth                        int             32    'd2                                                         
  parent sequence (name)       string          21    out_of_order_sequence                                       
  parent sequence (full name)  string          60    uvm_test_top.env.master_agent.mast_sqr.out_of_order_sequence
  sequencer                    string          38    uvm_test_top.env.master_agent.mast_sqr                      
-----------------------------------------------------------------------------------------------------------------

UVM_INFO ../src/wb_master.sv(132) @ 185: uvm_test_top.env.master_agent.mast_drv [WB_MASTER]           2 STARTED READ TRANSACTION -----------------------------------------------------------------------------------------------------------------
Name                           Type            Size  Value                                                       
-----------------------------------------------------------------------------------------------------------------
req                            wb_transaction  -     @991                                                        
  address                      integral        64    'h8                                                         
  data                         integral        64    'h2ce7ac2902c97f0a                                          
  sel                          integral        8     'h1                                                         
  tga                          integral        16    'hda70                                                      
  lock                         integral        1     'h1                                                         
  num_wait_states              integral        32    'h0                                                         
  kind                         kinds_e         32    READ                                                        
  status                       status_e        32    OK                                                          
  next_cycle                   pipelining_e    32    CLASSIC                                                     
  begin_time                   time            64    165                                                         
  end_time                     time            64    165                                                         
  depth                        int             32    'd2                                                         
  parent sequence (name)       string          21    out_of_order_sequence                                       
  parent sequence (full name)  string          60    uvm_test_top.env.master_agent.mast_sqr.out_of_order_sequence
  sequencer                    string          38    uvm_test_top.env.master_agent.mast_sqr                      
-----------------------------------------------------------------------------------------------------------------

UVM_INFO ../src/wb_slave.sv(175) @ 195: uvm_test_top.env.slave_agent.slv_drv [WB_SLAVE] PUT LOCK 1
UVM_INFO ../src/wb_slave.sv(193) @ 195: uvm_test_top.env.slave_agent.slv_drv [WB_SLAVE] GOT LOCK 2
UVM_INFO /global/apps/vcs_2019.06/etc/uvm-ieee/base/uvm_report_catcher.svh(675) @ 300: reporter [UVM/REPORT/CATCHER] 
--- UVM Report catcher Summary ---


Number of demoted UVM_FATAL reports  :    0
Number of demoted UVM_ERROR reports  :    0
Number of demoted UVM_WARNING reports:    0
Number of caught UVM_FATAL reports   :    0
Number of caught UVM_ERROR reports   :    0
Number of caught UVM_WARNING reports :    0

UVM_INFO /global/apps/vcs_2019.06/etc/uvm-ieee/base/uvm_report_server.svh(899) @ 300: reporter [UVM/REPORT/SERVER] 
--- UVM Report Summary ---

** Report counts by severity
UVM_INFO :   43
UVM_WARNING :    0
UVM_ERROR :    0
UVM_FATAL :    0
** Report counts by id
[RNTST]     1
[SEQUENCE]     4
[SLAVE_RAM_SEQ]     5
[UVM/RELNOTES]     1
[UVM/REPORT/CATCHER]     1
[VCS_TR_AUTO]     1
[WB_MASTER]     9
[WB_SLAVE]    17
[Wb_slave]     4

$finish called from file "/global/apps/vcs_2019.06/etc/uvm-ieee/base/uvm_root.svh", line 596.
$finish at simulation time                  300
           V C S   S i m u l a t i o n   R e p o r t 
Time: 300
CPU Time:      0.660 seconds;       Data structure size:   0.4Mb
Sat Aug 31 00:25:15 2019
