Command: /u/srivats/proj_area/new_book_examples/IEEE_version/Practical_Applications/soc/tb/uvm/ethernet/run/./simv +UVM_TESTNAME=eth_transmit_virt_sequence_test -l eth_transmit_virtual_sequence.log
Chronologic VCS simulator copyright 1991-2019
Contains Synopsys proprietary information.
Compiler version P-2019.06; Runtime version P-2019.06;  Jan 11 14:14 2020
UVM_INFO /global/apps/vcs_2019.06/etc/uvm-ieee/base/uvm_root.svh(460) @ 0: reporter [UVM/RELNOTES] 
  ***********       IMPORTANT RELEASE NOTES         ************

  This implementation of the UVM Library deviates from the 1800.2-2017
  standard.  See the DEVIATIONS.md file contained in the release
  for more details.

----------------------------------------------------------------
Accellera:1800.2-2017:UVM:1.0.Synopsys

All copyright owners for this kit are listed in NOTICE.txt
All Rights Reserved Worldwide
----------------------------------------------------------------

      (Specify +UVM_NO_RELNOTES to turn off this notice)

UVM_INFO @ 0: reporter [RNTST] Running test eth_transmit_virt_sequence_test...
Finished Initializing RAM
UVM_INFO ../../common/reset_driver.sv(79) @ 0: uvm_test_top.env.rst_agent.mast_drv [RESET_DRIVER] Starting transaction...
UVM_INFO ../../common/reset_sequence.sv(30) @ 0: uvm_test_top.env.rst_agent.mast_sqr@@reset_sequence [RESET_SEQUENCE] Starting Reset Sequence
UVM_INFO ../../common/reset_sequence.sv(32) @ 0: uvm_test_top.env.rst_agent.mast_sqr@@reset_sequence [RESET_SEQUENCE] Deasserting Reset 
UVM_INFO ../../common/reset_driver.sv(81) @ 0: uvm_test_top.env.rst_agent.mast_drv [RESET_DRIVER] -----------------------------------------------------------------------------------------------------
Name                           Type          Size  Value                                             
-----------------------------------------------------------------------------------------------------
req                            reset_trans   -     @4223                                             
  cycles                       integral      32    'h3                                               
  reset_kind                   reset_kind_e  32    DEASSERT                                          
  begin_time                   time          64    0                                                 
  depth                        int           32    'd2                                               
  parent sequence (name)       string        14    reset_sequence                                    
  parent sequence (full name)  string        50    uvm_test_top.env.rst_agent.mast_sqr.reset_sequence
  sequencer                    string        35    uvm_test_top.env.rst_agent.mast_sqr               
-----------------------------------------------------------------------------------------------------

UVM_INFO ../../common/reset_monitor.sv(68) @ 5000: uvm_test_top.env.rst_agent.mast_mon [RESET_MON] Reset cleared
UVM_INFO ../src/wb_slave.sv(180) @ 6000: uvm_test_top.env.wb_slave_agt.slv_drv [uvm_test_top.env.wb_slave_agt.slv_drv] responding in this cycle
UVM_INFO ../src/wb_slave_mon.sv(163) @ 6000: uvm_test_top.env.wb_slave_agt.slv_mon [Wb_slave Monitor] got a read transaction  
UVM_INFO ../../common/reset_driver.sv(97) @ 25000: uvm_test_top.env.rst_agent.mast_drv [RESET_DRIVER] Completed transaction...
UVM_INFO ../../common/reset_driver.sv(79) @ 25000: uvm_test_top.env.rst_agent.mast_drv [RESET_DRIVER] Starting transaction...
UVM_INFO ../../common/reset_sequence.sv(34) @ 25000: uvm_test_top.env.rst_agent.mast_sqr@@reset_sequence [RESET_SEQUENCE] Asserting Reset 
UVM_INFO ../../common/reset_driver.sv(81) @ 25000: uvm_test_top.env.rst_agent.mast_drv [RESET_DRIVER] -----------------------------------------------------------------------------------------------------
Name                           Type          Size  Value                                             
-----------------------------------------------------------------------------------------------------
req                            reset_trans   -     @4257                                             
  cycles                       integral      32    'h5                                               
  reset_kind                   reset_kind_e  32    ASSERT                                            
  begin_time                   time          64    25000                                             
  depth                        int           32    'd2                                               
  parent sequence (name)       string        14    reset_sequence                                    
  parent sequence (full name)  string        50    uvm_test_top.env.rst_agent.mast_sqr.reset_sequence
  sequencer                    string        35    uvm_test_top.env.rst_agent.mast_sqr               
-----------------------------------------------------------------------------------------------------

UVM_INFO ../../common/reset_monitor.sv(65) @ 25000: uvm_test_top.env.rst_agent.mast_mon [RESET_MON] Reset triggered
UVM_INFO ../src/wb_slave.sv(220) @ 35000: uvm_test_top.env.wb_slave_agt.slv_drv [SLAVE_DRIVER] Completed transaction...
UVM_INFO ../../common/reset_driver.sv(97) @ 75000: uvm_test_top.env.rst_agent.mast_drv [RESET_DRIVER] Completed transaction...
UVM_INFO ../../common/reset_driver.sv(79) @ 75000: uvm_test_top.env.rst_agent.mast_drv [RESET_DRIVER] Starting transaction...
UVM_INFO ../../common/reset_sequence.sv(36) @ 75000: uvm_test_top.env.rst_agent.mast_sqr@@reset_sequence [RESET_SEQUENCE] Deasserting Reset 
UVM_INFO ../../common/reset_driver.sv(81) @ 75000: uvm_test_top.env.rst_agent.mast_drv [RESET_DRIVER] -----------------------------------------------------------------------------------------------------
Name                           Type          Size  Value                                             
-----------------------------------------------------------------------------------------------------
req                            reset_trans   -     @4273                                             
  cycles                       integral      32    'h2                                               
  reset_kind                   reset_kind_e  32    DEASSERT                                          
  begin_time                   time          64    75000                                             
  depth                        int           32    'd2                                               
  parent sequence (name)       string        14    reset_sequence                                    
  parent sequence (full name)  string        50    uvm_test_top.env.rst_agent.mast_sqr.reset_sequence
  sequencer                    string        35    uvm_test_top.env.rst_agent.mast_sqr               
-----------------------------------------------------------------------------------------------------

UVM_INFO ../../common/reset_monitor.sv(68) @ 75000: uvm_test_top.env.rst_agent.mast_mon [RESET_MON] Reset cleared
UVM_INFO ../../common/reset_driver.sv(97) @ 95000: uvm_test_top.env.rst_agent.mast_drv [RESET_DRIVER] Completed transaction...
UVM_INFO ../../common/reset_driver.sv(79) @ 95000: uvm_test_top.env.rst_agent.mast_drv [RESET_DRIVER] Starting transaction...
UVM_INFO ../../common/reset_sequence.sv(39) @ 95000: uvm_test_top.env.rst_agent.mast_sqr@@reset_sequence [RESET_SEQUENCE] Ended Reset Sequence
UVM_INFO ../src/wb_virt_sequence.sv(34) @ 95000: uvm_test_top.env.virt_seqr@@wb_virtual_seq [VIRT_SEQQ] Starting Virtual Sequence: 1 Packets
UVM_INFO ../src/wb_master.sv(163) @ 95000: uvm_test_top.env.wb_master_agt.mast_drv [wb_env_DRIVER] Starting transaction...
UVM_INFO ../src/wb_master.sv(240) @ 105000: uvm_test_top.env.wb_master_agt.mast_drv [Wb master] Got a write transaction
UVM_INFO ../src/wb_master.sv(191) @ 135000: uvm_test_top.env.wb_master_agt.mast_drv [wb_env_DRIVER] Completed transaction...
UVM_INFO ../src/wb_master.sv(163) @ 135000: uvm_test_top.env.wb_master_agt.mast_drv [wb_env_DRIVER] Starting transaction...
UVM_INFO ../src/wb_master.sv(240) @ 145000: uvm_test_top.env.wb_master_agt.mast_drv [Wb master] Got a write transaction
UVM_INFO ../src/wb_master.sv(191) @ 175000: uvm_test_top.env.wb_master_agt.mast_drv [wb_env_DRIVER] Completed transaction...
UVM_INFO ../src/wb_master.sv(163) @ 175000: uvm_test_top.env.wb_master_agt.mast_drv [wb_env_DRIVER] Starting transaction...
UVM_INFO ../src/wb_master.sv(240) @ 185000: uvm_test_top.env.wb_master_agt.mast_drv [Wb master] Got a write transaction
UVM_INFO ../src/wb_master.sv(191) @ 215000: uvm_test_top.env.wb_master_agt.mast_drv [wb_env_DRIVER] Completed transaction...
UVM_INFO ../src/sequences/wb_master_agent_setup_initialize_txbd_rxbd_sequence.sv(13) @ 215000: uvm_test_top.env.wb_master_agt.mast_sqr@@initialize_desc_sequence [uvm_test_top.env.wb_master_agt.mast_sqr.initialize_desc_sequence] Began cleaning up descriptors                  215
UVM_INFO ../src/wb_master.sv(163) @ 215000: uvm_test_top.env.wb_master_agt.mast_drv [wb_env_DRIVER] Starting transaction...
UVM_INFO ../src/wb_master.sv(240) @ 225000: uvm_test_top.env.wb_master_agt.mast_drv [Wb master] Got a write transaction
UVM_INFO ../src/wb_master.sv(191) @ 255000: uvm_test_top.env.wb_master_agt.mast_drv [wb_env_DRIVER] Completed transaction...
UVM_INFO ../src/wb_master.sv(163) @ 255000: uvm_test_top.env.wb_master_agt.mast_drv [wb_env_DRIVER] Starting transaction...
UVM_INFO ../src/wb_master.sv(240) @ 265000: uvm_test_top.env.wb_master_agt.mast_drv [Wb master] Got a write transaction
UVM_INFO ../src/wb_master.sv(191) @ 325000: uvm_test_top.env.wb_master_agt.mast_drv [wb_env_DRIVER] Completed transaction...
UVM_INFO ../src/wb_master.sv(163) @ 325000: uvm_test_top.env.wb_master_agt.mast_drv [wb_env_DRIVER] Starting transaction...
UVM_INFO ../src/wb_master.sv(240) @ 335000: uvm_test_top.env.wb_master_agt.mast_drv [Wb master] Got a write transaction
UVM_INFO ../src/wb_master.sv(191) @ 405000: uvm_test_top.env.wb_master_agt.mast_drv [wb_env_DRIVER] Completed transaction...
UVM_INFO ../src/wb_master.sv(163) @ 405000: uvm_test_top.env.wb_master_agt.mast_drv [wb_env_DRIVER] Starting transaction...
UVM_INFO ../src/wb_master.sv(240) @ 415000: uvm_test_top.env.wb_master_agt.mast_drv [Wb master] Got a write transaction
UVM_INFO ../src/wb_master.sv(191) @ 485000: uvm_test_top.env.wb_master_agt.mast_drv [wb_env_DRIVER] Completed transaction...
UVM_INFO ../src/wb_master.sv(163) @ 485000: uvm_test_top.env.wb_master_agt.mast_drv [wb_env_DRIVER] Starting transaction...
UVM_INFO ../src/wb_master.sv(240) @ 495000: uvm_test_top.env.wb_master_agt.mast_drv [Wb master] Got a write transaction
UVM_INFO ../src/wb_master.sv(191) @ 565000: uvm_test_top.env.wb_master_agt.mast_drv [wb_env_DRIVER] Completed transaction...
UVM_INFO ../src/wb_master.sv(163) @ 565000: uvm_test_top.env.wb_master_agt.mast_drv [wb_env_DRIVER] Starting transaction...
UVM_INFO ../src/wb_master.sv(240) @ 575000: uvm_test_top.env.wb_master_agt.mast_drv [Wb master] Got a write transaction
UVM_INFO ../src/wb_master.sv(191) @ 645000: uvm_test_top.env.wb_master_agt.mast_drv [wb_env_DRIVER] Completed transaction...
UVM_INFO ../src/wb_master.sv(163) @ 645000: uvm_test_top.env.wb_master_agt.mast_drv [wb_env_DRIVER] Starting transaction...
UVM_INFO ../src/wb_master.sv(240) @ 655000: uvm_test_top.env.wb_master_agt.mast_drv [Wb master] Got a write transaction
UVM_INFO ../src/wb_master.sv(191) @ 725000: uvm_test_top.env.wb_master_agt.mast_drv [wb_env_DRIVER] Completed transaction...
UVM_INFO ../src/wb_master.sv(163) @ 725000: uvm_test_top.env.wb_master_agt.mast_drv [wb_env_DRIVER] Starting transaction...
UVM_INFO ../src/wb_master.sv(240) @ 735000: uvm_test_top.env.wb_master_agt.mast_drv [Wb master] Got a write transaction
UVM_INFO ../src/wb_master.sv(191) @ 805000: uvm_test_top.env.wb_master_agt.mast_drv [wb_env_DRIVER] Completed transaction...
UVM_INFO ../src/wb_master.sv(163) @ 805000: uvm_test_top.env.wb_master_agt.mast_drv [wb_env_DRIVER] Starting transaction...
UVM_INFO ../src/wb_master.sv(240) @ 815000: uvm_test_top.env.wb_master_agt.mast_drv [Wb master] Got a write transaction
UVM_INFO ../src/wb_master.sv(191) @ 885000: uvm_test_top.env.wb_master_agt.mast_drv [wb_env_DRIVER] Completed transaction...
UVM_INFO ../src/wb_master.sv(163) @ 885000: uvm_test_top.env.wb_master_agt.mast_drv [wb_env_DRIVER] Starting transaction...
UVM_INFO ../src/wb_master.sv(240) @ 895000: uvm_test_top.env.wb_master_agt.mast_drv [Wb master] Got a write transaction
UVM_INFO ../src/wb_master.sv(191) @ 965000: uvm_test_top.env.wb_master_agt.mast_drv [wb_env_DRIVER] Completed transaction...
UVM_INFO ../src/wb_master.sv(163) @ 965000: uvm_test_top.env.wb_master_agt.mast_drv [wb_env_DRIVER] Starting transaction...
UVM_INFO ../src/wb_master.sv(240) @ 975000: uvm_test_top.env.wb_master_agt.mast_drv [Wb master] Got a write transaction
UVM_INFO ../src/wb_master.sv(191) @ 1045000: uvm_test_top.env.wb_master_agt.mast_drv [wb_env_DRIVER] Completed transaction...
UVM_INFO ../src/wb_master.sv(163) @ 1045000: uvm_test_top.env.wb_master_agt.mast_drv [wb_env_DRIVER] Starting transaction...
UVM_INFO ../src/wb_master.sv(240) @ 1055000: uvm_test_top.env.wb_master_agt.mast_drv [Wb master] Got a write transaction
UVM_INFO ../src/wb_master.sv(191) @ 1125000: uvm_test_top.env.wb_master_agt.mast_drv [wb_env_DRIVER] Completed transaction...
UVM_INFO ../src/wb_master.sv(163) @ 1125000: uvm_test_top.env.wb_master_agt.mast_drv [wb_env_DRIVER] Starting transaction...
UVM_INFO ../src/wb_master.sv(240) @ 1135000: uvm_test_top.env.wb_master_agt.mast_drv [Wb master] Got a write transaction
UVM_INFO ../src/wb_master.sv(191) @ 1205000: uvm_test_top.env.wb_master_agt.mast_drv [wb_env_DRIVER] Completed transaction...
UVM_INFO ../src/wb_master.sv(163) @ 1205000: uvm_test_top.env.wb_master_agt.mast_drv [wb_env_DRIVER] Starting transaction...
UVM_INFO ../src/wb_master.sv(240) @ 1215000: uvm_test_top.env.wb_master_agt.mast_drv [Wb master] Got a write transaction
UVM_INFO ../src/wb_master.sv(191) @ 1285000: uvm_test_top.env.wb_master_agt.mast_drv [wb_env_DRIVER] Completed transaction...
UVM_INFO ../src/wb_master.sv(163) @ 1285000: uvm_test_top.env.wb_master_agt.mast_drv [wb_env_DRIVER] Starting transaction...
UVM_INFO ../src/wb_master.sv(240) @ 1295000: uvm_test_top.env.wb_master_agt.mast_drv [Wb master] Got a write transaction
UVM_INFO ../src/wb_master.sv(191) @ 1365000: uvm_test_top.env.wb_master_agt.mast_drv [wb_env_DRIVER] Completed transaction...
UVM_INFO ../src/wb_master.sv(163) @ 1365000: uvm_test_top.env.wb_master_agt.mast_drv [wb_env_DRIVER] Starting transaction...
UVM_INFO ../src/wb_master.sv(240) @ 1375000: uvm_test_top.env.wb_master_agt.mast_drv [Wb master] Got a write transaction
UVM_INFO ../src/wb_master.sv(191) @ 1445000: uvm_test_top.env.wb_master_agt.mast_drv [wb_env_DRIVER] Completed transaction...
UVM_INFO ../src/wb_master.sv(163) @ 1445000: uvm_test_top.env.wb_master_agt.mast_drv [wb_env_DRIVER] Starting transaction...
UVM_INFO ../src/wb_master.sv(240) @ 1455000: uvm_test_top.env.wb_master_agt.mast_drv [Wb master] Got a write transaction
UVM_INFO ../src/wb_master.sv(191) @ 1525000: uvm_test_top.env.wb_master_agt.mast_drv [wb_env_DRIVER] Completed transaction...
UVM_INFO ../src/wb_master.sv(163) @ 1525000: uvm_test_top.env.wb_master_agt.mast_drv [wb_env_DRIVER] Starting transaction...
UVM_INFO ../src/wb_master.sv(240) @ 1535000: uvm_test_top.env.wb_master_agt.mast_drv [Wb master] Got a write transaction
UVM_INFO ../src/wb_master.sv(191) @ 1605000: uvm_test_top.env.wb_master_agt.mast_drv [wb_env_DRIVER] Completed transaction...
UVM_INFO ../src/wb_master.sv(163) @ 1605000: uvm_test_top.env.wb_master_agt.mast_drv [wb_env_DRIVER] Starting transaction...
UVM_INFO ../src/wb_master.sv(240) @ 1615000: uvm_test_top.env.wb_master_agt.mast_drv [Wb master] Got a write transaction
UVM_INFO ../src/wb_master.sv(191) @ 1685000: uvm_test_top.env.wb_master_agt.mast_drv [wb_env_DRIVER] Completed transaction...
UVM_INFO ../src/wb_master.sv(163) @ 1685000: uvm_test_top.env.wb_master_agt.mast_drv [wb_env_DRIVER] Starting transaction...
UVM_INFO ../src/wb_master.sv(240) @ 1695000: uvm_test_top.env.wb_master_agt.mast_drv [Wb master] Got a write transaction
UVM_INFO ../src/wb_master.sv(191) @ 1765000: uvm_test_top.env.wb_master_agt.mast_drv [wb_env_DRIVER] Completed transaction...
UVM_INFO ../src/wb_master.sv(163) @ 1765000: uvm_test_top.env.wb_master_agt.mast_drv [wb_env_DRIVER] Starting transaction...
UVM_INFO ../src/wb_master.sv(240) @ 1775000: uvm_test_top.env.wb_master_agt.mast_drv [Wb master] Got a write transaction
UVM_INFO ../src/wb_master.sv(191) @ 1845000: uvm_test_top.env.wb_master_agt.mast_drv [wb_env_DRIVER] Completed transaction...
UVM_INFO ../src/wb_master.sv(163) @ 1845000: uvm_test_top.env.wb_master_agt.mast_drv [wb_env_DRIVER] Starting transaction...
UVM_INFO ../src/wb_master.sv(240) @ 1855000: uvm_test_top.env.wb_master_agt.mast_drv [Wb master] Got a write transaction
UVM_INFO ../src/wb_master.sv(191) @ 1925000: uvm_test_top.env.wb_master_agt.mast_drv [wb_env_DRIVER] Completed transaction...
UVM_INFO ../src/wb_master.sv(163) @ 1925000: uvm_test_top.env.wb_master_agt.mast_drv [wb_env_DRIVER] Starting transaction...
UVM_INFO ../src/wb_master.sv(240) @ 1935000: uvm_test_top.env.wb_master_agt.mast_drv [Wb master] Got a write transaction
UVM_INFO ../src/wb_master.sv(191) @ 2005000: uvm_test_top.env.wb_master_agt.mast_drv [wb_env_DRIVER] Completed transaction...
UVM_INFO ../src/wb_master.sv(163) @ 2005000: uvm_test_top.env.wb_master_agt.mast_drv [wb_env_DRIVER] Starting transaction...
UVM_INFO ../src/wb_master.sv(240) @ 2015000: uvm_test_top.env.wb_master_agt.mast_drv [Wb master] Got a write transaction
UVM_INFO ../src/wb_master.sv(191) @ 2085000: uvm_test_top.env.wb_master_agt.mast_drv [wb_env_DRIVER] Completed transaction...
UVM_INFO ../src/wb_master.sv(163) @ 2085000: uvm_test_top.env.wb_master_agt.mast_drv [wb_env_DRIVER] Starting transaction...
UVM_INFO ../src/wb_master.sv(240) @ 2095000: uvm_test_top.env.wb_master_agt.mast_drv [Wb master] Got a write transaction
UVM_INFO ../src/wb_master.sv(191) @ 2165000: uvm_test_top.env.wb_master_agt.mast_drv [wb_env_DRIVER] Completed transaction...
UVM_INFO ../src/wb_master.sv(163) @ 2165000: uvm_test_top.env.wb_master_agt.mast_drv [wb_env_DRIVER] Starting transaction...
UVM_INFO ../src/wb_master.sv(240) @ 2175000: uvm_test_top.env.wb_master_agt.mast_drv [Wb master] Got a write transaction
UVM_INFO ../src/wb_master.sv(191) @ 2245000: uvm_test_top.env.wb_master_agt.mast_drv [wb_env_DRIVER] Completed transaction...
UVM_INFO ../src/wb_master.sv(163) @ 2245000: uvm_test_top.env.wb_master_agt.mast_drv [wb_env_DRIVER] Starting transaction...
UVM_INFO ../src/wb_master.sv(240) @ 2255000: uvm_test_top.env.wb_master_agt.mast_drv [Wb master] Got a write transaction
UVM_INFO ../src/wb_master.sv(191) @ 2325000: uvm_test_top.env.wb_master_agt.mast_drv [wb_env_DRIVER] Completed transaction...
UVM_INFO ../src/wb_master.sv(163) @ 2325000: uvm_test_top.env.wb_master_agt.mast_drv [wb_env_DRIVER] Starting transaction...
UVM_INFO ../src/wb_master.sv(240) @ 2335000: uvm_test_top.env.wb_master_agt.mast_drv [Wb master] Got a write transaction
UVM_INFO ../src/wb_master.sv(191) @ 2405000: uvm_test_top.env.wb_master_agt.mast_drv [wb_env_DRIVER] Completed transaction...
UVM_INFO ../src/wb_master.sv(163) @ 2405000: uvm_test_top.env.wb_master_agt.mast_drv [wb_env_DRIVER] Starting transaction...
UVM_INFO ../src/wb_master.sv(240) @ 2415000: uvm_test_top.env.wb_master_agt.mast_drv [Wb master] Got a write transaction
UVM_INFO ../src/wb_master.sv(191) @ 2485000: uvm_test_top.env.wb_master_agt.mast_drv [wb_env_DRIVER] Completed transaction...
UVM_INFO ../src/wb_master.sv(163) @ 2485000: uvm_test_top.env.wb_master_agt.mast_drv [wb_env_DRIVER] Starting transaction...
UVM_INFO ../src/wb_master.sv(240) @ 2495000: uvm_test_top.env.wb_master_agt.mast_drv [Wb master] Got a write transaction
UVM_INFO ../src/wb_master.sv(191) @ 2565000: uvm_test_top.env.wb_master_agt.mast_drv [wb_env_DRIVER] Completed transaction...
UVM_INFO ../src/wb_master.sv(163) @ 2565000: uvm_test_top.env.wb_master_agt.mast_drv [wb_env_DRIVER] Starting transaction...
UVM_INFO ../src/wb_master.sv(240) @ 2575000: uvm_test_top.env.wb_master_agt.mast_drv [Wb master] Got a write transaction
UVM_INFO ../src/wb_master.sv(191) @ 2645000: uvm_test_top.env.wb_master_agt.mast_drv [wb_env_DRIVER] Completed transaction...
UVM_INFO ../src/wb_master.sv(163) @ 2645000: uvm_test_top.env.wb_master_agt.mast_drv [wb_env_DRIVER] Starting transaction...
UVM_INFO ../src/wb_master.sv(240) @ 2655000: uvm_test_top.env.wb_master_agt.mast_drv [Wb master] Got a write transaction
UVM_INFO ../src/wb_master.sv(191) @ 2725000: uvm_test_top.env.wb_master_agt.mast_drv [wb_env_DRIVER] Completed transaction...
UVM_INFO ../src/wb_master.sv(163) @ 2725000: uvm_test_top.env.wb_master_agt.mast_drv [wb_env_DRIVER] Starting transaction...
UVM_INFO ../src/wb_master.sv(240) @ 2735000: uvm_test_top.env.wb_master_agt.mast_drv [Wb master] Got a write transaction
UVM_INFO ../src/wb_master.sv(191) @ 2805000: uvm_test_top.env.wb_master_agt.mast_drv [wb_env_DRIVER] Completed transaction...
UVM_INFO ../src/wb_master.sv(163) @ 2805000: uvm_test_top.env.wb_master_agt.mast_drv [wb_env_DRIVER] Starting transaction...
UVM_INFO ../src/wb_master.sv(240) @ 2815000: uvm_test_top.env.wb_master_agt.mast_drv [Wb master] Got a write transaction
UVM_INFO ../src/wb_master.sv(191) @ 2885000: uvm_test_top.env.wb_master_agt.mast_drv [wb_env_DRIVER] Completed transaction...
UVM_INFO ../src/wb_master.sv(163) @ 2885000: uvm_test_top.env.wb_master_agt.mast_drv [wb_env_DRIVER] Starting transaction...
UVM_INFO ../src/wb_master.sv(240) @ 2895000: uvm_test_top.env.wb_master_agt.mast_drv [Wb master] Got a write transaction
UVM_INFO ../src/wb_master.sv(191) @ 2965000: uvm_test_top.env.wb_master_agt.mast_drv [wb_env_DRIVER] Completed transaction...
UVM_INFO ../src/wb_master.sv(163) @ 2965000: uvm_test_top.env.wb_master_agt.mast_drv [wb_env_DRIVER] Starting transaction...
UVM_INFO ../src/wb_master.sv(240) @ 2975000: uvm_test_top.env.wb_master_agt.mast_drv [Wb master] Got a write transaction
UVM_INFO ../src/wb_master.sv(191) @ 3045000: uvm_test_top.env.wb_master_agt.mast_drv [wb_env_DRIVER] Completed transaction...
UVM_INFO ../src/wb_master.sv(163) @ 3045000: uvm_test_top.env.wb_master_agt.mast_drv [wb_env_DRIVER] Starting transaction...
UVM_INFO ../src/wb_master.sv(240) @ 3055000: uvm_test_top.env.wb_master_agt.mast_drv [Wb master] Got a write transaction
UVM_INFO ../src/wb_master.sv(191) @ 3125000: uvm_test_top.env.wb_master_agt.mast_drv [wb_env_DRIVER] Completed transaction...
UVM_INFO ../src/wb_master.sv(163) @ 3125000: uvm_test_top.env.wb_master_agt.mast_drv [wb_env_DRIVER] Starting transaction...
UVM_INFO ../src/wb_master.sv(240) @ 3135000: uvm_test_top.env.wb_master_agt.mast_drv [Wb master] Got a write transaction
UVM_INFO ../src/wb_master.sv(191) @ 3205000: uvm_test_top.env.wb_master_agt.mast_drv [wb_env_DRIVER] Completed transaction...
UVM_INFO ../src/wb_master.sv(163) @ 3205000: uvm_test_top.env.wb_master_agt.mast_drv [wb_env_DRIVER] Starting transaction...
UVM_INFO ../src/wb_master.sv(240) @ 3215000: uvm_test_top.env.wb_master_agt.mast_drv [Wb master] Got a write transaction
UVM_INFO ../src/wb_master.sv(191) @ 3285000: uvm_test_top.env.wb_master_agt.mast_drv [wb_env_DRIVER] Completed transaction...
UVM_INFO ../src/wb_master.sv(163) @ 3285000: uvm_test_top.env.wb_master_agt.mast_drv [wb_env_DRIVER] Starting transaction...
UVM_INFO ../src/wb_master.sv(240) @ 3295000: uvm_test_top.env.wb_master_agt.mast_drv [Wb master] Got a write transaction
UVM_INFO ../src/wb_master.sv(191) @ 3365000: uvm_test_top.env.wb_master_agt.mast_drv [wb_env_DRIVER] Completed transaction...
UVM_INFO ../src/wb_master.sv(163) @ 3365000: uvm_test_top.env.wb_master_agt.mast_drv [wb_env_DRIVER] Starting transaction...
UVM_INFO ../src/wb_master.sv(240) @ 3375000: uvm_test_top.env.wb_master_agt.mast_drv [Wb master] Got a write transaction
UVM_INFO ../src/wb_master.sv(191) @ 3445000: uvm_test_top.env.wb_master_agt.mast_drv [wb_env_DRIVER] Completed transaction...
UVM_INFO ../src/wb_master.sv(163) @ 3445000: uvm_test_top.env.wb_master_agt.mast_drv [wb_env_DRIVER] Starting transaction...
UVM_INFO ../src/wb_master.sv(240) @ 3455000: uvm_test_top.env.wb_master_agt.mast_drv [Wb master] Got a write transaction
UVM_INFO ../src/wb_master.sv(191) @ 3525000: uvm_test_top.env.wb_master_agt.mast_drv [wb_env_DRIVER] Completed transaction...
UVM_INFO ../src/wb_master.sv(163) @ 3525000: uvm_test_top.env.wb_master_agt.mast_drv [wb_env_DRIVER] Starting transaction...
UVM_INFO ../src/wb_master.sv(240) @ 3535000: uvm_test_top.env.wb_master_agt.mast_drv [Wb master] Got a write transaction
UVM_INFO ../src/wb_master.sv(191) @ 3605000: uvm_test_top.env.wb_master_agt.mast_drv [wb_env_DRIVER] Completed transaction...
UVM_INFO ../src/wb_master.sv(163) @ 3605000: uvm_test_top.env.wb_master_agt.mast_drv [wb_env_DRIVER] Starting transaction...
UVM_INFO ../src/wb_master.sv(240) @ 3615000: uvm_test_top.env.wb_master_agt.mast_drv [Wb master] Got a write transaction
UVM_INFO ../src/wb_master.sv(191) @ 3685000: uvm_test_top.env.wb_master_agt.mast_drv [wb_env_DRIVER] Completed transaction...
UVM_INFO ../src/wb_master.sv(163) @ 3685000: uvm_test_top.env.wb_master_agt.mast_drv [wb_env_DRIVER] Starting transaction...
UVM_INFO ../src/wb_master.sv(240) @ 3695000: uvm_test_top.env.wb_master_agt.mast_drv [Wb master] Got a write transaction
UVM_INFO ../src/wb_master.sv(191) @ 3765000: uvm_test_top.env.wb_master_agt.mast_drv [wb_env_DRIVER] Completed transaction...
UVM_INFO ../src/wb_master.sv(163) @ 3765000: uvm_test_top.env.wb_master_agt.mast_drv [wb_env_DRIVER] Starting transaction...
UVM_INFO ../src/wb_master.sv(240) @ 3775000: uvm_test_top.env.wb_master_agt.mast_drv [Wb master] Got a write transaction
UVM_INFO ../src/wb_master.sv(191) @ 3845000: uvm_test_top.env.wb_master_agt.mast_drv [wb_env_DRIVER] Completed transaction...
UVM_INFO ../src/wb_master.sv(163) @ 3845000: uvm_test_top.env.wb_master_agt.mast_drv [wb_env_DRIVER] Starting transaction...
UVM_INFO ../src/wb_master.sv(240) @ 3855000: uvm_test_top.env.wb_master_agt.mast_drv [Wb master] Got a write transaction
UVM_INFO ../src/wb_master.sv(191) @ 3925000: uvm_test_top.env.wb_master_agt.mast_drv [wb_env_DRIVER] Completed transaction...
UVM_INFO ../src/wb_master.sv(163) @ 3925000: uvm_test_top.env.wb_master_agt.mast_drv [wb_env_DRIVER] Starting transaction...
UVM_INFO ../src/wb_master.sv(240) @ 3935000: uvm_test_top.env.wb_master_agt.mast_drv [Wb master] Got a write transaction
UVM_INFO ../src/wb_master.sv(191) @ 4005000: uvm_test_top.env.wb_master_agt.mast_drv [wb_env_DRIVER] Completed transaction...
UVM_INFO ../src/wb_master.sv(163) @ 4005000: uvm_test_top.env.wb_master_agt.mast_drv [wb_env_DRIVER] Starting transaction...
UVM_INFO ../src/wb_master.sv(240) @ 4015000: uvm_test_top.env.wb_master_agt.mast_drv [Wb master] Got a write transaction
UVM_INFO ../src/wb_master.sv(191) @ 4085000: uvm_test_top.env.wb_master_agt.mast_drv [wb_env_DRIVER] Completed transaction...
UVM_INFO ../src/wb_master.sv(163) @ 4085000: uvm_test_top.env.wb_master_agt.mast_drv [wb_env_DRIVER] Starting transaction...
UVM_INFO ../src/wb_master.sv(240) @ 4095000: uvm_test_top.env.wb_master_agt.mast_drv [Wb master] Got a write transaction
UVM_INFO ../src/wb_master.sv(191) @ 4165000: uvm_test_top.env.wb_master_agt.mast_drv [wb_env_DRIVER] Completed transaction...
UVM_INFO ../src/wb_master.sv(163) @ 4165000: uvm_test_top.env.wb_master_agt.mast_drv [wb_env_DRIVER] Starting transaction...
UVM_INFO ../src/wb_master.sv(240) @ 4175000: uvm_test_top.env.wb_master_agt.mast_drv [Wb master] Got a write transaction
UVM_INFO ../src/wb_master.sv(191) @ 4245000: uvm_test_top.env.wb_master_agt.mast_drv [wb_env_DRIVER] Completed transaction...
UVM_INFO ../src/wb_master.sv(163) @ 4245000: uvm_test_top.env.wb_master_agt.mast_drv [wb_env_DRIVER] Starting transaction...
UVM_INFO ../src/wb_master.sv(240) @ 4255000: uvm_test_top.env.wb_master_agt.mast_drv [Wb master] Got a write transaction
UVM_INFO ../src/wb_master.sv(191) @ 4325000: uvm_test_top.env.wb_master_agt.mast_drv [wb_env_DRIVER] Completed transaction...
UVM_INFO ../src/wb_master.sv(163) @ 4325000: uvm_test_top.env.wb_master_agt.mast_drv [wb_env_DRIVER] Starting transaction...
UVM_INFO ../src/wb_master.sv(240) @ 4335000: uvm_test_top.env.wb_master_agt.mast_drv [Wb master] Got a write transaction
UVM_INFO ../src/wb_master.sv(191) @ 4405000: uvm_test_top.env.wb_master_agt.mast_drv [wb_env_DRIVER] Completed transaction...
UVM_INFO ../src/wb_master.sv(163) @ 4405000: uvm_test_top.env.wb_master_agt.mast_drv [wb_env_DRIVER] Starting transaction...
UVM_INFO ../src/wb_master.sv(240) @ 4415000: uvm_test_top.env.wb_master_agt.mast_drv [Wb master] Got a write transaction
UVM_INFO ../src/wb_master.sv(191) @ 4485000: uvm_test_top.env.wb_master_agt.mast_drv [wb_env_DRIVER] Completed transaction...
UVM_INFO ../src/wb_master.sv(163) @ 4485000: uvm_test_top.env.wb_master_agt.mast_drv [wb_env_DRIVER] Starting transaction...
UVM_INFO ../src/wb_master.sv(240) @ 4495000: uvm_test_top.env.wb_master_agt.mast_drv [Wb master] Got a write transaction
UVM_INFO ../src/wb_master.sv(191) @ 4565000: uvm_test_top.env.wb_master_agt.mast_drv [wb_env_DRIVER] Completed transaction...
UVM_INFO ../src/wb_master.sv(163) @ 4565000: uvm_test_top.env.wb_master_agt.mast_drv [wb_env_DRIVER] Starting transaction...
UVM_INFO ../src/wb_master.sv(240) @ 4575000: uvm_test_top.env.wb_master_agt.mast_drv [Wb master] Got a write transaction
UVM_INFO ../src/wb_master.sv(191) @ 4645000: uvm_test_top.env.wb_master_agt.mast_drv [wb_env_DRIVER] Completed transaction...
UVM_INFO ../src/wb_master.sv(163) @ 4645000: uvm_test_top.env.wb_master_agt.mast_drv [wb_env_DRIVER] Starting transaction...
UVM_INFO ../src/wb_master.sv(240) @ 4655000: uvm_test_top.env.wb_master_agt.mast_drv [Wb master] Got a write transaction
UVM_INFO ../src/wb_master.sv(191) @ 4725000: uvm_test_top.env.wb_master_agt.mast_drv [wb_env_DRIVER] Completed transaction...
UVM_INFO ../src/wb_master.sv(163) @ 4725000: uvm_test_top.env.wb_master_agt.mast_drv [wb_env_DRIVER] Starting transaction...
UVM_INFO ../src/wb_master.sv(240) @ 4735000: uvm_test_top.env.wb_master_agt.mast_drv [Wb master] Got a write transaction
UVM_INFO ../src/wb_master.sv(191) @ 4805000: uvm_test_top.env.wb_master_agt.mast_drv [wb_env_DRIVER] Completed transaction...
UVM_INFO ../src/wb_master.sv(163) @ 4805000: uvm_test_top.env.wb_master_agt.mast_drv [wb_env_DRIVER] Starting transaction...
UVM_INFO ../src/wb_master.sv(240) @ 4815000: uvm_test_top.env.wb_master_agt.mast_drv [Wb master] Got a write transaction
UVM_INFO ../src/wb_master.sv(191) @ 4885000: uvm_test_top.env.wb_master_agt.mast_drv [wb_env_DRIVER] Completed transaction...
UVM_INFO ../src/wb_master.sv(163) @ 4885000: uvm_test_top.env.wb_master_agt.mast_drv [wb_env_DRIVER] Starting transaction...
UVM_INFO ../src/wb_master.sv(240) @ 4895000: uvm_test_top.env.wb_master_agt.mast_drv [Wb master] Got a write transaction
UVM_INFO ../src/wb_master.sv(191) @ 4965000: uvm_test_top.env.wb_master_agt.mast_drv [wb_env_DRIVER] Completed transaction...
UVM_INFO ../src/wb_master.sv(163) @ 4965000: uvm_test_top.env.wb_master_agt.mast_drv [wb_env_DRIVER] Starting transaction...
UVM_INFO ../src/wb_master.sv(240) @ 4975000: uvm_test_top.env.wb_master_agt.mast_drv [Wb master] Got a write transaction
UVM_INFO ../src/wb_master.sv(191) @ 5045000: uvm_test_top.env.wb_master_agt.mast_drv [wb_env_DRIVER] Completed transaction...
UVM_INFO ../src/wb_master.sv(163) @ 5045000: uvm_test_top.env.wb_master_agt.mast_drv [wb_env_DRIVER] Starting transaction...
UVM_INFO ../src/wb_master.sv(240) @ 5055000: uvm_test_top.env.wb_master_agt.mast_drv [Wb master] Got a write transaction
UVM_INFO ../src/wb_master.sv(191) @ 5125000: uvm_test_top.env.wb_master_agt.mast_drv [wb_env_DRIVER] Completed transaction...
UVM_INFO ../src/wb_master.sv(163) @ 5125000: uvm_test_top.env.wb_master_agt.mast_drv [wb_env_DRIVER] Starting transaction...
UVM_INFO ../src/wb_master.sv(240) @ 5135000: uvm_test_top.env.wb_master_agt.mast_drv [Wb master] Got a write transaction
UVM_INFO ../src/wb_master.sv(191) @ 5205000: uvm_test_top.env.wb_master_agt.mast_drv [wb_env_DRIVER] Completed transaction...
UVM_INFO ../src/wb_master.sv(163) @ 5205000: uvm_test_top.env.wb_master_agt.mast_drv [wb_env_DRIVER] Starting transaction...
UVM_INFO ../src/wb_master.sv(240) @ 5215000: uvm_test_top.env.wb_master_agt.mast_drv [Wb master] Got a write transaction
UVM_INFO ../src/wb_master.sv(191) @ 5285000: uvm_test_top.env.wb_master_agt.mast_drv [wb_env_DRIVER] Completed transaction...
UVM_INFO ../src/wb_master.sv(163) @ 5285000: uvm_test_top.env.wb_master_agt.mast_drv [wb_env_DRIVER] Starting transaction...
UVM_INFO ../src/wb_master.sv(240) @ 5295000: uvm_test_top.env.wb_master_agt.mast_drv [Wb master] Got a write transaction
UVM_INFO ../src/wb_master.sv(191) @ 5365000: uvm_test_top.env.wb_master_agt.mast_drv [wb_env_DRIVER] Completed transaction...
UVM_INFO ../src/wb_master.sv(163) @ 5365000: uvm_test_top.env.wb_master_agt.mast_drv [wb_env_DRIVER] Starting transaction...
UVM_INFO ../src/wb_master.sv(240) @ 5375000: uvm_test_top.env.wb_master_agt.mast_drv [Wb master] Got a write transaction
UVM_INFO ../src/wb_master.sv(191) @ 5445000: uvm_test_top.env.wb_master_agt.mast_drv [wb_env_DRIVER] Completed transaction...
UVM_INFO ../src/wb_master.sv(163) @ 5445000: uvm_test_top.env.wb_master_agt.mast_drv [wb_env_DRIVER] Starting transaction...
UVM_INFO ../src/wb_master.sv(240) @ 5455000: uvm_test_top.env.wb_master_agt.mast_drv [Wb master] Got a write transaction
UVM_INFO ../src/wb_master.sv(191) @ 5525000: uvm_test_top.env.wb_master_agt.mast_drv [wb_env_DRIVER] Completed transaction...
UVM_INFO ../src/wb_master.sv(163) @ 5525000: uvm_test_top.env.wb_master_agt.mast_drv [wb_env_DRIVER] Starting transaction...
UVM_INFO ../src/wb_master.sv(240) @ 5535000: uvm_test_top.env.wb_master_agt.mast_drv [Wb master] Got a write transaction
UVM_INFO ../src/wb_master.sv(191) @ 5605000: uvm_test_top.env.wb_master_agt.mast_drv [wb_env_DRIVER] Completed transaction...
UVM_INFO ../src/wb_master.sv(163) @ 5605000: uvm_test_top.env.wb_master_agt.mast_drv [wb_env_DRIVER] Starting transaction...
UVM_INFO ../src/wb_master.sv(240) @ 5615000: uvm_test_top.env.wb_master_agt.mast_drv [Wb master] Got a write transaction
UVM_INFO ../src/wb_master.sv(191) @ 5685000: uvm_test_top.env.wb_master_agt.mast_drv [wb_env_DRIVER] Completed transaction...
UVM_INFO ../src/wb_master.sv(163) @ 5685000: uvm_test_top.env.wb_master_agt.mast_drv [wb_env_DRIVER] Starting transaction...
UVM_INFO ../src/wb_master.sv(240) @ 5695000: uvm_test_top.env.wb_master_agt.mast_drv [Wb master] Got a write transaction
UVM_INFO ../src/wb_master.sv(191) @ 5765000: uvm_test_top.env.wb_master_agt.mast_drv [wb_env_DRIVER] Completed transaction...
UVM_INFO ../src/wb_master.sv(163) @ 5765000: uvm_test_top.env.wb_master_agt.mast_drv [wb_env_DRIVER] Starting transaction...
UVM_INFO ../src/wb_master.sv(240) @ 5775000: uvm_test_top.env.wb_master_agt.mast_drv [Wb master] Got a write transaction
UVM_INFO ../src/wb_master.sv(191) @ 5845000: uvm_test_top.env.wb_master_agt.mast_drv [wb_env_DRIVER] Completed transaction...
UVM_INFO ../src/wb_master.sv(163) @ 5845000: uvm_test_top.env.wb_master_agt.mast_drv [wb_env_DRIVER] Starting transaction...
UVM_INFO ../src/wb_master.sv(240) @ 5855000: uvm_test_top.env.wb_master_agt.mast_drv [Wb master] Got a write transaction
UVM_INFO ../src/wb_master.sv(191) @ 5925000: uvm_test_top.env.wb_master_agt.mast_drv [wb_env_DRIVER] Completed transaction...
UVM_INFO ../src/wb_master.sv(163) @ 5925000: uvm_test_top.env.wb_master_agt.mast_drv [wb_env_DRIVER] Starting transaction...
UVM_INFO ../src/wb_master.sv(240) @ 5935000: uvm_test_top.env.wb_master_agt.mast_drv [Wb master] Got a write transaction
UVM_INFO ../src/wb_master.sv(191) @ 6005000: uvm_test_top.env.wb_master_agt.mast_drv [wb_env_DRIVER] Completed transaction...
UVM_INFO ../src/wb_master.sv(163) @ 6005000: uvm_test_top.env.wb_master_agt.mast_drv [wb_env_DRIVER] Starting transaction...
UVM_INFO ../src/wb_master.sv(240) @ 6015000: uvm_test_top.env.wb_master_agt.mast_drv [Wb master] Got a write transaction
UVM_INFO ../src/wb_master.sv(191) @ 6085000: uvm_test_top.env.wb_master_agt.mast_drv [wb_env_DRIVER] Completed transaction...
UVM_INFO ../src/wb_master.sv(163) @ 6085000: uvm_test_top.env.wb_master_agt.mast_drv [wb_env_DRIVER] Starting transaction...
UVM_INFO ../src/wb_master.sv(240) @ 6095000: uvm_test_top.env.wb_master_agt.mast_drv [Wb master] Got a write transaction
UVM_INFO ../src/wb_master.sv(191) @ 6165000: uvm_test_top.env.wb_master_agt.mast_drv [wb_env_DRIVER] Completed transaction...
UVM_INFO ../src/wb_master.sv(163) @ 6165000: uvm_test_top.env.wb_master_agt.mast_drv [wb_env_DRIVER] Starting transaction...
UVM_INFO ../src/wb_master.sv(240) @ 6175000: uvm_test_top.env.wb_master_agt.mast_drv [Wb master] Got a write transaction
UVM_INFO ../src/wb_master.sv(191) @ 6245000: uvm_test_top.env.wb_master_agt.mast_drv [wb_env_DRIVER] Completed transaction...
UVM_INFO ../src/wb_master.sv(163) @ 6245000: uvm_test_top.env.wb_master_agt.mast_drv [wb_env_DRIVER] Starting transaction...
UVM_INFO ../src/wb_master.sv(240) @ 6255000: uvm_test_top.env.wb_master_agt.mast_drv [Wb master] Got a write transaction
UVM_INFO ../src/wb_master.sv(191) @ 6325000: uvm_test_top.env.wb_master_agt.mast_drv [wb_env_DRIVER] Completed transaction...
UVM_INFO ../src/wb_master.sv(163) @ 6325000: uvm_test_top.env.wb_master_agt.mast_drv [wb_env_DRIVER] Starting transaction...
UVM_INFO ../src/wb_master.sv(240) @ 6335000: uvm_test_top.env.wb_master_agt.mast_drv [Wb master] Got a write transaction
UVM_INFO ../src/wb_master.sv(191) @ 6405000: uvm_test_top.env.wb_master_agt.mast_drv [wb_env_DRIVER] Completed transaction...
UVM_INFO ../src/wb_master.sv(163) @ 6405000: uvm_test_top.env.wb_master_agt.mast_drv [wb_env_DRIVER] Starting transaction...
UVM_INFO ../src/wb_master.sv(240) @ 6415000: uvm_test_top.env.wb_master_agt.mast_drv [Wb master] Got a write transaction
UVM_INFO ../src/wb_master.sv(191) @ 6485000: uvm_test_top.env.wb_master_agt.mast_drv [wb_env_DRIVER] Completed transaction...
UVM_INFO ../src/wb_master.sv(163) @ 6485000: uvm_test_top.env.wb_master_agt.mast_drv [wb_env_DRIVER] Starting transaction...
UVM_INFO ../src/wb_master.sv(240) @ 6495000: uvm_test_top.env.wb_master_agt.mast_drv [Wb master] Got a write transaction
UVM_INFO ../src/wb_master.sv(191) @ 6565000: uvm_test_top.env.wb_master_agt.mast_drv [wb_env_DRIVER] Completed transaction...
UVM_INFO ../src/wb_master.sv(163) @ 6565000: uvm_test_top.env.wb_master_agt.mast_drv [wb_env_DRIVER] Starting transaction...
UVM_INFO ../src/wb_master.sv(240) @ 6575000: uvm_test_top.env.wb_master_agt.mast_drv [Wb master] Got a write transaction
UVM_INFO ../src/wb_master.sv(191) @ 6645000: uvm_test_top.env.wb_master_agt.mast_drv [wb_env_DRIVER] Completed transaction...
UVM_INFO ../src/wb_master.sv(163) @ 6645000: uvm_test_top.env.wb_master_agt.mast_drv [wb_env_DRIVER] Starting transaction...
UVM_INFO ../src/wb_master.sv(240) @ 6655000: uvm_test_top.env.wb_master_agt.mast_drv [Wb master] Got a write transaction
UVM_INFO ../src/wb_master.sv(191) @ 6725000: uvm_test_top.env.wb_master_agt.mast_drv [wb_env_DRIVER] Completed transaction...
UVM_INFO ../src/wb_master.sv(163) @ 6725000: uvm_test_top.env.wb_master_agt.mast_drv [wb_env_DRIVER] Starting transaction...
UVM_INFO ../src/wb_master.sv(240) @ 6735000: uvm_test_top.env.wb_master_agt.mast_drv [Wb master] Got a write transaction
UVM_INFO ../src/wb_master.sv(191) @ 6805000: uvm_test_top.env.wb_master_agt.mast_drv [wb_env_DRIVER] Completed transaction...
UVM_INFO ../src/wb_master.sv(163) @ 6805000: uvm_test_top.env.wb_master_agt.mast_drv [wb_env_DRIVER] Starting transaction...
UVM_INFO ../src/wb_master.sv(240) @ 6815000: uvm_test_top.env.wb_master_agt.mast_drv [Wb master] Got a write transaction
UVM_INFO ../src/wb_master.sv(191) @ 6885000: uvm_test_top.env.wb_master_agt.mast_drv [wb_env_DRIVER] Completed transaction...
UVM_INFO ../src/wb_master.sv(163) @ 6885000: uvm_test_top.env.wb_master_agt.mast_drv [wb_env_DRIVER] Starting transaction...
UVM_INFO ../src/wb_master.sv(240) @ 6895000: uvm_test_top.env.wb_master_agt.mast_drv [Wb master] Got a write transaction
UVM_INFO ../src/wb_master.sv(191) @ 6965000: uvm_test_top.env.wb_master_agt.mast_drv [wb_env_DRIVER] Completed transaction...
UVM_INFO ../src/wb_master.sv(163) @ 6965000: uvm_test_top.env.wb_master_agt.mast_drv [wb_env_DRIVER] Starting transaction...
UVM_INFO ../src/wb_master.sv(240) @ 6975000: uvm_test_top.env.wb_master_agt.mast_drv [Wb master] Got a write transaction
UVM_INFO ../src/wb_master.sv(191) @ 7045000: uvm_test_top.env.wb_master_agt.mast_drv [wb_env_DRIVER] Completed transaction...
UVM_INFO ../src/wb_master.sv(163) @ 7045000: uvm_test_top.env.wb_master_agt.mast_drv [wb_env_DRIVER] Starting transaction...
UVM_INFO ../src/wb_master.sv(240) @ 7055000: uvm_test_top.env.wb_master_agt.mast_drv [Wb master] Got a write transaction
UVM_INFO ../src/wb_master.sv(191) @ 7125000: uvm_test_top.env.wb_master_agt.mast_drv [wb_env_DRIVER] Completed transaction...
UVM_INFO ../src/wb_master.sv(163) @ 7125000: uvm_test_top.env.wb_master_agt.mast_drv [wb_env_DRIVER] Starting transaction...
UVM_INFO ../src/wb_master.sv(240) @ 7135000: uvm_test_top.env.wb_master_agt.mast_drv [Wb master] Got a write transaction
UVM_INFO ../src/wb_master.sv(191) @ 7205000: uvm_test_top.env.wb_master_agt.mast_drv [wb_env_DRIVER] Completed transaction...
UVM_INFO ../src/wb_master.sv(163) @ 7205000: uvm_test_top.env.wb_master_agt.mast_drv [wb_env_DRIVER] Starting transaction...
UVM_INFO ../src/wb_master.sv(240) @ 7215000: uvm_test_top.env.wb_master_agt.mast_drv [Wb master] Got a write transaction
UVM_INFO ../src/wb_master.sv(191) @ 7285000: uvm_test_top.env.wb_master_agt.mast_drv [wb_env_DRIVER] Completed transaction...
UVM_INFO ../src/wb_master.sv(163) @ 7285000: uvm_test_top.env.wb_master_agt.mast_drv [wb_env_DRIVER] Starting transaction...
UVM_INFO ../src/wb_master.sv(240) @ 7295000: uvm_test_top.env.wb_master_agt.mast_drv [Wb master] Got a write transaction
UVM_INFO ../src/wb_master.sv(191) @ 7365000: uvm_test_top.env.wb_master_agt.mast_drv [wb_env_DRIVER] Completed transaction...
UVM_INFO ../src/wb_master.sv(163) @ 7365000: uvm_test_top.env.wb_master_agt.mast_drv [wb_env_DRIVER] Starting transaction...
UVM_INFO ../src/wb_master.sv(240) @ 7375000: uvm_test_top.env.wb_master_agt.mast_drv [Wb master] Got a write transaction
UVM_INFO ../src/wb_master.sv(191) @ 7445000: uvm_test_top.env.wb_master_agt.mast_drv [wb_env_DRIVER] Completed transaction...
UVM_INFO ../src/wb_master.sv(163) @ 7445000: uvm_test_top.env.wb_master_agt.mast_drv [wb_env_DRIVER] Starting transaction...
UVM_INFO ../src/wb_master.sv(240) @ 7455000: uvm_test_top.env.wb_master_agt.mast_drv [Wb master] Got a write transaction
UVM_INFO ../src/wb_master.sv(191) @ 7525000: uvm_test_top.env.wb_master_agt.mast_drv [wb_env_DRIVER] Completed transaction...
UVM_INFO ../src/wb_master.sv(163) @ 7525000: uvm_test_top.env.wb_master_agt.mast_drv [wb_env_DRIVER] Starting transaction...
UVM_INFO ../src/wb_master.sv(240) @ 7535000: uvm_test_top.env.wb_master_agt.mast_drv [Wb master] Got a write transaction
UVM_INFO ../src/wb_master.sv(191) @ 7605000: uvm_test_top.env.wb_master_agt.mast_drv [wb_env_DRIVER] Completed transaction...
UVM_INFO ../src/wb_master.sv(163) @ 7605000: uvm_test_top.env.wb_master_agt.mast_drv [wb_env_DRIVER] Starting transaction...
UVM_INFO ../src/wb_master.sv(240) @ 7615000: uvm_test_top.env.wb_master_agt.mast_drv [Wb master] Got a write transaction
UVM_INFO ../src/wb_master.sv(191) @ 7685000: uvm_test_top.env.wb_master_agt.mast_drv [wb_env_DRIVER] Completed transaction...
UVM_INFO ../src/wb_master.sv(163) @ 7685000: uvm_test_top.env.wb_master_agt.mast_drv [wb_env_DRIVER] Starting transaction...
UVM_INFO ../src/wb_master.sv(240) @ 7695000: uvm_test_top.env.wb_master_agt.mast_drv [Wb master] Got a write transaction
UVM_INFO ../src/wb_master.sv(191) @ 7765000: uvm_test_top.env.wb_master_agt.mast_drv [wb_env_DRIVER] Completed transaction...
UVM_INFO ../src/wb_master.sv(163) @ 7765000: uvm_test_top.env.wb_master_agt.mast_drv [wb_env_DRIVER] Starting transaction...
UVM_INFO ../src/wb_master.sv(240) @ 7775000: uvm_test_top.env.wb_master_agt.mast_drv [Wb master] Got a write transaction
UVM_INFO ../src/wb_master.sv(191) @ 7845000: uvm_test_top.env.wb_master_agt.mast_drv [wb_env_DRIVER] Completed transaction...
UVM_INFO ../src/wb_master.sv(163) @ 7845000: uvm_test_top.env.wb_master_agt.mast_drv [wb_env_DRIVER] Starting transaction...
UVM_INFO ../src/wb_master.sv(240) @ 7855000: uvm_test_top.env.wb_master_agt.mast_drv [Wb master] Got a write transaction
UVM_INFO ../src/wb_master.sv(191) @ 7925000: uvm_test_top.env.wb_master_agt.mast_drv [wb_env_DRIVER] Completed transaction...
UVM_INFO ../src/wb_master.sv(163) @ 7925000: uvm_test_top.env.wb_master_agt.mast_drv [wb_env_DRIVER] Starting transaction...
UVM_INFO ../src/wb_master.sv(240) @ 7935000: uvm_test_top.env.wb_master_agt.mast_drv [Wb master] Got a write transaction
UVM_INFO ../src/wb_master.sv(191) @ 8005000: uvm_test_top.env.wb_master_agt.mast_drv [wb_env_DRIVER] Completed transaction...
UVM_INFO ../src/wb_master.sv(163) @ 8005000: uvm_test_top.env.wb_master_agt.mast_drv [wb_env_DRIVER] Starting transaction...
UVM_INFO ../src/wb_master.sv(240) @ 8015000: uvm_test_top.env.wb_master_agt.mast_drv [Wb master] Got a write transaction
UVM_INFO ../src/wb_master.sv(191) @ 8085000: uvm_test_top.env.wb_master_agt.mast_drv [wb_env_DRIVER] Completed transaction...
UVM_INFO ../src/wb_master.sv(163) @ 8085000: uvm_test_top.env.wb_master_agt.mast_drv [wb_env_DRIVER] Starting transaction...
UVM_INFO ../src/wb_master.sv(240) @ 8095000: uvm_test_top.env.wb_master_agt.mast_drv [Wb master] Got a write transaction
UVM_INFO ../src/wb_master.sv(191) @ 8165000: uvm_test_top.env.wb_master_agt.mast_drv [wb_env_DRIVER] Completed transaction...
UVM_INFO ../src/wb_master.sv(163) @ 8165000: uvm_test_top.env.wb_master_agt.mast_drv [wb_env_DRIVER] Starting transaction...
UVM_INFO ../src/wb_master.sv(240) @ 8175000: uvm_test_top.env.wb_master_agt.mast_drv [Wb master] Got a write transaction
UVM_INFO ../src/wb_master.sv(191) @ 8245000: uvm_test_top.env.wb_master_agt.mast_drv [wb_env_DRIVER] Completed transaction...
UVM_INFO ../src/wb_master.sv(163) @ 8245000: uvm_test_top.env.wb_master_agt.mast_drv [wb_env_DRIVER] Starting transaction...
UVM_INFO ../src/wb_master.sv(240) @ 8255000: uvm_test_top.env.wb_master_agt.mast_drv [Wb master] Got a write transaction
UVM_INFO ../src/wb_master.sv(191) @ 8325000: uvm_test_top.env.wb_master_agt.mast_drv [wb_env_DRIVER] Completed transaction...
UVM_INFO ../src/wb_master.sv(163) @ 8325000: uvm_test_top.env.wb_master_agt.mast_drv [wb_env_DRIVER] Starting transaction...
UVM_INFO ../src/wb_master.sv(240) @ 8335000: uvm_test_top.env.wb_master_agt.mast_drv [Wb master] Got a write transaction
UVM_INFO ../src/wb_master.sv(191) @ 8405000: uvm_test_top.env.wb_master_agt.mast_drv [wb_env_DRIVER] Completed transaction...
UVM_INFO ../src/wb_master.sv(163) @ 8405000: uvm_test_top.env.wb_master_agt.mast_drv [wb_env_DRIVER] Starting transaction...
UVM_INFO ../src/wb_master.sv(240) @ 8415000: uvm_test_top.env.wb_master_agt.mast_drv [Wb master] Got a write transaction
UVM_INFO ../src/wb_master.sv(191) @ 8485000: uvm_test_top.env.wb_master_agt.mast_drv [wb_env_DRIVER] Completed transaction...
UVM_INFO ../src/wb_master.sv(163) @ 8485000: uvm_test_top.env.wb_master_agt.mast_drv [wb_env_DRIVER] Starting transaction...
UVM_INFO ../src/wb_master.sv(240) @ 8495000: uvm_test_top.env.wb_master_agt.mast_drv [Wb master] Got a write transaction
UVM_INFO ../src/wb_master.sv(191) @ 8565000: uvm_test_top.env.wb_master_agt.mast_drv [wb_env_DRIVER] Completed transaction...
UVM_INFO ../src/wb_master.sv(163) @ 8565000: uvm_test_top.env.wb_master_agt.mast_drv [wb_env_DRIVER] Starting transaction...
UVM_INFO ../src/wb_master.sv(240) @ 8575000: uvm_test_top.env.wb_master_agt.mast_drv [Wb master] Got a write transaction
UVM_INFO ../src/wb_master.sv(191) @ 8645000: uvm_test_top.env.wb_master_agt.mast_drv [wb_env_DRIVER] Completed transaction...
UVM_INFO ../src/wb_master.sv(163) @ 8645000: uvm_test_top.env.wb_master_agt.mast_drv [wb_env_DRIVER] Starting transaction...
UVM_INFO ../src/wb_master.sv(240) @ 8655000: uvm_test_top.env.wb_master_agt.mast_drv [Wb master] Got a write transaction
UVM_INFO ../src/wb_master.sv(191) @ 8725000: uvm_test_top.env.wb_master_agt.mast_drv [wb_env_DRIVER] Completed transaction...
UVM_INFO ../src/wb_master.sv(163) @ 8725000: uvm_test_top.env.wb_master_agt.mast_drv [wb_env_DRIVER] Starting transaction...
UVM_INFO ../src/wb_master.sv(240) @ 8735000: uvm_test_top.env.wb_master_agt.mast_drv [Wb master] Got a write transaction
UVM_INFO ../src/wb_master.sv(191) @ 8805000: uvm_test_top.env.wb_master_agt.mast_drv [wb_env_DRIVER] Completed transaction...
UVM_INFO ../src/wb_master.sv(163) @ 8805000: uvm_test_top.env.wb_master_agt.mast_drv [wb_env_DRIVER] Starting transaction...
UVM_INFO ../src/wb_master.sv(240) @ 8815000: uvm_test_top.env.wb_master_agt.mast_drv [Wb master] Got a write transaction
UVM_INFO ../src/wb_master.sv(191) @ 8885000: uvm_test_top.env.wb_master_agt.mast_drv [wb_env_DRIVER] Completed transaction...
UVM_INFO ../src/wb_master.sv(163) @ 8885000: uvm_test_top.env.wb_master_agt.mast_drv [wb_env_DRIVER] Starting transaction...
UVM_INFO ../src/wb_master.sv(240) @ 8895000: uvm_test_top.env.wb_master_agt.mast_drv [Wb master] Got a write transaction
UVM_INFO ../src/wb_master.sv(191) @ 8965000: uvm_test_top.env.wb_master_agt.mast_drv [wb_env_DRIVER] Completed transaction...
UVM_INFO ../src/wb_master.sv(163) @ 8965000: uvm_test_top.env.wb_master_agt.mast_drv [wb_env_DRIVER] Starting transaction...
UVM_INFO ../src/wb_master.sv(240) @ 8975000: uvm_test_top.env.wb_master_agt.mast_drv [Wb master] Got a write transaction
UVM_INFO ../src/wb_master.sv(191) @ 9045000: uvm_test_top.env.wb_master_agt.mast_drv [wb_env_DRIVER] Completed transaction...
UVM_INFO ../src/wb_master.sv(163) @ 9045000: uvm_test_top.env.wb_master_agt.mast_drv [wb_env_DRIVER] Starting transaction...
UVM_INFO ../src/wb_master.sv(240) @ 9055000: uvm_test_top.env.wb_master_agt.mast_drv [Wb master] Got a write transaction
UVM_INFO ../src/wb_master.sv(191) @ 9125000: uvm_test_top.env.wb_master_agt.mast_drv [wb_env_DRIVER] Completed transaction...
UVM_INFO ../src/wb_master.sv(163) @ 9125000: uvm_test_top.env.wb_master_agt.mast_drv [wb_env_DRIVER] Starting transaction...
UVM_INFO ../src/wb_master.sv(240) @ 9135000: uvm_test_top.env.wb_master_agt.mast_drv [Wb master] Got a write transaction
UVM_INFO ../src/wb_master.sv(191) @ 9205000: uvm_test_top.env.wb_master_agt.mast_drv [wb_env_DRIVER] Completed transaction...
UVM_INFO ../src/wb_master.sv(163) @ 9205000: uvm_test_top.env.wb_master_agt.mast_drv [wb_env_DRIVER] Starting transaction...
UVM_INFO ../src/wb_master.sv(240) @ 9215000: uvm_test_top.env.wb_master_agt.mast_drv [Wb master] Got a write transaction
UVM_INFO ../src/wb_master.sv(191) @ 9285000: uvm_test_top.env.wb_master_agt.mast_drv [wb_env_DRIVER] Completed transaction...
UVM_INFO ../src/wb_master.sv(163) @ 9285000: uvm_test_top.env.wb_master_agt.mast_drv [wb_env_DRIVER] Starting transaction...
UVM_INFO ../src/wb_master.sv(240) @ 9295000: uvm_test_top.env.wb_master_agt.mast_drv [Wb master] Got a write transaction
UVM_INFO ../src/wb_master.sv(191) @ 9365000: uvm_test_top.env.wb_master_agt.mast_drv [wb_env_DRIVER] Completed transaction...
UVM_INFO ../src/wb_master.sv(163) @ 9365000: uvm_test_top.env.wb_master_agt.mast_drv [wb_env_DRIVER] Starting transaction...
UVM_INFO ../src/wb_master.sv(240) @ 9375000: uvm_test_top.env.wb_master_agt.mast_drv [Wb master] Got a write transaction
UVM_INFO ../src/wb_master.sv(191) @ 9445000: uvm_test_top.env.wb_master_agt.mast_drv [wb_env_DRIVER] Completed transaction...
UVM_INFO ../src/wb_master.sv(163) @ 9445000: uvm_test_top.env.wb_master_agt.mast_drv [wb_env_DRIVER] Starting transaction...
UVM_INFO ../src/wb_master.sv(240) @ 9455000: uvm_test_top.env.wb_master_agt.mast_drv [Wb master] Got a write transaction
UVM_INFO ../src/wb_master.sv(191) @ 9525000: uvm_test_top.env.wb_master_agt.mast_drv [wb_env_DRIVER] Completed transaction...
UVM_INFO ../src/wb_master.sv(163) @ 9525000: uvm_test_top.env.wb_master_agt.mast_drv [wb_env_DRIVER] Starting transaction...
UVM_INFO ../src/wb_master.sv(240) @ 9535000: uvm_test_top.env.wb_master_agt.mast_drv [Wb master] Got a write transaction
UVM_INFO ../src/wb_master.sv(191) @ 9605000: uvm_test_top.env.wb_master_agt.mast_drv [wb_env_DRIVER] Completed transaction...
UVM_INFO ../src/wb_master.sv(163) @ 9605000: uvm_test_top.env.wb_master_agt.mast_drv [wb_env_DRIVER] Starting transaction...
UVM_INFO ../src/wb_master.sv(240) @ 9615000: uvm_test_top.env.wb_master_agt.mast_drv [Wb master] Got a write transaction
UVM_INFO ../src/wb_master.sv(191) @ 9685000: uvm_test_top.env.wb_master_agt.mast_drv [wb_env_DRIVER] Completed transaction...
UVM_INFO ../src/wb_master.sv(163) @ 9685000: uvm_test_top.env.wb_master_agt.mast_drv [wb_env_DRIVER] Starting transaction...
UVM_INFO ../src/wb_master.sv(240) @ 9695000: uvm_test_top.env.wb_master_agt.mast_drv [Wb master] Got a write transaction
UVM_INFO ../src/wb_master.sv(191) @ 9765000: uvm_test_top.env.wb_master_agt.mast_drv [wb_env_DRIVER] Completed transaction...
UVM_INFO ../src/wb_master.sv(163) @ 9765000: uvm_test_top.env.wb_master_agt.mast_drv [wb_env_DRIVER] Starting transaction...
UVM_INFO ../src/wb_master.sv(240) @ 9775000: uvm_test_top.env.wb_master_agt.mast_drv [Wb master] Got a write transaction
UVM_INFO ../src/wb_master.sv(191) @ 9845000: uvm_test_top.env.wb_master_agt.mast_drv [wb_env_DRIVER] Completed transaction...
UVM_INFO ../src/wb_master.sv(163) @ 9845000: uvm_test_top.env.wb_master_agt.mast_drv [wb_env_DRIVER] Starting transaction...
UVM_INFO ../src/wb_master.sv(240) @ 9855000: uvm_test_top.env.wb_master_agt.mast_drv [Wb master] Got a write transaction
UVM_INFO ../src/wb_master.sv(191) @ 9925000: uvm_test_top.env.wb_master_agt.mast_drv [wb_env_DRIVER] Completed transaction...
UVM_INFO ../src/wb_master.sv(163) @ 9925000: uvm_test_top.env.wb_master_agt.mast_drv [wb_env_DRIVER] Starting transaction...
UVM_INFO ../src/wb_master.sv(240) @ 9935000: uvm_test_top.env.wb_master_agt.mast_drv [Wb master] Got a write transaction
UVM_INFO ../src/wb_master.sv(191) @ 10005000: uvm_test_top.env.wb_master_agt.mast_drv [wb_env_DRIVER] Completed transaction...
UVM_INFO ../src/wb_master.sv(163) @ 10005000: uvm_test_top.env.wb_master_agt.mast_drv [wb_env_DRIVER] Starting transaction...
UVM_INFO ../src/wb_master.sv(240) @ 10015000: uvm_test_top.env.wb_master_agt.mast_drv [Wb master] Got a write transaction
UVM_INFO ../src/wb_master.sv(191) @ 10085000: uvm_test_top.env.wb_master_agt.mast_drv [wb_env_DRIVER] Completed transaction...
UVM_INFO ../src/wb_master.sv(163) @ 10085000: uvm_test_top.env.wb_master_agt.mast_drv [wb_env_DRIVER] Starting transaction...
UVM_INFO ../src/wb_master.sv(240) @ 10095000: uvm_test_top.env.wb_master_agt.mast_drv [Wb master] Got a write transaction
UVM_INFO ../src/wb_master.sv(191) @ 10165000: uvm_test_top.env.wb_master_agt.mast_drv [wb_env_DRIVER] Completed transaction...
UVM_INFO ../src/wb_master.sv(163) @ 10165000: uvm_test_top.env.wb_master_agt.mast_drv [wb_env_DRIVER] Starting transaction...
UVM_INFO ../src/wb_master.sv(240) @ 10175000: uvm_test_top.env.wb_master_agt.mast_drv [Wb master] Got a write transaction
UVM_INFO ../src/wb_master.sv(191) @ 10245000: uvm_test_top.env.wb_master_agt.mast_drv [wb_env_DRIVER] Completed transaction...
UVM_INFO ../src/wb_master.sv(163) @ 10245000: uvm_test_top.env.wb_master_agt.mast_drv [wb_env_DRIVER] Starting transaction...
UVM_INFO ../src/wb_master.sv(240) @ 10255000: uvm_test_top.env.wb_master_agt.mast_drv [Wb master] Got a write transaction
UVM_INFO ../src/wb_master.sv(191) @ 10325000: uvm_test_top.env.wb_master_agt.mast_drv [wb_env_DRIVER] Completed transaction...
UVM_INFO ../src/wb_master.sv(163) @ 10325000: uvm_test_top.env.wb_master_agt.mast_drv [wb_env_DRIVER] Starting transaction...
UVM_INFO ../src/wb_master.sv(240) @ 10335000: uvm_test_top.env.wb_master_agt.mast_drv [Wb master] Got a write transaction
UVM_INFO ../src/wb_master.sv(191) @ 10405000: uvm_test_top.env.wb_master_agt.mast_drv [wb_env_DRIVER] Completed transaction...
UVM_INFO ../src/wb_master.sv(163) @ 10405000: uvm_test_top.env.wb_master_agt.mast_drv [wb_env_DRIVER] Starting transaction...
UVM_INFO ../src/wb_master.sv(240) @ 10415000: uvm_test_top.env.wb_master_agt.mast_drv [Wb master] Got a write transaction
UVM_INFO ../src/wb_master.sv(191) @ 10485000: uvm_test_top.env.wb_master_agt.mast_drv [wb_env_DRIVER] Completed transaction...
UVM_INFO ../src/sequences/wb_master_agent_setup_initialize_txbd_rxbd_sequence.sv(19) @ 10485000: uvm_test_top.env.wb_master_agt.mast_sqr@@initialize_desc_sequence [uvm_test_top.env.wb_master_agt.mast_sqr.initialize_desc_sequence] End cleaning up descriptors                10485
UVM_INFO ../src/wb_master.sv(163) @ 10485000: uvm_test_top.env.wb_master_agt.mast_drv [wb_env_DRIVER] Starting transaction...
UVM_INFO ../src/wb_master.sv(240) @ 10495000: uvm_test_top.env.wb_master_agt.mast_drv [Wb master] Got a write transaction
UVM_INFO ../src/wb_master.sv(191) @ 10525000: uvm_test_top.env.wb_master_agt.mast_drv [wb_env_DRIVER] Completed transaction...
UVM_INFO ../src/wb_master.sv(163) @ 10525000: uvm_test_top.env.wb_master_agt.mast_drv [wb_env_DRIVER] Starting transaction...
UVM_INFO ../src/wb_master.sv(240) @ 10535000: uvm_test_top.env.wb_master_agt.mast_drv [Wb master] Got a write transaction
UVM_INFO ../src/wb_master.sv(191) @ 10565000: uvm_test_top.env.wb_master_agt.mast_drv [wb_env_DRIVER] Completed transaction...
UVM_INFO ../src/wb_master.sv(163) @ 10565000: uvm_test_top.env.wb_master_agt.mast_drv [wb_env_DRIVER] Starting transaction...
UVM_INFO ../src/wb_master.sv(240) @ 10575000: uvm_test_top.env.wb_master_agt.mast_drv [Wb master] Got a write transaction
UVM_INFO ../src/wb_master.sv(191) @ 10605000: uvm_test_top.env.wb_master_agt.mast_drv [wb_env_DRIVER] Completed transaction...
UVM_INFO ../src/wb_master.sv(163) @ 10605000: uvm_test_top.env.wb_master_agt.mast_drv [wb_env_DRIVER] Starting transaction...
UVM_INFO ../src/wb_master.sv(240) @ 10615000: uvm_test_top.env.wb_master_agt.mast_drv [Wb master] Got a write transaction
UVM_INFO ../src/wb_master.sv(191) @ 10665000: uvm_test_top.env.wb_master_agt.mast_drv [wb_env_DRIVER] Completed transaction...
UVM_INFO ../src/wb_master.sv(163) @ 10665000: uvm_test_top.env.wb_master_agt.mast_drv [wb_env_DRIVER] Starting transaction...
UVM_INFO ../src/wb_master.sv(240) @ 10675000: uvm_test_top.env.wb_master_agt.mast_drv [Wb master] Got a write transaction
UVM_INFO ../src/wb_master.sv(191) @ 10725000: uvm_test_top.env.wb_master_agt.mast_drv [wb_env_DRIVER] Completed transaction...
CTRL Time is                10725          80 000000000050f800

VALUE Time is                10725          80 00000000000003e8

UVM_INFO ../src/wb_master.sv(163) @ 10725000: uvm_test_top.env.wb_master_agt.mast_drv [wb_env_DRIVER] Starting transaction...
UVM_INFO ../src/wb_master.sv(240) @ 10735000: uvm_test_top.env.wb_master_agt.mast_drv [Wb master] Got a write transaction
UVM_INFO ../src/wb_slave.sv(180) @ 10746000: uvm_test_top.env.wb_slave_agt.slv_drv [uvm_test_top.env.wb_slave_agt.slv_drv] responding in this cycle
UVM_INFO ../src/wb_slave_mon.sv(163) @ 10746000: uvm_test_top.env.wb_slave_agt.slv_mon [Wb_slave Monitor] got a read transaction  
UVM_INFO ../src/wb_master.sv(191) @ 10765000: uvm_test_top.env.wb_master_agt.mast_drv [wb_env_DRIVER] Completed transaction...
UVM_INFO ../src/wb_master.sv(163) @ 10765000: uvm_test_top.env.wb_master_agt.mast_drv [wb_env_DRIVER] Starting transaction...
UVM_INFO ../src/wb_slave.sv(220) @ 10775000: uvm_test_top.env.wb_slave_agt.slv_drv [SLAVE_DRIVER] Completed transaction...
UVM_INFO ../src/wb_master.sv(240) @ 10775000: uvm_test_top.env.wb_master_agt.mast_drv [Wb master] Got a write transaction
UVM_INFO ../src/wb_slave.sv(180) @ 10776000: uvm_test_top.env.wb_slave_agt.slv_drv [uvm_test_top.env.wb_slave_agt.slv_drv] responding in this cycle
UVM_INFO ../src/wb_slave_mon.sv(163) @ 10776000: uvm_test_top.env.wb_slave_agt.slv_mon [Wb_slave Monitor] got a read transaction  
UVM_INFO ../src/wb_slave.sv(220) @ 10805000: uvm_test_top.env.wb_slave_agt.slv_drv [SLAVE_DRIVER] Completed transaction...
UVM_INFO ../src/wb_slave.sv(180) @ 10816000: uvm_test_top.env.wb_slave_agt.slv_drv [uvm_test_top.env.wb_slave_agt.slv_drv] responding in this cycle
UVM_INFO ../src/wb_slave_mon.sv(163) @ 10816000: uvm_test_top.env.wb_slave_agt.slv_mon [Wb_slave Monitor] got a read transaction  
UVM_INFO ../src/wb_master.sv(191) @ 10825000: uvm_test_top.env.wb_master_agt.mast_drv [wb_env_DRIVER] Completed transaction...
UVM_INFO ../src/wb_master.sv(163) @ 10825000: uvm_test_top.env.wb_master_agt.mast_drv [wb_env_DRIVER] Starting transaction...
UVM_INFO ../src/wb_master.sv(240) @ 10835000: uvm_test_top.env.wb_master_agt.mast_drv [Wb master] Got a write transaction
UVM_INFO ../src/wb_slave.sv(220) @ 10845000: uvm_test_top.env.wb_slave_agt.slv_drv [SLAVE_DRIVER] Completed transaction...
UVM_INFO ../src/wb_slave.sv(180) @ 10846000: uvm_test_top.env.wb_slave_agt.slv_drv [uvm_test_top.env.wb_slave_agt.slv_drv] responding in this cycle
UVM_INFO ../src/wb_slave_mon.sv(163) @ 10846000: uvm_test_top.env.wb_slave_agt.slv_mon [Wb_slave Monitor] got a read transaction  
UVM_INFO ../src/wb_slave.sv(220) @ 10875000: uvm_test_top.env.wb_slave_agt.slv_drv [SLAVE_DRIVER] Completed transaction...
UVM_INFO ../src/wb_slave.sv(180) @ 10886000: uvm_test_top.env.wb_slave_agt.slv_drv [uvm_test_top.env.wb_slave_agt.slv_drv] responding in this cycle
UVM_INFO ../src/wb_slave_mon.sv(163) @ 10886000: uvm_test_top.env.wb_slave_agt.slv_mon [Wb_slave Monitor] got a read transaction  
UVM_INFO ../src/wb_master.sv(191) @ 10905000: uvm_test_top.env.wb_master_agt.mast_drv [wb_env_DRIVER] Completed transaction...
CTRL Time is                10905          80 000000000050f800

VALUE Time is                10905          80 00000000000003e8

UVM_INFO ../src/wb_master.sv(163) @ 10905000: uvm_test_top.env.wb_master_agt.mast_drv [wb_env_DRIVER] Starting transaction...
UVM_INFO ../src/wb_slave.sv(220) @ 10915000: uvm_test_top.env.wb_slave_agt.slv_drv [SLAVE_DRIVER] Completed transaction...
UVM_INFO ../src/wb_master.sv(201) @ 10915000: uvm_test_top.env.wb_master_agt.mast_drv [Wb master] Got a read transaction
UVM_INFO ../src/wb_slave.sv(180) @ 10916000: uvm_test_top.env.wb_slave_agt.slv_drv [uvm_test_top.env.wb_slave_agt.slv_drv] responding in this cycle
UVM_INFO ../src/wb_slave_mon.sv(163) @ 10916000: uvm_test_top.env.wb_slave_agt.slv_mon [Wb_slave Monitor] got a read transaction  
UVM_INFO ../src/wb_slave.sv(220) @ 10945000: uvm_test_top.env.wb_slave_agt.slv_drv [SLAVE_DRIVER] Completed transaction...
UVM_INFO ../src/wb_slave.sv(180) @ 10956000: uvm_test_top.env.wb_slave_agt.slv_drv [uvm_test_top.env.wb_slave_agt.slv_drv] responding in this cycle
UVM_INFO ../src/wb_slave_mon.sv(163) @ 10956000: uvm_test_top.env.wb_slave_agt.slv_mon [Wb_slave Monitor] got a read transaction  
UVM_INFO ../src/wb_master.sv(191) @ 10975000: uvm_test_top.env.wb_master_agt.mast_drv [wb_env_DRIVER] Completed transaction...
UVM_INFO ../src/wb_master.sv(163) @ 10975000: uvm_test_top.env.wb_master_agt.mast_drv [wb_env_DRIVER] Starting transaction...
UVM_INFO ../src/wb_slave.sv(220) @ 10985000: uvm_test_top.env.wb_slave_agt.slv_drv [SLAVE_DRIVER] Completed transaction...
UVM_INFO ../src/wb_master.sv(201) @ 10985000: uvm_test_top.env.wb_master_agt.mast_drv [Wb master] Got a read transaction
UVM_INFO ../src/wb_slave.sv(180) @ 10986000: uvm_test_top.env.wb_slave_agt.slv_drv [uvm_test_top.env.wb_slave_agt.slv_drv] responding in this cycle
UVM_INFO ../src/wb_slave_mon.sv(163) @ 10986000: uvm_test_top.env.wb_slave_agt.slv_mon [Wb_slave Monitor] got a read transaction  
UVM_INFO ../src/wb_slave.sv(220) @ 11015000: uvm_test_top.env.wb_slave_agt.slv_drv [SLAVE_DRIVER] Completed transaction...
UVM_INFO ../src/wb_slave.sv(180) @ 11026000: uvm_test_top.env.wb_slave_agt.slv_drv [uvm_test_top.env.wb_slave_agt.slv_drv] responding in this cycle
UVM_INFO ../src/wb_slave_mon.sv(163) @ 11026000: uvm_test_top.env.wb_slave_agt.slv_mon [Wb_slave Monitor] got a read transaction  
UVM_INFO ../src/wb_slave.sv(220) @ 11055000: uvm_test_top.env.wb_slave_agt.slv_drv [SLAVE_DRIVER] Completed transaction...
UVM_INFO ../src/wb_master.sv(191) @ 11055000: uvm_test_top.env.wb_master_agt.mast_drv [wb_env_DRIVER] Completed transaction...
UVM_INFO ../src/wb_master.sv(163) @ 11055000: uvm_test_top.env.wb_master_agt.mast_drv [wb_env_DRIVER] Starting transaction...
UVM_INFO ../src/wb_master.sv(201) @ 11065000: uvm_test_top.env.wb_master_agt.mast_drv [Wb master] Got a read transaction
UVM_INFO ../src/wb_slave.sv(180) @ 11066000: uvm_test_top.env.wb_slave_agt.slv_drv [uvm_test_top.env.wb_slave_agt.slv_drv] responding in this cycle
UVM_INFO ../src/wb_slave_mon.sv(163) @ 11066000: uvm_test_top.env.wb_slave_agt.slv_mon [Wb_slave Monitor] got a read transaction  
UVM_INFO ../src/wb_slave.sv(220) @ 11095000: uvm_test_top.env.wb_slave_agt.slv_drv [SLAVE_DRIVER] Completed transaction...
UVM_INFO ../src/wb_slave.sv(180) @ 11106000: uvm_test_top.env.wb_slave_agt.slv_drv [uvm_test_top.env.wb_slave_agt.slv_drv] responding in this cycle
UVM_INFO ../src/wb_slave_mon.sv(163) @ 11106000: uvm_test_top.env.wb_slave_agt.slv_mon [Wb_slave Monitor] got a read transaction  
UVM_INFO ../src/wb_slave.sv(220) @ 11135000: uvm_test_top.env.wb_slave_agt.slv_drv [SLAVE_DRIVER] Completed transaction...
UVM_INFO ../src/wb_master.sv(191) @ 11135000: uvm_test_top.env.wb_master_agt.mast_drv [wb_env_DRIVER] Completed transaction...
UVM_INFO ../src/wb_master.sv(163) @ 11135000: uvm_test_top.env.wb_master_agt.mast_drv [wb_env_DRIVER] Starting transaction...
UVM_INFO ../src/wb_master.sv(201) @ 11145000: uvm_test_top.env.wb_master_agt.mast_drv [Wb master] Got a read transaction
UVM_INFO ../src/wb_slave.sv(180) @ 11146000: uvm_test_top.env.wb_slave_agt.slv_drv [uvm_test_top.env.wb_slave_agt.slv_drv] responding in this cycle
UVM_INFO ../src/wb_slave_mon.sv(163) @ 11146000: uvm_test_top.env.wb_slave_agt.slv_mon [Wb_slave Monitor] got a read transaction  
UVM_INFO ../src/wb_slave.sv(220) @ 11175000: uvm_test_top.env.wb_slave_agt.slv_drv [SLAVE_DRIVER] Completed transaction...
UVM_INFO ../src/wb_master.sv(191) @ 11215000: uvm_test_top.env.wb_master_agt.mast_drv [wb_env_DRIVER] Completed transaction...
UVM_INFO ../src/wb_master.sv(163) @ 11215000: uvm_test_top.env.wb_master_agt.mast_drv [wb_env_DRIVER] Starting transaction...
UVM_INFO ../src/wb_master.sv(201) @ 11225000: uvm_test_top.env.wb_master_agt.mast_drv [Wb master] Got a read transaction
UVM_INFO ../src/wb_master.sv(191) @ 11295000: uvm_test_top.env.wb_master_agt.mast_drv [wb_env_DRIVER] Completed transaction...
UVM_INFO ../src/sequences/wb_master_agent_tx_interrupt_sequence.sv(14) @ 11295000: uvm_test_top.env.wb_master_agt.mast_sqr@@interrupt sequence [uvm_test_top.env.wb_master_agt.mast_sqr.interrupt sequence] waiting for Interrupt                11295
UVM_INFO ../src/sequences/wb_master_agent_tx_interrupt_sequence.sv(16) @ 86326000: uvm_test_top.env.wb_master_agt.mast_sqr@@interrupt sequence [uvm_test_top.env.wb_master_agt.mast_sqr.interrupt sequence] Got Interrupt                86326
UVM_INFO ../src/wb_master.sv(163) @ 86326000: uvm_test_top.env.wb_master_agt.mast_drv [wb_env_DRIVER] Starting transaction...
UVM_INFO ../src/wb_master.sv(201) @ 86335000: uvm_test_top.env.wb_master_agt.mast_drv [Wb master] Got a read transaction
UVM_INFO ../src/wb_master.sv(191) @ 86365000: uvm_test_top.env.wb_master_agt.mast_drv [wb_env_DRIVER] Completed transaction...
UVM_INFO ../src/wb_master.sv(163) @ 86365000: uvm_test_top.env.wb_master_agt.mast_drv [wb_env_DRIVER] Starting transaction...
UVM_INFO ../src/wb_master.sv(240) @ 86375000: uvm_test_top.env.wb_master_agt.mast_drv [Wb master] Got a write transaction
UVM_INFO ../src/wb_master.sv(191) @ 86405000: uvm_test_top.env.wb_master_agt.mast_drv [wb_env_DRIVER] Completed transaction...
UVM_INFO ../src/wb_master.sv(163) @ 86405000: uvm_test_top.env.wb_master_agt.mast_drv [wb_env_DRIVER] Starting transaction...
UVM_INFO ../src/wb_master.sv(201) @ 86415000: uvm_test_top.env.wb_master_agt.mast_drv [Wb master] Got a read transaction
UVM_INFO ../src/wb_master.sv(191) @ 86445000: uvm_test_top.env.wb_master_agt.mast_drv [wb_env_DRIVER] Completed transaction...
UVM_INFO ../src/wb_master.sv(163) @ 86445000: uvm_test_top.env.wb_master_agt.mast_drv [wb_env_DRIVER] Starting transaction...
UVM_INFO ../src/wb_master.sv(240) @ 86455000: uvm_test_top.env.wb_master_agt.mast_drv [Wb master] Got a write transaction
UVM_INFO ../src/wb_master.sv(191) @ 86485000: uvm_test_top.env.wb_master_agt.mast_drv [wb_env_DRIVER] Completed transaction...
UVM_INFO ../src/sequences/wb_master_agent_tx_interrupt_sequence.sv(22) @ 86485000: uvm_test_top.env.wb_master_agt.mast_sqr@@interrupt sequence [uvm_test_top.env.wb_master_agt.mast_sqr.interrupt sequence] Completed interrupt sequence                86485
UVM_INFO /global/apps/vcs_2019.06/etc/uvm-ieee/base/uvm_report_catcher.svh(675) @ 86485000: reporter [UVM/REPORT/CATCHER] 
--- UVM Report catcher Summary ---


Number of demoted UVM_FATAL reports  :    0
Number of demoted UVM_ERROR reports  :    0
Number of demoted UVM_WARNING reports:    0
Number of caught UVM_FATAL reports   :    0
Number of caught UVM_ERROR reports   :    0
Number of caught UVM_WARNING reports :    0

UVM_INFO /global/apps/vcs_2019.06/etc/uvm-ieee/base/uvm_report_server.svh(899) @ 86485000: reporter [UVM/REPORT/SERVER] 
--- UVM Report Summary ---

** Report counts by severity
UVM_INFO :  513
UVM_WARNING :    0
UVM_ERROR :    0
UVM_FATAL :    0
** Report counts by id
[RESET_DRIVER]    10
[RESET_MON]     3
[RESET_SEQUENCE]     5
[RNTST]     1
[SLAVE_DRIVER]    13
[UVM/RELNOTES]     1
[UVM/REPORT/CATCHER]     1
[VIRT_SEQQ]     1
[Wb master]   149
[Wb_slave Monitor]    13
[uvm_test_top.env.wb_master_agt.mast_sqr.initialize_desc_sequence]     2
[uvm_test_top.env.wb_master_agt.mast_sqr.interrupt sequence]     3
[uvm_test_top.env.wb_slave_agt.slv_drv]    13
[wb_env_DRIVER]   298

$finish called from file "/global/apps/vcs_2019.06/etc/uvm-ieee/base/uvm_root.svh", line 596.
$finish at simulation time             86485000
           V C S   S i m u l a t i o n   R e p o r t 
Time: 86485000 ps
CPU Time:      0.790 seconds;       Data structure size:   0.6Mb
Sat Jan 11 14:14:43 2020
