Command: vcs -sverilog -l vcs.log -ntb_opts uvm-ieee +incdir+../include+../src+../env+../tests+../hdl+../../../../rtl/ethernet+../../../../rtl/common+../../../../rtl/include+../src+include+../hdl \
-timescale=1ns/1ps -debug_all +UVM_TR_RECORDING +UVM_NO_DEPRECATED ../tests/eth_env_tb_mod.sv \
../hdl/eth_env_top.sv -f ../../../../rtl/ethernet/filelist -timescale=1ns/1ps +incdir+../../common \

                         Chronologic VCS (TM)
            Version P-2019.06 -- Sat Jan 11 14:13:49 2020
               Copyright (c) 1991-2019 by Synopsys Inc.
                         ALL RIGHTS RESERVED

This program is proprietary and confidential information of Synopsys Inc.
and may be used and disclosed only as authorized in a license agreement
controlling such use and disclosure.


Warning-[UNK_COMP_ARG] Unknown compile time plus argument used
  Unknown compile time plus argument 'UVM_TR_RECORDING' is ignored.

 + use `+plusarg_save' to bind in runtime plusargs;
 + use `+plusarg_ignore' to suppress this message.

Warning-[UNK_COMP_ARG] Unknown compile time plus argument used
  Unknown compile time plus argument 'UVM_NO_DEPRECATED' is ignored.


Warning-[DEBUG_DEP] Option will be deprecated
  The option '-debug_all' will be deprecated in a future release.  Please use 
  '-debug_acc+all -debug_region+cell+encrypt' instead.

Parsing design file '/global/apps/vcs_2019.06/etc/uvm-ieee/uvm_pkg.sv'
Parsing included file '/global/apps/vcs_2019.06/etc/uvm-ieee/uvm_macros.svh'.
Parsing included file '/global/apps/vcs_2019.06/etc/uvm-ieee/macros/uvm_version_defines.svh'.
Back to file '/global/apps/vcs_2019.06/etc/uvm-ieee/uvm_macros.svh'.
Parsing included file '/global/apps/vcs_2019.06/etc/uvm-ieee/macros/uvm_global_defines.svh'.
Back to file '/global/apps/vcs_2019.06/etc/uvm-ieee/uvm_macros.svh'.
Parsing included file '/global/apps/vcs_2019.06/etc/uvm-ieee/macros/uvm_message_defines.svh'.
Back to file '/global/apps/vcs_2019.06/etc/uvm-ieee/uvm_macros.svh'.
Parsing included file '/global/apps/vcs_2019.06/etc/uvm-ieee/macros/uvm_phase_defines.svh'.
Back to file '/global/apps/vcs_2019.06/etc/uvm-ieee/uvm_macros.svh'.
Parsing included file '/global/apps/vcs_2019.06/etc/uvm-ieee/macros/uvm_printer_defines.svh'.
Back to file '/global/apps/vcs_2019.06/etc/uvm-ieee/uvm_macros.svh'.
Parsing included file '/global/apps/vcs_2019.06/etc/uvm-ieee/macros/uvm_comparer_defines.svh'.
Back to file '/global/apps/vcs_2019.06/etc/uvm-ieee/uvm_macros.svh'.
Parsing included file '/global/apps/vcs_2019.06/etc/uvm-ieee/macros/uvm_recorder_defines.svh'.
Back to file '/global/apps/vcs_2019.06/etc/uvm-ieee/uvm_macros.svh'.
Parsing included file '/global/apps/vcs_2019.06/etc/uvm-ieee/macros/uvm_resource_defines.svh'.
Back to file '/global/apps/vcs_2019.06/etc/uvm-ieee/uvm_macros.svh'.
Parsing included file '/global/apps/vcs_2019.06/etc/uvm-ieee/macros/uvm_packer_defines.svh'.
Back to file '/global/apps/vcs_2019.06/etc/uvm-ieee/uvm_macros.svh'.
Parsing included file '/global/apps/vcs_2019.06/etc/uvm-ieee/macros/uvm_copier_defines.svh'.
Back to file '/global/apps/vcs_2019.06/etc/uvm-ieee/uvm_macros.svh'.
Parsing included file '/global/apps/vcs_2019.06/etc/uvm-ieee/macros/uvm_object_defines.svh'.
Back to file '/global/apps/vcs_2019.06/etc/uvm-ieee/uvm_macros.svh'.
Parsing included file '/global/apps/vcs_2019.06/etc/uvm-ieee/macros/uvm_tlm_defines.svh'.
Parsing included file '/global/apps/vcs_2019.06/etc/uvm-ieee/tlm1/uvm_tlm_imps.svh'.
Back to file '/global/apps/vcs_2019.06/etc/uvm-ieee/macros/uvm_tlm_defines.svh'.
Back to file '/global/apps/vcs_2019.06/etc/uvm-ieee/uvm_macros.svh'.
Parsing included file '/global/apps/vcs_2019.06/etc/uvm-ieee/macros/uvm_sequence_defines.svh'.
Back to file '/global/apps/vcs_2019.06/etc/uvm-ieee/uvm_macros.svh'.
Parsing included file '/global/apps/vcs_2019.06/etc/uvm-ieee/macros/uvm_callback_defines.svh'.
Back to file '/global/apps/vcs_2019.06/etc/uvm-ieee/uvm_macros.svh'.
Parsing included file '/global/apps/vcs_2019.06/etc/uvm-ieee/macros/uvm_reg_defines.svh'.
Back to file '/global/apps/vcs_2019.06/etc/uvm-ieee/uvm_macros.svh'.
Back to file '/global/apps/vcs_2019.06/etc/uvm-ieee/uvm_pkg.sv'.
Parsing included file '/global/apps/vcs_2019.06/etc/uvm-ieee/dpi/uvm_dpi.svh'.
Parsing included file '/global/apps/vcs_2019.06/etc/uvm-ieee/dpi/uvm_hdl.svh'.
Back to file '/global/apps/vcs_2019.06/etc/uvm-ieee/dpi/uvm_dpi.svh'.
Parsing included file '/global/apps/vcs_2019.06/etc/uvm-ieee/dpi/uvm_svcmd_dpi.svh'.
Back to file '/global/apps/vcs_2019.06/etc/uvm-ieee/dpi/uvm_dpi.svh'.
Parsing included file '/global/apps/vcs_2019.06/etc/uvm-ieee/dpi/uvm_regex.svh'.
Back to file '/global/apps/vcs_2019.06/etc/uvm-ieee/dpi/uvm_dpi.svh'.
Back to file '/global/apps/vcs_2019.06/etc/uvm-ieee/uvm_pkg.sv'.
Parsing included file '/global/apps/vcs_2019.06/etc/uvm-ieee/base/uvm_base.svh'.
Parsing included file '/global/apps/vcs_2019.06/etc/uvm-ieee/base/uvm_version.svh'.
Back to file '/global/apps/vcs_2019.06/etc/uvm-ieee/base/uvm_base.svh'.
Parsing included file '/global/apps/vcs_2019.06/etc/uvm-ieee/base/uvm_object_globals.svh'.
Back to file '/global/apps/vcs_2019.06/etc/uvm-ieee/base/uvm_base.svh'.
Parsing included file '/global/apps/vcs_2019.06/etc/uvm-ieee/base/uvm_misc.svh'.
Back to file '/global/apps/vcs_2019.06/etc/uvm-ieee/base/uvm_base.svh'.
Parsing included file '/global/apps/vcs_2019.06/etc/uvm-ieee/base/uvm_coreservice.svh'.
Back to file '/global/apps/vcs_2019.06/etc/uvm-ieee/base/uvm_base.svh'.
Parsing included file '/global/apps/vcs_2019.06/etc/uvm-ieee/base/uvm_globals.svh'.
Back to file '/global/apps/vcs_2019.06/etc/uvm-ieee/base/uvm_base.svh'.
Parsing included file '/global/apps/vcs_2019.06/etc/uvm-ieee/base/uvm_object.svh'.
Back to file '/global/apps/vcs_2019.06/etc/uvm-ieee/base/uvm_base.svh'.
Parsing included file '/global/apps/vcs_2019.06/etc/uvm-ieee/base/uvm_factory.svh'.
Back to file '/global/apps/vcs_2019.06/etc/uvm-ieee/base/uvm_base.svh'.
Parsing included file '/global/apps/vcs_2019.06/etc/uvm-ieee/base/uvm_registry.svh'.
Back to file '/global/apps/vcs_2019.06/etc/uvm-ieee/base/uvm_base.svh'.
Parsing included file '/global/apps/vcs_2019.06/etc/uvm-ieee/base/uvm_pool.svh'.
Back to file '/global/apps/vcs_2019.06/etc/uvm-ieee/base/uvm_base.svh'.
Parsing included file '/global/apps/vcs_2019.06/etc/uvm-ieee/base/uvm_queue.svh'.
Back to file '/global/apps/vcs_2019.06/etc/uvm-ieee/base/uvm_base.svh'.
Parsing included file '/global/apps/vcs_2019.06/etc/uvm-ieee/base/uvm_spell_chkr.svh'.
Back to file '/global/apps/vcs_2019.06/etc/uvm-ieee/base/uvm_base.svh'.
Parsing included file '/global/apps/vcs_2019.06/etc/uvm-ieee/base/uvm_resource_base.svh'.
Back to file '/global/apps/vcs_2019.06/etc/uvm-ieee/base/uvm_base.svh'.
Parsing included file '/global/apps/vcs_2019.06/etc/uvm-ieee/base/uvm_resource.svh'.
Back to file '/global/apps/vcs_2019.06/etc/uvm-ieee/base/uvm_base.svh'.
Parsing included file '/global/apps/vcs_2019.06/etc/uvm-ieee/base/uvm_resource_specializations.svh'.
Back to file '/global/apps/vcs_2019.06/etc/uvm-ieee/base/uvm_base.svh'.
Parsing included file '/global/apps/vcs_2019.06/etc/uvm-ieee/base/uvm_resource_db.svh'.
Back to file '/global/apps/vcs_2019.06/etc/uvm-ieee/base/uvm_base.svh'.
Parsing included file '/global/apps/vcs_2019.06/etc/uvm-ieee/base/uvm_resource_db_options.svh'.
Back to file '/global/apps/vcs_2019.06/etc/uvm-ieee/base/uvm_base.svh'.
Parsing included file '/global/apps/vcs_2019.06/etc/uvm-ieee/base/uvm_config_db.svh'.
Back to file '/global/apps/vcs_2019.06/etc/uvm-ieee/base/uvm_base.svh'.
Parsing included file '/global/apps/vcs_2019.06/etc/uvm-ieee/base/uvm_policy.svh'.
Back to file '/global/apps/vcs_2019.06/etc/uvm-ieee/base/uvm_base.svh'.
Parsing included file '/global/apps/vcs_2019.06/etc/uvm-ieee/base/uvm_field_op.svh'.
Back to file '/global/apps/vcs_2019.06/etc/uvm-ieee/base/uvm_base.svh'.
Parsing included file '/global/apps/vcs_2019.06/etc/uvm-ieee/base/uvm_copier.svh'.
Back to file '/global/apps/vcs_2019.06/etc/uvm-ieee/base/uvm_base.svh'.
Parsing included file '/global/apps/vcs_2019.06/etc/uvm-ieee/base/uvm_printer.svh'.
Back to file '/global/apps/vcs_2019.06/etc/uvm-ieee/base/uvm_base.svh'.
Parsing included file '/global/apps/vcs_2019.06/etc/uvm-ieee/base/uvm_comparer.svh'.
Back to file '/global/apps/vcs_2019.06/etc/uvm-ieee/base/uvm_base.svh'.
Parsing included file '/global/apps/vcs_2019.06/etc/uvm-ieee/base/uvm_packer.svh'.
Back to file '/global/apps/vcs_2019.06/etc/uvm-ieee/base/uvm_base.svh'.
Parsing included file '/global/apps/vcs_2019.06/etc/uvm-ieee/base/uvm_links.svh'.
Back to file '/global/apps/vcs_2019.06/etc/uvm-ieee/base/uvm_base.svh'.
Parsing included file '/global/apps/vcs_2019.06/etc/uvm-ieee/base/uvm_tr_database.svh'.
Back to file '/global/apps/vcs_2019.06/etc/uvm-ieee/base/uvm_base.svh'.
Parsing included file '/global/apps/vcs_2019.06/etc/uvm-ieee/base/uvm_text_tr_database.svh'.
Back to file '/global/apps/vcs_2019.06/etc/uvm-ieee/base/uvm_base.svh'.
Parsing included file '/global/apps/vcs_2019.06/etc/uvm-ieee/base/uvm_tr_stream.svh'.
Back to file '/global/apps/vcs_2019.06/etc/uvm-ieee/base/uvm_base.svh'.
Parsing included file '/global/apps/vcs_2019.06/etc/uvm-ieee/base/uvm_text_tr_stream.svh'.
Back to file '/global/apps/vcs_2019.06/etc/uvm-ieee/base/uvm_base.svh'.
Parsing included file '/global/apps/vcs_2019.06/etc/uvm-ieee/base/uvm_recorder.svh'.
Back to file '/global/apps/vcs_2019.06/etc/uvm-ieee/base/uvm_base.svh'.
Parsing included file '/global/apps/vcs_2019.06/etc/uvm-ieee/base/uvm_event_callback.svh'.
Back to file '/global/apps/vcs_2019.06/etc/uvm-ieee/base/uvm_base.svh'.
Parsing included file '/global/apps/vcs_2019.06/etc/uvm-ieee/base/uvm_event.svh'.
Back to file '/global/apps/vcs_2019.06/etc/uvm-ieee/base/uvm_base.svh'.
Parsing included file '/global/apps/vcs_2019.06/etc/uvm-ieee/base/uvm_barrier.svh'.
Back to file '/global/apps/vcs_2019.06/etc/uvm-ieee/base/uvm_base.svh'.
Parsing included file '/global/apps/vcs_2019.06/etc/uvm-ieee/base/uvm_callback.svh'.
Parsing included file '/global/apps/vcs_2019.06/etc/uvm-ieee/uvm_macros.svh'.
Back to file '/global/apps/vcs_2019.06/etc/uvm-ieee/base/uvm_callback.svh'.
Back to file '/global/apps/vcs_2019.06/etc/uvm-ieee/base/uvm_base.svh'.
Parsing included file '/global/apps/vcs_2019.06/etc/uvm-ieee/base/uvm_report_message.svh'.
Back to file '/global/apps/vcs_2019.06/etc/uvm-ieee/base/uvm_base.svh'.
Parsing included file '/global/apps/vcs_2019.06/etc/uvm-ieee/base/uvm_report_catcher.svh'.
Back to file '/global/apps/vcs_2019.06/etc/uvm-ieee/base/uvm_base.svh'.
Parsing included file '/global/apps/vcs_2019.06/etc/uvm-ieee/base/uvm_report_server.svh'.
Back to file '/global/apps/vcs_2019.06/etc/uvm-ieee/base/uvm_base.svh'.
Parsing included file '/global/apps/vcs_2019.06/etc/uvm-ieee/base/uvm_report_handler.svh'.
Back to file '/global/apps/vcs_2019.06/etc/uvm-ieee/base/uvm_base.svh'.
Parsing included file '/global/apps/vcs_2019.06/etc/uvm-ieee/base/uvm_report_object.svh'.
Back to file '/global/apps/vcs_2019.06/etc/uvm-ieee/base/uvm_base.svh'.
Parsing included file '/global/apps/vcs_2019.06/etc/uvm-ieee/base/uvm_transaction.svh'.
Back to file '/global/apps/vcs_2019.06/etc/uvm-ieee/base/uvm_base.svh'.
Parsing included file '/global/apps/vcs_2019.06/etc/uvm-ieee/base/uvm_phase.svh'.
Back to file '/global/apps/vcs_2019.06/etc/uvm-ieee/base/uvm_base.svh'.
Parsing included file '/global/apps/vcs_2019.06/etc/uvm-ieee/base/uvm_domain.svh'.
Back to file '/global/apps/vcs_2019.06/etc/uvm-ieee/base/uvm_base.svh'.
Parsing included file '/global/apps/vcs_2019.06/etc/uvm-ieee/base/uvm_bottomup_phase.svh'.
Back to file '/global/apps/vcs_2019.06/etc/uvm-ieee/base/uvm_base.svh'.
Parsing included file '/global/apps/vcs_2019.06/etc/uvm-ieee/base/uvm_topdown_phase.svh'.
Back to file '/global/apps/vcs_2019.06/etc/uvm-ieee/base/uvm_base.svh'.
Parsing included file '/global/apps/vcs_2019.06/etc/uvm-ieee/base/uvm_task_phase.svh'.
Back to file '/global/apps/vcs_2019.06/etc/uvm-ieee/base/uvm_base.svh'.
Parsing included file '/global/apps/vcs_2019.06/etc/uvm-ieee/base/uvm_common_phases.svh'.
Back to file '/global/apps/vcs_2019.06/etc/uvm-ieee/base/uvm_base.svh'.
Parsing included file '/global/apps/vcs_2019.06/etc/uvm-ieee/base/uvm_runtime_phases.svh'.
Back to file '/global/apps/vcs_2019.06/etc/uvm-ieee/base/uvm_base.svh'.
Parsing included file '/global/apps/vcs_2019.06/etc/uvm-ieee/base/uvm_run_test_callback.svh'.
Back to file '/global/apps/vcs_2019.06/etc/uvm-ieee/base/uvm_base.svh'.
Parsing included file '/global/apps/vcs_2019.06/etc/uvm-ieee/base/uvm_component.svh'.
Parsing included file '/global/apps/vcs_2019.06/etc/uvm-ieee/base/uvm_root.svh'.
Back to file '/global/apps/vcs_2019.06/etc/uvm-ieee/base/uvm_component.svh'.
Back to file '/global/apps/vcs_2019.06/etc/uvm-ieee/base/uvm_base.svh'.
Parsing included file '/global/apps/vcs_2019.06/etc/uvm-ieee/base/uvm_objection.svh'.
Back to file '/global/apps/vcs_2019.06/etc/uvm-ieee/base/uvm_base.svh'.
Parsing included file '/global/apps/vcs_2019.06/etc/uvm-ieee/base/uvm_heartbeat.svh'.
Back to file '/global/apps/vcs_2019.06/etc/uvm-ieee/base/uvm_base.svh'.
Parsing included file '/global/apps/vcs_2019.06/etc/uvm-ieee/base/uvm_cmdline_processor.svh'.
Back to file '/global/apps/vcs_2019.06/etc/uvm-ieee/base/uvm_base.svh'.
Parsing included file '/global/apps/vcs_2019.06/etc/uvm-ieee/base/uvm_traversal.svh'.
Back to file '/global/apps/vcs_2019.06/etc/uvm-ieee/base/uvm_base.svh'.
Back to file '/global/apps/vcs_2019.06/etc/uvm-ieee/uvm_pkg.sv'.
Parsing included file '/global/apps/vcs_2019.06/etc/uvm-ieee/dap/uvm_dap.svh'.
Parsing included file '/global/apps/vcs_2019.06/etc/uvm-ieee/dap/uvm_set_get_dap_base.svh'.
Back to file '/global/apps/vcs_2019.06/etc/uvm-ieee/dap/uvm_dap.svh'.
Parsing included file '/global/apps/vcs_2019.06/etc/uvm-ieee/dap/uvm_simple_lock_dap.svh'.
Back to file '/global/apps/vcs_2019.06/etc/uvm-ieee/dap/uvm_dap.svh'.
Parsing included file '/global/apps/vcs_2019.06/etc/uvm-ieee/dap/uvm_get_to_lock_dap.svh'.
Back to file '/global/apps/vcs_2019.06/etc/uvm-ieee/dap/uvm_dap.svh'.
Parsing included file '/global/apps/vcs_2019.06/etc/uvm-ieee/dap/uvm_set_before_get_dap.svh'.
Back to file '/global/apps/vcs_2019.06/etc/uvm-ieee/dap/uvm_dap.svh'.
Back to file '/global/apps/vcs_2019.06/etc/uvm-ieee/uvm_pkg.sv'.
Parsing included file '/global/apps/vcs_2019.06/etc/uvm-ieee/tlm1/uvm_tlm.svh'.
Parsing included file '/global/apps/vcs_2019.06/etc/uvm-ieee/tlm1/uvm_tlm_ifs.svh'.
Back to file '/global/apps/vcs_2019.06/etc/uvm-ieee/tlm1/uvm_tlm.svh'.
Parsing included file '/global/apps/vcs_2019.06/etc/uvm-ieee/tlm1/uvm_sqr_ifs.svh'.
Back to file '/global/apps/vcs_2019.06/etc/uvm-ieee/tlm1/uvm_tlm.svh'.
Parsing included file '/global/apps/vcs_2019.06/etc/uvm-ieee/base/uvm_port_base.svh'.
Back to file '/global/apps/vcs_2019.06/etc/uvm-ieee/tlm1/uvm_tlm.svh'.
Parsing included file '/global/apps/vcs_2019.06/etc/uvm-ieee/tlm1/uvm_tlm_imps.svh'.
Back to file '/global/apps/vcs_2019.06/etc/uvm-ieee/tlm1/uvm_tlm.svh'.
Parsing included file '/global/apps/vcs_2019.06/etc/uvm-ieee/tlm1/uvm_imps.svh'.
Back to file '/global/apps/vcs_2019.06/etc/uvm-ieee/tlm1/uvm_tlm.svh'.
Parsing included file '/global/apps/vcs_2019.06/etc/uvm-ieee/tlm1/uvm_ports.svh'.
Back to file '/global/apps/vcs_2019.06/etc/uvm-ieee/tlm1/uvm_tlm.svh'.
Parsing included file '/global/apps/vcs_2019.06/etc/uvm-ieee/tlm1/uvm_exports.svh'.
Back to file '/global/apps/vcs_2019.06/etc/uvm-ieee/tlm1/uvm_tlm.svh'.
Parsing included file '/global/apps/vcs_2019.06/etc/uvm-ieee/tlm1/uvm_analysis_port.svh'.
Back to file '/global/apps/vcs_2019.06/etc/uvm-ieee/tlm1/uvm_tlm.svh'.
Parsing included file '/global/apps/vcs_2019.06/etc/uvm-ieee/tlm1/uvm_tlm_fifo_base.svh'.
Back to file '/global/apps/vcs_2019.06/etc/uvm-ieee/tlm1/uvm_tlm.svh'.
Parsing included file '/global/apps/vcs_2019.06/etc/uvm-ieee/tlm1/uvm_tlm_fifos.svh'.
Back to file '/global/apps/vcs_2019.06/etc/uvm-ieee/tlm1/uvm_tlm.svh'.
Parsing included file '/global/apps/vcs_2019.06/etc/uvm-ieee/tlm1/uvm_tlm_req_rsp.svh'.
Back to file '/global/apps/vcs_2019.06/etc/uvm-ieee/tlm1/uvm_tlm.svh'.
Parsing included file '/global/apps/vcs_2019.06/etc/uvm-ieee/tlm1/uvm_sqr_connections.svh'.
Back to file '/global/apps/vcs_2019.06/etc/uvm-ieee/tlm1/uvm_tlm.svh'.
Back to file '/global/apps/vcs_2019.06/etc/uvm-ieee/uvm_pkg.sv'.
Parsing included file '/global/apps/vcs_2019.06/etc/uvm-ieee/comps/uvm_comps.svh'.
Parsing included file '/global/apps/vcs_2019.06/etc/uvm-ieee/comps/uvm_pair.svh'.
Back to file '/global/apps/vcs_2019.06/etc/uvm-ieee/comps/uvm_comps.svh'.
Parsing included file '/global/apps/vcs_2019.06/etc/uvm-ieee/comps/uvm_policies.svh'.
Back to file '/global/apps/vcs_2019.06/etc/uvm-ieee/comps/uvm_comps.svh'.
Parsing included file '/global/apps/vcs_2019.06/etc/uvm-ieee/comps/uvm_in_order_comparator.svh'.
Back to file '/global/apps/vcs_2019.06/etc/uvm-ieee/comps/uvm_comps.svh'.
Parsing included file '/global/apps/vcs_2019.06/etc/uvm-ieee/comps/uvm_algorithmic_comparator.svh'.
Back to file '/global/apps/vcs_2019.06/etc/uvm-ieee/comps/uvm_comps.svh'.
Parsing included file '/global/apps/vcs_2019.06/etc/uvm-ieee/comps/uvm_subscriber.svh'.
Back to file '/global/apps/vcs_2019.06/etc/uvm-ieee/comps/uvm_comps.svh'.
Parsing included file '/global/apps/vcs_2019.06/etc/uvm-ieee/comps/uvm_monitor.svh'.
Back to file '/global/apps/vcs_2019.06/etc/uvm-ieee/comps/uvm_comps.svh'.
Parsing included file '/global/apps/vcs_2019.06/etc/uvm-ieee/comps/uvm_driver.svh'.
Back to file '/global/apps/vcs_2019.06/etc/uvm-ieee/comps/uvm_comps.svh'.
Parsing included file '/global/apps/vcs_2019.06/etc/uvm-ieee/comps/uvm_push_driver.svh'.
Back to file '/global/apps/vcs_2019.06/etc/uvm-ieee/comps/uvm_comps.svh'.
Parsing included file '/global/apps/vcs_2019.06/etc/uvm-ieee/comps/uvm_scoreboard.svh'.
Back to file '/global/apps/vcs_2019.06/etc/uvm-ieee/comps/uvm_comps.svh'.
Parsing included file '/global/apps/vcs_2019.06/etc/uvm-ieee/comps/uvm_agent.svh'.
Back to file '/global/apps/vcs_2019.06/etc/uvm-ieee/comps/uvm_comps.svh'.
Parsing included file '/global/apps/vcs_2019.06/etc/uvm-ieee/comps/uvm_env.svh'.
Back to file '/global/apps/vcs_2019.06/etc/uvm-ieee/comps/uvm_comps.svh'.
Parsing included file '/global/apps/vcs_2019.06/etc/uvm-ieee/comps/uvm_test.svh'.
Back to file '/global/apps/vcs_2019.06/etc/uvm-ieee/comps/uvm_comps.svh'.
Back to file '/global/apps/vcs_2019.06/etc/uvm-ieee/uvm_pkg.sv'.
Parsing included file '/global/apps/vcs_2019.06/etc/uvm-ieee/seq/uvm_seq.svh'.
Parsing included file '/global/apps/vcs_2019.06/etc/uvm-ieee/seq/uvm_sequence_item.svh'.
Back to file '/global/apps/vcs_2019.06/etc/uvm-ieee/seq/uvm_seq.svh'.
Parsing included file '/global/apps/vcs_2019.06/etc/uvm-ieee/seq/uvm_sequencer_base.svh'.
Back to file '/global/apps/vcs_2019.06/etc/uvm-ieee/seq/uvm_seq.svh'.
Parsing included file '/global/apps/vcs_2019.06/etc/uvm-ieee/seq/uvm_sequencer_analysis_fifo.svh'.
Back to file '/global/apps/vcs_2019.06/etc/uvm-ieee/seq/uvm_seq.svh'.
Parsing included file '/global/apps/vcs_2019.06/etc/uvm-ieee/seq/uvm_sequencer_param_base.svh'.
Back to file '/global/apps/vcs_2019.06/etc/uvm-ieee/seq/uvm_seq.svh'.
Parsing included file '/global/apps/vcs_2019.06/etc/uvm-ieee/seq/uvm_sequencer.svh'.
Back to file '/global/apps/vcs_2019.06/etc/uvm-ieee/seq/uvm_seq.svh'.
Parsing included file '/global/apps/vcs_2019.06/etc/uvm-ieee/seq/uvm_push_sequencer.svh'.
Back to file '/global/apps/vcs_2019.06/etc/uvm-ieee/seq/uvm_seq.svh'.
Parsing included file '/global/apps/vcs_2019.06/etc/uvm-ieee/seq/uvm_sequence_base.svh'.
Back to file '/global/apps/vcs_2019.06/etc/uvm-ieee/seq/uvm_seq.svh'.
Parsing included file '/global/apps/vcs_2019.06/etc/uvm-ieee/seq/uvm_sequence.svh'.
Back to file '/global/apps/vcs_2019.06/etc/uvm-ieee/seq/uvm_seq.svh'.
Parsing included file '/global/apps/vcs_2019.06/etc/uvm-ieee/seq/uvm_sequence_library.svh'.
Back to file '/global/apps/vcs_2019.06/etc/uvm-ieee/seq/uvm_seq.svh'.
Back to file '/global/apps/vcs_2019.06/etc/uvm-ieee/uvm_pkg.sv'.
Parsing included file '/global/apps/vcs_2019.06/etc/uvm-ieee/tlm2/uvm_tlm2.svh'.
Parsing included file '/global/apps/vcs_2019.06/etc/uvm-ieee/tlm2/uvm_tlm2_defines.svh'.
Back to file '/global/apps/vcs_2019.06/etc/uvm-ieee/tlm2/uvm_tlm2.svh'.
Parsing included file '/global/apps/vcs_2019.06/etc/uvm-ieee/tlm2/uvm_tlm_time.svh'.
Back to file '/global/apps/vcs_2019.06/etc/uvm-ieee/tlm2/uvm_tlm2.svh'.
Parsing included file '/global/apps/vcs_2019.06/etc/uvm-ieee/tlm2/uvm_tlm2_generic_payload.svh'.
Back to file '/global/apps/vcs_2019.06/etc/uvm-ieee/tlm2/uvm_tlm2.svh'.
Parsing included file '/global/apps/vcs_2019.06/etc/uvm-ieee/tlm2/uvm_tlm2_ifs.svh'.
Back to file '/global/apps/vcs_2019.06/etc/uvm-ieee/tlm2/uvm_tlm2.svh'.
Parsing included file '/global/apps/vcs_2019.06/etc/uvm-ieee/tlm2/uvm_tlm2_imps.svh'.
Back to file '/global/apps/vcs_2019.06/etc/uvm-ieee/tlm2/uvm_tlm2.svh'.
Parsing included file '/global/apps/vcs_2019.06/etc/uvm-ieee/tlm2/uvm_tlm2_ports.svh'.
Back to file '/global/apps/vcs_2019.06/etc/uvm-ieee/tlm2/uvm_tlm2.svh'.
Parsing included file '/global/apps/vcs_2019.06/etc/uvm-ieee/tlm2/uvm_tlm2_exports.svh'.
Back to file '/global/apps/vcs_2019.06/etc/uvm-ieee/tlm2/uvm_tlm2.svh'.
Parsing included file '/global/apps/vcs_2019.06/etc/uvm-ieee/tlm2/uvm_tlm2_sockets_base.svh'.
Back to file '/global/apps/vcs_2019.06/etc/uvm-ieee/tlm2/uvm_tlm2.svh'.
Parsing included file '/global/apps/vcs_2019.06/etc/uvm-ieee/tlm2/uvm_tlm2_sockets.svh'.
Back to file '/global/apps/vcs_2019.06/etc/uvm-ieee/tlm2/uvm_tlm2.svh'.
Back to file '/global/apps/vcs_2019.06/etc/uvm-ieee/uvm_pkg.sv'.
Parsing included file '/global/apps/vcs_2019.06/etc/uvm-ieee/reg/uvm_reg_model.svh'.
Parsing included file '/global/apps/vcs_2019.06/etc/uvm-ieee/reg/uvm_reg_item.svh'.
Back to file '/global/apps/vcs_2019.06/etc/uvm-ieee/reg/uvm_reg_model.svh'.
Parsing included file '/global/apps/vcs_2019.06/etc/uvm-ieee/reg/uvm_reg_adapter.svh'.
Back to file '/global/apps/vcs_2019.06/etc/uvm-ieee/reg/uvm_reg_model.svh'.
Parsing included file '/global/apps/vcs_2019.06/etc/uvm-ieee/reg/uvm_reg_predictor.svh'.
Back to file '/global/apps/vcs_2019.06/etc/uvm-ieee/reg/uvm_reg_model.svh'.
Parsing included file '/global/apps/vcs_2019.06/etc/uvm-ieee/reg/uvm_reg_sequence.svh'.
Back to file '/global/apps/vcs_2019.06/etc/uvm-ieee/reg/uvm_reg_model.svh'.
Parsing included file '/global/apps/vcs_2019.06/etc/uvm-ieee/reg/uvm_reg_cbs.svh'.
Back to file '/global/apps/vcs_2019.06/etc/uvm-ieee/reg/uvm_reg_model.svh'.
Parsing included file '/global/apps/vcs_2019.06/etc/uvm-ieee/reg/uvm_reg_backdoor.svh'.
Back to file '/global/apps/vcs_2019.06/etc/uvm-ieee/reg/uvm_reg_model.svh'.
Parsing included file '/global/apps/vcs_2019.06/etc/uvm-ieee/reg/uvm_reg_field.svh'.
Back to file '/global/apps/vcs_2019.06/etc/uvm-ieee/reg/uvm_reg_model.svh'.
Parsing included file '/global/apps/vcs_2019.06/etc/uvm-ieee/reg/uvm_vreg_field.svh'.
Back to file '/global/apps/vcs_2019.06/etc/uvm-ieee/reg/uvm_reg_model.svh'.
Parsing included file '/global/apps/vcs_2019.06/etc/uvm-ieee/reg/uvm_reg.svh'.
Back to file '/global/apps/vcs_2019.06/etc/uvm-ieee/reg/uvm_reg_model.svh'.
Parsing included file '/global/apps/vcs_2019.06/etc/uvm-ieee/reg/uvm_reg_indirect.svh'.
Back to file '/global/apps/vcs_2019.06/etc/uvm-ieee/reg/uvm_reg_model.svh'.
Parsing included file '/global/apps/vcs_2019.06/etc/uvm-ieee/reg/uvm_reg_fifo.svh'.
Back to file '/global/apps/vcs_2019.06/etc/uvm-ieee/reg/uvm_reg_model.svh'.
Parsing included file '/global/apps/vcs_2019.06/etc/uvm-ieee/reg/uvm_reg_file.svh'.
Back to file '/global/apps/vcs_2019.06/etc/uvm-ieee/reg/uvm_reg_model.svh'.
Parsing included file '/global/apps/vcs_2019.06/etc/uvm-ieee/reg/uvm_mem_mam.svh'.
Back to file '/global/apps/vcs_2019.06/etc/uvm-ieee/reg/uvm_reg_model.svh'.
Parsing included file '/global/apps/vcs_2019.06/etc/uvm-ieee/reg/uvm_vreg.svh'.
Back to file '/global/apps/vcs_2019.06/etc/uvm-ieee/reg/uvm_reg_model.svh'.
Parsing included file '/global/apps/vcs_2019.06/etc/uvm-ieee/reg/uvm_mem.svh'.
Back to file '/global/apps/vcs_2019.06/etc/uvm-ieee/reg/uvm_reg_model.svh'.
Parsing included file '/global/apps/vcs_2019.06/etc/uvm-ieee/reg/uvm_reg_map.svh'.
Back to file '/global/apps/vcs_2019.06/etc/uvm-ieee/reg/uvm_reg_model.svh'.
Parsing included file '/global/apps/vcs_2019.06/etc/uvm-ieee/reg/uvm_reg_block.svh'.
Back to file '/global/apps/vcs_2019.06/etc/uvm-ieee/reg/uvm_reg_model.svh'.
Parsing included file '/global/apps/vcs_2019.06/etc/uvm-ieee/reg/sequences/uvm_reg_hw_reset_seq.svh'.
Back to file '/global/apps/vcs_2019.06/etc/uvm-ieee/reg/uvm_reg_model.svh'.
Parsing included file '/global/apps/vcs_2019.06/etc/uvm-ieee/reg/sequences/uvm_reg_bit_bash_seq.svh'.
Back to file '/global/apps/vcs_2019.06/etc/uvm-ieee/reg/uvm_reg_model.svh'.
Parsing included file '/global/apps/vcs_2019.06/etc/uvm-ieee/reg/sequences/uvm_mem_walk_seq.svh'.
Back to file '/global/apps/vcs_2019.06/etc/uvm-ieee/reg/uvm_reg_model.svh'.
Parsing included file '/global/apps/vcs_2019.06/etc/uvm-ieee/reg/sequences/uvm_mem_access_seq.svh'.
Back to file '/global/apps/vcs_2019.06/etc/uvm-ieee/reg/uvm_reg_model.svh'.
Parsing included file '/global/apps/vcs_2019.06/etc/uvm-ieee/reg/sequences/uvm_reg_access_seq.svh'.
Back to file '/global/apps/vcs_2019.06/etc/uvm-ieee/reg/uvm_reg_model.svh'.
Parsing included file '/global/apps/vcs_2019.06/etc/uvm-ieee/reg/sequences/uvm_reg_mem_shared_access_seq.svh'.
Back to file '/global/apps/vcs_2019.06/etc/uvm-ieee/reg/uvm_reg_model.svh'.
Parsing included file '/global/apps/vcs_2019.06/etc/uvm-ieee/reg/sequences/uvm_reg_mem_built_in_seq.svh'.
Back to file '/global/apps/vcs_2019.06/etc/uvm-ieee/reg/uvm_reg_model.svh'.
Parsing included file '/global/apps/vcs_2019.06/etc/uvm-ieee/reg/sequences/uvm_reg_mem_hdl_paths_seq.svh'.
Back to file '/global/apps/vcs_2019.06/etc/uvm-ieee/reg/uvm_reg_model.svh'.
Parsing included file '/global/apps/vcs_2019.06/etc/uvm-ieee/reg/snps_uvm_reg_bank.svh'.
Back to file '/global/apps/vcs_2019.06/etc/uvm-ieee/reg/uvm_reg_model.svh'.
Back to file '/global/apps/vcs_2019.06/etc/uvm-ieee/uvm_pkg.sv'.
Parsing design file '/global/apps/vcs_2019.06/etc/uvm-ieee/vcs/uvm_custom_install_vcs_recorder.sv'
Parsing included file '/global/apps/vcs_2019.06/etc/uvm-ieee/vcs/msglog.svh'.
Back to file '/global/apps/vcs_2019.06/etc/uvm-ieee/vcs/uvm_custom_install_vcs_recorder.sv'.
Parsing included file '/global/apps/vcs_2019.06/etc/uvm-ieee/vcs/uvm_msglog_report_server.sv'.
Back to file '/global/apps/vcs_2019.06/etc/uvm-ieee/vcs/uvm_custom_install_vcs_recorder.sv'.
Parsing included file '/global/apps/vcs_2019.06/etc/uvm-ieee/vcs/uvm_vcs_recorder.svh'.
Parsing included file '/global/apps/vcs_2019.06/etc/uvm-ieee/vcs/uvm_vcs_tr_database.svh'.
Parsing included file '/global/apps/vcs_2019.06/etc/uvm-ieee/vcs/uvm_vcs_tr_stream.svh'.
Back to file '/global/apps/vcs_2019.06/etc/uvm-ieee/vcs/uvm_vcs_tr_database.svh'.
Back to file '/global/apps/vcs_2019.06/etc/uvm-ieee/vcs/uvm_vcs_recorder.svh'.
Back to file '/global/apps/vcs_2019.06/etc/uvm-ieee/vcs/uvm_custom_install_vcs_recorder.sv'.
Parsing included file '/global/apps/vcs_2019.06/etc/uvm-ieee/vcs/uvm_vcs_record_interface.sv'.
Parsing included file '/global/apps/vcs_2019.06/etc/uvm-ieee/macros/uvm_global_defines.svh'.
Back to file '/global/apps/vcs_2019.06/etc/uvm-ieee/vcs/uvm_vcs_record_interface.sv'.
Back to file '/global/apps/vcs_2019.06/etc/uvm-ieee/vcs/uvm_custom_install_vcs_recorder.sv'.
Parsing design file '../tests/eth_env_tb_mod.sv'
Parsing included file '../include/mstr_slv_intfs.incl'.
Parsing included file '../src/wb_slave_if.sv'.
Back to file '../include/mstr_slv_intfs.incl'.
Parsing included file '../src/wb_master_if.sv'.
Back to file '../include/mstr_slv_intfs.incl'.
Parsing included file '../src/mii_if.sv'.
Back to file '../include/mstr_slv_intfs.incl'.
Parsing included file '../src/interrupt_eth_if.sv'.
Back to file '../include/mstr_slv_intfs.incl'.
Parsing included file '../../common/reset_if.sv'.
Back to file '../include/mstr_slv_intfs.incl'.
Back to file '../tests/eth_env_tb_mod.sv'.
Parsing included file '../tests/wb_test_pkg.sv'.
Parsing included file '../env/eth_blk_env.sv'.
Parsing included file '../include/eth_env.sv'.
Parsing included file '../include/mstr_slv_src.incl'.
Parsing included file '../../common/reset_trans.sv'.
Back to file '../include/mstr_slv_src.incl'.
Parsing included file '../../common/reset_driver.sv'.
Back to file '../include/mstr_slv_src.incl'.
Parsing included file '../../common/reset_monitor.sv'.
Back to file '../include/mstr_slv_src.incl'.
Parsing included file '../../common/reset_sequencer.sv'.
Back to file '../include/mstr_slv_src.incl'.
Parsing included file '../../common/reset_agent.sv'.
Back to file '../include/mstr_slv_src.incl'.
Parsing included file '../../common/reset_sequence.sv'.
Back to file '../include/mstr_slv_src.incl'.
Parsing included file '../src/wb_master_mon.sv'.
Back to file '../include/mstr_slv_src.incl'.
Parsing included file '../src/wb_master_seqr.sv'.
Back to file '../include/mstr_slv_src.incl'.
Parsing included file '../src/wb_transaction.sv'.
Back to file '../include/mstr_slv_src.incl'.
Parsing included file '../src/wb_master.sv'.
Back to file '../include/mstr_slv_src.incl'.
Parsing included file '../src/wb_master_agent.sv'.
Back to file '../include/mstr_slv_src.incl'.
Parsing included file '../src/wb_transaction.sv'.
Back to file '../include/mstr_slv_src.incl'.
Parsing included file '../src/wb_slave_mon.sv'.
Back to file '../include/mstr_slv_src.incl'.
Parsing included file '../src/wb_slave.sv'.
Back to file '../include/mstr_slv_src.incl'.
Parsing included file '../src/wb_slave_seqr.sv'.
Back to file '../include/mstr_slv_src.incl'.
Parsing included file '../src/wb_slave_agent.sv'.
Back to file '../include/mstr_slv_src.incl'.
Parsing included file '../src/wb_config.sv'.
Back to file '../include/mstr_slv_src.incl'.
Parsing included file '../src/eth_base_pkt.sv'.
Back to file '../include/mstr_slv_src.incl'.
Parsing included file '../src/wb_master_agent_sequence_library.sv'.
Parsing included file '../src/sequences/wb_master_agent_tx_init_sequence.sv'.
Back to file '../src/wb_master_agent_sequence_library.sv'.
Parsing included file '../src/sequences/wb_master_agent_tx_interrupt_sequence.sv'.
Back to file '../src/wb_master_agent_sequence_library.sv'.
Parsing included file '../src/sequences/wb_master_agent_setup_txbd_sequence.sv'.
Back to file '../src/wb_master_agent_sequence_library.sv'.
Parsing included file '../src/sequences/wb_master_agent_setup_initialize_txbd_rxbd_sequence.sv'.
Back to file '../src/wb_master_agent_sequence_library.sv'.
Parsing included file '../src/sequences/wb_master_agent_send_tx_packet.sv'.
Back to file '../src/wb_master_agent_sequence_library.sv'.
Parsing included file '../src/sequences/wb_master_agent_send_2_packets.sv'.
Back to file '../src/wb_master_agent_sequence_library.sv'.
Parsing included file '../src/sequences/wb_master_agent_send_tx_packet2.sv'.
Back to file '../src/wb_master_agent_sequence_library.sv'.
Parsing included file '../src/sequences/wb_master_agent_send_2_packets_barrier.sv'.
Back to file '../src/wb_master_agent_sequence_library.sv'.
Parsing included file '../src/sequences/wb_master_agent_tx_interrupt_seq_barrier.sv'.
Back to file '../src/wb_master_agent_sequence_library.sv'.
Parsing included file '../src/sequences/wb_master_agent_tx_interrupt_event_seq.sv'.
Back to file '../src/wb_master_agent_sequence_library.sv'.
Parsing included file '../src/sequences/wb_master_agent_send_2_packets_event_sync_sequence.sv'.
Back to file '../src/wb_master_agent_sequence_library.sv'.
Back to file '../include/mstr_slv_src.incl'.
Parsing included file '../src/mii_tx_mon.sv'.
Back to file '../include/mstr_slv_src.incl'.
Parsing included file '../src/mii_tx_agent_sequence_library.sv'.
Back to file '../include/mstr_slv_src.incl'.
Parsing included file '../src/mii_tx_seqr.sv'.
Back to file '../include/mstr_slv_src.incl'.
Parsing included file '../src/mii_transaction.sv'.
Back to file '../include/mstr_slv_src.incl'.
Parsing included file '../src/mii_tx_drv.sv'.
Back to file '../include/mstr_slv_src.incl'.
Parsing included file '../src/mii_tx_agent.sv'.
Back to file '../include/mstr_slv_src.incl'.
Parsing included file '../src/mii_rx_seqr.sv'.
Back to file '../include/mstr_slv_src.incl'.
Parsing included file '../src/mii_transaction.sv'.
Back to file '../include/mstr_slv_src.incl'.
Parsing included file '../src/mii_rx_mon.sv'.
Back to file '../include/mstr_slv_src.incl'.
Parsing included file '../src/mii_rx_drv.sv'.
Back to file '../include/mstr_slv_src.incl'.
Parsing included file '../src/mii_rx_agent.sv'.
Back to file '../include/mstr_slv_src.incl'.
Parsing included file '../src/wb_slave_seqr.sv'.
Back to file '../include/mstr_slv_src.incl'.
Parsing included file '../src/wb_slave_agent_sequence_library.sv'.
Back to file '../include/mstr_slv_src.incl'.
Parsing included file '../src/wb_ethernet_mac_sequencer.sv'.
Back to file '../include/mstr_slv_src.incl'.
Parsing included file '../src/wb_ethernet_mac_sequence.sv'.
Back to file '../include/mstr_slv_src.incl'.
Parsing included file '../src/eth_env_cfg.sv'.
Back to file '../include/mstr_slv_src.incl'.
Back to file '../include/eth_env.sv'.
Parsing included file '../src/eth_env_cfg.sv'.
Back to file '../include/eth_env.sv'.
Parsing included file '../src/wb_eth_virt_seqr.sv'.
Back to file '../include/eth_env.sv'.
Parsing included file '../src/wb_virt_sequence.sv'.
Back to file '../include/eth_env.sv'.
Parsing included file '../src/ral_single.sv'.
Back to file '../include/eth_env.sv'.
Parsing included file '../env/ral_ethernet_blk.sv'.

Note-[SV-LCM-PPWI] Package previously wildcard imported
../env/ral_ethernet_blk.sv, 4
wb_eth_test
  Package 'uvm_pkg' already wildcard imported. 
  Ignoring uvm_pkg::*
  See the SystemVerilog LRM(1800-2005), section 19.2.1.

Back to file '../include/eth_env.sv'.
Back to file '../env/eth_blk_env.sv'.
Back to file '../tests/wb_test_pkg.sv'.
Parsing included file '../tests/eth_blk_env_test.sv'.
Back to file '../tests/wb_test_pkg.sv'.
Parsing included file '../tests/eth_blk_base_test.sv'.
Back to file '../tests/wb_test_pkg.sv'.
Parsing included file '../tests/eth_blk_env_test.sv'.
Back to file '../tests/wb_test_pkg.sv'.
Parsing included file '../tests/eth_transmit.sv'.
Back to file '../tests/wb_test_pkg.sv'.
Parsing included file '../tests/eth_transmit_barrier.sv'.
Back to file '../tests/wb_test_pkg.sv'.
Parsing included file '../tests/eth_transmit_virt_sequence_test.sv'.
Back to file '../tests/wb_test_pkg.sv'.
Parsing included file '../tests/eth_transmit_event_sync.sv'.
Back to file '../tests/wb_test_pkg.sv'.
Parsing included file '../tests/eth_transmit_event_callback.sv'.
Back to file '../tests/wb_test_pkg.sv'.
Parsing included file '../tests/eth_transmit_event_heartbeat.sv'.
Back to file '../tests/wb_test_pkg.sv'.
Parsing included file '../tests/eth_transmit_event_sync.sv'.
Back to file '../tests/wb_test_pkg.sv'.
Parsing included file '../tests/eth_transmit.sv'.
Back to file '../tests/wb_test_pkg.sv'.
Parsing included file '../tests/eth_transmit_virt_sequence_test.sv'.
Back to file '../tests/wb_test_pkg.sv'.
Back to file '../tests/eth_env_tb_mod.sv'.
Parsing design file '../hdl/eth_env_top.sv'
Parsing included file '../tests/tb_eth_defines.v'.
Back to file '../hdl/eth_env_top.sv'.
Parsing included file '../src/eth_phy_defines.v'.
Back to file '../hdl/eth_env_top.sv'.
Parsing included file '../src/wb_slave_behavioral.v'.
Parsing included file '../../../../rtl/ethernet/timescale.v'.
Back to file '../src/wb_slave_behavioral.v'.
Parsing included file '../src/wb_model_defines.v'.
Back to file '../src/wb_slave_behavioral.v'.
Back to file '../hdl/eth_env_top.sv'.
Parsing included file '../hdl/eth_phy.v'.
Parsing included file '../../../../rtl/ethernet/timescale.v'.
Back to file '../hdl/eth_phy.v'.
Parsing included file '../src/eth_phy_defines.v'.
Back to file '../hdl/eth_phy.v'.
Parsing included file '../tests/tb_eth_defines.v'.
Back to file '../hdl/eth_phy.v'.
Back to file '../hdl/eth_env_top.sv'.

Warning-[IPDW] Identifier previously declared
../hdl/eth_env_top.sv, 55
  Second declaration for identifier 'mtx_clk' ignored
  Identifier 'mtx_clk' previously declared as wire. [../hdl/eth_env_top.sv, 
  25]


Warning-[IPDW] Identifier previously declared
../hdl/eth_env_top.sv, 56
  Second declaration for identifier 'mrx_clk' ignored
  Identifier 'mrx_clk' previously declared as wire. [../hdl/eth_env_top.sv, 
  25]

Parsing design file '/slowfs/vgcs13/srivats/new_book_examples/IEEE_version/Practical_Applications/soc/rtl/ethernet/eth_clockgen.v'
Parsing included file '../../../../rtl/ethernet/timescale.v'.
Back to file '/slowfs/vgcs13/srivats/new_book_examples/IEEE_version/Practical_Applications/soc/rtl/ethernet/eth_clockgen.v'.
Parsing design file '/slowfs/vgcs13/srivats/new_book_examples/IEEE_version/Practical_Applications/soc/rtl/ethernet/eth_crc.v'
Parsing included file '../../../../rtl/ethernet/timescale.v'.
Back to file '/slowfs/vgcs13/srivats/new_book_examples/IEEE_version/Practical_Applications/soc/rtl/ethernet/eth_crc.v'.
Parsing design file '/slowfs/vgcs13/srivats/new_book_examples/IEEE_version/Practical_Applications/soc/rtl/ethernet/eth_fifo.v'
Parsing included file '../../../../rtl/include/eth_defines.v'.
Back to file '/slowfs/vgcs13/srivats/new_book_examples/IEEE_version/Practical_Applications/soc/rtl/ethernet/eth_fifo.v'.
Parsing included file '../../../../rtl/ethernet/timescale.v'.
Back to file '/slowfs/vgcs13/srivats/new_book_examples/IEEE_version/Practical_Applications/soc/rtl/ethernet/eth_fifo.v'.
Parsing design file '/slowfs/vgcs13/srivats/new_book_examples/IEEE_version/Practical_Applications/soc/rtl/ethernet/eth_maccontrol.v'
Parsing included file '../../../../rtl/ethernet/timescale.v'.
Back to file '/slowfs/vgcs13/srivats/new_book_examples/IEEE_version/Practical_Applications/soc/rtl/ethernet/eth_maccontrol.v'.
Parsing design file '/slowfs/vgcs13/srivats/new_book_examples/IEEE_version/Practical_Applications/soc/rtl/ethernet/eth_macstatus.v'
Parsing included file '../../../../rtl/ethernet/timescale.v'.
Back to file '/slowfs/vgcs13/srivats/new_book_examples/IEEE_version/Practical_Applications/soc/rtl/ethernet/eth_macstatus.v'.
Parsing design file '/slowfs/vgcs13/srivats/new_book_examples/IEEE_version/Practical_Applications/soc/rtl/ethernet/eth_miim.v'
Parsing included file '../../../../rtl/ethernet/timescale.v'.
Back to file '/slowfs/vgcs13/srivats/new_book_examples/IEEE_version/Practical_Applications/soc/rtl/ethernet/eth_miim.v'.
Parsing design file '/slowfs/vgcs13/srivats/new_book_examples/IEEE_version/Practical_Applications/soc/rtl/ethernet/eth_outputcontrol.v'
Parsing included file '../../../../rtl/ethernet/timescale.v'.
Back to file '/slowfs/vgcs13/srivats/new_book_examples/IEEE_version/Practical_Applications/soc/rtl/ethernet/eth_outputcontrol.v'.
Parsing design file '/slowfs/vgcs13/srivats/new_book_examples/IEEE_version/Practical_Applications/soc/rtl/ethernet/eth_random.v'
Parsing included file '../../../../rtl/ethernet/timescale.v'.
Back to file '/slowfs/vgcs13/srivats/new_book_examples/IEEE_version/Practical_Applications/soc/rtl/ethernet/eth_random.v'.
Parsing design file '/slowfs/vgcs13/srivats/new_book_examples/IEEE_version/Practical_Applications/soc/rtl/ethernet/eth_receivecontrol.v'
Parsing included file '../../../../rtl/ethernet/timescale.v'.
Back to file '/slowfs/vgcs13/srivats/new_book_examples/IEEE_version/Practical_Applications/soc/rtl/ethernet/eth_receivecontrol.v'.
Parsing design file '/slowfs/vgcs13/srivats/new_book_examples/IEEE_version/Practical_Applications/soc/rtl/ethernet/eth_registers.v'
Parsing included file '../../../../rtl/include/eth_defines.v'.
Back to file '/slowfs/vgcs13/srivats/new_book_examples/IEEE_version/Practical_Applications/soc/rtl/ethernet/eth_registers.v'.
Parsing included file '../../../../rtl/ethernet/timescale.v'.
Back to file '/slowfs/vgcs13/srivats/new_book_examples/IEEE_version/Practical_Applications/soc/rtl/ethernet/eth_registers.v'.
Parsing design file '/slowfs/vgcs13/srivats/new_book_examples/IEEE_version/Practical_Applications/soc/rtl/ethernet/eth_register.v'
Parsing included file '../../../../rtl/ethernet/timescale.v'.
Back to file '/slowfs/vgcs13/srivats/new_book_examples/IEEE_version/Practical_Applications/soc/rtl/ethernet/eth_register.v'.
Parsing design file '/slowfs/vgcs13/srivats/new_book_examples/IEEE_version/Practical_Applications/soc/rtl/ethernet/eth_rxaddrcheck.v'
Parsing included file '../../../../rtl/ethernet/timescale.v'.
Back to file '/slowfs/vgcs13/srivats/new_book_examples/IEEE_version/Practical_Applications/soc/rtl/ethernet/eth_rxaddrcheck.v'.
Parsing design file '/slowfs/vgcs13/srivats/new_book_examples/IEEE_version/Practical_Applications/soc/rtl/ethernet/eth_rxcounters.v'
Parsing included file '../../../../rtl/ethernet/timescale.v'.
Back to file '/slowfs/vgcs13/srivats/new_book_examples/IEEE_version/Practical_Applications/soc/rtl/ethernet/eth_rxcounters.v'.
Parsing design file '/slowfs/vgcs13/srivats/new_book_examples/IEEE_version/Practical_Applications/soc/rtl/ethernet/eth_rxethmac.v'
Parsing included file '../../../../rtl/ethernet/timescale.v'.
Back to file '/slowfs/vgcs13/srivats/new_book_examples/IEEE_version/Practical_Applications/soc/rtl/ethernet/eth_rxethmac.v'.
Parsing design file '/slowfs/vgcs13/srivats/new_book_examples/IEEE_version/Practical_Applications/soc/rtl/ethernet/eth_rxstatem.v'
Parsing included file '../../../../rtl/ethernet/timescale.v'.
Back to file '/slowfs/vgcs13/srivats/new_book_examples/IEEE_version/Practical_Applications/soc/rtl/ethernet/eth_rxstatem.v'.
Parsing design file '/slowfs/vgcs13/srivats/new_book_examples/IEEE_version/Practical_Applications/soc/rtl/ethernet/eth_shiftreg.v'
Parsing included file '../../../../rtl/ethernet/timescale.v'.
Back to file '/slowfs/vgcs13/srivats/new_book_examples/IEEE_version/Practical_Applications/soc/rtl/ethernet/eth_shiftreg.v'.
Parsing design file '/slowfs/vgcs13/srivats/new_book_examples/IEEE_version/Practical_Applications/soc/rtl/ethernet/eth_spram_256x32.v'
Parsing included file '../../../../rtl/include/eth_defines.v'.
Back to file '/slowfs/vgcs13/srivats/new_book_examples/IEEE_version/Practical_Applications/soc/rtl/ethernet/eth_spram_256x32.v'.
Parsing included file '../../../../rtl/ethernet/timescale.v'.
Back to file '/slowfs/vgcs13/srivats/new_book_examples/IEEE_version/Practical_Applications/soc/rtl/ethernet/eth_spram_256x32.v'.
Parsing design file '/slowfs/vgcs13/srivats/new_book_examples/IEEE_version/Practical_Applications/soc/rtl/ethernet/eth_top.v'
Parsing included file '../../../../rtl/include/eth_defines.v'.
Back to file '/slowfs/vgcs13/srivats/new_book_examples/IEEE_version/Practical_Applications/soc/rtl/ethernet/eth_top.v'.
Parsing included file '../../../../rtl/ethernet/timescale.v'.
Back to file '/slowfs/vgcs13/srivats/new_book_examples/IEEE_version/Practical_Applications/soc/rtl/ethernet/eth_top.v'.
Parsing design file '/slowfs/vgcs13/srivats/new_book_examples/IEEE_version/Practical_Applications/soc/rtl/ethernet/eth_transmitcontrol.v'
Parsing included file '../../../../rtl/ethernet/timescale.v'.
Back to file '/slowfs/vgcs13/srivats/new_book_examples/IEEE_version/Practical_Applications/soc/rtl/ethernet/eth_transmitcontrol.v'.
Parsing design file '/slowfs/vgcs13/srivats/new_book_examples/IEEE_version/Practical_Applications/soc/rtl/ethernet/eth_txcounters.v'
Parsing included file '../../../../rtl/ethernet/timescale.v'.
Back to file '/slowfs/vgcs13/srivats/new_book_examples/IEEE_version/Practical_Applications/soc/rtl/ethernet/eth_txcounters.v'.
Parsing design file '/slowfs/vgcs13/srivats/new_book_examples/IEEE_version/Practical_Applications/soc/rtl/ethernet/eth_txethmac.v'
Parsing included file '../../../../rtl/ethernet/timescale.v'.
Back to file '/slowfs/vgcs13/srivats/new_book_examples/IEEE_version/Practical_Applications/soc/rtl/ethernet/eth_txethmac.v'.
Parsing design file '/slowfs/vgcs13/srivats/new_book_examples/IEEE_version/Practical_Applications/soc/rtl/ethernet/eth_txstatem.v'
Parsing included file '../../../../rtl/ethernet/timescale.v'.
Back to file '/slowfs/vgcs13/srivats/new_book_examples/IEEE_version/Practical_Applications/soc/rtl/ethernet/eth_txstatem.v'.
Parsing design file '/slowfs/vgcs13/srivats/new_book_examples/IEEE_version/Practical_Applications/soc/rtl/ethernet/eth_wishbone.v'
Parsing included file '../../../../rtl/include/eth_defines.v'.
Back to file '/slowfs/vgcs13/srivats/new_book_examples/IEEE_version/Practical_Applications/soc/rtl/ethernet/eth_wishbone.v'.
Parsing included file '../../../../rtl/ethernet/timescale.v'.
Back to file '/slowfs/vgcs13/srivats/new_book_examples/IEEE_version/Practical_Applications/soc/rtl/ethernet/eth_wishbone.v'.
Top Level Modules:
       uvm_custom_install_recording
       eth_env_top
TimeScale is 1 ns / 1 ps

Warning-[TFIPC] Too few instance port connections
../hdl/eth_env_top.sv, 110
eth_env_top, "eth_top dut( .wb_cyc_i (mast_if.CYC_O),  .wb_adr_i (mast_if.ADR_O[11:2]),  .wb_sel_i (mast_if.SEL_O),  .wb_we_i (mast_if.WE_O),  .wb_stb_i (mast_if.STB_O),  .wb_dat_o (mast_if.DAT_I),  .wb_dat_i (mast_if.DAT_O),  .wb_ack_o (mast_if.ACK_I),  .wb_err_o (mast_if.ERR_I),  .m_wb_adr_o (slv_if.ADR_I),  .m_wb_sel_o (slv_if.SEL_I),  .m_wb_we_o (slv_if.WE_I),  .m_wb_dat_i (slv_if.DAT_O),  .m_wb_dat_o (slv_if.DAT_I),  .m_wb_cyc_o (slv_if.CYC_I),  .m_wb_stb_o (slv_if.STB_I),  .m_wb_ack_i (slv_if.ACK_O),  .m_wb_err_i (slv_if.ERR_O),  .mtx_clk_pad_i (mtx_clk),  .mtxd_pad_o (MTxD),  .mtxen_pad_o (MTxEn),  .mtxerr_pad_o (MTxErr),  .mrx_clk_pad_i (mrx_clk),  .mrxd_pad_i (MRxD),  .mrxdv_pad_i (MRxDV),  .mrxerr_pad_i (MRxErr),  .mcoll_pad_i (MColl),  .mcrs_pad_i (MCrs),  ... "
  The above instance has fewer port connections than the module definition.
  Please use '+lint=TFIPC-L' to print out detailed information of unconnected 
  ports.


Warning-[MATN] More arguments than needed
../src/wb_master_mon.sv, 175
"timeout_count"
  More arguments than format specifiers in format string. Expecting 0 only.

Starting vcs inline pass...
21 modules and 0 UDP read.
recompiling package vcs_paramclassrepository
recompiling package _vcs_DPI_package
recompiling package uvm_pkg
recompiling package _vcs_msglog
recompiling module uvm_custom_install_recording
recompiling module wb_slave_if
recompiling module wb_master_if
recompiling module mii_if
recompiling module interrupt_eth_if
recompiling module reset_if
recompiling package wb_eth_test
recompiling module eth_blk_env_tb_mod
recompiling module eth_env_top
recompiling module eth_crc
recompiling module eth_maccontrol
recompiling module eth_macstatus
recompiling module eth_miim
recompiling module eth_registers
recompiling module eth_rxethmac
recompiling module eth_top
recompiling module eth_txethmac
All of 21 modules done
make[1]: Entering directory `/slowfs/vgcs13/srivats/new_book_examples/IEEE_version/Practical_Applications/soc/tb/uvm/ethernet/run/csrc' \

rm -f _csrc*.so pre_vcsobj_*.so share_vcsobj_*.so
g++ -w  -pipe -m32 -DVCSMX -DUVM_DPI_DO_TYPE_CHECK -O -I/global/apps/vcs_2019.06/include \
-c /global/apps/vcs_2019.06/etc/uvm-ieee/dpi/uvm_dpi.cc
if [ -x ../simv ]; then chmod -x ../simv; fi
g++  -o ../simv    -m32 -m32 -rdynamic  -Wl,-rpath='$ORIGIN'/simv.daidir -Wl,-rpath=./simv.daidir \
-Wl,-rpath=/global/apps/vcs_2019.06/linux/lib -L/global/apps/vcs_2019.06/linux/lib \
-Wl,-rpath-link=./  uvm_dpi.o   objs/amcQw_d.o   _7089_archive_1.so  SIM_l.o     \
rmapats_mop.o rmapats.o rmar.o rmar_nd.o  rmar_llvm_0_1.o rmar_llvm_0_0.o        \
-lvirsim -lerrorinf -lsnpsmalloc -lvfs    -lvcsnew -lsimprofile -luclinative /global/apps/vcs_2019.06/linux/lib/vcs_tls.o \
-Wl,-whole-archive -lvcsucli -Wl,-no-whole-archive       ./../simv.daidir/vc_hdrs.o \
/global/apps/vcs_2019.06/linux/lib/vcs_save_restore_new.o /global/apps/vcs_2019.06/linux/lib/ctype-stubs_32.a \
-ldl  -lc -lm -lpthread -ldl 
../simv up to date
make[1]: Leaving directory `/slowfs/vgcs13/srivats/new_book_examples/IEEE_version/Practical_Applications/soc/tb/uvm/ethernet/run/csrc' \

CPU time: 21.947 seconds to compile + .389 seconds to elab + .771 seconds to link
