Command: /SCRATCH/srivats/vs/IEEE_Book/Practical-UVM-IEEE-Edition/UVM_Building_Blocks/Config_DB_NewFeatures/run/./simv +UVM_TESTNAME=apply_config_test -l no_config.log
Chronologic VCS simulator copyright 1991-2019
Contains Synopsys proprietary information.
Compiler version P-2019.06; Runtime version P-2019.06;  Jul  2 23:15 2019
UVM_INFO /global/apps/vcs_2019.06/etc/uvm-ieee/base/uvm_root.svh(460) @ 0: reporter [UVM/RELNOTES] 
  ***********       IMPORTANT RELEASE NOTES         ************

  This implementation of the UVM Library deviates from the 1800.2-2017
  standard.  See the DEVIATIONS.md file contained in the release
  for more details.

----------------------------------------------------------------
Accellera:1800.2-2017:UVM:1.0.Synopsys

All copyright owners for this kit are listed in NOTICE.txt
All Rights Reserved Worldwide
----------------------------------------------------------------

      (Specify +UVM_NO_RELNOTES to turn off this notice)

UVM_INFO @ 0: reporter [RNTST] Running test apply_config_test...
UVM_INFO ../src/wb_master_agent.sv(30) @ 0: uvm_test_top.env.master_agent [wb_master_agent] this is the master wb_env_top_mod.test.\wb_master_agent::build_phase 
UVM_INFO @ 0: uvm_test_top.env.master_agent.mast_mon [CFGAPL] applying configuration to field mon_if
UVM_INFO @ 0: uvm_test_top.env.master_agent.mast_mon [CFGAPL] field mon_if has an unsupported type
UVM_INFO @ 0: uvm_test_top.env.slave_agent [CFGAPL] applying configuration to field config
UVM_INFO @ 0: uvm_test_top.env.slave_agent [CFGAPL] field config has an unsupported type
UVM_INFO @ 0: uvm_test_top.env.slave_agent [CFGAPL] applying configuration to field slv_if
UVM_INFO @ 0: uvm_test_top.env.slave_agent [CFGAPL] field slv_if has an unsupported type
UVM_INFO @ 0: uvm_test_top.env.slave_agent.slv_drv [CFGAPL] applying configuration to field slv_if
UVM_INFO @ 0: uvm_test_top.env.slave_agent.slv_drv [CFGAPL] field slv_if has an unsupported type
UVM_INFO @ 0: uvm_test_top.env.slave_agent.slv_mon [CFGAPL] applying configuration to field mon_if
UVM_INFO @ 0: uvm_test_top.env.slave_agent.slv_mon [CFGAPL] field mon_if has an unsupported type
UVM_INFO ../src/wb_master.sv(104) @ 0: uvm_test_top.env.master_agent.mast_drv [wb_master_drv] this is the master wb_env_top_mod.test.\wb_master::connect_phase 
UVM_INFO /global/apps/vcs_2019.06/etc/uvm-ieee/base/uvm_root.svh(729) @ 0: reporter [UVMTOP] UVM testbench topology:
----------------------------------------------------------------------------------
Name                                  Type                        Size  Value     
----------------------------------------------------------------------------------
<unnamed>                             uvm_root                    -     @71       
  uvm_test_top                        apply_config_test           -     @176      
    env                               wb_env_env                  -     @223      
      cov                             wb_env_cov                  -     @267      
        Coverage Analysis             uvm_analysis_imp            -     @276      
      master_agent                    wb_master_agent             -     @249      
        mast_drv                      wb_master_no_config         -     @469      
          rsp_port                    uvm_analysis_port           -     @488      
          seq_item_port               uvm_seq_item_pull_port      -     @478      
          max_n_wss                   integral                    32    'hxxxxxxxx
          min_addr                    integral                    64    'h0       
          max_addr                    integral                    64    'h0       
        mast_mon                      wb_master_mon               -     @313      
          mon_analysis_port           uvm_analysis_port           -     @322      
        mast_sqr                      wb_master_seqr              -     @332      
          rsp_export                  uvm_analysis_export         -     @341      
          seq_item_export             uvm_seq_item_pull_imp       -     @459      
          arbitration_queue           array                       0     -         
          lock_queue                  array                       0     -         
          num_last_reqs               integral                    32    'd1       
          num_last_rsps               integral                    32    'd1       
        mast_sqr                      wb_master_seqr              -     @332      
        mast_drv                      wb_master_no_config         -     @469      
        mast_mon                      wb_master_mon               -     @313      
        mstr_agent_cfg                wb_config                   -     @232      
          port_size                   sizes_e                     32    BYTE      
          granularity                 sizes_e                     32    BYTE      
          cycles                      cycle_types_e               32    CLASSIC   
          max_n_wss                   integral                    32    'ha       
          min_addr                    integral                    64    'h0       
          max_addr                    integral                    64    'h989680  
      mon2cov                         wb_master_mon_2cov_connect  -     @286      
      sb                              wb_scoreboard               -     @295      
        actual_wb_transaction_fifo    uvm_tlm_analysis_fifo #(T)  -     @572      
          analysis_export             uvm_analysis_imp            -     @621      
          get_ap                      uvm_analysis_port           -     @611      
          get_peek_export             uvm_get_peek_imp            -     @591      
          put_ap                      uvm_analysis_port           -     @601      
          put_export                  uvm_put_imp                 -     @581      
        expected_wb_transaction_fifo  uvm_tlm_analysis_fifo #(T)  -     @513      
          analysis_export             uvm_analysis_imp            -     @562      
          get_ap                      uvm_analysis_port           -     @552      
          get_peek_export             uvm_get_peek_imp            -     @532      
          put_ap                      uvm_analysis_port           -     @542      
          put_export                  uvm_put_imp                 -     @522      
      slave_agent                     wb_slave_agent              -     @258      
        slv_drv                       wb_slave                    -     @811      
          rsp_port                    uvm_analysis_port           -     @830      
          seq_item_port               uvm_seq_item_pull_port      -     @820      
          slv_get_export              uvm_blocking_get_imp        -     @840      
        slv_mon                       wb_slave_mon                -     @645      
          mon_analysis_port           uvm_analysis_port           -     @654      
        slv_seqr                      wb_slave_seqr               -     @664      
          rsp_export                  uvm_analysis_export         -     @673      
          seq_item_export             uvm_seq_item_pull_imp       -     @791      
          slave_get_port              uvm_blocking_get_port       -     @801      
          arbitration_queue           array                       0     -         
          lock_queue                  array                       0     -         
          num_last_reqs               integral                    32    'd1       
          num_last_rsps               integral                    32    'd1       
        slv_seqr                      wb_slave_seqr               -     @664      
        slv_drv                       wb_slave                    -     @811      
        slv_mon                       wb_slave_mon                -     @645      
----------------------------------------------------------------------------------
UVM_INFO ../src/wb_slave_seqr.sv(42) @ 0: uvm_test_top.env.slave_agent.slv_seqr [WB_SLAVE_SEQR] Initializing memory
UVM_INFO /global/apps/vcs_2019.06/etc/uvm-ieee/base/uvm_root.svh(729) @ 0: reporter [UVMTOP] UVM testbench topology:
----------------------------------------------------------------------------------
Name                                  Type                        Size  Value     
----------------------------------------------------------------------------------
<unnamed>                             uvm_root                    -     @71       
  uvm_test_top                        apply_config_test           -     @176      
    env                               wb_env_env                  -     @223      
      cov                             wb_env_cov                  -     @267      
        Coverage Analysis             uvm_analysis_imp            -     @276      
      master_agent                    wb_master_agent             -     @249      
        mast_drv                      wb_master_no_config         -     @469      
          rsp_port                    uvm_analysis_port           -     @488      
          seq_item_port               uvm_seq_item_pull_port      -     @478      
          max_n_wss                   integral                    32    'hxxxxxxxx
          min_addr                    integral                    64    'h0       
          max_addr                    integral                    64    'h0       
        mast_mon                      wb_master_mon               -     @313      
          mon_analysis_port           uvm_analysis_port           -     @322      
        mast_sqr                      wb_master_seqr              -     @332      
          rsp_export                  uvm_analysis_export         -     @341      
          seq_item_export             uvm_seq_item_pull_imp       -     @459      
          arbitration_queue           array                       0     -         
          lock_queue                  array                       0     -         
          num_last_reqs               integral                    32    'd1       
          num_last_rsps               integral                    32    'd1       
        mast_sqr                      wb_master_seqr              -     @332      
        mast_drv                      wb_master_no_config         -     @469      
        mast_mon                      wb_master_mon               -     @313      
        mstr_agent_cfg                wb_config                   -     @232      
          port_size                   sizes_e                     32    BYTE      
          granularity                 sizes_e                     32    BYTE      
          cycles                      cycle_types_e               32    CLASSIC   
          max_n_wss                   integral                    32    'ha       
          min_addr                    integral                    64    'h0       
          max_addr                    integral                    64    'h989680  
      mon2cov                         wb_master_mon_2cov_connect  -     @286      
      sb                              wb_scoreboard               -     @295      
        actual_wb_transaction_fifo    uvm_tlm_analysis_fifo #(T)  -     @572      
          analysis_export             uvm_analysis_imp            -     @621      
          get_ap                      uvm_analysis_port           -     @611      
          get_peek_export             uvm_get_peek_imp            -     @591      
          put_ap                      uvm_analysis_port           -     @601      
          put_export                  uvm_put_imp                 -     @581      
        expected_wb_transaction_fifo  uvm_tlm_analysis_fifo #(T)  -     @513      
          analysis_export             uvm_analysis_imp            -     @562      
          get_ap                      uvm_analysis_port           -     @552      
          get_peek_export             uvm_get_peek_imp            -     @532      
          put_ap                      uvm_analysis_port           -     @542      
          put_export                  uvm_put_imp                 -     @522      
      slave_agent                     wb_slave_agent              -     @258      
        slv_drv                       wb_slave                    -     @811      
          rsp_port                    uvm_analysis_port           -     @830      
          seq_item_port               uvm_seq_item_pull_port      -     @820      
          slv_get_export              uvm_blocking_get_imp        -     @840      
        slv_mon                       wb_slave_mon                -     @645      
          mon_analysis_port           uvm_analysis_port           -     @654      
        slv_seqr                      wb_slave_seqr               -     @664      
          rsp_export                  uvm_analysis_export         -     @673      
          seq_item_export             uvm_seq_item_pull_imp       -     @791      
          slave_get_port              uvm_blocking_get_port       -     @801      
          arbitration_queue           array                       0     -         
          lock_queue                  array                       0     -         
          num_last_reqs               integral                    32    'd1       
          num_last_rsps               integral                    32    'd1       
        slv_seqr                      wb_slave_seqr               -     @664      
        slv_drv                       wb_slave                    -     @811      
        slv_mon                       wb_slave_mon                -     @645      
----------------------------------------------------------------------------------
----------------------------------------------
Name             Type           Size  Value   
----------------------------------------------
wb_slave_config  wb_config      -     @233    
  port_size      sizes_e        32    BYTE    
  granularity    sizes_e        32    BYTE    
  cycles         cycle_types_e  32    CLASSIC 
  max_n_wss      integral       32    'ha     
  min_addr       integral       64    'h0     
  max_addr       integral       64    'h989680
----------------------------------------------
UVM_INFO ../src/wb_master.sv(187) @ 35: uvm_test_top.env.master_agent.mast_drv [wb_env_DRIVER] Starting transaction...
UVM_INFO ../src/wb_master.sv(264) @ 45: uvm_test_top.env.master_agent.mast_drv [Wb master] Got a write transaction
UVM_INFO ../src/wb_master_mon.sv(160) @ 45: uvm_test_top.env.master_agent.mast_mon [WB master Monitor] got a write transaction  from Master 
UVM_INFO ../src/wb_slave.sv(154) @ 45: uvm_test_top.env.slave_agent.slv_drv [Wb_slave] got a write transaction  from Master 
UVM_INFO ../src/wb_slave_mon.sv(146) @ 45: uvm_test_top.env.slave_agent.slv_mon [WB slave Monitor] got a write transaction  from Master 
UVM_INFO ../src/wb_slave_agent_sequence_library.sv(50) @ 45: uvm_test_top.env.slave_agent.slv_seqr@@ram_sequence [uvm_test_top.env.slave_agent.slv_seqr.ram_sequence] In SLAVE SEQUENCER, Transaction address = 0000000000000003   kind = WRITE
UVM_INFO ../src/wb_slave_agent_sequence_library.sv(56) @ 45: uvm_test_top.env.slave_agent.slv_seqr@@ram_sequence [uvm_test_top.env.slave_agent.slv_seqr.ram_sequence] SLAVE SEQUENCER OUTPUT, Transaction address = 0000000000000003   kind = WRITE data = 00000000deadbeef
UVM_INFO ../src/wb_master.sv(213) @ 155: uvm_test_top.env.master_agent.mast_drv [wb_env_DRIVER] ------------------------------------------------------------------------------------------------------
Name                           Type            Size  Value                                            
------------------------------------------------------------------------------------------------------
req                            wb_transaction  -     @1054                                            
  address                      integral        64    'h3                                              
  data                         integral        64    'hdeadbeef                                       
  sel                          integral        8     'h1                                              
  tga                          integral        16    'h7f5f                                           
  tgc                          integral        16    'hb857                                           
  lock                         integral        1     'h1                                              
  num_wait_states              integral        32    'h0                                              
  kind                         kinds_e         32    WRITE                                            
  status                       status_e        32    ACK                                              
  next_cycle                   pipelining_e    32    CLASSIC                                          
  begin_time                   time            64    35                                               
  depth                        int             32    'd2                                              
  parent sequence (name)       string          10    sequence_1                                       
  parent sequence (full name)  string          49    uvm_test_top.env.master_agent.mast_sqr.sequence_1
  sequencer                    string          38    uvm_test_top.env.master_agent.mast_sqr           
------------------------------------------------------------------------------------------------------

UVM_INFO ../src/wb_master.sv(216) @ 155: uvm_test_top.env.master_agent.mast_drv [wb_env_DRIVER] Completed transaction...
UVM_INFO ../src/wb_scoreboard.sv(45) @ 155: uvm_test_top.env.sb [SCOREBOARD] EXPECTED TRANSACTION
---------------------------------------------------
Name               Type            Size  Value     
---------------------------------------------------
tr                 wb_transaction  -     @1072     
  address          integral        64    'h3       
  data             integral        64    'hdeadbeef
  sel              integral        8     'h1       
  tga              integral        16    'h7f5f    
  tgc              integral        16    'hb857    
  lock             integral        1     'h0       
  num_wait_states  integral        32    'h0       
  kind             kinds_e         32    WRITE     
  status           status_e        32    ACK       
  next_cycle       pipelining_e    32    CLASSIC   
---------------------------------------------------
UVM_INFO ../src/wb_scoreboard.sv(47) @ 155: uvm_test_top.env.sb [SCOREBOARD] ACTUAL TRANSACTION
---------------------------------------------------
Name               Type            Size  Value     
---------------------------------------------------
tr                 wb_transaction  -     @1062     
  address          integral        64    'h3       
  data             integral        64    'hdeadbeef
  sel              integral        8     'h1       
  tga              integral        16    'h7f5f    
  tgc              integral        16    'hb857    
  lock             integral        1     'h0       
  num_wait_states  integral        32    'h0       
  kind             kinds_e         32    WRITE     
  status           status_e        32    ACK       
  next_cycle       pipelining_e    32    CLASSIC   
---------------------------------------------------
UVM_INFO ../src/wb_scoreboard.sv(56) @ 155: uvm_test_top.env.sb [WB SCOREBOARD] TRANSACTIONS MATCH
UVM_INFO ../src/wb_master.sv(187) @ 155: uvm_test_top.env.master_agent.mast_drv [wb_env_DRIVER] Starting transaction...
UVM_INFO ../src/wb_slave.sv(180) @ 165: uvm_test_top.env.slave_agent.slv_drv [SLAVE_DRIVER] Completed transaction...
UVM_INFO ../src/wb_master.sv(264) @ 165: uvm_test_top.env.master_agent.mast_drv [Wb master] Got a write transaction
UVM_INFO ../src/wb_master_mon.sv(160) @ 165: uvm_test_top.env.master_agent.mast_mon [WB master Monitor] got a write transaction  from Master 
UVM_INFO ../src/wb_slave_mon.sv(146) @ 165: uvm_test_top.env.slave_agent.slv_mon [WB slave Monitor] got a write transaction  from Master 
UVM_INFO ../src/wb_slave.sv(154) @ 165: uvm_test_top.env.slave_agent.slv_drv [Wb_slave] got a write transaction  from Master 
UVM_INFO ../src/wb_slave_agent_sequence_library.sv(50) @ 165: uvm_test_top.env.slave_agent.slv_seqr@@ram_sequence [uvm_test_top.env.slave_agent.slv_seqr.ram_sequence] In SLAVE SEQUENCER, Transaction address = 0000000000000004   kind = WRITE
UVM_INFO ../src/wb_slave_agent_sequence_library.sv(56) @ 165: uvm_test_top.env.slave_agent.slv_seqr@@ram_sequence [uvm_test_top.env.slave_agent.slv_seqr.ram_sequence] SLAVE SEQUENCER OUTPUT, Transaction address = 0000000000000004   kind = WRITE data = 00000000beefdead
UVM_INFO ../src/wb_master.sv(213) @ 275: uvm_test_top.env.master_agent.mast_drv [wb_env_DRIVER] ------------------------------------------------------------------------------------------------------
Name                           Type            Size  Value                                            
------------------------------------------------------------------------------------------------------
req                            wb_transaction  -     @1100                                            
  address                      integral        64    'h4                                              
  data                         integral        64    'hbeefdead                                       
  sel                          integral        8     'h1                                              
  tga                          integral        16    'hf794                                           
  tgc                          integral        16    'h1903                                           
  lock                         integral        1     'h0                                              
  num_wait_states              integral        32    'h0                                              
  kind                         kinds_e         32    WRITE                                            
  status                       status_e        32    ACK                                              
  next_cycle                   pipelining_e    32    CLASSIC                                          
  begin_time                   time            64    155                                              
  depth                        int             32    'd2                                              
  parent sequence (name)       string          10    sequence_1                                       
  parent sequence (full name)  string          49    uvm_test_top.env.master_agent.mast_sqr.sequence_1
  sequencer                    string          38    uvm_test_top.env.master_agent.mast_sqr           
------------------------------------------------------------------------------------------------------

UVM_INFO ../src/wb_master.sv(216) @ 275: uvm_test_top.env.master_agent.mast_drv [wb_env_DRIVER] Completed transaction...
UVM_INFO ../src/wb_scoreboard.sv(45) @ 275: uvm_test_top.env.sb [SCOREBOARD] EXPECTED TRANSACTION
---------------------------------------------------
Name               Type            Size  Value     
---------------------------------------------------
tr                 wb_transaction  -     @1117     
  address          integral        64    'h4       
  data             integral        64    'hbeefdead
  sel              integral        8     'h1       
  tga              integral        16    'hf794    
  tgc              integral        16    'h1903    
  lock             integral        1     'h0       
  num_wait_states  integral        32    'h0       
  kind             kinds_e         32    WRITE     
  status           status_e        32    ACK       
  next_cycle       pipelining_e    32    CLASSIC   
---------------------------------------------------
UVM_INFO ../src/wb_scoreboard.sv(47) @ 275: uvm_test_top.env.sb [SCOREBOARD] ACTUAL TRANSACTION
---------------------------------------------------
Name               Type            Size  Value     
---------------------------------------------------
tr                 wb_transaction  -     @1112     
  address          integral        64    'h4       
  data             integral        64    'hbeefdead
  sel              integral        8     'h1       
  tga              integral        16    'hf794    
  tgc              integral        16    'h1903    
  lock             integral        1     'h0       
  num_wait_states  integral        32    'h0       
  kind             kinds_e         32    WRITE     
  status           status_e        32    ACK       
  next_cycle       pipelining_e    32    CLASSIC   
---------------------------------------------------
UVM_INFO ../src/wb_scoreboard.sv(56) @ 275: uvm_test_top.env.sb [WB SCOREBOARD] TRANSACTIONS MATCH
UVM_INFO ../src/wb_master.sv(187) @ 275: uvm_test_top.env.master_agent.mast_drv [wb_env_DRIVER] Starting transaction...
UVM_INFO ../src/wb_slave.sv(180) @ 285: uvm_test_top.env.slave_agent.slv_drv [SLAVE_DRIVER] Completed transaction...
UVM_INFO ../src/wb_master.sv(264) @ 285: uvm_test_top.env.master_agent.mast_drv [Wb master] Got a write transaction
UVM_INFO ../src/wb_master_mon.sv(160) @ 285: uvm_test_top.env.master_agent.mast_mon [WB master Monitor] got a write transaction  from Master 
UVM_INFO ../src/wb_slave_mon.sv(146) @ 285: uvm_test_top.env.slave_agent.slv_mon [WB slave Monitor] got a write transaction  from Master 
UVM_INFO ../src/wb_slave.sv(154) @ 285: uvm_test_top.env.slave_agent.slv_drv [Wb_slave] got a write transaction  from Master 
UVM_INFO ../src/wb_slave_agent_sequence_library.sv(50) @ 285: uvm_test_top.env.slave_agent.slv_seqr@@ram_sequence [uvm_test_top.env.slave_agent.slv_seqr.ram_sequence] In SLAVE SEQUENCER, Transaction address = 0000000000000005   kind = WRITE
UVM_INFO ../src/wb_slave_agent_sequence_library.sv(56) @ 285: uvm_test_top.env.slave_agent.slv_seqr@@ram_sequence [uvm_test_top.env.slave_agent.slv_seqr.ram_sequence] SLAVE SEQUENCER OUTPUT, Transaction address = 0000000000000005   kind = WRITE data = 0000000123456678
UVM_INFO ../src/wb_master.sv(213) @ 395: uvm_test_top.env.master_agent.mast_drv [wb_env_DRIVER] ------------------------------------------------------------------------------------------------------
Name                           Type            Size  Value                                            
------------------------------------------------------------------------------------------------------
req                            wb_transaction  -     @1142                                            
  address                      integral        64    'h5                                              
  data                         integral        64    'h123456678                                      
  sel                          integral        8     'h1                                              
  tga                          integral        16    'h6cf4                                           
  tgc                          integral        16    'h56b7                                           
  lock                         integral        1     'h1                                              
  num_wait_states              integral        32    'h0                                              
  kind                         kinds_e         32    WRITE                                            
  status                       status_e        32    ACK                                              
  next_cycle                   pipelining_e    32    CLASSIC                                          
  begin_time                   time            64    275                                              
  depth                        int             32    'd2                                              
  parent sequence (name)       string          10    sequence_1                                       
  parent sequence (full name)  string          49    uvm_test_top.env.master_agent.mast_sqr.sequence_1
  sequencer                    string          38    uvm_test_top.env.master_agent.mast_sqr           
------------------------------------------------------------------------------------------------------

UVM_INFO ../src/wb_master.sv(216) @ 395: uvm_test_top.env.master_agent.mast_drv [wb_env_DRIVER] Completed transaction...
UVM_INFO ../src/wb_scoreboard.sv(45) @ 395: uvm_test_top.env.sb [SCOREBOARD] EXPECTED TRANSACTION
----------------------------------------------------
Name               Type            Size  Value      
----------------------------------------------------
tr                 wb_transaction  -     @1158      
  address          integral        64    'h5        
  data             integral        64    'h123456678
  sel              integral        8     'h1        
  tga              integral        16    'h6cf4     
  tgc              integral        16    'h56b7     
  lock             integral        1     'h0        
  num_wait_states  integral        32    'h0        
  kind             kinds_e         32    WRITE      
  status           status_e        32    ACK        
  next_cycle       pipelining_e    32    CLASSIC    
----------------------------------------------------
UVM_INFO ../src/wb_scoreboard.sv(47) @ 395: uvm_test_top.env.sb [SCOREBOARD] ACTUAL TRANSACTION
----------------------------------------------------
Name               Type            Size  Value      
----------------------------------------------------
tr                 wb_transaction  -     @1153      
  address          integral        64    'h5        
  data             integral        64    'h123456678
  sel              integral        8     'h1        
  tga              integral        16    'h6cf4     
  tgc              integral        16    'h56b7     
  lock             integral        1     'h0        
  num_wait_states  integral        32    'h0        
  kind             kinds_e         32    WRITE      
  status           status_e        32    ACK        
  next_cycle       pipelining_e    32    CLASSIC    
----------------------------------------------------
UVM_INFO ../src/wb_scoreboard.sv(56) @ 395: uvm_test_top.env.sb [WB SCOREBOARD] TRANSACTIONS MATCH
UVM_INFO ../src/wb_master.sv(187) @ 395: uvm_test_top.env.master_agent.mast_drv [wb_env_DRIVER] Starting transaction...
UVM_INFO ../src/wb_slave.sv(180) @ 405: uvm_test_top.env.slave_agent.slv_drv [SLAVE_DRIVER] Completed transaction...
UVM_INFO ../src/wb_master.sv(225) @ 405: uvm_test_top.env.master_agent.mast_drv [Wb master] Got a read transaction
UVM_INFO ../src/wb_master_mon.sv(167) @ 405: uvm_test_top.env.master_agent.mast_mon [Wb_master Monitor] got a read transaction  
UVM_INFO ../src/wb_slave_mon.sv(153) @ 405: uvm_test_top.env.slave_agent.slv_mon [Wb_slave Monitor] got a read transaction  
UVM_INFO ../src/wb_slave.sv(160) @ 405: uvm_test_top.env.slave_agent.slv_drv [Wb_slave] got a read transaction  
UVM_INFO ../src/wb_slave_agent_sequence_library.sv(50) @ 405: uvm_test_top.env.slave_agent.slv_seqr@@ram_sequence [uvm_test_top.env.slave_agent.slv_seqr.ram_sequence] In SLAVE SEQUENCER, Transaction address = 0000000000000003   kind = READ
UVM_INFO ../src/wb_slave_agent_sequence_library.sv(56) @ 405: uvm_test_top.env.slave_agent.slv_seqr@@ram_sequence [uvm_test_top.env.slave_agent.slv_seqr.ram_sequence] SLAVE SEQUENCER OUTPUT, Transaction address = 0000000000000003   kind = READ data = 00000000deadbeef
UVM_INFO ../src/wb_master.sv(213) @ 515: uvm_test_top.env.master_agent.mast_drv [wb_env_DRIVER] ------------------------------------------------------------------------------------------------------
Name                           Type            Size  Value                                            
------------------------------------------------------------------------------------------------------
req                            wb_transaction  -     @1183                                            
  address                      integral        64    'h3                                              
  data                         integral        64    'hdeadbeef                                       
  sel                          integral        8     'h1                                              
  tga                          integral        16    'h1d04                                           
  tgc                          integral        16    'hbfc7                                           
  lock                         integral        1     'h0                                              
  num_wait_states              integral        32    'h0                                              
  kind                         kinds_e         32    READ                                             
  status                       status_e        32    ACK                                              
  next_cycle                   pipelining_e    32    CLASSIC                                          
  begin_time                   time            64    395                                              
  depth                        int             32    'd2                                              
  parent sequence (name)       string          10    sequence_1                                       
  parent sequence (full name)  string          49    uvm_test_top.env.master_agent.mast_sqr.sequence_1
  sequencer                    string          38    uvm_test_top.env.master_agent.mast_sqr           
------------------------------------------------------------------------------------------------------

UVM_INFO ../src/wb_master.sv(216) @ 515: uvm_test_top.env.master_agent.mast_drv [wb_env_DRIVER] Completed transaction...
UVM_INFO ../src/wb_scoreboard.sv(45) @ 515: uvm_test_top.env.sb [SCOREBOARD] EXPECTED TRANSACTION
------------------------------------------------
Name               Type            Size  Value  
------------------------------------------------
tr                 wb_transaction  -     @1199  
  address          integral        64    'h3    
  data             integral        64    'h0    
  sel              integral        8     'h1    
  tga              integral        16    'h1d04 
  tgc              integral        16    'hbfc7 
  lock             integral        1     'h0    
  num_wait_states  integral        32    'h0    
  kind             kinds_e         32    READ   
  status           status_e        32    ACK    
  next_cycle       pipelining_e    32    CLASSIC
------------------------------------------------
UVM_INFO ../src/wb_scoreboard.sv(47) @ 515: uvm_test_top.env.sb [SCOREBOARD] ACTUAL TRANSACTION
------------------------------------------------
Name               Type            Size  Value  
------------------------------------------------
tr                 wb_transaction  -     @1194  
  address          integral        64    'h3    
  data             integral        64    'h0    
  sel              integral        8     'h1    
  tga              integral        16    'h1d04 
  tgc              integral        16    'hbfc7 
  lock             integral        1     'h0    
  num_wait_states  integral        32    'h0    
  kind             kinds_e         32    READ   
  status           status_e        32    ACK    
  next_cycle       pipelining_e    32    CLASSIC
------------------------------------------------
UVM_INFO ../src/wb_scoreboard.sv(56) @ 515: uvm_test_top.env.sb [WB SCOREBOARD] TRANSACTIONS MATCH
UVM_INFO ../src/wb_master.sv(187) @ 515: uvm_test_top.env.master_agent.mast_drv [wb_env_DRIVER] Starting transaction...
UVM_INFO ../src/wb_slave.sv(180) @ 525: uvm_test_top.env.slave_agent.slv_drv [SLAVE_DRIVER] Completed transaction...
UVM_INFO ../src/wb_master.sv(225) @ 525: uvm_test_top.env.master_agent.mast_drv [Wb master] Got a read transaction
UVM_INFO ../src/wb_master_mon.sv(167) @ 525: uvm_test_top.env.master_agent.mast_mon [Wb_master Monitor] got a read transaction  
UVM_INFO ../src/wb_slave_mon.sv(153) @ 525: uvm_test_top.env.slave_agent.slv_mon [Wb_slave Monitor] got a read transaction  
UVM_INFO ../src/wb_slave.sv(160) @ 525: uvm_test_top.env.slave_agent.slv_drv [Wb_slave] got a read transaction  
UVM_INFO ../src/wb_slave_agent_sequence_library.sv(50) @ 525: uvm_test_top.env.slave_agent.slv_seqr@@ram_sequence [uvm_test_top.env.slave_agent.slv_seqr.ram_sequence] In SLAVE SEQUENCER, Transaction address = 0000000000000004   kind = READ
UVM_INFO ../src/wb_slave_agent_sequence_library.sv(56) @ 525: uvm_test_top.env.slave_agent.slv_seqr@@ram_sequence [uvm_test_top.env.slave_agent.slv_seqr.ram_sequence] SLAVE SEQUENCER OUTPUT, Transaction address = 0000000000000004   kind = READ data = 00000000beefdead
UVM_INFO ../src/wb_master.sv(213) @ 635: uvm_test_top.env.master_agent.mast_drv [wb_env_DRIVER] ------------------------------------------------------------------------------------------------------
Name                           Type            Size  Value                                            
------------------------------------------------------------------------------------------------------
req                            wb_transaction  -     @1224                                            
  address                      integral        64    'h4                                              
  data                         integral        64    'hbeefdead                                       
  sel                          integral        8     'h1                                              
  tga                          integral        16    'h6730                                           
  tgc                          integral        16    'hd2e2                                           
  lock                         integral        1     'h1                                              
  num_wait_states              integral        32    'h0                                              
  kind                         kinds_e         32    READ                                             
  status                       status_e        32    ACK                                              
  next_cycle                   pipelining_e    32    CLASSIC                                          
  begin_time                   time            64    515                                              
  depth                        int             32    'd2                                              
  parent sequence (name)       string          10    sequence_1                                       
  parent sequence (full name)  string          49    uvm_test_top.env.master_agent.mast_sqr.sequence_1
  sequencer                    string          38    uvm_test_top.env.master_agent.mast_sqr           
------------------------------------------------------------------------------------------------------

UVM_INFO ../src/wb_master.sv(216) @ 635: uvm_test_top.env.master_agent.mast_drv [wb_env_DRIVER] Completed transaction...
UVM_INFO ../src/wb_scoreboard.sv(45) @ 635: uvm_test_top.env.sb [SCOREBOARD] EXPECTED TRANSACTION
------------------------------------------------
Name               Type            Size  Value  
------------------------------------------------
tr                 wb_transaction  -     @1240  
  address          integral        64    'h4    
  data             integral        64    'h0    
  sel              integral        8     'h1    
  tga              integral        16    'h6730 
  tgc              integral        16    'hd2e2 
  lock             integral        1     'h0    
  num_wait_states  integral        32    'h0    
  kind             kinds_e         32    READ   
  status           status_e        32    ACK    
  next_cycle       pipelining_e    32    CLASSIC
------------------------------------------------
UVM_INFO ../src/wb_scoreboard.sv(47) @ 635: uvm_test_top.env.sb [SCOREBOARD] ACTUAL TRANSACTION
------------------------------------------------
Name               Type            Size  Value  
------------------------------------------------
tr                 wb_transaction  -     @1235  
  address          integral        64    'h4    
  data             integral        64    'h0    
  sel              integral        8     'h1    
  tga              integral        16    'h6730 
  tgc              integral        16    'hd2e2 
  lock             integral        1     'h0    
  num_wait_states  integral        32    'h0    
  kind             kinds_e         32    READ   
  status           status_e        32    ACK    
  next_cycle       pipelining_e    32    CLASSIC
------------------------------------------------
UVM_INFO ../src/wb_scoreboard.sv(56) @ 635: uvm_test_top.env.sb [WB SCOREBOARD] TRANSACTIONS MATCH
UVM_INFO ../src/wb_master.sv(187) @ 635: uvm_test_top.env.master_agent.mast_drv [wb_env_DRIVER] Starting transaction...
UVM_INFO ../src/wb_slave.sv(180) @ 645: uvm_test_top.env.slave_agent.slv_drv [SLAVE_DRIVER] Completed transaction...
UVM_INFO ../src/wb_master.sv(225) @ 645: uvm_test_top.env.master_agent.mast_drv [Wb master] Got a read transaction
UVM_INFO ../src/wb_master_mon.sv(167) @ 645: uvm_test_top.env.master_agent.mast_mon [Wb_master Monitor] got a read transaction  
UVM_INFO ../src/wb_slave_mon.sv(153) @ 645: uvm_test_top.env.slave_agent.slv_mon [Wb_slave Monitor] got a read transaction  
UVM_INFO ../src/wb_slave.sv(160) @ 645: uvm_test_top.env.slave_agent.slv_drv [Wb_slave] got a read transaction  
UVM_INFO ../src/wb_slave_agent_sequence_library.sv(50) @ 645: uvm_test_top.env.slave_agent.slv_seqr@@ram_sequence [uvm_test_top.env.slave_agent.slv_seqr.ram_sequence] In SLAVE SEQUENCER, Transaction address = 0000000000000005   kind = READ
UVM_INFO ../src/wb_slave_agent_sequence_library.sv(56) @ 645: uvm_test_top.env.slave_agent.slv_seqr@@ram_sequence [uvm_test_top.env.slave_agent.slv_seqr.ram_sequence] SLAVE SEQUENCER OUTPUT, Transaction address = 0000000000000005   kind = READ data = 0000000123456678
UVM_INFO ../src/wb_master.sv(213) @ 755: uvm_test_top.env.master_agent.mast_drv [wb_env_DRIVER] ------------------------------------------------------------------------------------------------------
Name                           Type            Size  Value                                            
------------------------------------------------------------------------------------------------------
req                            wb_transaction  -     @1265                                            
  address                      integral        64    'h5                                              
  data                         integral        64    'h123456678                                      
  sel                          integral        8     'h1                                              
  tga                          integral        16    'h6094                                           
  tgc                          integral        16    'h139c                                           
  lock                         integral        1     'h0                                              
  num_wait_states              integral        32    'h0                                              
  kind                         kinds_e         32    READ                                             
  status                       status_e        32    ACK                                              
  next_cycle                   pipelining_e    32    CLASSIC                                          
  begin_time                   time            64    635                                              
  depth                        int             32    'd2                                              
  parent sequence (name)       string          10    sequence_1                                       
  parent sequence (full name)  string          49    uvm_test_top.env.master_agent.mast_sqr.sequence_1
  sequencer                    string          38    uvm_test_top.env.master_agent.mast_sqr           
------------------------------------------------------------------------------------------------------

UVM_INFO ../src/wb_master.sv(216) @ 755: uvm_test_top.env.master_agent.mast_drv [wb_env_DRIVER] Completed transaction...
UVM_INFO ../src/wb_scoreboard.sv(45) @ 755: uvm_test_top.env.sb [SCOREBOARD] EXPECTED TRANSACTION
------------------------------------------------
Name               Type            Size  Value  
------------------------------------------------
tr                 wb_transaction  -     @1281  
  address          integral        64    'h5    
  data             integral        64    'h0    
  sel              integral        8     'h1    
  tga              integral        16    'h6094 
  tgc              integral        16    'h139c 
  lock             integral        1     'h0    
  num_wait_states  integral        32    'h0    
  kind             kinds_e         32    READ   
  status           status_e        32    ACK    
  next_cycle       pipelining_e    32    CLASSIC
------------------------------------------------
UVM_INFO ../src/wb_scoreboard.sv(47) @ 755: uvm_test_top.env.sb [SCOREBOARD] ACTUAL TRANSACTION
------------------------------------------------
Name               Type            Size  Value  
------------------------------------------------
tr                 wb_transaction  -     @1276  
  address          integral        64    'h5    
  data             integral        64    'h0    
  sel              integral        8     'h1    
  tga              integral        16    'h6094 
  tgc              integral        16    'h139c 
  lock             integral        1     'h0    
  num_wait_states  integral        32    'h0    
  kind             kinds_e         32    READ   
  status           status_e        32    ACK    
  next_cycle       pipelining_e    32    CLASSIC
------------------------------------------------
UVM_INFO ../src/wb_scoreboard.sv(56) @ 755: uvm_test_top.env.sb [WB SCOREBOARD] TRANSACTIONS MATCH
UVM_INFO /global/apps/vcs_2019.06/etc/uvm-ieee/base/uvm_report_catcher.svh(675) @ 755: reporter [UVM/REPORT/CATCHER] 
--- UVM Report catcher Summary ---


Number of demoted UVM_FATAL reports  :    0
Number of demoted UVM_ERROR reports  :    0
Number of demoted UVM_WARNING reports:    0
Number of caught UVM_FATAL reports   :    0
Number of caught UVM_ERROR reports   :    0
Number of caught UVM_WARNING reports :    0

UVM_INFO /global/apps/vcs_2019.06/etc/uvm-ieee/base/uvm_report_server.svh(899) @ 755: reporter [UVM/REPORT/SERVER] 
--- UVM Report Summary ---

** Report counts by severity
UVM_INFO :   95
UVM_WARNING :    0
UVM_ERROR :    0
UVM_FATAL :    0
** Report counts by id
[CFGAPL]    10
[RNTST]     1
[SCOREBOARD]    12
[SLAVE_DRIVER]     5
[UVM/RELNOTES]     1
[UVM/REPORT/CATCHER]     1
[UVMTOP]     2
[WB SCOREBOARD]     6
[WB master Monitor]     3
[WB slave Monitor]     3
[WB_SLAVE_SEQR]     1
[Wb master]     6
[Wb_master Monitor]     3
[Wb_slave]     6
[Wb_slave Monitor]     3
[uvm_test_top.env.slave_agent.slv_seqr.ram_sequence]    12
[wb_env_DRIVER]    18
[wb_master_agent]     1
[wb_master_drv]     1

$finish called from file "/global/apps/vcs_2019.06/etc/uvm-ieee/base/uvm_root.svh", line 596.
$finish at simulation time                  755
           V C S   S i m u l a t i o n   R e p o r t 
Time: 755
CPU Time:      0.580 seconds;       Data structure size:   0.4Mb
Tue Jul  2 23:15:09 2019
