version: (200506)

available memory: 64M bytes
used memory: 73728 bytes [need 72K bytes if disable swap]

used block: 2 [memory(2) file(0)]
                 [ 8K(1) 64K(1) { total 72K bytes } ]
overhead: (9522) bytes for (2) blocks [Average: (4761) bytes/block]

write  => 0(times) 0K(bytes) [0K bytes to file]
read   => 1(times) 3K(bytes) [1K bytes compressed data from file]
access => 39032(times) 307M(bytes)
          [hit ratio: 99.9974%]

time: write(0) read(0)  unit: second

swap file directory: (/SCRATCH/srivats/vs/IEEE_Book/Practical-UVM-IEEE-Edition/Advanced_UVM_Topics/Out_of_order/run/verdiLog)
used swap file number: (1)



swap file manager:
arrSize: (256)
idxCnt: (4)
closeHead: (1)
closeTail: (2)
openCnt: (2)
fid(3): fd(0) fileName(/SCRATCH/srivats/vs/IEEE_Book/Practical-UVM-IEEE-Edition/Advanced_UVM_Topics/Out_of_order/run/simv.daidir/kdb.elab++/work.lib++/uvm_custom_install_verdi_recorder.sv.tdc)
	size(12894) lastModTime(1567188930) curModTime(1567188930)
	mode(rb)	hot(0) cool(0) pos(0)
fid(2): fd(20) fileName(/SCRATCH/srivats/vs/IEEE_Book/Practical-UVM-IEEE-Edition/Advanced_UVM_Topics/Out_of_order/run/verdiLog/_swap_0001#252333158#10171)
	size(0) lastModTime(0) curModTime(1567189053)
	mode(w+b)	hot(0) cool(1) pos(0)
fid(1): fd(1073741824) fileName(/SCRATCH/srivats/vs/IEEE_Book/Practical-UVM-IEEE-Edition/Advanced_UVM_Topics/Out_of_order/run/simv.daidir/kdb.elab++/work.lib++/wb_env_top.sv.tdc)
	size(1974) lastModTime(1567188930) curModTime(1567188930)
	mode(rb)	hot(2) cool(0) pos(0)
fid(0): fd(0) fileName(NULL)
	mode(NULL)	hot(0) cool(0) pos(0)
==================================================
mySelf(16eb9720) pre(16eab040) next(0)
version(200506)
date(May 27 2019 23:18:32)
