Command: vcs -sverilog -ntb_opts uvm-1.2 ../src/compare_policy_methods.sv -l compare_policy_methods.log \
-R +incdir+../src
                         Chronologic VCS (TM)
            Version P-2019.06 -- Mon Nov 25 00:11:40 2019
               Copyright (c) 1991-2019 by Synopsys Inc.
                         ALL RIGHTS RESERVED

This program is proprietary and confidential information of Synopsys Inc.
and may be used and disclosed only as authorized in a license agreement
controlling such use and disclosure.

Parsing design file '/global/apps/vcs_2019.06/etc/uvm-1.2/uvm_pkg.sv'
Parsing included file '/global/apps/vcs_2019.06/etc/uvm-1.2/uvm_macros.svh'.
Parsing included file '/global/apps/vcs_2019.06/etc/uvm-1.2/macros/uvm_version_defines.svh'.
Back to file '/global/apps/vcs_2019.06/etc/uvm-1.2/uvm_macros.svh'.
Parsing included file '/global/apps/vcs_2019.06/etc/uvm-1.2/macros/uvm_global_defines.svh'.
Back to file '/global/apps/vcs_2019.06/etc/uvm-1.2/uvm_macros.svh'.
Parsing included file '/global/apps/vcs_2019.06/etc/uvm-1.2/macros/uvm_message_defines.svh'.
Back to file '/global/apps/vcs_2019.06/etc/uvm-1.2/uvm_macros.svh'.
Parsing included file '/global/apps/vcs_2019.06/etc/uvm-1.2/macros/uvm_phase_defines.svh'.
Back to file '/global/apps/vcs_2019.06/etc/uvm-1.2/uvm_macros.svh'.
Parsing included file '/global/apps/vcs_2019.06/etc/uvm-1.2/macros/uvm_object_defines.svh'.
Back to file '/global/apps/vcs_2019.06/etc/uvm-1.2/uvm_macros.svh'.
Parsing included file '/global/apps/vcs_2019.06/etc/uvm-1.2/macros/uvm_printer_defines.svh'.
Back to file '/global/apps/vcs_2019.06/etc/uvm-1.2/uvm_macros.svh'.
Parsing included file '/global/apps/vcs_2019.06/etc/uvm-1.2/macros/uvm_tlm_defines.svh'.
Parsing included file '/global/apps/vcs_2019.06/etc/uvm-1.2/tlm1/uvm_tlm_imps.svh'.
Back to file '/global/apps/vcs_2019.06/etc/uvm-1.2/macros/uvm_tlm_defines.svh'.
Back to file '/global/apps/vcs_2019.06/etc/uvm-1.2/uvm_macros.svh'.
Parsing included file '/global/apps/vcs_2019.06/etc/uvm-1.2/macros/uvm_sequence_defines.svh'.
Back to file '/global/apps/vcs_2019.06/etc/uvm-1.2/uvm_macros.svh'.
Parsing included file '/global/apps/vcs_2019.06/etc/uvm-1.2/macros/uvm_callback_defines.svh'.
Back to file '/global/apps/vcs_2019.06/etc/uvm-1.2/uvm_macros.svh'.
Parsing included file '/global/apps/vcs_2019.06/etc/uvm-1.2/macros/uvm_reg_defines.svh'.
Back to file '/global/apps/vcs_2019.06/etc/uvm-1.2/uvm_macros.svh'.
Parsing included file '/global/apps/vcs_2019.06/etc/uvm-1.2/macros/uvm_deprecated_defines.svh'.
Back to file '/global/apps/vcs_2019.06/etc/uvm-1.2/uvm_macros.svh'.
Back to file '/global/apps/vcs_2019.06/etc/uvm-1.2/uvm_pkg.sv'.
Parsing included file '/global/apps/vcs_2019.06/etc/uvm-1.2/dpi/uvm_dpi.svh'.
Parsing included file '/global/apps/vcs_2019.06/etc/uvm-1.2/dpi/uvm_hdl.svh'.
Back to file '/global/apps/vcs_2019.06/etc/uvm-1.2/dpi/uvm_dpi.svh'.
Parsing included file '/global/apps/vcs_2019.06/etc/uvm-1.2/dpi/uvm_svcmd_dpi.svh'.
Back to file '/global/apps/vcs_2019.06/etc/uvm-1.2/dpi/uvm_dpi.svh'.
Parsing included file '/global/apps/vcs_2019.06/etc/uvm-1.2/dpi/uvm_regex.svh'.
Back to file '/global/apps/vcs_2019.06/etc/uvm-1.2/dpi/uvm_dpi.svh'.
Back to file '/global/apps/vcs_2019.06/etc/uvm-1.2/uvm_pkg.sv'.
Parsing included file '/global/apps/vcs_2019.06/etc/uvm-1.2/base/uvm_base.svh'.
Parsing included file '/global/apps/vcs_2019.06/etc/uvm-1.2/base/uvm_coreservice.svh'.
Back to file '/global/apps/vcs_2019.06/etc/uvm-1.2/base/uvm_base.svh'.
Parsing included file '/global/apps/vcs_2019.06/etc/uvm-1.2/base/uvm_version.svh'.
Back to file '/global/apps/vcs_2019.06/etc/uvm-1.2/base/uvm_base.svh'.
Parsing included file '/global/apps/vcs_2019.06/etc/uvm-1.2/base/uvm_object_globals.svh'.
Back to file '/global/apps/vcs_2019.06/etc/uvm-1.2/base/uvm_base.svh'.
Parsing included file '/global/apps/vcs_2019.06/etc/uvm-1.2/base/uvm_misc.svh'.
Back to file '/global/apps/vcs_2019.06/etc/uvm-1.2/base/uvm_base.svh'.
Parsing included file '/global/apps/vcs_2019.06/etc/uvm-1.2/base/uvm_object.svh'.
Back to file '/global/apps/vcs_2019.06/etc/uvm-1.2/base/uvm_base.svh'.
Parsing included file '/global/apps/vcs_2019.06/etc/uvm-1.2/base/uvm_pool.svh'.
Back to file '/global/apps/vcs_2019.06/etc/uvm-1.2/base/uvm_base.svh'.
Parsing included file '/global/apps/vcs_2019.06/etc/uvm-1.2/base/uvm_queue.svh'.
Back to file '/global/apps/vcs_2019.06/etc/uvm-1.2/base/uvm_base.svh'.
Parsing included file '/global/apps/vcs_2019.06/etc/uvm-1.2/base/uvm_factory.svh'.
Back to file '/global/apps/vcs_2019.06/etc/uvm-1.2/base/uvm_base.svh'.
Parsing included file '/global/apps/vcs_2019.06/etc/uvm-1.2/base/uvm_registry.svh'.
Back to file '/global/apps/vcs_2019.06/etc/uvm-1.2/base/uvm_base.svh'.
Parsing included file '/global/apps/vcs_2019.06/etc/uvm-1.2/base/uvm_spell_chkr.svh'.
Back to file '/global/apps/vcs_2019.06/etc/uvm-1.2/base/uvm_base.svh'.
Parsing included file '/global/apps/vcs_2019.06/etc/uvm-1.2/base/uvm_resource.svh'.
Back to file '/global/apps/vcs_2019.06/etc/uvm-1.2/base/uvm_base.svh'.
Parsing included file '/global/apps/vcs_2019.06/etc/uvm-1.2/base/uvm_resource_specializations.svh'.
Back to file '/global/apps/vcs_2019.06/etc/uvm-1.2/base/uvm_base.svh'.
Parsing included file '/global/apps/vcs_2019.06/etc/uvm-1.2/base/uvm_resource_db.svh'.
Back to file '/global/apps/vcs_2019.06/etc/uvm-1.2/base/uvm_base.svh'.
Parsing included file '/global/apps/vcs_2019.06/etc/uvm-1.2/base/uvm_config_db.svh'.
Back to file '/global/apps/vcs_2019.06/etc/uvm-1.2/base/uvm_base.svh'.
Parsing included file '/global/apps/vcs_2019.06/etc/uvm-1.2/base/uvm_printer.svh'.
Back to file '/global/apps/vcs_2019.06/etc/uvm-1.2/base/uvm_base.svh'.
Parsing included file '/global/apps/vcs_2019.06/etc/uvm-1.2/base/uvm_comparer.svh'.
Back to file '/global/apps/vcs_2019.06/etc/uvm-1.2/base/uvm_base.svh'.
Parsing included file '/global/apps/vcs_2019.06/etc/uvm-1.2/base/uvm_packer.svh'.
Back to file '/global/apps/vcs_2019.06/etc/uvm-1.2/base/uvm_base.svh'.
Parsing included file '/global/apps/vcs_2019.06/etc/uvm-1.2/base/uvm_links.svh'.
Back to file '/global/apps/vcs_2019.06/etc/uvm-1.2/base/uvm_base.svh'.
Parsing included file '/global/apps/vcs_2019.06/etc/uvm-1.2/base/uvm_tr_database.svh'.
Back to file '/global/apps/vcs_2019.06/etc/uvm-1.2/base/uvm_base.svh'.
Parsing included file '/global/apps/vcs_2019.06/etc/uvm-1.2/base/uvm_tr_stream.svh'.
Back to file '/global/apps/vcs_2019.06/etc/uvm-1.2/base/uvm_base.svh'.
Parsing included file '/global/apps/vcs_2019.06/etc/uvm-1.2/base/uvm_recorder.svh'.
Back to file '/global/apps/vcs_2019.06/etc/uvm-1.2/base/uvm_base.svh'.
Parsing included file '/global/apps/vcs_2019.06/etc/uvm-1.2/base/uvm_event_callback.svh'.
Back to file '/global/apps/vcs_2019.06/etc/uvm-1.2/base/uvm_base.svh'.
Parsing included file '/global/apps/vcs_2019.06/etc/uvm-1.2/base/uvm_event.svh'.
Back to file '/global/apps/vcs_2019.06/etc/uvm-1.2/base/uvm_base.svh'.
Parsing included file '/global/apps/vcs_2019.06/etc/uvm-1.2/base/uvm_barrier.svh'.
Back to file '/global/apps/vcs_2019.06/etc/uvm-1.2/base/uvm_base.svh'.
Parsing included file '/global/apps/vcs_2019.06/etc/uvm-1.2/base/uvm_callback.svh'.
Parsing included file '/global/apps/vcs_2019.06/etc/uvm-1.2/uvm_macros.svh'.
Back to file '/global/apps/vcs_2019.06/etc/uvm-1.2/base/uvm_callback.svh'.
Back to file '/global/apps/vcs_2019.06/etc/uvm-1.2/base/uvm_base.svh'.
Parsing included file '/global/apps/vcs_2019.06/etc/uvm-1.2/base/uvm_report_message.svh'.
Back to file '/global/apps/vcs_2019.06/etc/uvm-1.2/base/uvm_base.svh'.
Parsing included file '/global/apps/vcs_2019.06/etc/uvm-1.2/base/uvm_report_catcher.svh'.
Back to file '/global/apps/vcs_2019.06/etc/uvm-1.2/base/uvm_base.svh'.
Parsing included file '/global/apps/vcs_2019.06/etc/uvm-1.2/base/uvm_report_server.svh'.
Back to file '/global/apps/vcs_2019.06/etc/uvm-1.2/base/uvm_base.svh'.
Parsing included file '/global/apps/vcs_2019.06/etc/uvm-1.2/base/uvm_report_handler.svh'.
Back to file '/global/apps/vcs_2019.06/etc/uvm-1.2/base/uvm_base.svh'.
Parsing included file '/global/apps/vcs_2019.06/etc/uvm-1.2/base/uvm_report_object.svh'.
Back to file '/global/apps/vcs_2019.06/etc/uvm-1.2/base/uvm_base.svh'.
Parsing included file '/global/apps/vcs_2019.06/etc/uvm-1.2/base/uvm_transaction.svh'.
Back to file '/global/apps/vcs_2019.06/etc/uvm-1.2/base/uvm_base.svh'.
Parsing included file '/global/apps/vcs_2019.06/etc/uvm-1.2/base/uvm_phase.svh'.
Back to file '/global/apps/vcs_2019.06/etc/uvm-1.2/base/uvm_base.svh'.
Parsing included file '/global/apps/vcs_2019.06/etc/uvm-1.2/base/uvm_domain.svh'.
Back to file '/global/apps/vcs_2019.06/etc/uvm-1.2/base/uvm_base.svh'.
Parsing included file '/global/apps/vcs_2019.06/etc/uvm-1.2/base/uvm_bottomup_phase.svh'.
Back to file '/global/apps/vcs_2019.06/etc/uvm-1.2/base/uvm_base.svh'.
Parsing included file '/global/apps/vcs_2019.06/etc/uvm-1.2/base/uvm_topdown_phase.svh'.
Back to file '/global/apps/vcs_2019.06/etc/uvm-1.2/base/uvm_base.svh'.
Parsing included file '/global/apps/vcs_2019.06/etc/uvm-1.2/base/uvm_task_phase.svh'.
Back to file '/global/apps/vcs_2019.06/etc/uvm-1.2/base/uvm_base.svh'.
Parsing included file '/global/apps/vcs_2019.06/etc/uvm-1.2/base/uvm_common_phases.svh'.
Back to file '/global/apps/vcs_2019.06/etc/uvm-1.2/base/uvm_base.svh'.
Parsing included file '/global/apps/vcs_2019.06/etc/uvm-1.2/base/uvm_runtime_phases.svh'.
Back to file '/global/apps/vcs_2019.06/etc/uvm-1.2/base/uvm_base.svh'.
Parsing included file '/global/apps/vcs_2019.06/etc/uvm-1.2/base/uvm_component.svh'.
Parsing included file '/global/apps/vcs_2019.06/etc/uvm-1.2/base/uvm_root.svh'.
Back to file '/global/apps/vcs_2019.06/etc/uvm-1.2/base/uvm_component.svh'.
Back to file '/global/apps/vcs_2019.06/etc/uvm-1.2/base/uvm_base.svh'.
Parsing included file '/global/apps/vcs_2019.06/etc/uvm-1.2/base/uvm_objection.svh'.
Back to file '/global/apps/vcs_2019.06/etc/uvm-1.2/base/uvm_base.svh'.
Parsing included file '/global/apps/vcs_2019.06/etc/uvm-1.2/base/uvm_heartbeat.svh'.
Back to file '/global/apps/vcs_2019.06/etc/uvm-1.2/base/uvm_base.svh'.
Parsing included file '/global/apps/vcs_2019.06/etc/uvm-1.2/base/uvm_globals.svh'.
Back to file '/global/apps/vcs_2019.06/etc/uvm-1.2/base/uvm_base.svh'.
Parsing included file '/global/apps/vcs_2019.06/etc/uvm-1.2/base/uvm_cmdline_processor.svh'.
Back to file '/global/apps/vcs_2019.06/etc/uvm-1.2/base/uvm_base.svh'.
Parsing included file '/global/apps/vcs_2019.06/etc/uvm-1.2/base/uvm_traversal.svh'.
Back to file '/global/apps/vcs_2019.06/etc/uvm-1.2/base/uvm_base.svh'.
Back to file '/global/apps/vcs_2019.06/etc/uvm-1.2/uvm_pkg.sv'.
Parsing included file '/global/apps/vcs_2019.06/etc/uvm-1.2/dap/uvm_dap.svh'.
Parsing included file '/global/apps/vcs_2019.06/etc/uvm-1.2/dap/uvm_set_get_dap_base.svh'.
Back to file '/global/apps/vcs_2019.06/etc/uvm-1.2/dap/uvm_dap.svh'.
Parsing included file '/global/apps/vcs_2019.06/etc/uvm-1.2/dap/uvm_simple_lock_dap.svh'.
Back to file '/global/apps/vcs_2019.06/etc/uvm-1.2/dap/uvm_dap.svh'.
Parsing included file '/global/apps/vcs_2019.06/etc/uvm-1.2/dap/uvm_get_to_lock_dap.svh'.
Back to file '/global/apps/vcs_2019.06/etc/uvm-1.2/dap/uvm_dap.svh'.
Parsing included file '/global/apps/vcs_2019.06/etc/uvm-1.2/dap/uvm_set_before_get_dap.svh'.
Back to file '/global/apps/vcs_2019.06/etc/uvm-1.2/dap/uvm_dap.svh'.
Back to file '/global/apps/vcs_2019.06/etc/uvm-1.2/uvm_pkg.sv'.
Parsing included file '/global/apps/vcs_2019.06/etc/uvm-1.2/tlm1/uvm_tlm.svh'.
Parsing included file '/global/apps/vcs_2019.06/etc/uvm-1.2/tlm1/uvm_tlm_ifs.svh'.
Back to file '/global/apps/vcs_2019.06/etc/uvm-1.2/tlm1/uvm_tlm.svh'.
Parsing included file '/global/apps/vcs_2019.06/etc/uvm-1.2/tlm1/uvm_sqr_ifs.svh'.
Back to file '/global/apps/vcs_2019.06/etc/uvm-1.2/tlm1/uvm_tlm.svh'.
Parsing included file '/global/apps/vcs_2019.06/etc/uvm-1.2/base/uvm_port_base.svh'.
Back to file '/global/apps/vcs_2019.06/etc/uvm-1.2/tlm1/uvm_tlm.svh'.
Parsing included file '/global/apps/vcs_2019.06/etc/uvm-1.2/tlm1/uvm_tlm_imps.svh'.
Back to file '/global/apps/vcs_2019.06/etc/uvm-1.2/tlm1/uvm_tlm.svh'.
Parsing included file '/global/apps/vcs_2019.06/etc/uvm-1.2/tlm1/uvm_imps.svh'.
Back to file '/global/apps/vcs_2019.06/etc/uvm-1.2/tlm1/uvm_tlm.svh'.
Parsing included file '/global/apps/vcs_2019.06/etc/uvm-1.2/tlm1/uvm_ports.svh'.
Back to file '/global/apps/vcs_2019.06/etc/uvm-1.2/tlm1/uvm_tlm.svh'.
Parsing included file '/global/apps/vcs_2019.06/etc/uvm-1.2/tlm1/uvm_exports.svh'.
Back to file '/global/apps/vcs_2019.06/etc/uvm-1.2/tlm1/uvm_tlm.svh'.
Parsing included file '/global/apps/vcs_2019.06/etc/uvm-1.2/tlm1/uvm_analysis_port.svh'.
Back to file '/global/apps/vcs_2019.06/etc/uvm-1.2/tlm1/uvm_tlm.svh'.
Parsing included file '/global/apps/vcs_2019.06/etc/uvm-1.2/tlm1/uvm_tlm_fifo_base.svh'.
Back to file '/global/apps/vcs_2019.06/etc/uvm-1.2/tlm1/uvm_tlm.svh'.
Parsing included file '/global/apps/vcs_2019.06/etc/uvm-1.2/tlm1/uvm_tlm_fifos.svh'.
Back to file '/global/apps/vcs_2019.06/etc/uvm-1.2/tlm1/uvm_tlm.svh'.
Parsing included file '/global/apps/vcs_2019.06/etc/uvm-1.2/tlm1/uvm_tlm_req_rsp.svh'.
Back to file '/global/apps/vcs_2019.06/etc/uvm-1.2/tlm1/uvm_tlm.svh'.
Parsing included file '/global/apps/vcs_2019.06/etc/uvm-1.2/tlm1/uvm_sqr_connections.svh'.
Back to file '/global/apps/vcs_2019.06/etc/uvm-1.2/tlm1/uvm_tlm.svh'.
Back to file '/global/apps/vcs_2019.06/etc/uvm-1.2/uvm_pkg.sv'.
Parsing included file '/global/apps/vcs_2019.06/etc/uvm-1.2/comps/uvm_comps.svh'.
Parsing included file '/global/apps/vcs_2019.06/etc/uvm-1.2/comps/uvm_pair.svh'.
Back to file '/global/apps/vcs_2019.06/etc/uvm-1.2/comps/uvm_comps.svh'.
Parsing included file '/global/apps/vcs_2019.06/etc/uvm-1.2/comps/uvm_policies.svh'.
Back to file '/global/apps/vcs_2019.06/etc/uvm-1.2/comps/uvm_comps.svh'.
Parsing included file '/global/apps/vcs_2019.06/etc/uvm-1.2/comps/uvm_in_order_comparator.svh'.
Back to file '/global/apps/vcs_2019.06/etc/uvm-1.2/comps/uvm_comps.svh'.
Parsing included file '/global/apps/vcs_2019.06/etc/uvm-1.2/comps/uvm_algorithmic_comparator.svh'.
Back to file '/global/apps/vcs_2019.06/etc/uvm-1.2/comps/uvm_comps.svh'.
Parsing included file '/global/apps/vcs_2019.06/etc/uvm-1.2/comps/uvm_random_stimulus.svh'.
Back to file '/global/apps/vcs_2019.06/etc/uvm-1.2/comps/uvm_comps.svh'.
Parsing included file '/global/apps/vcs_2019.06/etc/uvm-1.2/comps/uvm_subscriber.svh'.
Back to file '/global/apps/vcs_2019.06/etc/uvm-1.2/comps/uvm_comps.svh'.
Parsing included file '/global/apps/vcs_2019.06/etc/uvm-1.2/comps/uvm_monitor.svh'.
Back to file '/global/apps/vcs_2019.06/etc/uvm-1.2/comps/uvm_comps.svh'.
Parsing included file '/global/apps/vcs_2019.06/etc/uvm-1.2/comps/uvm_driver.svh'.
Back to file '/global/apps/vcs_2019.06/etc/uvm-1.2/comps/uvm_comps.svh'.
Parsing included file '/global/apps/vcs_2019.06/etc/uvm-1.2/comps/uvm_push_driver.svh'.
Back to file '/global/apps/vcs_2019.06/etc/uvm-1.2/comps/uvm_comps.svh'.
Parsing included file '/global/apps/vcs_2019.06/etc/uvm-1.2/comps/uvm_scoreboard.svh'.
Back to file '/global/apps/vcs_2019.06/etc/uvm-1.2/comps/uvm_comps.svh'.
Parsing included file '/global/apps/vcs_2019.06/etc/uvm-1.2/comps/uvm_agent.svh'.
Back to file '/global/apps/vcs_2019.06/etc/uvm-1.2/comps/uvm_comps.svh'.
Parsing included file '/global/apps/vcs_2019.06/etc/uvm-1.2/comps/uvm_env.svh'.
Back to file '/global/apps/vcs_2019.06/etc/uvm-1.2/comps/uvm_comps.svh'.
Parsing included file '/global/apps/vcs_2019.06/etc/uvm-1.2/comps/uvm_test.svh'.
Back to file '/global/apps/vcs_2019.06/etc/uvm-1.2/comps/uvm_comps.svh'.
Back to file '/global/apps/vcs_2019.06/etc/uvm-1.2/uvm_pkg.sv'.
Parsing included file '/global/apps/vcs_2019.06/etc/uvm-1.2/seq/uvm_seq.svh'.
Parsing included file '/global/apps/vcs_2019.06/etc/uvm-1.2/seq/uvm_sequence_item.svh'.
Back to file '/global/apps/vcs_2019.06/etc/uvm-1.2/seq/uvm_seq.svh'.
Parsing included file '/global/apps/vcs_2019.06/etc/uvm-1.2/seq/uvm_sequencer_base.svh'.
Back to file '/global/apps/vcs_2019.06/etc/uvm-1.2/seq/uvm_seq.svh'.
Parsing included file '/global/apps/vcs_2019.06/etc/uvm-1.2/seq/uvm_sequencer_analysis_fifo.svh'.
Back to file '/global/apps/vcs_2019.06/etc/uvm-1.2/seq/uvm_seq.svh'.
Parsing included file '/global/apps/vcs_2019.06/etc/uvm-1.2/seq/uvm_sequencer_param_base.svh'.
Back to file '/global/apps/vcs_2019.06/etc/uvm-1.2/seq/uvm_seq.svh'.
Parsing included file '/global/apps/vcs_2019.06/etc/uvm-1.2/seq/uvm_sequencer.svh'.
Back to file '/global/apps/vcs_2019.06/etc/uvm-1.2/seq/uvm_seq.svh'.
Parsing included file '/global/apps/vcs_2019.06/etc/uvm-1.2/seq/uvm_push_sequencer.svh'.
Back to file '/global/apps/vcs_2019.06/etc/uvm-1.2/seq/uvm_seq.svh'.
Parsing included file '/global/apps/vcs_2019.06/etc/uvm-1.2/seq/uvm_sequence_base.svh'.
Back to file '/global/apps/vcs_2019.06/etc/uvm-1.2/seq/uvm_seq.svh'.
Parsing included file '/global/apps/vcs_2019.06/etc/uvm-1.2/seq/uvm_sequence.svh'.
Back to file '/global/apps/vcs_2019.06/etc/uvm-1.2/seq/uvm_seq.svh'.
Parsing included file '/global/apps/vcs_2019.06/etc/uvm-1.2/seq/uvm_sequence_library.svh'.
Back to file '/global/apps/vcs_2019.06/etc/uvm-1.2/seq/uvm_seq.svh'.
Parsing included file '/global/apps/vcs_2019.06/etc/uvm-1.2/seq/uvm_sequence_builtin.svh'.
Back to file '/global/apps/vcs_2019.06/etc/uvm-1.2/seq/uvm_seq.svh'.
Back to file '/global/apps/vcs_2019.06/etc/uvm-1.2/uvm_pkg.sv'.
Parsing included file '/global/apps/vcs_2019.06/etc/uvm-1.2/tlm2/uvm_tlm2.svh'.
Parsing included file '/global/apps/vcs_2019.06/etc/uvm-1.2/tlm2/uvm_tlm2_defines.svh'.
Back to file '/global/apps/vcs_2019.06/etc/uvm-1.2/tlm2/uvm_tlm2.svh'.
Parsing included file '/global/apps/vcs_2019.06/etc/uvm-1.2/tlm2/uvm_tlm2_time.svh'.
Back to file '/global/apps/vcs_2019.06/etc/uvm-1.2/tlm2/uvm_tlm2.svh'.
Parsing included file '/global/apps/vcs_2019.06/etc/uvm-1.2/tlm2/uvm_tlm2_generic_payload.svh'.
Back to file '/global/apps/vcs_2019.06/etc/uvm-1.2/tlm2/uvm_tlm2.svh'.
Parsing included file '/global/apps/vcs_2019.06/etc/uvm-1.2/tlm2/uvm_tlm2_ifs.svh'.
Back to file '/global/apps/vcs_2019.06/etc/uvm-1.2/tlm2/uvm_tlm2.svh'.
Parsing included file '/global/apps/vcs_2019.06/etc/uvm-1.2/tlm2/uvm_tlm2_imps.svh'.
Back to file '/global/apps/vcs_2019.06/etc/uvm-1.2/tlm2/uvm_tlm2.svh'.
Parsing included file '/global/apps/vcs_2019.06/etc/uvm-1.2/tlm2/uvm_tlm2_ports.svh'.
Back to file '/global/apps/vcs_2019.06/etc/uvm-1.2/tlm2/uvm_tlm2.svh'.
Parsing included file '/global/apps/vcs_2019.06/etc/uvm-1.2/tlm2/uvm_tlm2_exports.svh'.
Back to file '/global/apps/vcs_2019.06/etc/uvm-1.2/tlm2/uvm_tlm2.svh'.
Parsing included file '/global/apps/vcs_2019.06/etc/uvm-1.2/tlm2/uvm_tlm2_sockets_base.svh'.
Back to file '/global/apps/vcs_2019.06/etc/uvm-1.2/tlm2/uvm_tlm2.svh'.
Parsing included file '/global/apps/vcs_2019.06/etc/uvm-1.2/tlm2/uvm_tlm2_sockets.svh'.
Back to file '/global/apps/vcs_2019.06/etc/uvm-1.2/tlm2/uvm_tlm2.svh'.
Back to file '/global/apps/vcs_2019.06/etc/uvm-1.2/uvm_pkg.sv'.
Parsing included file '/global/apps/vcs_2019.06/etc/uvm-1.2/reg/uvm_reg_model.svh'.
Parsing included file '/global/apps/vcs_2019.06/etc/uvm-1.2/reg/uvm_reg_item.svh'.
Back to file '/global/apps/vcs_2019.06/etc/uvm-1.2/reg/uvm_reg_model.svh'.
Parsing included file '/global/apps/vcs_2019.06/etc/uvm-1.2/reg/uvm_reg_adapter.svh'.
Back to file '/global/apps/vcs_2019.06/etc/uvm-1.2/reg/uvm_reg_model.svh'.
Parsing included file '/global/apps/vcs_2019.06/etc/uvm-1.2/reg/uvm_reg_predictor.svh'.
Back to file '/global/apps/vcs_2019.06/etc/uvm-1.2/reg/uvm_reg_model.svh'.
Parsing included file '/global/apps/vcs_2019.06/etc/uvm-1.2/reg/uvm_reg_sequence.svh'.
Back to file '/global/apps/vcs_2019.06/etc/uvm-1.2/reg/uvm_reg_model.svh'.
Parsing included file '/global/apps/vcs_2019.06/etc/uvm-1.2/reg/uvm_reg_cbs.svh'.
Back to file '/global/apps/vcs_2019.06/etc/uvm-1.2/reg/uvm_reg_model.svh'.
Parsing included file '/global/apps/vcs_2019.06/etc/uvm-1.2/reg/uvm_reg_backdoor.svh'.
Back to file '/global/apps/vcs_2019.06/etc/uvm-1.2/reg/uvm_reg_model.svh'.
Parsing included file '/global/apps/vcs_2019.06/etc/uvm-1.2/reg/uvm_reg_field.svh'.
Back to file '/global/apps/vcs_2019.06/etc/uvm-1.2/reg/uvm_reg_model.svh'.
Parsing included file '/global/apps/vcs_2019.06/etc/uvm-1.2/reg/uvm_vreg_field.svh'.
Back to file '/global/apps/vcs_2019.06/etc/uvm-1.2/reg/uvm_reg_model.svh'.
Parsing included file '/global/apps/vcs_2019.06/etc/uvm-1.2/reg/uvm_reg.svh'.
Back to file '/global/apps/vcs_2019.06/etc/uvm-1.2/reg/uvm_reg_model.svh'.
Parsing included file '/global/apps/vcs_2019.06/etc/uvm-1.2/reg/uvm_reg_indirect.svh'.
Back to file '/global/apps/vcs_2019.06/etc/uvm-1.2/reg/uvm_reg_model.svh'.
Parsing included file '/global/apps/vcs_2019.06/etc/uvm-1.2/reg/uvm_reg_fifo.svh'.
Back to file '/global/apps/vcs_2019.06/etc/uvm-1.2/reg/uvm_reg_model.svh'.
Parsing included file '/global/apps/vcs_2019.06/etc/uvm-1.2/reg/uvm_reg_file.svh'.
Back to file '/global/apps/vcs_2019.06/etc/uvm-1.2/reg/uvm_reg_model.svh'.
Parsing included file '/global/apps/vcs_2019.06/etc/uvm-1.2/reg/uvm_mem_mam.svh'.
Back to file '/global/apps/vcs_2019.06/etc/uvm-1.2/reg/uvm_reg_model.svh'.
Parsing included file '/global/apps/vcs_2019.06/etc/uvm-1.2/reg/uvm_vreg.svh'.
Back to file '/global/apps/vcs_2019.06/etc/uvm-1.2/reg/uvm_reg_model.svh'.
Parsing included file '/global/apps/vcs_2019.06/etc/uvm-1.2/reg/uvm_mem.svh'.
Back to file '/global/apps/vcs_2019.06/etc/uvm-1.2/reg/uvm_reg_model.svh'.
Parsing included file '/global/apps/vcs_2019.06/etc/uvm-1.2/reg/uvm_reg_map.svh'.
Back to file '/global/apps/vcs_2019.06/etc/uvm-1.2/reg/uvm_reg_model.svh'.
Parsing included file '/global/apps/vcs_2019.06/etc/uvm-1.2/reg/uvm_reg_block.svh'.
Back to file '/global/apps/vcs_2019.06/etc/uvm-1.2/reg/uvm_reg_model.svh'.
Parsing included file '/global/apps/vcs_2019.06/etc/uvm-1.2/reg/sequences/uvm_reg_hw_reset_seq.svh'.
Back to file '/global/apps/vcs_2019.06/etc/uvm-1.2/reg/uvm_reg_model.svh'.
Parsing included file '/global/apps/vcs_2019.06/etc/uvm-1.2/reg/sequences/uvm_reg_bit_bash_seq.svh'.
Back to file '/global/apps/vcs_2019.06/etc/uvm-1.2/reg/uvm_reg_model.svh'.
Parsing included file '/global/apps/vcs_2019.06/etc/uvm-1.2/reg/sequences/uvm_mem_walk_seq.svh'.
Back to file '/global/apps/vcs_2019.06/etc/uvm-1.2/reg/uvm_reg_model.svh'.
Parsing included file '/global/apps/vcs_2019.06/etc/uvm-1.2/reg/sequences/uvm_mem_access_seq.svh'.
Back to file '/global/apps/vcs_2019.06/etc/uvm-1.2/reg/uvm_reg_model.svh'.
Parsing included file '/global/apps/vcs_2019.06/etc/uvm-1.2/reg/sequences/uvm_reg_access_seq.svh'.
Back to file '/global/apps/vcs_2019.06/etc/uvm-1.2/reg/uvm_reg_model.svh'.
Parsing included file '/global/apps/vcs_2019.06/etc/uvm-1.2/reg/sequences/uvm_reg_mem_shared_access_seq.svh'.
Back to file '/global/apps/vcs_2019.06/etc/uvm-1.2/reg/uvm_reg_model.svh'.
Parsing included file '/global/apps/vcs_2019.06/etc/uvm-1.2/reg/sequences/uvm_reg_mem_built_in_seq.svh'.
Back to file '/global/apps/vcs_2019.06/etc/uvm-1.2/reg/uvm_reg_model.svh'.
Parsing included file '/global/apps/vcs_2019.06/etc/uvm-1.2/reg/sequences/uvm_reg_mem_hdl_paths_seq.svh'.
Back to file '/global/apps/vcs_2019.06/etc/uvm-1.2/reg/uvm_reg_model.svh'.
Parsing included file '/global/apps/vcs_2019.06/etc/uvm-1.2/reg/snps_uvm_reg_bank.svh'.
Back to file '/global/apps/vcs_2019.06/etc/uvm-1.2/reg/uvm_reg_model.svh'.
Back to file '/global/apps/vcs_2019.06/etc/uvm-1.2/uvm_pkg.sv'.
Parsing design file '../src/compare_policy_methods.sv'
Parsing included file '/global/apps/vcs_2019.06/etc/uvm-1.2/uvm_macros.svh'.
Back to file '../src/compare_policy_methods.sv'.
Top Level Modules:
       top
No TimeScale specified
Starting vcs inline pass...

4 modules and 0 UDP read.
recompiling package vcs_paramclassrepository
recompiling package uvm_pkg
recompiling module top
3 of 4 modules done
	However, due to incremental compilation, only 3 modules need to be compiled. 
rm -f _csrc*.so pre_vcsobj_*.so share_vcsobj_*.so
ld -shared -m elf_i386  -Bsymbolic  -o .//../simv.daidir//_csrc0.so objs/amcQw_d.o \

rm -f _csrc0.so
if [ -x ../simv ]; then chmod -x ../simv; fi
g++  -o ../simv    -m32 -m32 -rdynamic  -Wl,-rpath='$ORIGIN'/simv.daidir -Wl,-rpath=./simv.daidir \
-Wl,-rpath=/global/apps/vcs_2019.06/linux/lib -L/global/apps/vcs_2019.06/linux/lib \
-Wl,-rpath-link=./  /global/apps/vcs_2019.06/linux/lib/vpdlogstub.o uvm_dpi.o    \
_19779_archive_1.so _prev_archive_1.so _csrc0.so  SIM_l.o  _csrc0.so    rmapats_mop.o \
rmapats.o rmar.o rmar_nd.o  rmar_llvm_0_1.o rmar_llvm_0_0.o          -lvirsim -lerrorinf \
-lsnpsmalloc -lvfs    -lvcsnew -lsimprofile -luclinative /global/apps/vcs_2019.06/linux/lib/vcs_tls.o \
-Wl,-whole-archive -lvcsucli -Wl,-no-whole-archive       ./../simv.daidir/vc_hdrs.o \
/global/apps/vcs_2019.06/linux/lib/vcs_save_restore_new.o /global/apps/vcs_2019.06/linux/lib/ctype-stubs_32.a \
-ldl  -lc -lm -lpthread -ldl 
../simv up to date
Command: /SCRATCH/srivats/vs/new_book_examples/uvm-1.2/UVM_Building_Blocks/Uvm_Core_Utils/run/./simv -a compare_policy_methods.log
Chronologic VCS simulator copyright 1991-2019
Contains Synopsys proprietary information.
Compiler version P-2019.06; Runtime version P-2019.06;  Nov 25 00:11 2019
UVM_INFO /global/apps/vcs_2019.06/etc/uvm-1.2/base/uvm_root.svh(412) @ 0: reporter [UVM/RELNOTES] 
----------------------------------------------------------------
UVM-1.2.Synopsys
(C) 2007-2014 Mentor Graphics Corporation
(C) 2007-2014 Cadence Design Systems, Inc.
(C) 2006-2014 Synopsys, Inc.
(C) 2011-2013 Cypress Semiconductor Corp.
(C) 2013-2014 NVIDIA Corporation
----------------------------------------------------------------

  ***********       IMPORTANT RELEASE NOTES         ************

  You are using a version of the UVM library that has been compiled
  with `UVM_NO_DEPRECATED undefined.
  See http://www.eda.org/svdb/view.php?id=3313 for more details.

  You are using a version of the UVM library that has been compiled
  with `UVM_OBJECT_DO_NOT_NEED_CONSTRUCTOR undefined.
  See http://www.eda.org/svdb/view.php?id=3770 for more details.

      (Specify +UVM_NO_RELNOTES to turn off this notice)

---------------------------------------------
Name          Type          Size  Value      
---------------------------------------------
child_inst1   class_A       -     @335       
  cl_int      integral      32    'h0        
  cl_int_arr  da(integral)  0     -          
  logic_data  aa(int,int)   4     -          
    [16]      integral      32    'h2        
    [32]      integral      32    'h2        
    [64]      integral      32    'h2        
    [128]     integral      32    'h1        
  cl_string   string        11    child_inst1
---------------------------------------------
---------------------------------------------
Name          Type          Size  Value      
---------------------------------------------
child_inst2   class_A       -     @336       
  cl_int      integral      32    'h0        
  cl_int_arr  da(integral)  0     -          
  logic_data  aa(int,int)   0     -          
  cl_string   string        11    child_inst1
---------------------------------------------
UVM_INFO /global/apps/vcs_2019.06/etc/uvm-1.2/base/uvm_comparer.svh(351) @ 0: reporter [MISCMP] Miscompare for child_inst1: lhs size = 4 : rhs size = 0
UVM_INFO /global/apps/vcs_2019.06/etc/uvm-1.2/base/uvm_comparer.svh(382) @ 0: reporter [MISCMP] 5 Miscompare(s) (1 shown) for object child_inst2@336 vs. child_inst1@335
UVM_INFO ../src/compare_policy_methods.sv(62) @ 0: reporter [HELLO THERE] srivatsa %m
           V C S   S i m u l a t i o n   R e p o r t 
Time: 0
CPU Time:      0.390 seconds;       Data structure size:   0.2Mb
Mon Nov 25 00:11:45 2019
CPU time: 3.588 seconds to compile + .200 seconds to elab + .239 seconds to link + .414 seconds in simulation
