Command: vcs -sverilog -ntb_opts uvm-1.2 ../src/pack_example.sv -l pack_example.log \
-R +incdir+../src
                         Chronologic VCS (TM)
            Version P-2019.06 -- Mon Nov 25 00:12:01 2019
               Copyright (c) 1991-2019 by Synopsys Inc.
                         ALL RIGHTS RESERVED

This program is proprietary and confidential information of Synopsys Inc.
and may be used and disclosed only as authorized in a license agreement
controlling such use and disclosure.

Parsing design file '/global/apps/vcs_2019.06/etc/uvm-1.2/uvm_pkg.sv'
Parsing included file '/global/apps/vcs_2019.06/etc/uvm-1.2/uvm_macros.svh'.
Parsing included file '/global/apps/vcs_2019.06/etc/uvm-1.2/macros/uvm_version_defines.svh'.
Back to file '/global/apps/vcs_2019.06/etc/uvm-1.2/uvm_macros.svh'.
Parsing included file '/global/apps/vcs_2019.06/etc/uvm-1.2/macros/uvm_global_defines.svh'.
Back to file '/global/apps/vcs_2019.06/etc/uvm-1.2/uvm_macros.svh'.
Parsing included file '/global/apps/vcs_2019.06/etc/uvm-1.2/macros/uvm_message_defines.svh'.
Back to file '/global/apps/vcs_2019.06/etc/uvm-1.2/uvm_macros.svh'.
Parsing included file '/global/apps/vcs_2019.06/etc/uvm-1.2/macros/uvm_phase_defines.svh'.
Back to file '/global/apps/vcs_2019.06/etc/uvm-1.2/uvm_macros.svh'.
Parsing included file '/global/apps/vcs_2019.06/etc/uvm-1.2/macros/uvm_object_defines.svh'.
Back to file '/global/apps/vcs_2019.06/etc/uvm-1.2/uvm_macros.svh'.
Parsing included file '/global/apps/vcs_2019.06/etc/uvm-1.2/macros/uvm_printer_defines.svh'.
Back to file '/global/apps/vcs_2019.06/etc/uvm-1.2/uvm_macros.svh'.
Parsing included file '/global/apps/vcs_2019.06/etc/uvm-1.2/macros/uvm_tlm_defines.svh'.
Parsing included file '/global/apps/vcs_2019.06/etc/uvm-1.2/tlm1/uvm_tlm_imps.svh'.
Back to file '/global/apps/vcs_2019.06/etc/uvm-1.2/macros/uvm_tlm_defines.svh'.
Back to file '/global/apps/vcs_2019.06/etc/uvm-1.2/uvm_macros.svh'.
Parsing included file '/global/apps/vcs_2019.06/etc/uvm-1.2/macros/uvm_sequence_defines.svh'.
Back to file '/global/apps/vcs_2019.06/etc/uvm-1.2/uvm_macros.svh'.
Parsing included file '/global/apps/vcs_2019.06/etc/uvm-1.2/macros/uvm_callback_defines.svh'.
Back to file '/global/apps/vcs_2019.06/etc/uvm-1.2/uvm_macros.svh'.
Parsing included file '/global/apps/vcs_2019.06/etc/uvm-1.2/macros/uvm_reg_defines.svh'.
Back to file '/global/apps/vcs_2019.06/etc/uvm-1.2/uvm_macros.svh'.
Parsing included file '/global/apps/vcs_2019.06/etc/uvm-1.2/macros/uvm_deprecated_defines.svh'.
Back to file '/global/apps/vcs_2019.06/etc/uvm-1.2/uvm_macros.svh'.
Back to file '/global/apps/vcs_2019.06/etc/uvm-1.2/uvm_pkg.sv'.
Parsing included file '/global/apps/vcs_2019.06/etc/uvm-1.2/dpi/uvm_dpi.svh'.
Parsing included file '/global/apps/vcs_2019.06/etc/uvm-1.2/dpi/uvm_hdl.svh'.
Back to file '/global/apps/vcs_2019.06/etc/uvm-1.2/dpi/uvm_dpi.svh'.
Parsing included file '/global/apps/vcs_2019.06/etc/uvm-1.2/dpi/uvm_svcmd_dpi.svh'.
Back to file '/global/apps/vcs_2019.06/etc/uvm-1.2/dpi/uvm_dpi.svh'.
Parsing included file '/global/apps/vcs_2019.06/etc/uvm-1.2/dpi/uvm_regex.svh'.
Back to file '/global/apps/vcs_2019.06/etc/uvm-1.2/dpi/uvm_dpi.svh'.
Back to file '/global/apps/vcs_2019.06/etc/uvm-1.2/uvm_pkg.sv'.
Parsing included file '/global/apps/vcs_2019.06/etc/uvm-1.2/base/uvm_base.svh'.
Parsing included file '/global/apps/vcs_2019.06/etc/uvm-1.2/base/uvm_coreservice.svh'.
Back to file '/global/apps/vcs_2019.06/etc/uvm-1.2/base/uvm_base.svh'.
Parsing included file '/global/apps/vcs_2019.06/etc/uvm-1.2/base/uvm_version.svh'.
Back to file '/global/apps/vcs_2019.06/etc/uvm-1.2/base/uvm_base.svh'.
Parsing included file '/global/apps/vcs_2019.06/etc/uvm-1.2/base/uvm_object_globals.svh'.
Back to file '/global/apps/vcs_2019.06/etc/uvm-1.2/base/uvm_base.svh'.
Parsing included file '/global/apps/vcs_2019.06/etc/uvm-1.2/base/uvm_misc.svh'.
Back to file '/global/apps/vcs_2019.06/etc/uvm-1.2/base/uvm_base.svh'.
Parsing included file '/global/apps/vcs_2019.06/etc/uvm-1.2/base/uvm_object.svh'.
Back to file '/global/apps/vcs_2019.06/etc/uvm-1.2/base/uvm_base.svh'.
Parsing included file '/global/apps/vcs_2019.06/etc/uvm-1.2/base/uvm_pool.svh'.
Back to file '/global/apps/vcs_2019.06/etc/uvm-1.2/base/uvm_base.svh'.
Parsing included file '/global/apps/vcs_2019.06/etc/uvm-1.2/base/uvm_queue.svh'.
Back to file '/global/apps/vcs_2019.06/etc/uvm-1.2/base/uvm_base.svh'.
Parsing included file '/global/apps/vcs_2019.06/etc/uvm-1.2/base/uvm_factory.svh'.
Back to file '/global/apps/vcs_2019.06/etc/uvm-1.2/base/uvm_base.svh'.
Parsing included file '/global/apps/vcs_2019.06/etc/uvm-1.2/base/uvm_registry.svh'.
Back to file '/global/apps/vcs_2019.06/etc/uvm-1.2/base/uvm_base.svh'.
Parsing included file '/global/apps/vcs_2019.06/etc/uvm-1.2/base/uvm_spell_chkr.svh'.
Back to file '/global/apps/vcs_2019.06/etc/uvm-1.2/base/uvm_base.svh'.
Parsing included file '/global/apps/vcs_2019.06/etc/uvm-1.2/base/uvm_resource.svh'.
Back to file '/global/apps/vcs_2019.06/etc/uvm-1.2/base/uvm_base.svh'.
Parsing included file '/global/apps/vcs_2019.06/etc/uvm-1.2/base/uvm_resource_specializations.svh'.
Back to file '/global/apps/vcs_2019.06/etc/uvm-1.2/base/uvm_base.svh'.
Parsing included file '/global/apps/vcs_2019.06/etc/uvm-1.2/base/uvm_resource_db.svh'.
Back to file '/global/apps/vcs_2019.06/etc/uvm-1.2/base/uvm_base.svh'.
Parsing included file '/global/apps/vcs_2019.06/etc/uvm-1.2/base/uvm_config_db.svh'.
Back to file '/global/apps/vcs_2019.06/etc/uvm-1.2/base/uvm_base.svh'.
Parsing included file '/global/apps/vcs_2019.06/etc/uvm-1.2/base/uvm_printer.svh'.
Back to file '/global/apps/vcs_2019.06/etc/uvm-1.2/base/uvm_base.svh'.
Parsing included file '/global/apps/vcs_2019.06/etc/uvm-1.2/base/uvm_comparer.svh'.
Back to file '/global/apps/vcs_2019.06/etc/uvm-1.2/base/uvm_base.svh'.
Parsing included file '/global/apps/vcs_2019.06/etc/uvm-1.2/base/uvm_packer.svh'.
Back to file '/global/apps/vcs_2019.06/etc/uvm-1.2/base/uvm_base.svh'.
Parsing included file '/global/apps/vcs_2019.06/etc/uvm-1.2/base/uvm_links.svh'.
Back to file '/global/apps/vcs_2019.06/etc/uvm-1.2/base/uvm_base.svh'.
Parsing included file '/global/apps/vcs_2019.06/etc/uvm-1.2/base/uvm_tr_database.svh'.
Back to file '/global/apps/vcs_2019.06/etc/uvm-1.2/base/uvm_base.svh'.
Parsing included file '/global/apps/vcs_2019.06/etc/uvm-1.2/base/uvm_tr_stream.svh'.
Back to file '/global/apps/vcs_2019.06/etc/uvm-1.2/base/uvm_base.svh'.
Parsing included file '/global/apps/vcs_2019.06/etc/uvm-1.2/base/uvm_recorder.svh'.
Back to file '/global/apps/vcs_2019.06/etc/uvm-1.2/base/uvm_base.svh'.
Parsing included file '/global/apps/vcs_2019.06/etc/uvm-1.2/base/uvm_event_callback.svh'.
Back to file '/global/apps/vcs_2019.06/etc/uvm-1.2/base/uvm_base.svh'.
Parsing included file '/global/apps/vcs_2019.06/etc/uvm-1.2/base/uvm_event.svh'.
Back to file '/global/apps/vcs_2019.06/etc/uvm-1.2/base/uvm_base.svh'.
Parsing included file '/global/apps/vcs_2019.06/etc/uvm-1.2/base/uvm_barrier.svh'.
Back to file '/global/apps/vcs_2019.06/etc/uvm-1.2/base/uvm_base.svh'.
Parsing included file '/global/apps/vcs_2019.06/etc/uvm-1.2/base/uvm_callback.svh'.
Parsing included file '/global/apps/vcs_2019.06/etc/uvm-1.2/uvm_macros.svh'.
Back to file '/global/apps/vcs_2019.06/etc/uvm-1.2/base/uvm_callback.svh'.
Back to file '/global/apps/vcs_2019.06/etc/uvm-1.2/base/uvm_base.svh'.
Parsing included file '/global/apps/vcs_2019.06/etc/uvm-1.2/base/uvm_report_message.svh'.
Back to file '/global/apps/vcs_2019.06/etc/uvm-1.2/base/uvm_base.svh'.
Parsing included file '/global/apps/vcs_2019.06/etc/uvm-1.2/base/uvm_report_catcher.svh'.
Back to file '/global/apps/vcs_2019.06/etc/uvm-1.2/base/uvm_base.svh'.
Parsing included file '/global/apps/vcs_2019.06/etc/uvm-1.2/base/uvm_report_server.svh'.
Back to file '/global/apps/vcs_2019.06/etc/uvm-1.2/base/uvm_base.svh'.
Parsing included file '/global/apps/vcs_2019.06/etc/uvm-1.2/base/uvm_report_handler.svh'.
Back to file '/global/apps/vcs_2019.06/etc/uvm-1.2/base/uvm_base.svh'.
Parsing included file '/global/apps/vcs_2019.06/etc/uvm-1.2/base/uvm_report_object.svh'.
Back to file '/global/apps/vcs_2019.06/etc/uvm-1.2/base/uvm_base.svh'.
Parsing included file '/global/apps/vcs_2019.06/etc/uvm-1.2/base/uvm_transaction.svh'.
Back to file '/global/apps/vcs_2019.06/etc/uvm-1.2/base/uvm_base.svh'.
Parsing included file '/global/apps/vcs_2019.06/etc/uvm-1.2/base/uvm_phase.svh'.
Back to file '/global/apps/vcs_2019.06/etc/uvm-1.2/base/uvm_base.svh'.
Parsing included file '/global/apps/vcs_2019.06/etc/uvm-1.2/base/uvm_domain.svh'.
Back to file '/global/apps/vcs_2019.06/etc/uvm-1.2/base/uvm_base.svh'.
Parsing included file '/global/apps/vcs_2019.06/etc/uvm-1.2/base/uvm_bottomup_phase.svh'.
Back to file '/global/apps/vcs_2019.06/etc/uvm-1.2/base/uvm_base.svh'.
Parsing included file '/global/apps/vcs_2019.06/etc/uvm-1.2/base/uvm_topdown_phase.svh'.
Back to file '/global/apps/vcs_2019.06/etc/uvm-1.2/base/uvm_base.svh'.
Parsing included file '/global/apps/vcs_2019.06/etc/uvm-1.2/base/uvm_task_phase.svh'.
Back to file '/global/apps/vcs_2019.06/etc/uvm-1.2/base/uvm_base.svh'.
Parsing included file '/global/apps/vcs_2019.06/etc/uvm-1.2/base/uvm_common_phases.svh'.
Back to file '/global/apps/vcs_2019.06/etc/uvm-1.2/base/uvm_base.svh'.
Parsing included file '/global/apps/vcs_2019.06/etc/uvm-1.2/base/uvm_runtime_phases.svh'.
Back to file '/global/apps/vcs_2019.06/etc/uvm-1.2/base/uvm_base.svh'.
Parsing included file '/global/apps/vcs_2019.06/etc/uvm-1.2/base/uvm_component.svh'.
Parsing included file '/global/apps/vcs_2019.06/etc/uvm-1.2/base/uvm_root.svh'.
Back to file '/global/apps/vcs_2019.06/etc/uvm-1.2/base/uvm_component.svh'.
Back to file '/global/apps/vcs_2019.06/etc/uvm-1.2/base/uvm_base.svh'.
Parsing included file '/global/apps/vcs_2019.06/etc/uvm-1.2/base/uvm_objection.svh'.
Back to file '/global/apps/vcs_2019.06/etc/uvm-1.2/base/uvm_base.svh'.
Parsing included file '/global/apps/vcs_2019.06/etc/uvm-1.2/base/uvm_heartbeat.svh'.
Back to file '/global/apps/vcs_2019.06/etc/uvm-1.2/base/uvm_base.svh'.
Parsing included file '/global/apps/vcs_2019.06/etc/uvm-1.2/base/uvm_globals.svh'.
Back to file '/global/apps/vcs_2019.06/etc/uvm-1.2/base/uvm_base.svh'.
Parsing included file '/global/apps/vcs_2019.06/etc/uvm-1.2/base/uvm_cmdline_processor.svh'.
Back to file '/global/apps/vcs_2019.06/etc/uvm-1.2/base/uvm_base.svh'.
Parsing included file '/global/apps/vcs_2019.06/etc/uvm-1.2/base/uvm_traversal.svh'.
Back to file '/global/apps/vcs_2019.06/etc/uvm-1.2/base/uvm_base.svh'.
Back to file '/global/apps/vcs_2019.06/etc/uvm-1.2/uvm_pkg.sv'.
Parsing included file '/global/apps/vcs_2019.06/etc/uvm-1.2/dap/uvm_dap.svh'.
Parsing included file '/global/apps/vcs_2019.06/etc/uvm-1.2/dap/uvm_set_get_dap_base.svh'.
Back to file '/global/apps/vcs_2019.06/etc/uvm-1.2/dap/uvm_dap.svh'.
Parsing included file '/global/apps/vcs_2019.06/etc/uvm-1.2/dap/uvm_simple_lock_dap.svh'.
Back to file '/global/apps/vcs_2019.06/etc/uvm-1.2/dap/uvm_dap.svh'.
Parsing included file '/global/apps/vcs_2019.06/etc/uvm-1.2/dap/uvm_get_to_lock_dap.svh'.
Back to file '/global/apps/vcs_2019.06/etc/uvm-1.2/dap/uvm_dap.svh'.
Parsing included file '/global/apps/vcs_2019.06/etc/uvm-1.2/dap/uvm_set_before_get_dap.svh'.
Back to file '/global/apps/vcs_2019.06/etc/uvm-1.2/dap/uvm_dap.svh'.
Back to file '/global/apps/vcs_2019.06/etc/uvm-1.2/uvm_pkg.sv'.
Parsing included file '/global/apps/vcs_2019.06/etc/uvm-1.2/tlm1/uvm_tlm.svh'.
Parsing included file '/global/apps/vcs_2019.06/etc/uvm-1.2/tlm1/uvm_tlm_ifs.svh'.
Back to file '/global/apps/vcs_2019.06/etc/uvm-1.2/tlm1/uvm_tlm.svh'.
Parsing included file '/global/apps/vcs_2019.06/etc/uvm-1.2/tlm1/uvm_sqr_ifs.svh'.
Back to file '/global/apps/vcs_2019.06/etc/uvm-1.2/tlm1/uvm_tlm.svh'.
Parsing included file '/global/apps/vcs_2019.06/etc/uvm-1.2/base/uvm_port_base.svh'.
Back to file '/global/apps/vcs_2019.06/etc/uvm-1.2/tlm1/uvm_tlm.svh'.
Parsing included file '/global/apps/vcs_2019.06/etc/uvm-1.2/tlm1/uvm_tlm_imps.svh'.
Back to file '/global/apps/vcs_2019.06/etc/uvm-1.2/tlm1/uvm_tlm.svh'.
Parsing included file '/global/apps/vcs_2019.06/etc/uvm-1.2/tlm1/uvm_imps.svh'.
Back to file '/global/apps/vcs_2019.06/etc/uvm-1.2/tlm1/uvm_tlm.svh'.
Parsing included file '/global/apps/vcs_2019.06/etc/uvm-1.2/tlm1/uvm_ports.svh'.
Back to file '/global/apps/vcs_2019.06/etc/uvm-1.2/tlm1/uvm_tlm.svh'.
Parsing included file '/global/apps/vcs_2019.06/etc/uvm-1.2/tlm1/uvm_exports.svh'.
Back to file '/global/apps/vcs_2019.06/etc/uvm-1.2/tlm1/uvm_tlm.svh'.
Parsing included file '/global/apps/vcs_2019.06/etc/uvm-1.2/tlm1/uvm_analysis_port.svh'.
Back to file '/global/apps/vcs_2019.06/etc/uvm-1.2/tlm1/uvm_tlm.svh'.
Parsing included file '/global/apps/vcs_2019.06/etc/uvm-1.2/tlm1/uvm_tlm_fifo_base.svh'.
Back to file '/global/apps/vcs_2019.06/etc/uvm-1.2/tlm1/uvm_tlm.svh'.
Parsing included file '/global/apps/vcs_2019.06/etc/uvm-1.2/tlm1/uvm_tlm_fifos.svh'.
Back to file '/global/apps/vcs_2019.06/etc/uvm-1.2/tlm1/uvm_tlm.svh'.
Parsing included file '/global/apps/vcs_2019.06/etc/uvm-1.2/tlm1/uvm_tlm_req_rsp.svh'.
Back to file '/global/apps/vcs_2019.06/etc/uvm-1.2/tlm1/uvm_tlm.svh'.
Parsing included file '/global/apps/vcs_2019.06/etc/uvm-1.2/tlm1/uvm_sqr_connections.svh'.
Back to file '/global/apps/vcs_2019.06/etc/uvm-1.2/tlm1/uvm_tlm.svh'.
Back to file '/global/apps/vcs_2019.06/etc/uvm-1.2/uvm_pkg.sv'.
Parsing included file '/global/apps/vcs_2019.06/etc/uvm-1.2/comps/uvm_comps.svh'.
Parsing included file '/global/apps/vcs_2019.06/etc/uvm-1.2/comps/uvm_pair.svh'.
Back to file '/global/apps/vcs_2019.06/etc/uvm-1.2/comps/uvm_comps.svh'.
Parsing included file '/global/apps/vcs_2019.06/etc/uvm-1.2/comps/uvm_policies.svh'.
Back to file '/global/apps/vcs_2019.06/etc/uvm-1.2/comps/uvm_comps.svh'.
Parsing included file '/global/apps/vcs_2019.06/etc/uvm-1.2/comps/uvm_in_order_comparator.svh'.
Back to file '/global/apps/vcs_2019.06/etc/uvm-1.2/comps/uvm_comps.svh'.
Parsing included file '/global/apps/vcs_2019.06/etc/uvm-1.2/comps/uvm_algorithmic_comparator.svh'.
Back to file '/global/apps/vcs_2019.06/etc/uvm-1.2/comps/uvm_comps.svh'.
Parsing included file '/global/apps/vcs_2019.06/etc/uvm-1.2/comps/uvm_random_stimulus.svh'.
Back to file '/global/apps/vcs_2019.06/etc/uvm-1.2/comps/uvm_comps.svh'.
Parsing included file '/global/apps/vcs_2019.06/etc/uvm-1.2/comps/uvm_subscriber.svh'.
Back to file '/global/apps/vcs_2019.06/etc/uvm-1.2/comps/uvm_comps.svh'.
Parsing included file '/global/apps/vcs_2019.06/etc/uvm-1.2/comps/uvm_monitor.svh'.
Back to file '/global/apps/vcs_2019.06/etc/uvm-1.2/comps/uvm_comps.svh'.
Parsing included file '/global/apps/vcs_2019.06/etc/uvm-1.2/comps/uvm_driver.svh'.
Back to file '/global/apps/vcs_2019.06/etc/uvm-1.2/comps/uvm_comps.svh'.
Parsing included file '/global/apps/vcs_2019.06/etc/uvm-1.2/comps/uvm_push_driver.svh'.
Back to file '/global/apps/vcs_2019.06/etc/uvm-1.2/comps/uvm_comps.svh'.
Parsing included file '/global/apps/vcs_2019.06/etc/uvm-1.2/comps/uvm_scoreboard.svh'.
Back to file '/global/apps/vcs_2019.06/etc/uvm-1.2/comps/uvm_comps.svh'.
Parsing included file '/global/apps/vcs_2019.06/etc/uvm-1.2/comps/uvm_agent.svh'.
Back to file '/global/apps/vcs_2019.06/etc/uvm-1.2/comps/uvm_comps.svh'.
Parsing included file '/global/apps/vcs_2019.06/etc/uvm-1.2/comps/uvm_env.svh'.
Back to file '/global/apps/vcs_2019.06/etc/uvm-1.2/comps/uvm_comps.svh'.
Parsing included file '/global/apps/vcs_2019.06/etc/uvm-1.2/comps/uvm_test.svh'.
Back to file '/global/apps/vcs_2019.06/etc/uvm-1.2/comps/uvm_comps.svh'.
Back to file '/global/apps/vcs_2019.06/etc/uvm-1.2/uvm_pkg.sv'.
Parsing included file '/global/apps/vcs_2019.06/etc/uvm-1.2/seq/uvm_seq.svh'.
Parsing included file '/global/apps/vcs_2019.06/etc/uvm-1.2/seq/uvm_sequence_item.svh'.
Back to file '/global/apps/vcs_2019.06/etc/uvm-1.2/seq/uvm_seq.svh'.
Parsing included file '/global/apps/vcs_2019.06/etc/uvm-1.2/seq/uvm_sequencer_base.svh'.
Back to file '/global/apps/vcs_2019.06/etc/uvm-1.2/seq/uvm_seq.svh'.
Parsing included file '/global/apps/vcs_2019.06/etc/uvm-1.2/seq/uvm_sequencer_analysis_fifo.svh'.
Back to file '/global/apps/vcs_2019.06/etc/uvm-1.2/seq/uvm_seq.svh'.
Parsing included file '/global/apps/vcs_2019.06/etc/uvm-1.2/seq/uvm_sequencer_param_base.svh'.
Back to file '/global/apps/vcs_2019.06/etc/uvm-1.2/seq/uvm_seq.svh'.
Parsing included file '/global/apps/vcs_2019.06/etc/uvm-1.2/seq/uvm_sequencer.svh'.
Back to file '/global/apps/vcs_2019.06/etc/uvm-1.2/seq/uvm_seq.svh'.
Parsing included file '/global/apps/vcs_2019.06/etc/uvm-1.2/seq/uvm_push_sequencer.svh'.
Back to file '/global/apps/vcs_2019.06/etc/uvm-1.2/seq/uvm_seq.svh'.
Parsing included file '/global/apps/vcs_2019.06/etc/uvm-1.2/seq/uvm_sequence_base.svh'.
Back to file '/global/apps/vcs_2019.06/etc/uvm-1.2/seq/uvm_seq.svh'.
Parsing included file '/global/apps/vcs_2019.06/etc/uvm-1.2/seq/uvm_sequence.svh'.
Back to file '/global/apps/vcs_2019.06/etc/uvm-1.2/seq/uvm_seq.svh'.
Parsing included file '/global/apps/vcs_2019.06/etc/uvm-1.2/seq/uvm_sequence_library.svh'.
Back to file '/global/apps/vcs_2019.06/etc/uvm-1.2/seq/uvm_seq.svh'.
Parsing included file '/global/apps/vcs_2019.06/etc/uvm-1.2/seq/uvm_sequence_builtin.svh'.
Back to file '/global/apps/vcs_2019.06/etc/uvm-1.2/seq/uvm_seq.svh'.
Back to file '/global/apps/vcs_2019.06/etc/uvm-1.2/uvm_pkg.sv'.
Parsing included file '/global/apps/vcs_2019.06/etc/uvm-1.2/tlm2/uvm_tlm2.svh'.
Parsing included file '/global/apps/vcs_2019.06/etc/uvm-1.2/tlm2/uvm_tlm2_defines.svh'.
Back to file '/global/apps/vcs_2019.06/etc/uvm-1.2/tlm2/uvm_tlm2.svh'.
Parsing included file '/global/apps/vcs_2019.06/etc/uvm-1.2/tlm2/uvm_tlm2_time.svh'.
Back to file '/global/apps/vcs_2019.06/etc/uvm-1.2/tlm2/uvm_tlm2.svh'.
Parsing included file '/global/apps/vcs_2019.06/etc/uvm-1.2/tlm2/uvm_tlm2_generic_payload.svh'.
Back to file '/global/apps/vcs_2019.06/etc/uvm-1.2/tlm2/uvm_tlm2.svh'.
Parsing included file '/global/apps/vcs_2019.06/etc/uvm-1.2/tlm2/uvm_tlm2_ifs.svh'.
Back to file '/global/apps/vcs_2019.06/etc/uvm-1.2/tlm2/uvm_tlm2.svh'.
Parsing included file '/global/apps/vcs_2019.06/etc/uvm-1.2/tlm2/uvm_tlm2_imps.svh'.
Back to file '/global/apps/vcs_2019.06/etc/uvm-1.2/tlm2/uvm_tlm2.svh'.
Parsing included file '/global/apps/vcs_2019.06/etc/uvm-1.2/tlm2/uvm_tlm2_ports.svh'.
Back to file '/global/apps/vcs_2019.06/etc/uvm-1.2/tlm2/uvm_tlm2.svh'.
Parsing included file '/global/apps/vcs_2019.06/etc/uvm-1.2/tlm2/uvm_tlm2_exports.svh'.
Back to file '/global/apps/vcs_2019.06/etc/uvm-1.2/tlm2/uvm_tlm2.svh'.
Parsing included file '/global/apps/vcs_2019.06/etc/uvm-1.2/tlm2/uvm_tlm2_sockets_base.svh'.
Back to file '/global/apps/vcs_2019.06/etc/uvm-1.2/tlm2/uvm_tlm2.svh'.
Parsing included file '/global/apps/vcs_2019.06/etc/uvm-1.2/tlm2/uvm_tlm2_sockets.svh'.
Back to file '/global/apps/vcs_2019.06/etc/uvm-1.2/tlm2/uvm_tlm2.svh'.
Back to file '/global/apps/vcs_2019.06/etc/uvm-1.2/uvm_pkg.sv'.
Parsing included file '/global/apps/vcs_2019.06/etc/uvm-1.2/reg/uvm_reg_model.svh'.
Parsing included file '/global/apps/vcs_2019.06/etc/uvm-1.2/reg/uvm_reg_item.svh'.
Back to file '/global/apps/vcs_2019.06/etc/uvm-1.2/reg/uvm_reg_model.svh'.
Parsing included file '/global/apps/vcs_2019.06/etc/uvm-1.2/reg/uvm_reg_adapter.svh'.
Back to file '/global/apps/vcs_2019.06/etc/uvm-1.2/reg/uvm_reg_model.svh'.
Parsing included file '/global/apps/vcs_2019.06/etc/uvm-1.2/reg/uvm_reg_predictor.svh'.
Back to file '/global/apps/vcs_2019.06/etc/uvm-1.2/reg/uvm_reg_model.svh'.
Parsing included file '/global/apps/vcs_2019.06/etc/uvm-1.2/reg/uvm_reg_sequence.svh'.
Back to file '/global/apps/vcs_2019.06/etc/uvm-1.2/reg/uvm_reg_model.svh'.
Parsing included file '/global/apps/vcs_2019.06/etc/uvm-1.2/reg/uvm_reg_cbs.svh'.
Back to file '/global/apps/vcs_2019.06/etc/uvm-1.2/reg/uvm_reg_model.svh'.
Parsing included file '/global/apps/vcs_2019.06/etc/uvm-1.2/reg/uvm_reg_backdoor.svh'.
Back to file '/global/apps/vcs_2019.06/etc/uvm-1.2/reg/uvm_reg_model.svh'.
Parsing included file '/global/apps/vcs_2019.06/etc/uvm-1.2/reg/uvm_reg_field.svh'.
Back to file '/global/apps/vcs_2019.06/etc/uvm-1.2/reg/uvm_reg_model.svh'.
Parsing included file '/global/apps/vcs_2019.06/etc/uvm-1.2/reg/uvm_vreg_field.svh'.
Back to file '/global/apps/vcs_2019.06/etc/uvm-1.2/reg/uvm_reg_model.svh'.
Parsing included file '/global/apps/vcs_2019.06/etc/uvm-1.2/reg/uvm_reg.svh'.
Back to file '/global/apps/vcs_2019.06/etc/uvm-1.2/reg/uvm_reg_model.svh'.
Parsing included file '/global/apps/vcs_2019.06/etc/uvm-1.2/reg/uvm_reg_indirect.svh'.
Back to file '/global/apps/vcs_2019.06/etc/uvm-1.2/reg/uvm_reg_model.svh'.
Parsing included file '/global/apps/vcs_2019.06/etc/uvm-1.2/reg/uvm_reg_fifo.svh'.
Back to file '/global/apps/vcs_2019.06/etc/uvm-1.2/reg/uvm_reg_model.svh'.
Parsing included file '/global/apps/vcs_2019.06/etc/uvm-1.2/reg/uvm_reg_file.svh'.
Back to file '/global/apps/vcs_2019.06/etc/uvm-1.2/reg/uvm_reg_model.svh'.
Parsing included file '/global/apps/vcs_2019.06/etc/uvm-1.2/reg/uvm_mem_mam.svh'.
Back to file '/global/apps/vcs_2019.06/etc/uvm-1.2/reg/uvm_reg_model.svh'.
Parsing included file '/global/apps/vcs_2019.06/etc/uvm-1.2/reg/uvm_vreg.svh'.
Back to file '/global/apps/vcs_2019.06/etc/uvm-1.2/reg/uvm_reg_model.svh'.
Parsing included file '/global/apps/vcs_2019.06/etc/uvm-1.2/reg/uvm_mem.svh'.
Back to file '/global/apps/vcs_2019.06/etc/uvm-1.2/reg/uvm_reg_model.svh'.
Parsing included file '/global/apps/vcs_2019.06/etc/uvm-1.2/reg/uvm_reg_map.svh'.
Back to file '/global/apps/vcs_2019.06/etc/uvm-1.2/reg/uvm_reg_model.svh'.
Parsing included file '/global/apps/vcs_2019.06/etc/uvm-1.2/reg/uvm_reg_block.svh'.
Back to file '/global/apps/vcs_2019.06/etc/uvm-1.2/reg/uvm_reg_model.svh'.
Parsing included file '/global/apps/vcs_2019.06/etc/uvm-1.2/reg/sequences/uvm_reg_hw_reset_seq.svh'.
Back to file '/global/apps/vcs_2019.06/etc/uvm-1.2/reg/uvm_reg_model.svh'.
Parsing included file '/global/apps/vcs_2019.06/etc/uvm-1.2/reg/sequences/uvm_reg_bit_bash_seq.svh'.
Back to file '/global/apps/vcs_2019.06/etc/uvm-1.2/reg/uvm_reg_model.svh'.
Parsing included file '/global/apps/vcs_2019.06/etc/uvm-1.2/reg/sequences/uvm_mem_walk_seq.svh'.
Back to file '/global/apps/vcs_2019.06/etc/uvm-1.2/reg/uvm_reg_model.svh'.
Parsing included file '/global/apps/vcs_2019.06/etc/uvm-1.2/reg/sequences/uvm_mem_access_seq.svh'.
Back to file '/global/apps/vcs_2019.06/etc/uvm-1.2/reg/uvm_reg_model.svh'.
Parsing included file '/global/apps/vcs_2019.06/etc/uvm-1.2/reg/sequences/uvm_reg_access_seq.svh'.
Back to file '/global/apps/vcs_2019.06/etc/uvm-1.2/reg/uvm_reg_model.svh'.
Parsing included file '/global/apps/vcs_2019.06/etc/uvm-1.2/reg/sequences/uvm_reg_mem_shared_access_seq.svh'.
Back to file '/global/apps/vcs_2019.06/etc/uvm-1.2/reg/uvm_reg_model.svh'.
Parsing included file '/global/apps/vcs_2019.06/etc/uvm-1.2/reg/sequences/uvm_reg_mem_built_in_seq.svh'.
Back to file '/global/apps/vcs_2019.06/etc/uvm-1.2/reg/uvm_reg_model.svh'.
Parsing included file '/global/apps/vcs_2019.06/etc/uvm-1.2/reg/sequences/uvm_reg_mem_hdl_paths_seq.svh'.
Back to file '/global/apps/vcs_2019.06/etc/uvm-1.2/reg/uvm_reg_model.svh'.
Parsing included file '/global/apps/vcs_2019.06/etc/uvm-1.2/reg/snps_uvm_reg_bank.svh'.
Back to file '/global/apps/vcs_2019.06/etc/uvm-1.2/reg/uvm_reg_model.svh'.
Back to file '/global/apps/vcs_2019.06/etc/uvm-1.2/uvm_pkg.sv'.
Parsing design file '../src/pack_example.sv'
Top Level Modules:
       top
No TimeScale specified

Warning-[IUWI] Illegal Use of Wildcard Index
../src/pack_example.sv, 17
"this.logic_data"
  foreach (this.logic_data [_aa_key] ) beg ...
  Foreach has wildcard indexed Associative Array
  This will be an error in a future release


Warning-[IUWI] Illegal Use of Wildcard Index
../src/pack_example.sv, 17
"this.logic_data"
  foreach (this.logic_data [aa_key] ) begi ...
  Foreach has wildcard indexed Associative Array
  This will be an error in a future release


Warning-[IUWI] Illegal Use of Wildcard Index
../src/pack_example.sv, 17
"this.logic_data"
  foreach (this.logic_data [_index__] ) be ...
  Foreach has wildcard indexed Associative Array
  This will be an error in a future release

Starting vcs inline pass...

4 modules and 0 UDP read.
recompiling package vcs_paramclassrepository
recompiling package uvm_pkg
recompiling module top
3 of 4 modules done
	However, due to incremental compilation, only 3 modules need to be compiled. 
rm -f _csrc*.so pre_vcsobj_*.so share_vcsobj_*.so
ld -shared -m elf_i386  -Bsymbolic  -o .//../simv.daidir//_csrc0.so objs/amcQw_d.o \

rm -f _csrc0.so
if [ -x ../simv ]; then chmod -x ../simv; fi
g++  -o ../simv    -m32 -m32 -rdynamic  -Wl,-rpath='$ORIGIN'/simv.daidir -Wl,-rpath=./simv.daidir \
-Wl,-rpath=/global/apps/vcs_2019.06/linux/lib -L/global/apps/vcs_2019.06/linux/lib \
-Wl,-rpath-link=./  /global/apps/vcs_2019.06/linux/lib/vpdlogstub.o uvm_dpi.o    \
_22828_archive_1.so _prev_archive_1.so _csrc0.so  SIM_l.o  _csrc0.so    rmapats_mop.o \
rmapats.o rmar.o rmar_nd.o  rmar_llvm_0_1.o rmar_llvm_0_0.o          -lvirsim -lerrorinf \
-lsnpsmalloc -lvfs    -lvcsnew -lsimprofile -luclinative /global/apps/vcs_2019.06/linux/lib/vcs_tls.o \
-Wl,-whole-archive -lvcsucli -Wl,-no-whole-archive       ./../simv.daidir/vc_hdrs.o \
/global/apps/vcs_2019.06/linux/lib/vcs_save_restore_new.o /global/apps/vcs_2019.06/linux/lib/ctype-stubs_32.a \
-ldl  -lc -lm -lpthread -ldl 
../simv up to date
Command: /SCRATCH/srivats/vs/new_book_examples/uvm-1.2/UVM_Building_Blocks/Uvm_Core_Utils/run/./simv -a pack_example.log
Chronologic VCS simulator copyright 1991-2019
Contains Synopsys proprietary information.
Compiler version P-2019.06; Runtime version P-2019.06;  Nov 25 00:12 2019
UVM_INFO /global/apps/vcs_2019.06/etc/uvm-1.2/base/uvm_root.svh(412) @ 0: reporter [UVM/RELNOTES] 
----------------------------------------------------------------
UVM-1.2.Synopsys
(C) 2007-2014 Mentor Graphics Corporation
(C) 2007-2014 Cadence Design Systems, Inc.
(C) 2006-2014 Synopsys, Inc.
(C) 2011-2013 Cypress Semiconductor Corp.
(C) 2013-2014 NVIDIA Corporation
----------------------------------------------------------------

  ***********       IMPORTANT RELEASE NOTES         ************

  You are using a version of the UVM library that has been compiled
  with `UVM_NO_DEPRECATED undefined.
  See http://www.eda.org/svdb/view.php?id=3313 for more details.

  You are using a version of the UVM library that has been compiled
  with `UVM_OBJECT_DO_NOT_NEED_CONSTRUCTOR undefined.
  See http://www.eda.org/svdb/view.php?id=3770 for more details.

      (Specify +UVM_NO_RELNOTES to turn off this notice)

----------------------------------------------
Name            Type          Size  Value     
----------------------------------------------
first_inst      class_P       -     @335      
  par_int       integral      32    'he91ad7b9
  par_address   integral      8     'h6c      
  par_string    string        10    first_inst
  cl1           class_A       -     @336      
    cl_int      integral      32    'ha       
    cl_string   string        10    first_inst
    cl_int_arr  da(integral)  10    -         
      [0]       integral      32    'h1       
      [1]       integral      32    'h2       
      [2]       integral      32    'h3       
      [3]       integral      32    'h4       
      [4]       integral      32    'h5       
      [5]       integral      32    'h6       
      [6]       integral      32    'h7       
      [7]       integral      32    'h8       
      [8]       integral      32    'h9       
      [9]       integral      32    'ha       
    logic_data  aa(int,int)   16    -         
      [1]       integral      64    'h1       
      [2]       integral      64    'h2       
      [4]       integral      64    'h4       
      [8]       integral      64    'h8       
      [16]      integral      64    'h10      
      [32]      integral      64    'h20      
      [64]      integral      64    'h40      
      [128]     integral      64    'h80      
      [256]     integral      64    'h100     
      [512]     integral      64    'h200     
      [1024]    integral      64    'h400     
      [2048]    integral      64    'h800     
      [4096]    integral      64    'h1000    
      [8192]    integral      64    'h2000    
      [16384]   integral      64    'h4000    
      [32768]   integral      64    'h8000    
  cl3           class_A       -     @337      
----------------------------------------------
-----------------------------------------------
Name            Type          Size  Value      
-----------------------------------------------
second_inst     class_P       -     @338       
  par_int       integral      32    'h0        
  par_address   integral      8     'h0        
  par_string    string        11    second_inst
  cl1           class_A       -     @339       
    cl_int      integral      32    'ha        
    cl_string   string        11    second_inst
    cl_int_arr  da(integral)  10    -          
      [0]       integral      32    'h1        
      [1]       integral      32    'h2        
      [2]       integral      32    'h3        
      [3]       integral      32    'h4        
      [4]       integral      32    'h5        
      [5]       integral      32    'h6        
      [6]       integral      32    'h7        
      [7]       integral      32    'h8        
      [8]       integral      32    'h9        
      [9]       integral      32    'ha        
    logic_data  aa(int,int)   16    -          
      [1]       integral      64    'h1        
      [2]       integral      64    'h2        
      [4]       integral      64    'h4        
      [8]       integral      64    'h8        
      [16]      integral      64    'h10       
      [32]      integral      64    'h20       
      [64]      integral      64    'h40       
      [128]     integral      64    'h80       
      [256]     integral      64    'h100      
      [512]     integral      64    'h200      
      [1024]    integral      64    'h400      
      [2048]    integral      64    'h800      
      [4096]    integral      64    'h1000     
      [8192]    integral      64    'h2000     
      [16384]   integral      64    'h4000     
      [32768]   integral      64    'h8000     
  cl3           class_A       -     @340       
-----------------------------------------------
UVM_ERROR @ 0: reporter [PCKSZ] 32 bits needed to unpack integral, yet only 24 available.
----------------------------------------------
Name            Type          Size  Value     
----------------------------------------------
second_inst     class_P       -     @338      
  par_int       integral      32    'he91ad7b9
  par_address   integral      8     'h6c      
  par_string    string        10    first_inst
  cl1           class_A       -     @339      
    cl_int      integral      32    'ha66     
    cl_string   string        9     irst_inst 
    cl_int_arr  da(integral)  10    -         
      [0]       integral      32    'h100     
      [1]       integral      32    'h200     
      [2]       integral      32    'h300     
      [3]       integral      32    'h400     
      [4]       integral      32    'h500     
      [5]       integral      32    'h600     
      [6]       integral      32    'h700     
      [7]       integral      32    'h800     
      [8]       integral      32    'h900     
      [9]       integral      32    'h0       
    logic_data  aa(int,int)   16    -         
      [1]       integral      64    'h1       
      [2]       integral      64    'h2       
      [4]       integral      64    'h4       
      [8]       integral      64    'h8       
      [16]      integral      64    'h10      
      [32]      integral      64    'h20      
      [64]      integral      64    'h40      
      [128]     integral      64    'h80      
      [256]     integral      64    'h100     
      [512]     integral      64    'h200     
      [1024]    integral      64    'h400     
      [2048]    integral      64    'h800     
      [4096]    integral      64    'h1000    
      [8192]    integral      64    'h2000    
      [16384]   integral      64    'h4000    
      [32768]   integral      64    'h8000    
  cl3           class_A       -     @340      
----------------------------------------------
           V C S   S i m u l a t i o n   R e p o r t 
Time: 0
CPU Time:      0.380 seconds;       Data structure size:   0.2Mb
Mon Nov 25 00:12:05 2019
CPU time: 3.688 seconds to compile + .202 seconds to elab + .249 seconds to link + .412 seconds in simulation
