Command: /SCRATCH/srivats/vs/new_book_examples/IEEE_version/Advanced_UVM_Topics/registers_example/run/./simv -l simv.log -ucli -do dump.do +ntb_random_seed=1 +UVM_TESTNAME=simple_reg_access_test_resdb
Chronologic VCS simulator copyright 1991-2019
Contains Synopsys proprietary information.
Compiler version P-2019.06; Runtime version P-2019.06;  Dec 12 22:48 2019
UVM_INFO /global/apps/vcs_2019.06/etc/uvm-ieee/base/uvm_root.svh(460) @ 0: reporter [UVM/RELNOTES] 
  ***********       IMPORTANT RELEASE NOTES         ************

  This implementation of the UVM Library deviates from the 1800.2-2017
  standard.  See the DEVIATIONS.md file contained in the release
  for more details.

----------------------------------------------------------------
Accellera:1800.2-2017:UVM:1.0.Synopsys

All copyright owners for this kit are listed in NOTICE.txt
All Rights Reserved Worldwide
----------------------------------------------------------------

      (Specify +UVM_NO_RELNOTES to turn off this notice)

ucli% dump -add / -depth 0
VCD+ Writer P-2019.06 Copyright (c) 1991-2019 by Synopsys Inc.
1
ucli% run
UVM_INFO @ 0: reporter [RNTST] Running test simple_reg_access_test_resdb...
UVM_INFO /global/apps/vcs_2019.06/etc/uvm-ieee/base/uvm_spell_chkr.svh(124) @ 0: reporter [UVM/CONFIGDB/SPELLCHK] include_coverage not located, did you mean mst_if|mstr_agent_cfg
UVM_INFO /global/apps/vcs_2019.06/etc/uvm-ieee/base/uvm_spell_chkr.svh(124) @ 0: reporter [UVM/CONFIGDB/SPELLCHK] include_coverage not located, did you mean mst_if|mstr_agent_cfg
UVM_INFO /global/apps/vcs_2019.06/etc/uvm-ieee/base/uvm_spell_chkr.svh(124) @ 0: reporter [UVM/CONFIGDB/SPELLCHK] include_coverage not located, did you mean mst_if|mstr_agent_cfg
UVM_INFO /global/apps/vcs_2019.06/etc/uvm-ieee/base/uvm_spell_chkr.svh(124) @ 0: reporter [UVM/CONFIGDB/SPELLCHK] include_coverage not located, did you mean mst_if|mstr_agent_cfg
UVM_INFO /global/apps/vcs_2019.06/etc/uvm-ieee/base/uvm_spell_chkr.svh(124) @ 0: reporter [UVM/CONFIGDB/SPELLCHK] include_coverage not located, did you mean mst_if|mstr_agent_cfg
UVM_INFO /global/apps/vcs_2019.06/etc/uvm-ieee/base/uvm_spell_chkr.svh(124) @ 0: reporter [UVM/CONFIGDB/SPELLCHK] include_coverage not located, did you mean mst_if|mstr_agent_cfg
UVM_INFO /global/apps/vcs_2019.06/etc/uvm-ieee/base/uvm_spell_chkr.svh(124) @ 0: reporter [UVM/CONFIGDB/SPELLCHK] include_coverage not located, did you mean mst_if|mstr_agent_cfg
UVM_INFO /global/apps/vcs_2019.06/etc/uvm-ieee/base/uvm_spell_chkr.svh(124) @ 0: reporter [UVM/CONFIGDB/SPELLCHK] include_coverage not located, did you mean mst_if|mstr_agent_cfg
UVM_INFO /global/apps/vcs_2019.06/etc/uvm-ieee/base/uvm_spell_chkr.svh(124) @ 0: reporter [UVM/CONFIGDB/SPELLCHK] include_coverage not located, did you mean mst_if|mstr_agent_cfg
UVM_INFO /global/apps/vcs_2019.06/etc/uvm-ieee/base/uvm_spell_chkr.svh(124) @ 0: reporter [UVM/CONFIGDB/SPELLCHK] include_coverage not located, did you mean mst_if|mstr_agent_cfg
UVM_INFO /global/apps/vcs_2019.06/etc/uvm-ieee/base/uvm_spell_chkr.svh(124) @ 0: reporter [UVM/CONFIGDB/SPELLCHK] include_coverage not located, did you mean mst_if|mstr_agent_cfg
UVM_INFO /global/apps/vcs_2019.06/etc/uvm-ieee/base/uvm_spell_chkr.svh(124) @ 0: reporter [UVM/CONFIGDB/SPELLCHK] include_coverage not located, did you mean mst_if|mstr_agent_cfg
UVM_INFO /global/apps/vcs_2019.06/etc/uvm-ieee/base/uvm_spell_chkr.svh(124) @ 0: reporter [UVM/CONFIGDB/SPELLCHK] include_coverage not located, did you mean mst_if|mstr_agent_cfg
UVM_INFO /global/apps/vcs_2019.06/etc/uvm-ieee/base/uvm_spell_chkr.svh(124) @ 0: reporter [UVM/CONFIGDB/SPELLCHK] include_coverage not located, did you mean mst_if|mstr_agent_cfg
UVM_INFO /global/apps/vcs_2019.06/etc/uvm-ieee/base/uvm_spell_chkr.svh(124) @ 0: reporter [UVM/CONFIGDB/SPELLCHK] include_coverage not located, did you mean mst_if|mstr_agent_cfg
UVM_INFO /global/apps/vcs_2019.06/etc/uvm-ieee/base/uvm_spell_chkr.svh(124) @ 0: reporter [UVM/CONFIGDB/SPELLCHK] include_coverage not located, did you mean mst_if|mstr_agent_cfg
UVM_INFO /global/apps/vcs_2019.06/etc/uvm-ieee/base/uvm_spell_chkr.svh(124) @ 0: reporter [UVM/CONFIGDB/SPELLCHK] include_coverage not located, did you mean mst_if|mstr_agent_cfg
UVM_INFO /global/apps/vcs_2019.06/etc/uvm-ieee/base/uvm_spell_chkr.svh(124) @ 0: reporter [UVM/CONFIGDB/SPELLCHK] include_coverage not located, did you mean mst_if|mstr_agent_cfg
UVM_INFO /global/apps/vcs_2019.06/etc/uvm-ieee/base/uvm_spell_chkr.svh(124) @ 0: reporter [UVM/CONFIGDB/SPELLCHK] include_coverage not located, did you mean mst_if|mstr_agent_cfg
UVM_INFO /global/apps/vcs_2019.06/etc/uvm-ieee/base/uvm_spell_chkr.svh(124) @ 0: reporter [UVM/CONFIGDB/SPELLCHK] include_coverage not located, did you mean mst_if|mstr_agent_cfg
UVM_INFO /global/apps/vcs_2019.06/etc/uvm-ieee/base/uvm_spell_chkr.svh(124) @ 0: reporter [UVM/CONFIGDB/SPELLCHK] include_coverage not located, did you mean mst_if|mstr_agent_cfg
UVM_INFO /global/apps/vcs_2019.06/etc/uvm-ieee/base/uvm_spell_chkr.svh(124) @ 0: reporter [UVM/CONFIGDB/SPELLCHK] include_coverage not located, did you mean mst_if|mstr_agent_cfg
UVM_INFO /global/apps/vcs_2019.06/etc/uvm-ieee/base/uvm_spell_chkr.svh(124) @ 0: reporter [UVM/CONFIGDB/SPELLCHK] include_coverage not located, did you mean mst_if|mstr_agent_cfg
UVM_INFO /global/apps/vcs_2019.06/etc/uvm-ieee/base/uvm_spell_chkr.svh(124) @ 0: reporter [UVM/CONFIGDB/SPELLCHK] include_coverage not located, did you mean mst_if|mstr_agent_cfg
UVM_INFO /global/apps/vcs_2019.06/etc/uvm-ieee/base/uvm_spell_chkr.svh(124) @ 0: reporter [UVM/CONFIGDB/SPELLCHK] include_coverage not located, did you mean mst_if|mstr_agent_cfg
UVM_INFO /global/apps/vcs_2019.06/etc/uvm-ieee/base/uvm_spell_chkr.svh(124) @ 0: reporter [UVM/CONFIGDB/SPELLCHK] include_coverage not located, did you mean mst_if|mstr_agent_cfg
UVM_INFO /global/apps/vcs_2019.06/etc/uvm-ieee/base/uvm_spell_chkr.svh(124) @ 0: reporter [UVM/CONFIGDB/SPELLCHK] include_coverage not located, did you mean mst_if|mstr_agent_cfg
UVM_INFO /global/apps/vcs_2019.06/etc/uvm-ieee/base/uvm_spell_chkr.svh(124) @ 0: reporter [UVM/CONFIGDB/SPELLCHK] include_coverage not located, did you mean mst_if|mstr_agent_cfg
UVM_INFO /global/apps/vcs_2019.06/etc/uvm-ieee/base/uvm_spell_chkr.svh(124) @ 0: reporter [UVM/CONFIGDB/SPELLCHK] include_coverage not located, did you mean mst_if|mstr_agent_cfg
UVM_INFO /global/apps/vcs_2019.06/etc/uvm-ieee/base/uvm_spell_chkr.svh(124) @ 0: reporter [UVM/CONFIGDB/SPELLCHK] include_coverage not located, did you mean mst_if|mstr_agent_cfg
UVM_INFO /global/apps/vcs_2019.06/etc/uvm-ieee/base/uvm_spell_chkr.svh(124) @ 0: reporter [UVM/CONFIGDB/SPELLCHK] include_coverage not located, did you mean mst_if|mstr_agent_cfg
UVM_WARNING /global/apps/vcs_2019.06/etc/uvm-ieee/reg/uvm_reg_map.svh(1309) @ 0: reporter [RegModel] map 'uvm_reg_map' does not seem to be initialized correctly, check that the top register model is locked()
UVM_WARNING /global/apps/vcs_2019.06/etc/uvm-ieee/reg/uvm_reg_map.svh(1309) @ 0: reporter [RegModel] map 'uvm_reg_map' does not seem to be initialized correctly, check that the top register model is locked()
UVM_WARNING /global/apps/vcs_2019.06/etc/uvm-ieee/reg/uvm_reg_map.svh(1309) @ 0: reporter [RegModel] map 'uvm_reg_map' does not seem to be initialized correctly, check that the top register model is locked()
UVM_WARNING /global/apps/vcs_2019.06/etc/uvm-ieee/reg/uvm_reg_map.svh(1309) @ 0: reporter [RegModel] map 'uvm_reg_map' does not seem to be initialized correctly, check that the top register model is locked()
UVM_WARNING /global/apps/vcs_2019.06/etc/uvm-ieee/reg/uvm_reg_map.svh(1309) @ 0: reporter [RegModel] map 'uvm_reg_map' does not seem to be initialized correctly, check that the top register model is locked()
UVM_WARNING /global/apps/vcs_2019.06/etc/uvm-ieee/reg/uvm_reg_map.svh(1309) @ 0: reporter [RegModel] map 'uvm_reg_map' does not seem to be initialized correctly, check that the top register model is locked()
UVM_WARNING /global/apps/vcs_2019.06/etc/uvm-ieee/reg/uvm_reg_map.svh(1309) @ 0: reporter [RegModel] map 'uvm_reg_map' does not seem to be initialized correctly, check that the top register model is locked()
UVM_WARNING /global/apps/vcs_2019.06/etc/uvm-ieee/reg/uvm_reg_map.svh(1309) @ 0: reporter [RegModel] map 'uvm_reg_map' does not seem to be initialized correctly, check that the top register model is locked()
UVM_WARNING /global/apps/vcs_2019.06/etc/uvm-ieee/reg/uvm_reg_map.svh(1309) @ 0: reporter [RegModel] map 'uvm_reg_map' does not seem to be initialized correctly, check that the top register model is locked()
UVM_WARNING /global/apps/vcs_2019.06/etc/uvm-ieee/reg/uvm_reg_map.svh(1309) @ 0: reporter [RegModel] map 'uvm_reg_map' does not seem to be initialized correctly, check that the top register model is locked()
UVM_WARNING /global/apps/vcs_2019.06/etc/uvm-ieee/reg/uvm_reg_map.svh(1309) @ 0: reporter [RegModel] map 'uvm_reg_map' does not seem to be initialized correctly, check that the top register model is locked()
UVM_WARNING /global/apps/vcs_2019.06/etc/uvm-ieee/reg/uvm_reg_map.svh(1309) @ 0: reporter [RegModel] map 'uvm_reg_map' does not seem to be initialized correctly, check that the top register model is locked()
UVM_WARNING /global/apps/vcs_2019.06/etc/uvm-ieee/reg/uvm_reg_map.svh(1309) @ 0: reporter [RegModel] map 'uvm_reg_map' does not seem to be initialized correctly, check that the top register model is locked()
UVM_WARNING /global/apps/vcs_2019.06/etc/uvm-ieee/reg/uvm_reg_map.svh(1309) @ 0: reporter [RegModel] map 'uvm_reg_map' does not seem to be initialized correctly, check that the top register model is locked()
UVM_WARNING /global/apps/vcs_2019.06/etc/uvm-ieee/reg/uvm_reg_map.svh(1309) @ 0: reporter [RegModel] map 'uvm_reg_map' does not seem to be initialized correctly, check that the top register model is locked()
UVM_WARNING /global/apps/vcs_2019.06/etc/uvm-ieee/reg/uvm_reg_map.svh(1309) @ 0: reporter [RegModel] map 'uvm_reg_map' does not seem to be initialized correctly, check that the top register model is locked()
UVM_WARNING /global/apps/vcs_2019.06/etc/uvm-ieee/reg/uvm_reg_map.svh(1309) @ 0: reporter [RegModel] map 'uvm_reg_map' does not seem to be initialized correctly, check that the top register model is locked()
UVM_WARNING /global/apps/vcs_2019.06/etc/uvm-ieee/reg/uvm_reg_map.svh(1309) @ 0: reporter [RegModel] map 'uvm_reg_map' does not seem to be initialized correctly, check that the top register model is locked()
UVM_WARNING /global/apps/vcs_2019.06/etc/uvm-ieee/reg/uvm_reg_map.svh(1309) @ 0: reporter [RegModel] map 'uvm_reg_map' does not seem to be initialized correctly, check that the top register model is locked()
UVM_WARNING /global/apps/vcs_2019.06/etc/uvm-ieee/reg/uvm_reg_map.svh(1309) @ 0: reporter [RegModel] map 'uvm_reg_map' does not seem to be initialized correctly, check that the top register model is locked()
UVM_WARNING /global/apps/vcs_2019.06/etc/uvm-ieee/reg/uvm_reg_map.svh(1309) @ 0: reporter [RegModel] map 'uvm_reg_map' does not seem to be initialized correctly, check that the top register model is locked()
UVM_WARNING /global/apps/vcs_2019.06/etc/uvm-ieee/reg/uvm_reg_map.svh(1309) @ 0: reporter [RegModel] map 'uvm_reg_map' does not seem to be initialized correctly, check that the top register model is locked()
UVM_WARNING /global/apps/vcs_2019.06/etc/uvm-ieee/reg/uvm_reg_map.svh(1309) @ 0: reporter [RegModel] map 'uvm_reg_map' does not seem to be initialized correctly, check that the top register model is locked()
UVM_WARNING /global/apps/vcs_2019.06/etc/uvm-ieee/reg/uvm_reg_map.svh(1309) @ 0: reporter [RegModel] map 'uvm_reg_map' does not seem to be initialized correctly, check that the top register model is locked()
UVM_WARNING /global/apps/vcs_2019.06/etc/uvm-ieee/reg/uvm_reg_map.svh(1309) @ 0: reporter [RegModel] map 'uvm_reg_map' does not seem to be initialized correctly, check that the top register model is locked()
UVM_WARNING /global/apps/vcs_2019.06/etc/uvm-ieee/reg/uvm_reg_map.svh(1309) @ 0: reporter [RegModel] map 'uvm_reg_map' does not seem to be initialized correctly, check that the top register model is locked()
UVM_WARNING /global/apps/vcs_2019.06/etc/uvm-ieee/reg/uvm_reg_map.svh(1309) @ 0: reporter [RegModel] map 'uvm_reg_map' does not seem to be initialized correctly, check that the top register model is locked()
UVM_WARNING /global/apps/vcs_2019.06/etc/uvm-ieee/reg/uvm_reg_map.svh(1309) @ 0: reporter [RegModel] map 'uvm_reg_map' does not seem to be initialized correctly, check that the top register model is locked()
UVM_WARNING /global/apps/vcs_2019.06/etc/uvm-ieee/reg/uvm_reg_map.svh(1309) @ 0: reporter [RegModel] map 'uvm_reg_map' does not seem to be initialized correctly, check that the top register model is locked()
UVM_WARNING /global/apps/vcs_2019.06/etc/uvm-ieee/reg/uvm_reg_map.svh(1309) @ 0: reporter [RegModel] map 'uvm_reg_map' does not seem to be initialized correctly, check that the top register model is locked()
UVM_WARNING /global/apps/vcs_2019.06/etc/uvm-ieee/reg/uvm_reg_map.svh(1309) @ 0: reporter [RegModel] map 'uvm_reg_map' does not seem to be initialized correctly, check that the top register model is locked()
UVM_WARNING /global/apps/vcs_2019.06/etc/uvm-ieee/reg/uvm_reg_map.svh(1309) @ 0: reporter [RegModel] map 'uvm_reg_map' does not seem to be initialized correctly, check that the top register model is locked()
UVM_WARNING /global/apps/vcs_2019.06/etc/uvm-ieee/reg/uvm_reg_map.svh(1309) @ 0: reporter [RegModel] map 'uvm_reg_map' does not seem to be initialized correctly, check that the top register model is locked()
UVM_WARNING /global/apps/vcs_2019.06/etc/uvm-ieee/reg/uvm_reg_map.svh(1309) @ 0: reporter [RegModel] map 'uvm_reg_map' does not seem to be initialized correctly, check that the top register model is locked()
UVM_WARNING /global/apps/vcs_2019.06/etc/uvm-ieee/reg/uvm_reg_map.svh(1309) @ 0: reporter [RegModel] map 'uvm_reg_map' does not seem to be initialized correctly, check that the top register model is locked()
UVM_WARNING /global/apps/vcs_2019.06/etc/uvm-ieee/reg/uvm_reg_map.svh(1309) @ 0: reporter [RegModel] map 'uvm_reg_map' does not seem to be initialized correctly, check that the top register model is locked()
UVM_WARNING /global/apps/vcs_2019.06/etc/uvm-ieee/reg/uvm_reg_map.svh(1309) @ 0: reporter [RegModel] map 'uvm_reg_map' does not seem to be initialized correctly, check that the top register model is locked()
UVM_WARNING /global/apps/vcs_2019.06/etc/uvm-ieee/reg/uvm_reg_map.svh(1309) @ 0: reporter [RegModel] map 'uvm_reg_map' does not seem to be initialized correctly, check that the top register model is locked()
UVM_WARNING /global/apps/vcs_2019.06/etc/uvm-ieee/reg/uvm_reg_map.svh(1309) @ 0: reporter [RegModel] map 'uvm_reg_map' does not seem to be initialized correctly, check that the top register model is locked()
UVM_WARNING /global/apps/vcs_2019.06/etc/uvm-ieee/reg/uvm_reg_map.svh(1309) @ 0: reporter [RegModel] map 'uvm_reg_map' does not seem to be initialized correctly, check that the top register model is locked()
UVM_WARNING /global/apps/vcs_2019.06/etc/uvm-ieee/reg/uvm_reg_map.svh(1309) @ 0: reporter [RegModel] map 'uvm_reg_map' does not seem to be initialized correctly, check that the top register model is locked()
UVM_WARNING /global/apps/vcs_2019.06/etc/uvm-ieee/reg/uvm_reg_map.svh(1309) @ 0: reporter [RegModel] map 'uvm_reg_map' does not seem to be initialized correctly, check that the top register model is locked()
UVM_WARNING /global/apps/vcs_2019.06/etc/uvm-ieee/reg/uvm_reg_map.svh(1309) @ 0: reporter [RegModel] map 'uvm_reg_map' does not seem to be initialized correctly, check that the top register model is locked()
UVM_WARNING /global/apps/vcs_2019.06/etc/uvm-ieee/reg/uvm_reg_map.svh(1309) @ 0: reporter [RegModel] map 'uvm_reg_map' does not seem to be initialized correctly, check that the top register model is locked()
UVM_WARNING /global/apps/vcs_2019.06/etc/uvm-ieee/reg/uvm_reg_map.svh(1309) @ 0: reporter [RegModel] map 'uvm_reg_map' does not seem to be initialized correctly, check that the top register model is locked()
UVM_WARNING /global/apps/vcs_2019.06/etc/uvm-ieee/reg/uvm_reg_map.svh(1309) @ 0: reporter [RegModel] map 'uvm_reg_map' does not seem to be initialized correctly, check that the top register model is locked()
UVM_WARNING /global/apps/vcs_2019.06/etc/uvm-ieee/reg/uvm_reg_map.svh(1309) @ 0: reporter [RegModel] map 'uvm_reg_map' does not seem to be initialized correctly, check that the top register model is locked()
UVM_WARNING /global/apps/vcs_2019.06/etc/uvm-ieee/reg/uvm_reg_map.svh(1309) @ 0: reporter [RegModel] map 'uvm_reg_map' does not seem to be initialized correctly, check that the top register model is locked()
UVM_WARNING /global/apps/vcs_2019.06/etc/uvm-ieee/reg/uvm_reg_map.svh(1309) @ 0: reporter [RegModel] map 'uvm_reg_map' does not seem to be initialized correctly, check that the top register model is locked()
UVM_WARNING /global/apps/vcs_2019.06/etc/uvm-ieee/reg/uvm_reg_map.svh(1309) @ 0: reporter [RegModel] map 'uvm_reg_map' does not seem to be initialized correctly, check that the top register model is locked()
UVM_WARNING /global/apps/vcs_2019.06/etc/uvm-ieee/reg/uvm_reg_map.svh(1309) @ 0: reporter [RegModel] map 'uvm_reg_map' does not seem to be initialized correctly, check that the top register model is locked()
UVM_WARNING /global/apps/vcs_2019.06/etc/uvm-ieee/reg/uvm_reg_map.svh(1309) @ 0: reporter [RegModel] map 'uvm_reg_map' does not seem to be initialized correctly, check that the top register model is locked()
UVM_WARNING /global/apps/vcs_2019.06/etc/uvm-ieee/reg/uvm_reg_map.svh(1309) @ 0: reporter [RegModel] map 'uvm_reg_map' does not seem to be initialized correctly, check that the top register model is locked()
UVM_WARNING /global/apps/vcs_2019.06/etc/uvm-ieee/reg/uvm_reg_map.svh(1309) @ 0: reporter [RegModel] map 'uvm_reg_map' does not seem to be initialized correctly, check that the top register model is locked()
UVM_WARNING /global/apps/vcs_2019.06/etc/uvm-ieee/reg/uvm_reg_map.svh(1309) @ 0: reporter [RegModel] map 'uvm_reg_map' does not seem to be initialized correctly, check that the top register model is locked()
UVM_WARNING /global/apps/vcs_2019.06/etc/uvm-ieee/reg/uvm_reg_map.svh(1309) @ 0: reporter [RegModel] map 'uvm_reg_map' does not seem to be initialized correctly, check that the top register model is locked()
UVM_WARNING /global/apps/vcs_2019.06/etc/uvm-ieee/reg/uvm_reg_map.svh(1309) @ 0: reporter [RegModel] map 'uvm_reg_map' does not seem to be initialized correctly, check that the top register model is locked()
UVM_WARNING /global/apps/vcs_2019.06/etc/uvm-ieee/reg/uvm_reg_map.svh(1309) @ 0: reporter [RegModel] map 'uvm_reg_map' does not seem to be initialized correctly, check that the top register model is locked()
UVM_WARNING /global/apps/vcs_2019.06/etc/uvm-ieee/reg/uvm_reg_map.svh(1309) @ 0: reporter [RegModel] map 'uvm_reg_map' does not seem to be initialized correctly, check that the top register model is locked()
UVM_WARNING /global/apps/vcs_2019.06/etc/uvm-ieee/reg/uvm_reg_map.svh(1309) @ 0: reporter [RegModel] map 'uvm_reg_map' does not seem to be initialized correctly, check that the top register model is locked()
UVM_WARNING /global/apps/vcs_2019.06/etc/uvm-ieee/reg/uvm_reg_map.svh(1309) @ 0: reporter [RegModel] map 'uvm_reg_map' does not seem to be initialized correctly, check that the top register model is locked()
UVM_WARNING /global/apps/vcs_2019.06/etc/uvm-ieee/reg/uvm_reg_map.svh(1309) @ 0: reporter [RegModel] map 'uvm_reg_map' does not seem to be initialized correctly, check that the top register model is locked()
-----------------------------------------------------------------------------------------------------------
Name                  Type                                     Size  Value                                 
-----------------------------------------------------------------------------------------------------------
regmodel              ral_block_simple_ral_env                 -     @212                                  
  r_RW_register       ral_reg_simple_ral_env_r_RW_register     -     @234                                  
    r_RW_field        uvm_reg_field                            ...    RW r_RW_register[14:0]=15'h0000      
  CHIP_ID             ral_reg_simple_ral_env_CHIP_ID           -     @218                                  
    REVISION_ID       uvm_reg_field                            ...    RO CHIP_ID[37:0]=38'h0000000000      
    CHIP_ID           uvm_reg_field                            ...    RO CHIP_ID[45:38]=8'h00              
    PRODUCT_ID        uvm_reg_field                            ...    RO CHIP_ID[55:46]=10'h000            
  r_RO_register       ral_reg_simple_ral_env_r_RO_register     -     @227                                  
    r_RO_field        uvm_reg_field                            ...    RO r_RO_register[14:0]=15'h0000      
  r_RC_register       ral_reg_simple_ral_env_r_RC_register     -     @241                                  
    r_RC_field        uvm_reg_field                            ...    RC r_RC_register[14:0]=15'h0000      
  r_RS_register       ral_reg_simple_ral_env_r_RS_register     -     @248                                  
    r_RS_field        uvm_reg_field                            ...    RS r_RS_register[14:0]=15'h0000      
  r_WRC_register      ral_reg_simple_ral_env_r_WRC_register    -     @255                                  
    r_WRC_field       uvm_reg_field                            ...    WRC r_WRC_register[14:0]=15'h0000    
  r_WRS_register      ral_reg_simple_ral_env_r_WRS_register    -     @262                                  
    r_WRS_field       uvm_reg_field                            ...    WRS r_WRS_register[14:0]=15'h0000    
  r_WC_register       ral_reg_simple_ral_env_r_WC_register     -     @269                                  
    r_WC_field        uvm_reg_field                            ...    WC r_WC_register[14:0]=15'h0000      
  r_WS_register       ral_reg_simple_ral_env_r_WS_register     -     @276                                  
    r_WS_field        uvm_reg_field                            ...    WS r_WS_register[14:0]=15'h0000      
  r_WSRC_register     ral_reg_simple_ral_env_r_WSRC_register   -     @283                                  
    r_WSRC_field      uvm_reg_field                            ...    WSRC r_WSRC_register[14:0]=15'h0000  
  r_WCRS_register     ral_reg_simple_ral_env_r_WCRS_register   -     @290                                  
    r_WCRS_field      uvm_reg_field                            ...    WCRS r_WCRS_register[14:0]=15'h0000  
  r_W1C_register      ral_reg_simple_ral_env_r_W1C_register    -     @297                                  
    r_W1C_field       uvm_reg_field                            ...    W1C r_W1C_register[14:0]=15'h0000    
  r_W1S_register      ral_reg_simple_ral_env_r_W1S_register    -     @304                                  
    r_W1S_field       uvm_reg_field                            ...    W1S r_W1S_register[14:0]=15'h0000    
  r_W1T_register      ral_reg_simple_ral_env_r_W1T_register    -     @311                                  
    r_W1T_field       uvm_reg_field                            ...    W1T r_W1T_register[14:0]=15'h0000    
  r_W0C_register      ral_reg_simple_ral_env_r_W0C_register    -     @318                                  
    r_W0C_field       uvm_reg_field                            ...    W0C r_W0C_register[14:0]=15'h0000    
  r_W0S_register      ral_reg_simple_ral_env_r_W0S_register    -     @325                                  
    r_W0S_field       uvm_reg_field                            ...    W0S r_W0S_register[14:0]=15'h0000    
  r_W0T_register      ral_reg_simple_ral_env_r_W0T_register    -     @332                                  
    r_W0T_field       uvm_reg_field                            ...    W0T r_W0T_register[14:0]=15'h0000    
  r_W1SRC_register    ral_reg_simple_ral_env_r_W1SRC_register  -     @339                                  
    r_W1SRC_field     uvm_reg_field                            ...    W1SRC r_W1SRC_register[14:0]=15'h0000
  r_W1CRS_register    ral_reg_simple_ral_env_r_W1CRS_register  -     @346                                  
    r_W1CRS_field     uvm_reg_field                            ...    W1CRS r_W1CRS_register[14:0]=15'h0000
  r_W0SRC_register    ral_reg_simple_ral_env_r_W0SRC_register  -     @353                                  
    r_W0SRC_field     uvm_reg_field                            ...    W0SRC r_W0SRC_register[14:0]=15'h0000
  r_W0CRS_register    ral_reg_simple_ral_env_r_W0CRS_register  -     @360                                  
    r_W0CRS_field     uvm_reg_field                            ...    W0CRS r_W0CRS_register[14:0]=15'h0000
  r_WO_register       ral_reg_simple_ral_env_r_WO_register     -     @367                                  
    r_WO_field        uvm_reg_field                            ...    WO r_WO_register[14:0]=15'h0000      
  r_WOC_register      ral_reg_simple_ral_env_r_WOC_register    -     @374                                  
    r_WOC_field       uvm_reg_field                            ...    W0C r_WOC_register[14:0]=15'h0000    
  r_WOS_register      ral_reg_simple_ral_env_r_WOS_register    -     @381                                  
    r_WOS_field       uvm_reg_field                            ...    W0S r_WOS_register[14:0]=15'h0000    
  r_W1_register       ral_reg_simple_ral_env_r_W1_register     -     @388                                  
    r_W1_field        uvm_reg_field                            ...    W1 r_W1_register[14:0]=15'h0000      
  r_WO1_register      ral_reg_simple_ral_env_r_WO1_register    -     @395                                  
    r_WO1_field       uvm_reg_field                            ...    WO1 r_WO1_register[14:0]=15'h0000    
  r_aliased_1         ral_reg_simple_ral_env_r_aliased_1       -     @402                                  
    r_aliased_1       uvm_reg_field                            ...    RW r_aliased_1[14:0]=15'h0000        
  r_aliased_2         ral_reg_simple_ral_env_r_aliased_2       -     @408                                  
    r_aliased_2       uvm_reg_field                            ...    RO r_aliased_2[14:0]=15'h0000        
  master_index        ral_reg_simple_ral_env_master_index      -     @414                                  
    master_index      uvm_reg_field                            ...    RW master_index[14:0]=15'h0000       
  master_data         ral_reg_simple_ral_env_master_data       -     @420                                  
    field_data        uvm_reg_field                            ...    RW master_data[31:0]=32'h00000000    
  uvm_reg_map         uvm_reg_map                              -     @214                                  
    endian                                                     ...   UVM_LITTLE_ENDIAN                     
    n_bytes           integral                                 64    'd4                                   
    byte addressing   integral                                 64    'd0                                   
    r_RW_register     ral_reg_simple_ral_env_r_RW_register     ...   @234 +'h0                             
    CHIP_ID           ral_reg_simple_ral_env_CHIP_ID           ...   @218 +'h0                             
    r_RO_register     ral_reg_simple_ral_env_r_RO_register     ...   @227 +'h0                             
    r_RC_register     ral_reg_simple_ral_env_r_RC_register     ...   @241 +'h0                             
    r_RS_register     ral_reg_simple_ral_env_r_RS_register     ...   @248 +'h0                             
    r_WRC_register    ral_reg_simple_ral_env_r_WRC_register    ...   @255 +'h0                             
    r_WRS_register    ral_reg_simple_ral_env_r_WRS_register    ...   @262 +'h0                             
    r_WC_register     ral_reg_simple_ral_env_r_WC_register     ...   @269 +'h0                             
    r_WS_register     ral_reg_simple_ral_env_r_WS_register     ...   @276 +'h0                             
    r_WSRC_register   ral_reg_simple_ral_env_r_WSRC_register   ...   @283 +'h0                             
    r_WCRS_register   ral_reg_simple_ral_env_r_WCRS_register   ...   @290 +'h0                             
    r_W1C_register    ral_reg_simple_ral_env_r_W1C_register    ...   @297 +'h0                             
    r_W1S_register    ral_reg_simple_ral_env_r_W1S_register    ...   @304 +'h0                             
    r_W1T_register    ral_reg_simple_ral_env_r_W1T_register    ...   @311 +'h0                             
    r_W0C_register    ral_reg_simple_ral_env_r_W0C_register    ...   @318 +'h0                             
    r_W0S_register    ral_reg_simple_ral_env_r_W0S_register    ...   @325 +'h0                             
    r_W0T_register    ral_reg_simple_ral_env_r_W0T_register    ...   @332 +'h0                             
    r_W1SRC_register  ral_reg_simple_ral_env_r_W1SRC_register  ...   @339 +'h0                             
    r_W1CRS_register  ral_reg_simple_ral_env_r_W1CRS_register  ...   @346 +'h0                             
    r_W0SRC_register  ral_reg_simple_ral_env_r_W0SRC_register  ...   @353 +'h0                             
    r_W0CRS_register  ral_reg_simple_ral_env_r_W0CRS_register  ...   @360 +'h0                             
    r_WO_register     ral_reg_simple_ral_env_r_WO_register     ...   @367 +'h0                             
    r_WOC_register    ral_reg_simple_ral_env_r_WOC_register    ...   @374 +'h0                             
    r_WOS_register    ral_reg_simple_ral_env_r_WOS_register    ...   @381 +'h0                             
    r_W1_register     ral_reg_simple_ral_env_r_W1_register     ...   @388 +'h0                             
    r_WO1_register    ral_reg_simple_ral_env_r_WO1_register    ...   @395 +'h0                             
    r_aliased_1       ral_reg_simple_ral_env_r_aliased_1       ...   @402 +'h0                             
    r_aliased_2       ral_reg_simple_ral_env_r_aliased_2       ...   @408 +'h0                             
    master_index      ral_reg_simple_ral_env_master_index      ...   @414 +'h0                             
    master_data       ral_reg_simple_ral_env_master_data       ...   @420 +'h0                             
-----------------------------------------------------------------------------------------------------------
--------------------------------------------------------------------------------------------------------------
Name                     Type                                     Size  Value                                 
--------------------------------------------------------------------------------------------------------------
regmodel                 ral_block_simple_ral_env                 -     @212                                  
  r_RW_register          ral_reg_simple_ral_env_r_RW_register     -     @234                                  
    r_RW_field           uvm_reg_field                            ...    RW r_RW_register[14:0]=15'h0000      
  CHIP_ID                ral_reg_simple_ral_env_CHIP_ID           -     @218                                  
    REVISION_ID          uvm_reg_field                            ...    RO CHIP_ID[37:0]=38'h0000000000      
    CHIP_ID              uvm_reg_field                            ...    RO CHIP_ID[45:38]=8'h00              
    PRODUCT_ID           uvm_reg_field                            ...    RO CHIP_ID[55:46]=10'h000            
  r_RO_register          ral_reg_simple_ral_env_r_RO_register     -     @227                                  
    r_RO_field           uvm_reg_field                            ...    RO r_RO_register[14:0]=15'h0000      
  r_RC_register          ral_reg_simple_ral_env_r_RC_register     -     @241                                  
    r_RC_field           uvm_reg_field                            ...    RC r_RC_register[14:0]=15'h0000      
  r_RS_register          ral_reg_simple_ral_env_r_RS_register     -     @248                                  
    r_RS_field           uvm_reg_field                            ...    RS r_RS_register[14:0]=15'h0000      
  r_WRC_register         ral_reg_simple_ral_env_r_WRC_register    -     @255                                  
    r_WRC_field          uvm_reg_field                            ...    WRC r_WRC_register[14:0]=15'h0000    
  r_WRS_register         ral_reg_simple_ral_env_r_WRS_register    -     @262                                  
    r_WRS_field          uvm_reg_field                            ...    WRS r_WRS_register[14:0]=15'h0000    
  r_WC_register          ral_reg_simple_ral_env_r_WC_register     -     @269                                  
    r_WC_field           uvm_reg_field                            ...    WC r_WC_register[14:0]=15'h0000      
  r_WS_register          ral_reg_simple_ral_env_r_WS_register     -     @276                                  
    r_WS_field           uvm_reg_field                            ...    WS r_WS_register[14:0]=15'h0000      
  r_WSRC_register        ral_reg_simple_ral_env_r_WSRC_register   -     @283                                  
    r_WSRC_field         uvm_reg_field                            ...    WSRC r_WSRC_register[14:0]=15'h0000  
  r_WCRS_register        ral_reg_simple_ral_env_r_WCRS_register   -     @290                                  
    r_WCRS_field         uvm_reg_field                            ...    WCRS r_WCRS_register[14:0]=15'h0000  
  r_W1C_register         ral_reg_simple_ral_env_r_W1C_register    -     @297                                  
    r_W1C_field          uvm_reg_field                            ...    W1C r_W1C_register[14:0]=15'h0000    
  r_W1S_register         ral_reg_simple_ral_env_r_W1S_register    -     @304                                  
    r_W1S_field          uvm_reg_field                            ...    W1S r_W1S_register[14:0]=15'h0000    
  r_W1T_register         ral_reg_simple_ral_env_r_W1T_register    -     @311                                  
    r_W1T_field          uvm_reg_field                            ...    W1T r_W1T_register[14:0]=15'h0000    
  r_W0C_register         ral_reg_simple_ral_env_r_W0C_register    -     @318                                  
    r_W0C_field          uvm_reg_field                            ...    W0C r_W0C_register[14:0]=15'h0000    
  r_W0S_register         ral_reg_simple_ral_env_r_W0S_register    -     @325                                  
    r_W0S_field          uvm_reg_field                            ...    W0S r_W0S_register[14:0]=15'h0000    
  r_W0T_register         ral_reg_simple_ral_env_r_W0T_register    -     @332                                  
    r_W0T_field          uvm_reg_field                            ...    W0T r_W0T_register[14:0]=15'h0000    
  r_W1SRC_register       ral_reg_simple_ral_env_r_W1SRC_register  -     @339                                  
    r_W1SRC_field        uvm_reg_field                            ...    W1SRC r_W1SRC_register[14:0]=15'h0000
  r_W1CRS_register       ral_reg_simple_ral_env_r_W1CRS_register  -     @346                                  
    r_W1CRS_field        uvm_reg_field                            ...    W1CRS r_W1CRS_register[14:0]=15'h0000
  r_W0SRC_register       ral_reg_simple_ral_env_r_W0SRC_register  -     @353                                  
    r_W0SRC_field        uvm_reg_field                            ...    W0SRC r_W0SRC_register[14:0]=15'h0000
  r_W0CRS_register       ral_reg_simple_ral_env_r_W0CRS_register  -     @360                                  
    r_W0CRS_field        uvm_reg_field                            ...    W0CRS r_W0CRS_register[14:0]=15'h0000
  r_WO_register          ral_reg_simple_ral_env_r_WO_register     -     @367                                  
    r_WO_field           uvm_reg_field                            ...    WO r_WO_register[14:0]=15'h0000      
  r_WOC_register         ral_reg_simple_ral_env_r_WOC_register    -     @374                                  
    r_WOC_field          uvm_reg_field                            ...    W0C r_WOC_register[14:0]=15'h0000    
  r_WOS_register         ral_reg_simple_ral_env_r_WOS_register    -     @381                                  
    r_WOS_field          uvm_reg_field                            ...    W0S r_WOS_register[14:0]=15'h0000    
  r_W1_register          ral_reg_simple_ral_env_r_W1_register     -     @388                                  
    r_W1_field           uvm_reg_field                            ...    W1 r_W1_register[14:0]=15'h0000      
  r_WO1_register         ral_reg_simple_ral_env_r_WO1_register    -     @395                                  
    r_WO1_field          uvm_reg_field                            ...    WO1 r_WO1_register[14:0]=15'h0000    
  r_aliased_1            ral_reg_simple_ral_env_r_aliased_1       -     @402                                  
    r_aliased_1          uvm_reg_field                            ...    RW r_aliased_1[14:0]=15'h0000        
  r_aliased_2            ral_reg_simple_ral_env_r_aliased_2       -     @408                                  
    r_aliased_2          uvm_reg_field                            ...    RO r_aliased_2[14:0]=15'h0000        
  master_index           ral_reg_simple_ral_env_master_index      -     @414                                  
    master_index         uvm_reg_field                            ...    RW master_index[14:0]=15'h0000       
  master_data            ral_reg_simple_ral_env_master_data       -     @420                                  
    field_data           uvm_reg_field                            ...    RW master_data[31:0]=32'h00000000    
  uvm_reg_map            uvm_reg_map                              -     @214                                  
    endian                                                        ...   UVM_LITTLE_ENDIAN                     
    n_bytes              integral                                 64    'd4                                   
    byte addressing      integral                                 64    'd0                                   
    effective sequencer  wb_ral_sequencer                         ...   uvm_test_top.env.master_agent.mast_sqr
    r_RW_register        ral_reg_simple_ral_env_r_RW_register     ...   @234 +'h10                            
    CHIP_ID              ral_reg_simple_ral_env_CHIP_ID           ...   @218 +'h0                             
    r_RO_register        ral_reg_simple_ral_env_r_RO_register     ...   @227 +'hc                             
    r_RC_register        ral_reg_simple_ral_env_r_RC_register     ...   @241 +'h14                            
    r_RS_register        ral_reg_simple_ral_env_r_RS_register     ...   @248 +'h18                            
    r_WRC_register       ral_reg_simple_ral_env_r_WRC_register    ...   @255 +'h1c                            
    r_WRS_register       ral_reg_simple_ral_env_r_WRS_register    ...   @262 +'h20                            
    r_WC_register        ral_reg_simple_ral_env_r_WC_register     ...   @269 +'h24                            
    r_WS_register        ral_reg_simple_ral_env_r_WS_register     ...   @276 +'h28                            
    r_WSRC_register      ral_reg_simple_ral_env_r_WSRC_register   ...   @283 +'h2c                            
    r_WCRS_register      ral_reg_simple_ral_env_r_WCRS_register   ...   @290 +'h30                            
    r_W1C_register       ral_reg_simple_ral_env_r_W1C_register    ...   @297 +'h34                            
    r_W1S_register       ral_reg_simple_ral_env_r_W1S_register    ...   @304 +'h38                            
    r_W1T_register       ral_reg_simple_ral_env_r_W1T_register    ...   @311 +'h3c                            
    r_W0C_register       ral_reg_simple_ral_env_r_W0C_register    ...   @318 +'h40                            
    r_W0S_register       ral_reg_simple_ral_env_r_W0S_register    ...   @325 +'h44                            
    r_W0T_register       ral_reg_simple_ral_env_r_W0T_register    ...   @332 +'h48                            
    r_W1SRC_register     ral_reg_simple_ral_env_r_W1SRC_register  ...   @339 +'h4c                            
    r_W1CRS_register     ral_reg_simple_ral_env_r_W1CRS_register  ...   @346 +'h50                            
    r_W0SRC_register     ral_reg_simple_ral_env_r_W0SRC_register  ...   @353 +'h54                            
    r_W0CRS_register     ral_reg_simple_ral_env_r_W0CRS_register  ...   @360 +'h58                            
    r_WO_register        ral_reg_simple_ral_env_r_WO_register     ...   @367 +'h5c                            
    r_WOC_register       ral_reg_simple_ral_env_r_WOC_register    ...   @374 +'h60                            
    r_WOS_register       ral_reg_simple_ral_env_r_WOS_register    ...   @381 +'h64                            
    r_W1_register        ral_reg_simple_ral_env_r_W1_register     ...   @388 +'h68                            
    r_WO1_register       ral_reg_simple_ral_env_r_WO1_register    ...   @395 +'h6c                            
    r_aliased_1          ral_reg_simple_ral_env_r_aliased_1       ...   @402 +'h70                            
    r_aliased_2          ral_reg_simple_ral_env_r_aliased_2       ...   @408 +'h74                            
    master_index         ral_reg_simple_ral_env_master_index      ...   @414 +'h78                            
    master_data          ral_reg_simple_ral_env_master_data       ...   @420 +'h7c                            
--------------------------------------------------------------------------------------------------------------
This path is simple_ral_env_top.dut           0

Error-[NOA] Null object access
../src/wb_master_mon.sv, 112
  The object at dereference depth 1 is being used before it was 
  constructed/allocated.
  Please make sure that the object is allocated before using it. 
  
  #0 in \wb_master_mon::master_monitor_task  at ../src/wb_master_mon.sv:112
  #1 in \wb_master_mon::run_phase  at ../src/wb_master_mon.sv:104
  #2 in \uvm_run_phase::exec_task  at 
  /global/apps/vcs_2019.06/etc/uvm-ieee/base/uvm_common_phases.svh:220
  #3 in \uvm_task_phase::execute  at 
  /global/apps/vcs_2019.06/etc/uvm-ieee/base/uvm_task_phase.svh:144
  #4 in \uvm_phase::execute_phase  at 
  /global/apps/vcs_2019.06/etc/uvm-ieee/base/uvm_phase.svh:1433
  #5 in \uvm_phase::m_run_phases  at 
  /global/apps/vcs_2019.06/etc/uvm-ieee/base/uvm_phase.svh:2264
  #6 in \uvm_root::run_test  at 
  /global/apps/vcs_2019.06/etc/uvm-ieee/base/uvm_root.svh:576
  #7 in run_test at 
  /global/apps/vcs_2019.06/etc/uvm-ieee/base/uvm_globals.svh:57
  #8 in simple_ral_env_tb_mod at ../tests/simple_ral_env_tb_mod.sv:38
  

           V C S   S i m u l a t i o n   R e p o r t 
Time: 0 ps
CPU Time:      0.980 seconds;       Data structure size:   0.4Mb
Thu Dec 12 22:48:40 2019
