Command: vcs -sverilog -l vcs.log -ntb_opts uvm-ieee -timescale=1ns/1ps -debug_pp \
+define+UVM_NO_DEPRECATED -timescale=1ns/1ps +define+SIMPLE_RAL_ENV_TOP_PATH=simple_ral_env_top.dut \
-debug_all +incdir+../include+../src+../env+../tests+../hdl -timescale=1ns/1ps ../tests/simple_ral_env_tb_mod.sv \
../hdl/simple_ral_env_top.sv
                         Chronologic VCS (TM)
            Version P-2019.06 -- Fri Dec  6 20:56:32 2019
               Copyright (c) 1991-2019 by Synopsys Inc.
                         ALL RIGHTS RESERVED

This program is proprietary and confidential information of Synopsys Inc.
and may be used and disclosed only as authorized in a license agreement
controlling such use and disclosure.


Warning-[DEBUG_DEP] Option will be deprecated
  The option '-debug_all' will be deprecated in a future release.  Please use 
  '-debug_acc+all -debug_region+cell+encrypt' instead.

Parsing design file '/global/apps/vcs_2019.06/etc/uvm-ieee/uvm_pkg.sv'
Parsing included file '/global/apps/vcs_2019.06/etc/uvm-ieee/uvm_macros.svh'.
Parsing included file '/global/apps/vcs_2019.06/etc/uvm-ieee/macros/uvm_version_defines.svh'.
Back to file '/global/apps/vcs_2019.06/etc/uvm-ieee/uvm_macros.svh'.
Parsing included file '/global/apps/vcs_2019.06/etc/uvm-ieee/macros/uvm_global_defines.svh'.
Back to file '/global/apps/vcs_2019.06/etc/uvm-ieee/uvm_macros.svh'.
Parsing included file '/global/apps/vcs_2019.06/etc/uvm-ieee/macros/uvm_message_defines.svh'.
Back to file '/global/apps/vcs_2019.06/etc/uvm-ieee/uvm_macros.svh'.
Parsing included file '/global/apps/vcs_2019.06/etc/uvm-ieee/macros/uvm_phase_defines.svh'.
Back to file '/global/apps/vcs_2019.06/etc/uvm-ieee/uvm_macros.svh'.
Parsing included file '/global/apps/vcs_2019.06/etc/uvm-ieee/macros/uvm_printer_defines.svh'.
Back to file '/global/apps/vcs_2019.06/etc/uvm-ieee/uvm_macros.svh'.
Parsing included file '/global/apps/vcs_2019.06/etc/uvm-ieee/macros/uvm_comparer_defines.svh'.
Back to file '/global/apps/vcs_2019.06/etc/uvm-ieee/uvm_macros.svh'.
Parsing included file '/global/apps/vcs_2019.06/etc/uvm-ieee/macros/uvm_recorder_defines.svh'.
Back to file '/global/apps/vcs_2019.06/etc/uvm-ieee/uvm_macros.svh'.
Parsing included file '/global/apps/vcs_2019.06/etc/uvm-ieee/macros/uvm_resource_defines.svh'.
Back to file '/global/apps/vcs_2019.06/etc/uvm-ieee/uvm_macros.svh'.
Parsing included file '/global/apps/vcs_2019.06/etc/uvm-ieee/macros/uvm_packer_defines.svh'.
Back to file '/global/apps/vcs_2019.06/etc/uvm-ieee/uvm_macros.svh'.
Parsing included file '/global/apps/vcs_2019.06/etc/uvm-ieee/macros/uvm_copier_defines.svh'.
Back to file '/global/apps/vcs_2019.06/etc/uvm-ieee/uvm_macros.svh'.
Parsing included file '/global/apps/vcs_2019.06/etc/uvm-ieee/macros/uvm_object_defines.svh'.
Back to file '/global/apps/vcs_2019.06/etc/uvm-ieee/uvm_macros.svh'.
Parsing included file '/global/apps/vcs_2019.06/etc/uvm-ieee/macros/uvm_tlm_defines.svh'.
Parsing included file '/global/apps/vcs_2019.06/etc/uvm-ieee/tlm1/uvm_tlm_imps.svh'.
Back to file '/global/apps/vcs_2019.06/etc/uvm-ieee/macros/uvm_tlm_defines.svh'.
Back to file '/global/apps/vcs_2019.06/etc/uvm-ieee/uvm_macros.svh'.
Parsing included file '/global/apps/vcs_2019.06/etc/uvm-ieee/macros/uvm_sequence_defines.svh'.
Back to file '/global/apps/vcs_2019.06/etc/uvm-ieee/uvm_macros.svh'.
Parsing included file '/global/apps/vcs_2019.06/etc/uvm-ieee/macros/uvm_callback_defines.svh'.
Back to file '/global/apps/vcs_2019.06/etc/uvm-ieee/uvm_macros.svh'.
Parsing included file '/global/apps/vcs_2019.06/etc/uvm-ieee/macros/uvm_reg_defines.svh'.
Back to file '/global/apps/vcs_2019.06/etc/uvm-ieee/uvm_macros.svh'.
Back to file '/global/apps/vcs_2019.06/etc/uvm-ieee/uvm_pkg.sv'.
Parsing included file '/global/apps/vcs_2019.06/etc/uvm-ieee/dpi/uvm_dpi.svh'.
Parsing included file '/global/apps/vcs_2019.06/etc/uvm-ieee/dpi/uvm_hdl.svh'.
Back to file '/global/apps/vcs_2019.06/etc/uvm-ieee/dpi/uvm_dpi.svh'.
Parsing included file '/global/apps/vcs_2019.06/etc/uvm-ieee/dpi/uvm_svcmd_dpi.svh'.
Back to file '/global/apps/vcs_2019.06/etc/uvm-ieee/dpi/uvm_dpi.svh'.
Parsing included file '/global/apps/vcs_2019.06/etc/uvm-ieee/dpi/uvm_regex.svh'.
Back to file '/global/apps/vcs_2019.06/etc/uvm-ieee/dpi/uvm_dpi.svh'.
Back to file '/global/apps/vcs_2019.06/etc/uvm-ieee/uvm_pkg.sv'.
Parsing included file '/global/apps/vcs_2019.06/etc/uvm-ieee/base/uvm_base.svh'.
Parsing included file '/global/apps/vcs_2019.06/etc/uvm-ieee/base/uvm_version.svh'.
Back to file '/global/apps/vcs_2019.06/etc/uvm-ieee/base/uvm_base.svh'.
Parsing included file '/global/apps/vcs_2019.06/etc/uvm-ieee/base/uvm_object_globals.svh'.
Back to file '/global/apps/vcs_2019.06/etc/uvm-ieee/base/uvm_base.svh'.
Parsing included file '/global/apps/vcs_2019.06/etc/uvm-ieee/base/uvm_misc.svh'.
Back to file '/global/apps/vcs_2019.06/etc/uvm-ieee/base/uvm_base.svh'.
Parsing included file '/global/apps/vcs_2019.06/etc/uvm-ieee/base/uvm_coreservice.svh'.
Back to file '/global/apps/vcs_2019.06/etc/uvm-ieee/base/uvm_base.svh'.
Parsing included file '/global/apps/vcs_2019.06/etc/uvm-ieee/base/uvm_globals.svh'.
Back to file '/global/apps/vcs_2019.06/etc/uvm-ieee/base/uvm_base.svh'.
Parsing included file '/global/apps/vcs_2019.06/etc/uvm-ieee/base/uvm_object.svh'.
Back to file '/global/apps/vcs_2019.06/etc/uvm-ieee/base/uvm_base.svh'.
Parsing included file '/global/apps/vcs_2019.06/etc/uvm-ieee/base/uvm_factory.svh'.
Back to file '/global/apps/vcs_2019.06/etc/uvm-ieee/base/uvm_base.svh'.
Parsing included file '/global/apps/vcs_2019.06/etc/uvm-ieee/base/uvm_registry.svh'.
Back to file '/global/apps/vcs_2019.06/etc/uvm-ieee/base/uvm_base.svh'.
Parsing included file '/global/apps/vcs_2019.06/etc/uvm-ieee/base/uvm_pool.svh'.
Back to file '/global/apps/vcs_2019.06/etc/uvm-ieee/base/uvm_base.svh'.
Parsing included file '/global/apps/vcs_2019.06/etc/uvm-ieee/base/uvm_queue.svh'.
Back to file '/global/apps/vcs_2019.06/etc/uvm-ieee/base/uvm_base.svh'.
Parsing included file '/global/apps/vcs_2019.06/etc/uvm-ieee/base/uvm_spell_chkr.svh'.
Back to file '/global/apps/vcs_2019.06/etc/uvm-ieee/base/uvm_base.svh'.
Parsing included file '/global/apps/vcs_2019.06/etc/uvm-ieee/base/uvm_resource_base.svh'.
Back to file '/global/apps/vcs_2019.06/etc/uvm-ieee/base/uvm_base.svh'.
Parsing included file '/global/apps/vcs_2019.06/etc/uvm-ieee/base/uvm_resource.svh'.
Back to file '/global/apps/vcs_2019.06/etc/uvm-ieee/base/uvm_base.svh'.
Parsing included file '/global/apps/vcs_2019.06/etc/uvm-ieee/base/uvm_resource_specializations.svh'.
Back to file '/global/apps/vcs_2019.06/etc/uvm-ieee/base/uvm_base.svh'.
Parsing included file '/global/apps/vcs_2019.06/etc/uvm-ieee/base/uvm_resource_db.svh'.
Back to file '/global/apps/vcs_2019.06/etc/uvm-ieee/base/uvm_base.svh'.
Parsing included file '/global/apps/vcs_2019.06/etc/uvm-ieee/base/uvm_resource_db_options.svh'.
Back to file '/global/apps/vcs_2019.06/etc/uvm-ieee/base/uvm_base.svh'.
Parsing included file '/global/apps/vcs_2019.06/etc/uvm-ieee/base/uvm_config_db.svh'.
Back to file '/global/apps/vcs_2019.06/etc/uvm-ieee/base/uvm_base.svh'.
Parsing included file '/global/apps/vcs_2019.06/etc/uvm-ieee/base/uvm_policy.svh'.
Back to file '/global/apps/vcs_2019.06/etc/uvm-ieee/base/uvm_base.svh'.
Parsing included file '/global/apps/vcs_2019.06/etc/uvm-ieee/base/uvm_field_op.svh'.
Back to file '/global/apps/vcs_2019.06/etc/uvm-ieee/base/uvm_base.svh'.
Parsing included file '/global/apps/vcs_2019.06/etc/uvm-ieee/base/uvm_copier.svh'.
Back to file '/global/apps/vcs_2019.06/etc/uvm-ieee/base/uvm_base.svh'.
Parsing included file '/global/apps/vcs_2019.06/etc/uvm-ieee/base/uvm_printer.svh'.
Back to file '/global/apps/vcs_2019.06/etc/uvm-ieee/base/uvm_base.svh'.
Parsing included file '/global/apps/vcs_2019.06/etc/uvm-ieee/base/uvm_comparer.svh'.
Back to file '/global/apps/vcs_2019.06/etc/uvm-ieee/base/uvm_base.svh'.
Parsing included file '/global/apps/vcs_2019.06/etc/uvm-ieee/base/uvm_packer.svh'.
Back to file '/global/apps/vcs_2019.06/etc/uvm-ieee/base/uvm_base.svh'.
Parsing included file '/global/apps/vcs_2019.06/etc/uvm-ieee/base/uvm_links.svh'.
Back to file '/global/apps/vcs_2019.06/etc/uvm-ieee/base/uvm_base.svh'.
Parsing included file '/global/apps/vcs_2019.06/etc/uvm-ieee/base/uvm_tr_database.svh'.
Back to file '/global/apps/vcs_2019.06/etc/uvm-ieee/base/uvm_base.svh'.
Parsing included file '/global/apps/vcs_2019.06/etc/uvm-ieee/base/uvm_text_tr_database.svh'.
Back to file '/global/apps/vcs_2019.06/etc/uvm-ieee/base/uvm_base.svh'.
Parsing included file '/global/apps/vcs_2019.06/etc/uvm-ieee/base/uvm_tr_stream.svh'.
Back to file '/global/apps/vcs_2019.06/etc/uvm-ieee/base/uvm_base.svh'.
Parsing included file '/global/apps/vcs_2019.06/etc/uvm-ieee/base/uvm_text_tr_stream.svh'.
Back to file '/global/apps/vcs_2019.06/etc/uvm-ieee/base/uvm_base.svh'.
Parsing included file '/global/apps/vcs_2019.06/etc/uvm-ieee/base/uvm_recorder.svh'.
Back to file '/global/apps/vcs_2019.06/etc/uvm-ieee/base/uvm_base.svh'.
Parsing included file '/global/apps/vcs_2019.06/etc/uvm-ieee/base/uvm_event_callback.svh'.
Back to file '/global/apps/vcs_2019.06/etc/uvm-ieee/base/uvm_base.svh'.
Parsing included file '/global/apps/vcs_2019.06/etc/uvm-ieee/base/uvm_event.svh'.
Back to file '/global/apps/vcs_2019.06/etc/uvm-ieee/base/uvm_base.svh'.
Parsing included file '/global/apps/vcs_2019.06/etc/uvm-ieee/base/uvm_barrier.svh'.
Back to file '/global/apps/vcs_2019.06/etc/uvm-ieee/base/uvm_base.svh'.
Parsing included file '/global/apps/vcs_2019.06/etc/uvm-ieee/base/uvm_callback.svh'.
Parsing included file '/global/apps/vcs_2019.06/etc/uvm-ieee/uvm_macros.svh'.
Back to file '/global/apps/vcs_2019.06/etc/uvm-ieee/base/uvm_callback.svh'.
Back to file '/global/apps/vcs_2019.06/etc/uvm-ieee/base/uvm_base.svh'.
Parsing included file '/global/apps/vcs_2019.06/etc/uvm-ieee/base/uvm_report_message.svh'.
Back to file '/global/apps/vcs_2019.06/etc/uvm-ieee/base/uvm_base.svh'.
Parsing included file '/global/apps/vcs_2019.06/etc/uvm-ieee/base/uvm_report_catcher.svh'.
Back to file '/global/apps/vcs_2019.06/etc/uvm-ieee/base/uvm_base.svh'.
Parsing included file '/global/apps/vcs_2019.06/etc/uvm-ieee/base/uvm_report_server.svh'.
Back to file '/global/apps/vcs_2019.06/etc/uvm-ieee/base/uvm_base.svh'.
Parsing included file '/global/apps/vcs_2019.06/etc/uvm-ieee/base/uvm_report_handler.svh'.
Back to file '/global/apps/vcs_2019.06/etc/uvm-ieee/base/uvm_base.svh'.
Parsing included file '/global/apps/vcs_2019.06/etc/uvm-ieee/base/uvm_report_object.svh'.
Back to file '/global/apps/vcs_2019.06/etc/uvm-ieee/base/uvm_base.svh'.
Parsing included file '/global/apps/vcs_2019.06/etc/uvm-ieee/base/uvm_transaction.svh'.
Back to file '/global/apps/vcs_2019.06/etc/uvm-ieee/base/uvm_base.svh'.
Parsing included file '/global/apps/vcs_2019.06/etc/uvm-ieee/base/uvm_phase.svh'.
Back to file '/global/apps/vcs_2019.06/etc/uvm-ieee/base/uvm_base.svh'.
Parsing included file '/global/apps/vcs_2019.06/etc/uvm-ieee/base/uvm_domain.svh'.
Back to file '/global/apps/vcs_2019.06/etc/uvm-ieee/base/uvm_base.svh'.
Parsing included file '/global/apps/vcs_2019.06/etc/uvm-ieee/base/uvm_bottomup_phase.svh'.
Back to file '/global/apps/vcs_2019.06/etc/uvm-ieee/base/uvm_base.svh'.
Parsing included file '/global/apps/vcs_2019.06/etc/uvm-ieee/base/uvm_topdown_phase.svh'.
Back to file '/global/apps/vcs_2019.06/etc/uvm-ieee/base/uvm_base.svh'.
Parsing included file '/global/apps/vcs_2019.06/etc/uvm-ieee/base/uvm_task_phase.svh'.
Back to file '/global/apps/vcs_2019.06/etc/uvm-ieee/base/uvm_base.svh'.
Parsing included file '/global/apps/vcs_2019.06/etc/uvm-ieee/base/uvm_common_phases.svh'.
Back to file '/global/apps/vcs_2019.06/etc/uvm-ieee/base/uvm_base.svh'.
Parsing included file '/global/apps/vcs_2019.06/etc/uvm-ieee/base/uvm_runtime_phases.svh'.
Back to file '/global/apps/vcs_2019.06/etc/uvm-ieee/base/uvm_base.svh'.
Parsing included file '/global/apps/vcs_2019.06/etc/uvm-ieee/base/uvm_run_test_callback.svh'.
Back to file '/global/apps/vcs_2019.06/etc/uvm-ieee/base/uvm_base.svh'.
Parsing included file '/global/apps/vcs_2019.06/etc/uvm-ieee/base/uvm_component.svh'.
Parsing included file '/global/apps/vcs_2019.06/etc/uvm-ieee/base/uvm_root.svh'.
Back to file '/global/apps/vcs_2019.06/etc/uvm-ieee/base/uvm_component.svh'.
Back to file '/global/apps/vcs_2019.06/etc/uvm-ieee/base/uvm_base.svh'.
Parsing included file '/global/apps/vcs_2019.06/etc/uvm-ieee/base/uvm_objection.svh'.
Back to file '/global/apps/vcs_2019.06/etc/uvm-ieee/base/uvm_base.svh'.
Parsing included file '/global/apps/vcs_2019.06/etc/uvm-ieee/base/uvm_heartbeat.svh'.
Back to file '/global/apps/vcs_2019.06/etc/uvm-ieee/base/uvm_base.svh'.
Parsing included file '/global/apps/vcs_2019.06/etc/uvm-ieee/base/uvm_cmdline_processor.svh'.
Back to file '/global/apps/vcs_2019.06/etc/uvm-ieee/base/uvm_base.svh'.
Parsing included file '/global/apps/vcs_2019.06/etc/uvm-ieee/base/uvm_traversal.svh'.
Back to file '/global/apps/vcs_2019.06/etc/uvm-ieee/base/uvm_base.svh'.
Back to file '/global/apps/vcs_2019.06/etc/uvm-ieee/uvm_pkg.sv'.
Parsing included file '/global/apps/vcs_2019.06/etc/uvm-ieee/dap/uvm_dap.svh'.
Parsing included file '/global/apps/vcs_2019.06/etc/uvm-ieee/dap/uvm_set_get_dap_base.svh'.
Back to file '/global/apps/vcs_2019.06/etc/uvm-ieee/dap/uvm_dap.svh'.
Parsing included file '/global/apps/vcs_2019.06/etc/uvm-ieee/dap/uvm_simple_lock_dap.svh'.
Back to file '/global/apps/vcs_2019.06/etc/uvm-ieee/dap/uvm_dap.svh'.
Parsing included file '/global/apps/vcs_2019.06/etc/uvm-ieee/dap/uvm_get_to_lock_dap.svh'.
Back to file '/global/apps/vcs_2019.06/etc/uvm-ieee/dap/uvm_dap.svh'.
Parsing included file '/global/apps/vcs_2019.06/etc/uvm-ieee/dap/uvm_set_before_get_dap.svh'.
Back to file '/global/apps/vcs_2019.06/etc/uvm-ieee/dap/uvm_dap.svh'.
Back to file '/global/apps/vcs_2019.06/etc/uvm-ieee/uvm_pkg.sv'.
Parsing included file '/global/apps/vcs_2019.06/etc/uvm-ieee/tlm1/uvm_tlm.svh'.
Parsing included file '/global/apps/vcs_2019.06/etc/uvm-ieee/tlm1/uvm_tlm_ifs.svh'.
Back to file '/global/apps/vcs_2019.06/etc/uvm-ieee/tlm1/uvm_tlm.svh'.
Parsing included file '/global/apps/vcs_2019.06/etc/uvm-ieee/tlm1/uvm_sqr_ifs.svh'.
Back to file '/global/apps/vcs_2019.06/etc/uvm-ieee/tlm1/uvm_tlm.svh'.
Parsing included file '/global/apps/vcs_2019.06/etc/uvm-ieee/base/uvm_port_base.svh'.
Back to file '/global/apps/vcs_2019.06/etc/uvm-ieee/tlm1/uvm_tlm.svh'.
Parsing included file '/global/apps/vcs_2019.06/etc/uvm-ieee/tlm1/uvm_tlm_imps.svh'.
Back to file '/global/apps/vcs_2019.06/etc/uvm-ieee/tlm1/uvm_tlm.svh'.
Parsing included file '/global/apps/vcs_2019.06/etc/uvm-ieee/tlm1/uvm_imps.svh'.
Back to file '/global/apps/vcs_2019.06/etc/uvm-ieee/tlm1/uvm_tlm.svh'.
Parsing included file '/global/apps/vcs_2019.06/etc/uvm-ieee/tlm1/uvm_ports.svh'.
Back to file '/global/apps/vcs_2019.06/etc/uvm-ieee/tlm1/uvm_tlm.svh'.
Parsing included file '/global/apps/vcs_2019.06/etc/uvm-ieee/tlm1/uvm_exports.svh'.
Back to file '/global/apps/vcs_2019.06/etc/uvm-ieee/tlm1/uvm_tlm.svh'.
Parsing included file '/global/apps/vcs_2019.06/etc/uvm-ieee/tlm1/uvm_analysis_port.svh'.
Back to file '/global/apps/vcs_2019.06/etc/uvm-ieee/tlm1/uvm_tlm.svh'.
Parsing included file '/global/apps/vcs_2019.06/etc/uvm-ieee/tlm1/uvm_tlm_fifo_base.svh'.
Back to file '/global/apps/vcs_2019.06/etc/uvm-ieee/tlm1/uvm_tlm.svh'.
Parsing included file '/global/apps/vcs_2019.06/etc/uvm-ieee/tlm1/uvm_tlm_fifos.svh'.
Back to file '/global/apps/vcs_2019.06/etc/uvm-ieee/tlm1/uvm_tlm.svh'.
Parsing included file '/global/apps/vcs_2019.06/etc/uvm-ieee/tlm1/uvm_tlm_req_rsp.svh'.
Back to file '/global/apps/vcs_2019.06/etc/uvm-ieee/tlm1/uvm_tlm.svh'.
Parsing included file '/global/apps/vcs_2019.06/etc/uvm-ieee/tlm1/uvm_sqr_connections.svh'.
Back to file '/global/apps/vcs_2019.06/etc/uvm-ieee/tlm1/uvm_tlm.svh'.
Back to file '/global/apps/vcs_2019.06/etc/uvm-ieee/uvm_pkg.sv'.
Parsing included file '/global/apps/vcs_2019.06/etc/uvm-ieee/comps/uvm_comps.svh'.
Parsing included file '/global/apps/vcs_2019.06/etc/uvm-ieee/comps/uvm_pair.svh'.
Back to file '/global/apps/vcs_2019.06/etc/uvm-ieee/comps/uvm_comps.svh'.
Parsing included file '/global/apps/vcs_2019.06/etc/uvm-ieee/comps/uvm_policies.svh'.
Back to file '/global/apps/vcs_2019.06/etc/uvm-ieee/comps/uvm_comps.svh'.
Parsing included file '/global/apps/vcs_2019.06/etc/uvm-ieee/comps/uvm_in_order_comparator.svh'.
Back to file '/global/apps/vcs_2019.06/etc/uvm-ieee/comps/uvm_comps.svh'.
Parsing included file '/global/apps/vcs_2019.06/etc/uvm-ieee/comps/uvm_algorithmic_comparator.svh'.
Back to file '/global/apps/vcs_2019.06/etc/uvm-ieee/comps/uvm_comps.svh'.
Parsing included file '/global/apps/vcs_2019.06/etc/uvm-ieee/comps/uvm_subscriber.svh'.
Back to file '/global/apps/vcs_2019.06/etc/uvm-ieee/comps/uvm_comps.svh'.
Parsing included file '/global/apps/vcs_2019.06/etc/uvm-ieee/comps/uvm_monitor.svh'.
Back to file '/global/apps/vcs_2019.06/etc/uvm-ieee/comps/uvm_comps.svh'.
Parsing included file '/global/apps/vcs_2019.06/etc/uvm-ieee/comps/uvm_driver.svh'.
Back to file '/global/apps/vcs_2019.06/etc/uvm-ieee/comps/uvm_comps.svh'.
Parsing included file '/global/apps/vcs_2019.06/etc/uvm-ieee/comps/uvm_push_driver.svh'.
Back to file '/global/apps/vcs_2019.06/etc/uvm-ieee/comps/uvm_comps.svh'.
Parsing included file '/global/apps/vcs_2019.06/etc/uvm-ieee/comps/uvm_scoreboard.svh'.
Back to file '/global/apps/vcs_2019.06/etc/uvm-ieee/comps/uvm_comps.svh'.
Parsing included file '/global/apps/vcs_2019.06/etc/uvm-ieee/comps/uvm_agent.svh'.
Back to file '/global/apps/vcs_2019.06/etc/uvm-ieee/comps/uvm_comps.svh'.
Parsing included file '/global/apps/vcs_2019.06/etc/uvm-ieee/comps/uvm_env.svh'.
Back to file '/global/apps/vcs_2019.06/etc/uvm-ieee/comps/uvm_comps.svh'.
Parsing included file '/global/apps/vcs_2019.06/etc/uvm-ieee/comps/uvm_test.svh'.
Back to file '/global/apps/vcs_2019.06/etc/uvm-ieee/comps/uvm_comps.svh'.
Back to file '/global/apps/vcs_2019.06/etc/uvm-ieee/uvm_pkg.sv'.
Parsing included file '/global/apps/vcs_2019.06/etc/uvm-ieee/seq/uvm_seq.svh'.
Parsing included file '/global/apps/vcs_2019.06/etc/uvm-ieee/seq/uvm_sequence_item.svh'.
Back to file '/global/apps/vcs_2019.06/etc/uvm-ieee/seq/uvm_seq.svh'.
Parsing included file '/global/apps/vcs_2019.06/etc/uvm-ieee/seq/uvm_sequencer_base.svh'.
Back to file '/global/apps/vcs_2019.06/etc/uvm-ieee/seq/uvm_seq.svh'.
Parsing included file '/global/apps/vcs_2019.06/etc/uvm-ieee/seq/uvm_sequencer_analysis_fifo.svh'.
Back to file '/global/apps/vcs_2019.06/etc/uvm-ieee/seq/uvm_seq.svh'.
Parsing included file '/global/apps/vcs_2019.06/etc/uvm-ieee/seq/uvm_sequencer_param_base.svh'.
Back to file '/global/apps/vcs_2019.06/etc/uvm-ieee/seq/uvm_seq.svh'.
Parsing included file '/global/apps/vcs_2019.06/etc/uvm-ieee/seq/uvm_sequencer.svh'.
Back to file '/global/apps/vcs_2019.06/etc/uvm-ieee/seq/uvm_seq.svh'.
Parsing included file '/global/apps/vcs_2019.06/etc/uvm-ieee/seq/uvm_push_sequencer.svh'.
Back to file '/global/apps/vcs_2019.06/etc/uvm-ieee/seq/uvm_seq.svh'.
Parsing included file '/global/apps/vcs_2019.06/etc/uvm-ieee/seq/uvm_sequence_base.svh'.
Back to file '/global/apps/vcs_2019.06/etc/uvm-ieee/seq/uvm_seq.svh'.
Parsing included file '/global/apps/vcs_2019.06/etc/uvm-ieee/seq/uvm_sequence.svh'.
Back to file '/global/apps/vcs_2019.06/etc/uvm-ieee/seq/uvm_seq.svh'.
Parsing included file '/global/apps/vcs_2019.06/etc/uvm-ieee/seq/uvm_sequence_library.svh'.
Back to file '/global/apps/vcs_2019.06/etc/uvm-ieee/seq/uvm_seq.svh'.
Back to file '/global/apps/vcs_2019.06/etc/uvm-ieee/uvm_pkg.sv'.
Parsing included file '/global/apps/vcs_2019.06/etc/uvm-ieee/tlm2/uvm_tlm2.svh'.
Parsing included file '/global/apps/vcs_2019.06/etc/uvm-ieee/tlm2/uvm_tlm2_defines.svh'.
Back to file '/global/apps/vcs_2019.06/etc/uvm-ieee/tlm2/uvm_tlm2.svh'.
Parsing included file '/global/apps/vcs_2019.06/etc/uvm-ieee/tlm2/uvm_tlm_time.svh'.
Back to file '/global/apps/vcs_2019.06/etc/uvm-ieee/tlm2/uvm_tlm2.svh'.
Parsing included file '/global/apps/vcs_2019.06/etc/uvm-ieee/tlm2/uvm_tlm2_generic_payload.svh'.
Back to file '/global/apps/vcs_2019.06/etc/uvm-ieee/tlm2/uvm_tlm2.svh'.
Parsing included file '/global/apps/vcs_2019.06/etc/uvm-ieee/tlm2/uvm_tlm2_ifs.svh'.
Back to file '/global/apps/vcs_2019.06/etc/uvm-ieee/tlm2/uvm_tlm2.svh'.
Parsing included file '/global/apps/vcs_2019.06/etc/uvm-ieee/tlm2/uvm_tlm2_imps.svh'.
Back to file '/global/apps/vcs_2019.06/etc/uvm-ieee/tlm2/uvm_tlm2.svh'.
Parsing included file '/global/apps/vcs_2019.06/etc/uvm-ieee/tlm2/uvm_tlm2_ports.svh'.
Back to file '/global/apps/vcs_2019.06/etc/uvm-ieee/tlm2/uvm_tlm2.svh'.
Parsing included file '/global/apps/vcs_2019.06/etc/uvm-ieee/tlm2/uvm_tlm2_exports.svh'.
Back to file '/global/apps/vcs_2019.06/etc/uvm-ieee/tlm2/uvm_tlm2.svh'.
Parsing included file '/global/apps/vcs_2019.06/etc/uvm-ieee/tlm2/uvm_tlm2_sockets_base.svh'.
Back to file '/global/apps/vcs_2019.06/etc/uvm-ieee/tlm2/uvm_tlm2.svh'.
Parsing included file '/global/apps/vcs_2019.06/etc/uvm-ieee/tlm2/uvm_tlm2_sockets.svh'.
Back to file '/global/apps/vcs_2019.06/etc/uvm-ieee/tlm2/uvm_tlm2.svh'.
Back to file '/global/apps/vcs_2019.06/etc/uvm-ieee/uvm_pkg.sv'.
Parsing included file '/global/apps/vcs_2019.06/etc/uvm-ieee/reg/uvm_reg_model.svh'.
Parsing included file '/global/apps/vcs_2019.06/etc/uvm-ieee/reg/uvm_reg_item.svh'.
Back to file '/global/apps/vcs_2019.06/etc/uvm-ieee/reg/uvm_reg_model.svh'.
Parsing included file '/global/apps/vcs_2019.06/etc/uvm-ieee/reg/uvm_reg_adapter.svh'.
Back to file '/global/apps/vcs_2019.06/etc/uvm-ieee/reg/uvm_reg_model.svh'.
Parsing included file '/global/apps/vcs_2019.06/etc/uvm-ieee/reg/uvm_reg_predictor.svh'.
Back to file '/global/apps/vcs_2019.06/etc/uvm-ieee/reg/uvm_reg_model.svh'.
Parsing included file '/global/apps/vcs_2019.06/etc/uvm-ieee/reg/uvm_reg_sequence.svh'.
Back to file '/global/apps/vcs_2019.06/etc/uvm-ieee/reg/uvm_reg_model.svh'.
Parsing included file '/global/apps/vcs_2019.06/etc/uvm-ieee/reg/uvm_reg_cbs.svh'.
Back to file '/global/apps/vcs_2019.06/etc/uvm-ieee/reg/uvm_reg_model.svh'.
Parsing included file '/global/apps/vcs_2019.06/etc/uvm-ieee/reg/uvm_reg_backdoor.svh'.
Back to file '/global/apps/vcs_2019.06/etc/uvm-ieee/reg/uvm_reg_model.svh'.
Parsing included file '/global/apps/vcs_2019.06/etc/uvm-ieee/reg/uvm_reg_field.svh'.
Back to file '/global/apps/vcs_2019.06/etc/uvm-ieee/reg/uvm_reg_model.svh'.
Parsing included file '/global/apps/vcs_2019.06/etc/uvm-ieee/reg/uvm_vreg_field.svh'.
Back to file '/global/apps/vcs_2019.06/etc/uvm-ieee/reg/uvm_reg_model.svh'.
Parsing included file '/global/apps/vcs_2019.06/etc/uvm-ieee/reg/uvm_reg.svh'.
Back to file '/global/apps/vcs_2019.06/etc/uvm-ieee/reg/uvm_reg_model.svh'.
Parsing included file '/global/apps/vcs_2019.06/etc/uvm-ieee/reg/uvm_reg_indirect.svh'.
Back to file '/global/apps/vcs_2019.06/etc/uvm-ieee/reg/uvm_reg_model.svh'.
Parsing included file '/global/apps/vcs_2019.06/etc/uvm-ieee/reg/uvm_reg_fifo.svh'.
Back to file '/global/apps/vcs_2019.06/etc/uvm-ieee/reg/uvm_reg_model.svh'.
Parsing included file '/global/apps/vcs_2019.06/etc/uvm-ieee/reg/uvm_reg_file.svh'.
Back to file '/global/apps/vcs_2019.06/etc/uvm-ieee/reg/uvm_reg_model.svh'.
Parsing included file '/global/apps/vcs_2019.06/etc/uvm-ieee/reg/uvm_mem_mam.svh'.
Back to file '/global/apps/vcs_2019.06/etc/uvm-ieee/reg/uvm_reg_model.svh'.
Parsing included file '/global/apps/vcs_2019.06/etc/uvm-ieee/reg/uvm_vreg.svh'.
Back to file '/global/apps/vcs_2019.06/etc/uvm-ieee/reg/uvm_reg_model.svh'.
Parsing included file '/global/apps/vcs_2019.06/etc/uvm-ieee/reg/uvm_mem.svh'.
Back to file '/global/apps/vcs_2019.06/etc/uvm-ieee/reg/uvm_reg_model.svh'.
Parsing included file '/global/apps/vcs_2019.06/etc/uvm-ieee/reg/uvm_reg_map.svh'.
Back to file '/global/apps/vcs_2019.06/etc/uvm-ieee/reg/uvm_reg_model.svh'.
Parsing included file '/global/apps/vcs_2019.06/etc/uvm-ieee/reg/uvm_reg_block.svh'.
Back to file '/global/apps/vcs_2019.06/etc/uvm-ieee/reg/uvm_reg_model.svh'.
Parsing included file '/global/apps/vcs_2019.06/etc/uvm-ieee/reg/sequences/uvm_reg_hw_reset_seq.svh'.
Back to file '/global/apps/vcs_2019.06/etc/uvm-ieee/reg/uvm_reg_model.svh'.
Parsing included file '/global/apps/vcs_2019.06/etc/uvm-ieee/reg/sequences/uvm_reg_bit_bash_seq.svh'.
Back to file '/global/apps/vcs_2019.06/etc/uvm-ieee/reg/uvm_reg_model.svh'.
Parsing included file '/global/apps/vcs_2019.06/etc/uvm-ieee/reg/sequences/uvm_mem_walk_seq.svh'.
Back to file '/global/apps/vcs_2019.06/etc/uvm-ieee/reg/uvm_reg_model.svh'.
Parsing included file '/global/apps/vcs_2019.06/etc/uvm-ieee/reg/sequences/uvm_mem_access_seq.svh'.
Back to file '/global/apps/vcs_2019.06/etc/uvm-ieee/reg/uvm_reg_model.svh'.
Parsing included file '/global/apps/vcs_2019.06/etc/uvm-ieee/reg/sequences/uvm_reg_access_seq.svh'.
Back to file '/global/apps/vcs_2019.06/etc/uvm-ieee/reg/uvm_reg_model.svh'.
Parsing included file '/global/apps/vcs_2019.06/etc/uvm-ieee/reg/sequences/uvm_reg_mem_shared_access_seq.svh'.
Back to file '/global/apps/vcs_2019.06/etc/uvm-ieee/reg/uvm_reg_model.svh'.
Parsing included file '/global/apps/vcs_2019.06/etc/uvm-ieee/reg/sequences/uvm_reg_mem_built_in_seq.svh'.
Back to file '/global/apps/vcs_2019.06/etc/uvm-ieee/reg/uvm_reg_model.svh'.
Parsing included file '/global/apps/vcs_2019.06/etc/uvm-ieee/reg/sequences/uvm_reg_mem_hdl_paths_seq.svh'.
Back to file '/global/apps/vcs_2019.06/etc/uvm-ieee/reg/uvm_reg_model.svh'.
Parsing included file '/global/apps/vcs_2019.06/etc/uvm-ieee/reg/snps_uvm_reg_bank.svh'.
Back to file '/global/apps/vcs_2019.06/etc/uvm-ieee/reg/uvm_reg_model.svh'.
Back to file '/global/apps/vcs_2019.06/etc/uvm-ieee/uvm_pkg.sv'.
Parsing design file '/global/apps/vcs_2019.06/etc/uvm-ieee/vcs/uvm_custom_install_vcs_recorder.sv'
Parsing included file '/global/apps/vcs_2019.06/etc/uvm-ieee/vcs/msglog.svh'.
Back to file '/global/apps/vcs_2019.06/etc/uvm-ieee/vcs/uvm_custom_install_vcs_recorder.sv'.
Parsing included file '/global/apps/vcs_2019.06/etc/uvm-ieee/vcs/uvm_msglog_report_server.sv'.
Back to file '/global/apps/vcs_2019.06/etc/uvm-ieee/vcs/uvm_custom_install_vcs_recorder.sv'.
Parsing included file '/global/apps/vcs_2019.06/etc/uvm-ieee/vcs/uvm_vcs_recorder.svh'.
Parsing included file '/global/apps/vcs_2019.06/etc/uvm-ieee/vcs/uvm_vcs_tr_database.svh'.
Parsing included file '/global/apps/vcs_2019.06/etc/uvm-ieee/vcs/uvm_vcs_tr_stream.svh'.
Back to file '/global/apps/vcs_2019.06/etc/uvm-ieee/vcs/uvm_vcs_tr_database.svh'.
Back to file '/global/apps/vcs_2019.06/etc/uvm-ieee/vcs/uvm_vcs_recorder.svh'.
Back to file '/global/apps/vcs_2019.06/etc/uvm-ieee/vcs/uvm_custom_install_vcs_recorder.sv'.
Parsing included file '/global/apps/vcs_2019.06/etc/uvm-ieee/vcs/uvm_vcs_record_interface.sv'.
Parsing included file '/global/apps/vcs_2019.06/etc/uvm-ieee/macros/uvm_global_defines.svh'.
Back to file '/global/apps/vcs_2019.06/etc/uvm-ieee/vcs/uvm_vcs_record_interface.sv'.
Back to file '/global/apps/vcs_2019.06/etc/uvm-ieee/vcs/uvm_custom_install_vcs_recorder.sv'.
Parsing design file '../tests/simple_ral_env_tb_mod.sv'
Parsing included file '../hdl/timescale.v'.
Back to file '../tests/simple_ral_env_tb_mod.sv'.
Parsing included file '../include/mstr_slv_intfs.incl'.
Parsing included file '../src/wb_master_if.sv'.
Back to file '../include/mstr_slv_intfs.incl'.
Back to file '../tests/simple_ral_env_tb_mod.sv'.
Parsing included file '../env/simple_ral_env.sv'.
Parsing included file '../include/mstr_slv_src.incl'.
Parsing included file '../src/wb_master_mon.sv'.
Back to file '../include/mstr_slv_src.incl'.
Parsing included file '../src/wb_master_seqr.sv'.
Back to file '../include/mstr_slv_src.incl'.
Parsing included file '../src/wb_transaction.sv'.
Back to file '../include/mstr_slv_src.incl'.
Parsing included file 'wb_master.sv'.
Parsing included file '../src/wb_master_if.sv'.
Back to file 'wb_master.sv'.
Back to file '../include/mstr_slv_src.incl'.
Parsing included file '../src/wb_master_agent.sv'.
Back to file '../include/mstr_slv_src.incl'.
Parsing included file '../src/wb_transaction.sv'.
Back to file '../include/mstr_slv_src.incl'.
Parsing included file '../src/wb_config.sv'.
Back to file '../include/mstr_slv_src.incl'.
Parsing included file '../src/wb_master_agent_sequence_library.sv'.

Warning-[IPDW] Identifier previously declared
../src/wb_master_agent_sequence_library.sv, 69
  Second declaration for identifier 'write_val' ignored
  Identifier 'write_val' previously declared as <UserDefinedType>. 
  [../src/wb_master_agent_sequence_library.sv, 69]

Back to file '../include/mstr_slv_src.incl'.
Parsing included file '../src/reg_bus_adapters.sv'.
Back to file '../include/mstr_slv_src.incl'.
Parsing included file '../src/wb_env_cov.sv'.
Back to file '../include/mstr_slv_src.incl'.
Parsing included file '../src/wb_ral_sequencer.sv'.
Back to file '../include/mstr_slv_src.incl'.
Parsing included file '../src/simple_ral_extension.sv'.
Back to file '../include/mstr_slv_src.incl'.
Back to file '../env/simple_ral_env.sv'.
Parsing included file '../src/simple_ral_env_cfg.sv'.
Back to file '../env/simple_ral_env.sv'.
Parsing included file '../src/simple_ral_env_cov.sv'.
Back to file '../env/simple_ral_env.sv'.
Parsing included file '../src/mon_2cov.sv'.
Back to file '../env/simple_ral_env.sv'.
Parsing included file '../env/ral_simple_ral_env.sv'.

Note-[SV-LCM-PPWI] Package previously wildcard imported
../env/ral_simple_ral_env.sv, 4
simple_ral_env_tb_mod
  Package 'uvm_pkg' already wildcard imported. 
  Ignoring uvm_pkg::*
  See the SystemVerilog LRM(1800-2005), section 19.2.1.

Back to file '../env/simple_ral_env.sv'.
Back to file '../tests/simple_ral_env_tb_mod.sv'.
Parsing included file '../tests/simple_ral_env_test.sv'.
Parsing included file '../env/simple_ral_env.sv'.
Back to file '../tests/simple_ral_env_test.sv'.
Back to file '../tests/simple_ral_env_tb_mod.sv'.
Parsing included file '../tests/simple_reg_access_test_resdb.sv'.
Back to file '../tests/simple_ral_env_tb_mod.sv'.
Parsing included file '../tests/simple_reg_access_test_factory.sv'.
Back to file '../tests/simple_ral_env_tb_mod.sv'.
Parsing included file '../tests/simple_reg_access_test_callback.sv'.
Back to file '../tests/simple_ral_env_tb_mod.sv'.
Parsing included file '../tests/simple_reg_backdoor.sv'.
Back to file '../tests/simple_ral_env_tb_mod.sv'.
Parsing included file '../tests/simple_reg_hw_reset.sv'.
Back to file '../tests/simple_ral_env_tb_mod.sv'.
Parsing included file '../tests/simple_RC_register.sv'.
Back to file '../tests/simple_ral_env_tb_mod.sv'.
Parsing design file '../hdl/simple_ral_env_top.sv'
Parsing included file '../hdl/wb_slave_behavioral.v'.
Parsing included file '../hdl/timescale.v'.
Back to file '../hdl/wb_slave_behavioral.v'.
Parsing included file '../hdl/wb_model_defines.v'.
Back to file '../hdl/wb_slave_behavioral.v'.
Back to file '../hdl/simple_ral_env_top.sv'.
Top Level Modules:
       uvm_custom_install_recording
       simple_ral_env_top
TimeScale is 1 ns / 1 ps
Starting vcs inline pass...
9 modules and 0 UDP read.
recompiling package vcs_paramclassrepository
recompiling package _vcs_DPI_package
recompiling package uvm_pkg
recompiling package _vcs_msglog
recompiling module uvm_custom_install_recording
recompiling module wb_master_if
recompiling module simple_ral_env_tb_mod
recompiling module wb_dut
recompiling module simple_ral_env_top
All of 9 modules done
make[1]: Entering directory `/SCRATCH/srivats/vs/new_book_examples/IEEE_version/Advanced_UVM_Topics/registers_example/run/csrc' \

rm -f _csrc*.so pre_vcsobj_*.so share_vcsobj_*.so
g++ -w  -pipe -m32 -DVCSMX -DUVM_DPI_DO_TYPE_CHECK -O -I/global/apps/vcs_2019.06/include \
-c /global/apps/vcs_2019.06/etc/uvm-ieee/dpi/uvm_dpi.cc
if [ -x ../simv ]; then chmod -x ../simv; fi
g++  -o ../simv    -m32 -m32 -rdynamic  -Wl,-rpath='$ORIGIN'/simv.daidir -Wl,-rpath=./simv.daidir \
-Wl,-rpath=/global/apps/vcs_2019.06/linux/lib -L/global/apps/vcs_2019.06/linux/lib \
-Wl,-rpath-link=./  uvm_dpi.o   objs/amcQw_d.o   _26913_archive_1.so  SIM_l.o    \
rmapats_mop.o rmapats.o rmar.o rmar_nd.o  rmar_llvm_0_1.o rmar_llvm_0_0.o        \
-lvirsim -lerrorinf -lsnpsmalloc -lvfs    -lvcsnew -lsimprofile -luclinative /global/apps/vcs_2019.06/linux/lib/vcs_tls.o \
-Wl,-whole-archive -lvcsucli -Wl,-no-whole-archive       ./../simv.daidir/vc_hdrs.o \
/global/apps/vcs_2019.06/linux/lib/vcs_save_restore_new.o /global/apps/vcs_2019.06/linux/lib/ctype-stubs_32.a \
-ldl  -lc -lm -lpthread -ldl 
../simv up to date
make[1]: Leaving directory `/SCRATCH/srivats/vs/new_book_examples/IEEE_version/Advanced_UVM_Topics/registers_example/run/csrc' \

CPU time: 11.778 seconds to compile + .308 seconds to elab + .555 seconds to link
