Command: /SCRATCH/srivats/vs/IEEE_Book_modified/Practical-UVM-IEEE-Edition/Practical_Applications/soc/tb/uvm/wb_conmax/run/./simv -l uvm_inst_override_cmdline.log +uvm_set_inst_override=wb_master_agent,wb_master_agent_n,uvm_test_top.env.master_agent[00] +UVM_TESTNAME=wb_conmax_factory_instance_override_test_cmdline
Chronologic VCS simulator copyright 1991-2019
Contains Synopsys proprietary information.
Compiler version P-2019.06; Runtime version P-2019.06;  Nov 22 18:22 2019
UVM_INFO /global/apps/vcs_2019.06/etc/uvm-ieee/base/uvm_root.svh(460) @ 0: reporter [UVM/RELNOTES] 
  ***********       IMPORTANT RELEASE NOTES         ************

  This implementation of the UVM Library deviates from the 1800.2-2017
  standard.  See the DEVIATIONS.md file contained in the release
  for more details.

----------------------------------------------------------------
Accellera:1800.2-2017:UVM:1.0.Synopsys

All copyright owners for this kit are listed in NOTICE.txt
All Rights Reserved Worldwide
----------------------------------------------------------------

      (Specify +UVM_NO_RELNOTES to turn off this notice)

UVM_INFO @ 0: reporter [RNTST] Running test wb_conmax_factory_instance_override_test_cmdline...
UVM_INFO @ 0: reporter [INSTOVR] Applying instance override from the command line: +uvm_set_inst_override=wb_master_agent,wb_master_agent_n,uvm_test_top.env.master_agent[00]
UVM_INFO /global/apps/vcs_2019.06/etc/uvm-ieee/base/uvm_factory.svh(1875) @ 0: reporter [UVM/FACTORY/PRINT] 
#### Factory Configuration (*)

Instance Overrides:

  Requested Type   Override Path                      Override Type    
  ---------------  ---------------------------------  -----------------
  wb_master_agent  uvm_test_top.env.master_agent[00]  wb_master_agent_n

No type overrides are registered with this factory

All types registered with the factory: 185 total
  Type Name
  ---------
  base_sequence
  parallel_sequence
  ral_reg_CFG
  sequence_0
  sequence_1
  sequence_2
  snps_uvm_reg_bank_group
  snps_uvm_reg_map
  wb_config
  wb_conmax_alter_message_test
  wb_conmax_alter_verbosity_all_components_test
  wb_conmax_alter_verbosity_specific_component_test
  wb_conmax_alter_verbosity_test
  wb_conmax_base_test
  wb_conmax_commandline_test_1
  wb_conmax_env
  wb_conmax_env_cfg
  wb_conmax_env_cov
  wb_conmax_env_ral_block
  wb_conmax_factory_instance_override_test
  wb_conmax_factory_instance_override_test_cmdline
  wb_conmax_factory_type_override_test
  wb_conmax_flat_seq_test
  wb_conmax_instance_callback_test
  wb_conmax_parallel_seq_test
  wb_conmax_report_file_test
  wb_conmax_scoreboard
  wb_conmax_simple_cmdline_proc
  wb_conmax_typewide_callback_test
  wb_conmax_virtual_sequence
  wb_conmax_virtual_sequencer
  wb_master
  wb_master_agent
  wb_master_agent_n
  wb_master_mon
  wb_master_monitor_2cov_connect
  wb_master_seqr
  wb_master_txn
  wb_slave
  wb_slave_agent
  wb_slave_mon
  wb_slave_seqr
  wb_transaction
(*) Types with no associated type name will be printed as <unknown>

####


UVM_INFO /global/apps/vcs_2019.06/etc/uvm-ieee/base/uvm_factory.svh(1875) @ 0: reporter [UVM/FACTORY/PRINT] 
#### Factory Configuration (*)

Instance Overrides:

  Requested Type   Override Path                      Override Type    
  ---------------  ---------------------------------  -----------------
  wb_master_agent  uvm_test_top.env.master_agent[00]  wb_master_agent_n

No type overrides are registered with this factory

All types registered with the factory: 185 total
  Type Name
  ---------
  base_sequence
  parallel_sequence
  ral_reg_CFG
  sequence_0
  sequence_1
  sequence_2
  snps_uvm_reg_bank_group
  snps_uvm_reg_map
  wb_config
  wb_conmax_alter_message_test
  wb_conmax_alter_verbosity_all_components_test
  wb_conmax_alter_verbosity_specific_component_test
  wb_conmax_alter_verbosity_test
  wb_conmax_base_test
  wb_conmax_commandline_test_1
  wb_conmax_env
  wb_conmax_env_cfg
  wb_conmax_env_cov
  wb_conmax_env_ral_block
  wb_conmax_factory_instance_override_test
  wb_conmax_factory_instance_override_test_cmdline
  wb_conmax_factory_type_override_test
  wb_conmax_flat_seq_test
  wb_conmax_instance_callback_test
  wb_conmax_parallel_seq_test
  wb_conmax_report_file_test
  wb_conmax_scoreboard
  wb_conmax_simple_cmdline_proc
  wb_conmax_typewide_callback_test
  wb_conmax_virtual_sequence
  wb_conmax_virtual_sequencer
  wb_master
  wb_master_agent
  wb_master_agent_n
  wb_master_mon
  wb_master_monitor_2cov_connect
  wb_master_seqr
  wb_master_txn
  wb_slave
  wb_slave_agent
  wb_slave_mon
  wb_slave_seqr
  wb_transaction
(*) Types with no associated type name will be printed as <unknown>

####


UVM_INFO /global/apps/vcs_2019.06/etc/uvm-ieee/base/uvm_root.svh(729) @ 0: reporter [UVMTOP] UVM testbench topology:
-----------------------------------------------------------------------------
Name            Type                                              Size  Value
-----------------------------------------------------------------------------
<unnamed>       uvm_root                                          -     @71  
  uvm_test_top  wb_conmax_factory_instance_override_test_cmdline  -     @185 
    env         wb_conmax_env                                     -     @297 
-----------------------------------------------------------------------------
UVM_INFO /global/apps/vcs_2019.06/etc/uvm-ieee/base/uvm_spell_chkr.svh(124) @ 0: reporter [UVM/CONFIGDB/SPELLCHK] include_coverage not located, did you mean default_sequence
UVM_INFO /global/apps/vcs_2019.06/etc/uvm-ieee/base/uvm_spell_chkr.svh(124) @ 0: reporter [UVM/CONFIGDB/SPELLCHK] include_coverage not located, did you mean default_sequence
UVM_INFO /global/apps/vcs_2019.06/etc/uvm-ieee/base/uvm_spell_chkr.svh(124) @ 0: reporter [UVM/CONFIGDB/SPELLCHK] include_coverage not located, did you mean default_sequence
UVM_INFO /global/apps/vcs_2019.06/etc/uvm-ieee/base/uvm_spell_chkr.svh(124) @ 0: reporter [UVM/CONFIGDB/SPELLCHK] include_coverage not located, did you mean default_sequence
UVM_INFO /global/apps/vcs_2019.06/etc/uvm-ieee/base/uvm_spell_chkr.svh(124) @ 0: reporter [UVM/CONFIGDB/SPELLCHK] include_coverage not located, did you mean default_sequence
UVM_INFO /global/apps/vcs_2019.06/etc/uvm-ieee/base/uvm_spell_chkr.svh(124) @ 0: reporter [UVM/CONFIGDB/SPELLCHK] include_coverage not located, did you mean default_sequence
UVM_INFO /global/apps/vcs_2019.06/etc/uvm-ieee/base/uvm_spell_chkr.svh(124) @ 0: reporter [UVM/CONFIGDB/SPELLCHK] include_coverage not located, did you mean default_sequence
UVM_INFO /global/apps/vcs_2019.06/etc/uvm-ieee/base/uvm_spell_chkr.svh(124) @ 0: reporter [UVM/CONFIGDB/SPELLCHK] include_coverage not located, did you mean default_sequence
UVM_INFO /global/apps/vcs_2019.06/etc/uvm-ieee/base/uvm_spell_chkr.svh(124) @ 0: reporter [UVM/CONFIGDB/SPELLCHK] include_coverage not located, did you mean default_sequence
UVM_INFO /global/apps/vcs_2019.06/etc/uvm-ieee/base/uvm_root.svh(729) @ 0: reporter [UVMTOP] UVM testbench topology:
--------------------------------------------------------------------------------------------------
Name                              Type                                              Size  Value   
--------------------------------------------------------------------------------------------------
<unnamed>                         uvm_root                                          -     @71     
  uvm_test_top                    wb_conmax_factory_instance_override_test_cmdline  -     @185    
    env                           wb_conmax_env                                     -     @297    
      Scoreboard                  wb_conmax_scoreboard                              -     @581    
        comparator          0     wb_conmax_in_order_class_comparator #(T)          -     @936    
          after                   uvm_tlm_analysis_fifo #(T)                        -     @1034   
            analysis_export       uvm_analysis_imp                                  -     @1083   
            get_ap                uvm_analysis_port                                 -     @1073   
            get_peek_export       uvm_get_peek_imp                                  -     @1053   
            put_ap                uvm_analysis_port                                 -     @1063   
            put_export            uvm_put_imp                                       -     @1043   
          after_export            uvm_analysis_export                               -     @955    
          before                  uvm_tlm_analysis_fifo #(T)                        -     @975    
            analysis_export       uvm_analysis_imp                                  -     @1024   
            get_ap                uvm_analysis_port                                 -     @1014   
            get_peek_export       uvm_get_peek_imp                                  -     @994    
            put_ap                uvm_analysis_port                                 -     @1004   
            put_export            uvm_put_imp                                       -     @984    
          before_export           uvm_analysis_export                               -     @945    
          pair_ap                 uvm_analysis_port                                 -     @965    
        comparator          1     wb_conmax_in_order_class_comparator #(T)          -     @1103   
          after                   uvm_tlm_analysis_fifo #(T)                        -     @1201   
            analysis_export       uvm_analysis_imp                                  -     @1250   
            get_ap                uvm_analysis_port                                 -     @1240   
            get_peek_export       uvm_get_peek_imp                                  -     @1220   
            put_ap                uvm_analysis_port                                 -     @1230   
            put_export            uvm_put_imp                                       -     @1210   
          after_export            uvm_analysis_export                               -     @1122   
          before                  uvm_tlm_analysis_fifo #(T)                        -     @1142   
            analysis_export       uvm_analysis_imp                                  -     @1191   
            get_ap                uvm_analysis_port                                 -     @1181   
            get_peek_export       uvm_get_peek_imp                                  -     @1161   
            put_ap                uvm_analysis_port                                 -     @1171   
            put_export            uvm_put_imp                                       -     @1151   
          before_export           uvm_analysis_export                               -     @1112   
          pair_ap                 uvm_analysis_port                                 -     @1132   
        comparator          2     wb_conmax_in_order_class_comparator #(T)          -     @1270   
          after                   uvm_tlm_analysis_fifo #(T)                        -     @1368   
            analysis_export       uvm_analysis_imp                                  -     @1417   
            get_ap                uvm_analysis_port                                 -     @1407   
            get_peek_export       uvm_get_peek_imp                                  -     @1387   
            put_ap                uvm_analysis_port                                 -     @1397   
            put_export            uvm_put_imp                                       -     @1377   
          after_export            uvm_analysis_export                               -     @1289   
          before                  uvm_tlm_analysis_fifo #(T)                        -     @1309   
            analysis_export       uvm_analysis_imp                                  -     @1358   
            get_ap                uvm_analysis_port                                 -     @1348   
            get_peek_export       uvm_get_peek_imp                                  -     @1328   
            put_ap                uvm_analysis_port                                 -     @1338   
            put_export            uvm_put_imp                                       -     @1318   
          before_export           uvm_analysis_export                               -     @1279   
          pair_ap                 uvm_analysis_port                                 -     @1299   
        comparator          3     wb_conmax_in_order_class_comparator #(T)          -     @1437   
          after                   uvm_tlm_analysis_fifo #(T)                        -     @1535   
            analysis_export       uvm_analysis_imp                                  -     @1584   
            get_ap                uvm_analysis_port                                 -     @1574   
            get_peek_export       uvm_get_peek_imp                                  -     @1554   
            put_ap                uvm_analysis_port                                 -     @1564   
            put_export            uvm_put_imp                                       -     @1544   
          after_export            uvm_analysis_export                               -     @1456   
          before                  uvm_tlm_analysis_fifo #(T)                        -     @1476   
            analysis_export       uvm_analysis_imp                                  -     @1525   
            get_ap                uvm_analysis_port                                 -     @1515   
            get_peek_export       uvm_get_peek_imp                                  -     @1495   
            put_ap                uvm_analysis_port                                 -     @1505   
            put_export            uvm_put_imp                                       -     @1485   
          before_export           uvm_analysis_export                               -     @1446   
          pair_ap                 uvm_analysis_port                                 -     @1466   
        comparator          4     wb_conmax_in_order_class_comparator #(T)          -     @1604   
          after                   uvm_tlm_analysis_fifo #(T)                        -     @1702   
            analysis_export       uvm_analysis_imp                                  -     @1751   
            get_ap                uvm_analysis_port                                 -     @1741   
            get_peek_export       uvm_get_peek_imp                                  -     @1721   
            put_ap                uvm_analysis_port                                 -     @1731   
            put_export            uvm_put_imp                                       -     @1711   
          after_export            uvm_analysis_export                               -     @1623   
          before                  uvm_tlm_analysis_fifo #(T)                        -     @1643   
            analysis_export       uvm_analysis_imp                                  -     @1692   
            get_ap                uvm_analysis_port                                 -     @1682   
            get_peek_export       uvm_get_peek_imp                                  -     @1662   
            put_ap                uvm_analysis_port                                 -     @1672   
            put_export            uvm_put_imp                                       -     @1652   
          before_export           uvm_analysis_export                               -     @1613   
          pair_ap                 uvm_analysis_port                                 -     @1633   
        comparator          5     wb_conmax_in_order_class_comparator #(T)          -     @1771   
          after                   uvm_tlm_analysis_fifo #(T)                        -     @1869   
            analysis_export       uvm_analysis_imp                                  -     @1918   
            get_ap                uvm_analysis_port                                 -     @1908   
            get_peek_export       uvm_get_peek_imp                                  -     @1888   
            put_ap                uvm_analysis_port                                 -     @1898   
            put_export            uvm_put_imp                                       -     @1878   
          after_export            uvm_analysis_export                               -     @1790   
          before                  uvm_tlm_analysis_fifo #(T)                        -     @1810   
            analysis_export       uvm_analysis_imp                                  -     @1859   
            get_ap                uvm_analysis_port                                 -     @1849   
            get_peek_export       uvm_get_peek_imp                                  -     @1829   
            put_ap                uvm_analysis_port                                 -     @1839   
            put_export            uvm_put_imp                                       -     @1819   
          before_export           uvm_analysis_export                               -     @1780   
          pair_ap                 uvm_analysis_port                                 -     @1800   
        comparator          6     wb_conmax_in_order_class_comparator #(T)          -     @1938   
          after                   uvm_tlm_analysis_fifo #(T)                        -     @2036   
            analysis_export       uvm_analysis_imp                                  -     @2085   
            get_ap                uvm_analysis_port                                 -     @2075   
            get_peek_export       uvm_get_peek_imp                                  -     @2055   
            put_ap                uvm_analysis_port                                 -     @2065   
            put_export            uvm_put_imp                                       -     @2045   
          after_export            uvm_analysis_export                               -     @1957   
          before                  uvm_tlm_analysis_fifo #(T)                        -     @1977   
            analysis_export       uvm_analysis_imp                                  -     @2026   
            get_ap                uvm_analysis_port                                 -     @2016   
            get_peek_export       uvm_get_peek_imp                                  -     @1996   
            put_ap                uvm_analysis_port                                 -     @2006   
            put_export            uvm_put_imp                                       -     @1986   
          before_export           uvm_analysis_export                               -     @1947   
          pair_ap                 uvm_analysis_port                                 -     @1967   
        comparator          7     wb_conmax_in_order_class_comparator #(T)          -     @2105   
          after                   uvm_tlm_analysis_fifo #(T)                        -     @2203   
            analysis_export       uvm_analysis_imp                                  -     @2252   
            get_ap                uvm_analysis_port                                 -     @2242   
            get_peek_export       uvm_get_peek_imp                                  -     @2222   
            put_ap                uvm_analysis_port                                 -     @2232   
            put_export            uvm_put_imp                                       -     @2212   
          after_export            uvm_analysis_export                               -     @2124   
          before                  uvm_tlm_analysis_fifo #(T)                        -     @2144   
            analysis_export       uvm_analysis_imp                                  -     @2193   
            get_ap                uvm_analysis_port                                 -     @2183   
            get_peek_export       uvm_get_peek_imp                                  -     @2163   
            put_ap                uvm_analysis_port                                 -     @2173   
            put_export            uvm_put_imp                                       -     @2153   
          before_export           uvm_analysis_export                               -     @2114   
          pair_ap                 uvm_analysis_port                                 -     @2134   
        comparator          8     wb_conmax_in_order_class_comparator #(T)          -     @2272   
          after                   uvm_tlm_analysis_fifo #(T)                        -     @2370   
            analysis_export       uvm_analysis_imp                                  -     @2419   
            get_ap                uvm_analysis_port                                 -     @2409   
            get_peek_export       uvm_get_peek_imp                                  -     @2389   
            put_ap                uvm_analysis_port                                 -     @2399   
            put_export            uvm_put_imp                                       -     @2379   
          after_export            uvm_analysis_export                               -     @2291   
          before                  uvm_tlm_analysis_fifo #(T)                        -     @2311   
            analysis_export       uvm_analysis_imp                                  -     @2360   
            get_ap                uvm_analysis_port                                 -     @2350   
            get_peek_export       uvm_get_peek_imp                                  -     @2330   
            put_ap                uvm_analysis_port                                 -     @2340   
            put_export            uvm_put_imp                                       -     @2320   
          before_export           uvm_analysis_export                               -     @2281   
          pair_ap                 uvm_analysis_port                                 -     @2301   
        comparator          9     wb_conmax_in_order_class_comparator #(T)          -     @2439   
          after                   uvm_tlm_analysis_fifo #(T)                        -     @2537   
            analysis_export       uvm_analysis_imp                                  -     @2586   
            get_ap                uvm_analysis_port                                 -     @2576   
            get_peek_export       uvm_get_peek_imp                                  -     @2556   
            put_ap                uvm_analysis_port                                 -     @2566   
            put_export            uvm_put_imp                                       -     @2546   
          after_export            uvm_analysis_export                               -     @2458   
          before                  uvm_tlm_analysis_fifo #(T)                        -     @2478   
            analysis_export       uvm_analysis_imp                                  -     @2527   
            get_ap                uvm_analysis_port                                 -     @2517   
            get_peek_export       uvm_get_peek_imp                                  -     @2497   
            put_ap                uvm_analysis_port                                 -     @2507   
            put_export            uvm_put_imp                                       -     @2487   
          before_export           uvm_analysis_export                               -     @2448   
          pair_ap                 uvm_analysis_port                                 -     @2468   
        comparator         10     wb_conmax_in_order_class_comparator #(T)          -     @2606   
          after                   uvm_tlm_analysis_fifo #(T)                        -     @2704   
            analysis_export       uvm_analysis_imp                                  -     @2753   
            get_ap                uvm_analysis_port                                 -     @2743   
            get_peek_export       uvm_get_peek_imp                                  -     @2723   
            put_ap                uvm_analysis_port                                 -     @2733   
            put_export            uvm_put_imp                                       -     @2713   
          after_export            uvm_analysis_export                               -     @2625   
          before                  uvm_tlm_analysis_fifo #(T)                        -     @2645   
            analysis_export       uvm_analysis_imp                                  -     @2694   
            get_ap                uvm_analysis_port                                 -     @2684   
            get_peek_export       uvm_get_peek_imp                                  -     @2664   
            put_ap                uvm_analysis_port                                 -     @2674   
            put_export            uvm_put_imp                                       -     @2654   
          before_export           uvm_analysis_export                               -     @2615   
          pair_ap                 uvm_analysis_port                                 -     @2635   
        comparator         11     wb_conmax_in_order_class_comparator #(T)          -     @2773   
          after                   uvm_tlm_analysis_fifo #(T)                        -     @2871   
            analysis_export       uvm_analysis_imp                                  -     @2920   
            get_ap                uvm_analysis_port                                 -     @2910   
            get_peek_export       uvm_get_peek_imp                                  -     @2890   
            put_ap                uvm_analysis_port                                 -     @2900   
            put_export            uvm_put_imp                                       -     @2880   
          after_export            uvm_analysis_export                               -     @2792   
          before                  uvm_tlm_analysis_fifo #(T)                        -     @2812   
            analysis_export       uvm_analysis_imp                                  -     @2861   
            get_ap                uvm_analysis_port                                 -     @2851   
            get_peek_export       uvm_get_peek_imp                                  -     @2831   
            put_ap                uvm_analysis_port                                 -     @2841   
            put_export            uvm_put_imp                                       -     @2821   
          before_export           uvm_analysis_export                               -     @2782   
          pair_ap                 uvm_analysis_port                                 -     @2802   
        comparator         12     wb_conmax_in_order_class_comparator #(T)          -     @2940   
          after                   uvm_tlm_analysis_fifo #(T)                        -     @3038   
            analysis_export       uvm_analysis_imp                                  -     @3087   
            get_ap                uvm_analysis_port                                 -     @3077   
            get_peek_export       uvm_get_peek_imp                                  -     @3057   
            put_ap                uvm_analysis_port                                 -     @3067   
            put_export            uvm_put_imp                                       -     @3047   
          after_export            uvm_analysis_export                               -     @2959   
          before                  uvm_tlm_analysis_fifo #(T)                        -     @2979   
            analysis_export       uvm_analysis_imp                                  -     @3028   
            get_ap                uvm_analysis_port                                 -     @3018   
            get_peek_export       uvm_get_peek_imp                                  -     @2998   
            put_ap                uvm_analysis_port                                 -     @3008   
            put_export            uvm_put_imp                                       -     @2988   
          before_export           uvm_analysis_export                               -     @2949   
          pair_ap                 uvm_analysis_port                                 -     @2969   
        comparator         13     wb_conmax_in_order_class_comparator #(T)          -     @3107   
          after                   uvm_tlm_analysis_fifo #(T)                        -     @3205   
            analysis_export       uvm_analysis_imp                                  -     @3254   
            get_ap                uvm_analysis_port                                 -     @3244   
            get_peek_export       uvm_get_peek_imp                                  -     @3224   
            put_ap                uvm_analysis_port                                 -     @3234   
            put_export            uvm_put_imp                                       -     @3214   
          after_export            uvm_analysis_export                               -     @3126   
          before                  uvm_tlm_analysis_fifo #(T)                        -     @3146   
            analysis_export       uvm_analysis_imp                                  -     @3195   
            get_ap                uvm_analysis_port                                 -     @3185   
            get_peek_export       uvm_get_peek_imp                                  -     @3165   
            put_ap                uvm_analysis_port                                 -     @3175   
            put_export            uvm_put_imp                                       -     @3155   
          before_export           uvm_analysis_export                               -     @3116   
          pair_ap                 uvm_analysis_port                                 -     @3136   
        comparator         14     wb_conmax_in_order_class_comparator #(T)          -     @3274   
          after                   uvm_tlm_analysis_fifo #(T)                        -     @3372   
            analysis_export       uvm_analysis_imp                                  -     @3421   
            get_ap                uvm_analysis_port                                 -     @3411   
            get_peek_export       uvm_get_peek_imp                                  -     @3391   
            put_ap                uvm_analysis_port                                 -     @3401   
            put_export            uvm_put_imp                                       -     @3381   
          after_export            uvm_analysis_export                               -     @3293   
          before                  uvm_tlm_analysis_fifo #(T)                        -     @3313   
            analysis_export       uvm_analysis_imp                                  -     @3362   
            get_ap                uvm_analysis_port                                 -     @3352   
            get_peek_export       uvm_get_peek_imp                                  -     @3332   
            put_ap                uvm_analysis_port                                 -     @3342   
            put_export            uvm_put_imp                                       -     @3322   
          before_export           uvm_analysis_export                               -     @3283   
          pair_ap                 uvm_analysis_port                                 -     @3303   
        comparator         15     wb_conmax_in_order_class_comparator #(T)          -     @3441   
          after                   uvm_tlm_analysis_fifo #(T)                        -     @3539   
            analysis_export       uvm_analysis_imp                                  -     @3588   
            get_ap                uvm_analysis_port                                 -     @3578   
            get_peek_export       uvm_get_peek_imp                                  -     @3558   
            put_ap                uvm_analysis_port                                 -     @3568   
            put_export            uvm_put_imp                                       -     @3548   
          after_export            uvm_analysis_export                               -     @3460   
          before                  uvm_tlm_analysis_fifo #(T)                        -     @3480   
            analysis_export       uvm_analysis_imp                                  -     @3529   
            get_ap                uvm_analysis_port                                 -     @3519   
            get_peek_export       uvm_get_peek_imp                                  -     @3499   
            put_ap                uvm_analysis_port                                 -     @3509   
            put_export            uvm_put_imp                                       -     @3489   
          before_export           uvm_analysis_export                               -     @3450   
          pair_ap                 uvm_analysis_port                                 -     @3470   
        master_export          0  uvm_analysis_imp_master                           -     @846    
        master_export          1  uvm_analysis_imp_master                           -     @856    
        master_export          2  uvm_analysis_imp_master                           -     @866    
        master_export          3  uvm_analysis_imp_master                           -     @876    
        master_export          4  uvm_analysis_imp_master                           -     @886    
        master_export          5  uvm_analysis_imp_master                           -     @896    
        master_export          6  uvm_analysis_imp_master                           -     @906    
        master_export          7  uvm_analysis_imp_master                           -     @916    
        slave_export          0   uvm_analysis_imp_slave                            -     @926    
        slave_export          1   uvm_analysis_imp_slave                            -     @1093   
        slave_export          2   uvm_analysis_imp_slave                            -     @1260   
        slave_export          3   uvm_analysis_imp_slave                            -     @1427   
        slave_export          4   uvm_analysis_imp_slave                            -     @1594   
        slave_export          5   uvm_analysis_imp_slave                            -     @1761   
        slave_export          6   uvm_analysis_imp_slave                            -     @1928   
        slave_export          7   uvm_analysis_imp_slave                            -     @2095   
        slave_export          8   uvm_analysis_imp_slave                            -     @2262   
        slave_export          9   uvm_analysis_imp_slave                            -     @2429   
        slave_export         10   uvm_analysis_imp_slave                            -     @2596   
        slave_export         11   uvm_analysis_imp_slave                            -     @2763   
        slave_export         12   uvm_analysis_imp_slave                            -     @2930   
        slave_export         13   uvm_analysis_imp_slave                            -     @3097   
        slave_export         14   uvm_analysis_imp_slave                            -     @3264   
        slave_export         15   uvm_analysis_imp_slave                            -     @3431   
      master_agent[00]            wb_master_agent_n                                 -     @316    
        mast_drv                  wb_master                                         -     @3773   
          rsp_port                uvm_analysis_port                                 -     @3792   
          seq_item_port           uvm_seq_item_pull_port                            -     @3782   
        mast_mon                  wb_master_mon                                     -     @3617   
          mon_analysis_port       uvm_analysis_port                                 -     @3626   
        mast_sqr                  wb_master_seqr                                    -     @3636   
          rsp_export              uvm_analysis_export                               -     @3645   
          seq_item_export         uvm_seq_item_pull_imp                             -     @3763   
          my_seq_lenght           integral                                          32    'h0     
          arbitration_queue       array                                             0     -       
          lock_queue              array                                             0     -       
          num_last_reqs           integral                                          32    'd1     
          num_last_rsps           integral                                          32    'd1     
        mast_sqr                  wb_master_seqr                                    -     @3636   
        mast_drv                  wb_master                                         -     @3773   
        mast_mon                  wb_master_mon                                     -     @3617   
        mstr_agent_cfg            wb_config                                         -     @234    
          port_size               sizes_e                                           32    DWORD   
          granularity             sizes_e                                           32    BYTE    
          cycles                  cycle_types_e                                     32    CLASSIC 
          max_n_wss               integral                                          32    'h5     
          min_addr                integral                                          32    'h0     
          max_addr                integral                                          32    'hfffffe
      master_agent[01]            wb_master_agent                                   -     @328    
        mast_drv                  wb_master                                         -     @3974   
          rsp_port                uvm_analysis_port                                 -     @3993   
          seq_item_port           uvm_seq_item_pull_port                            -     @3983   
        mast_mon                  wb_master_mon                                     -     @3818   
          mon_analysis_port       uvm_analysis_port                                 -     @3827   
        mast_sqr                  wb_master_seqr                                    -     @3837   
          rsp_export              uvm_analysis_export                               -     @3846   
          seq_item_export         uvm_seq_item_pull_imp                             -     @3964   
          my_seq_lenght           integral                                          32    'h0     
          arbitration_queue       array                                             0     -       
          lock_queue              array                                             0     -       
          num_last_reqs           integral                                          32    'd1     
          num_last_rsps           integral                                          32    'd1     
        mast_sqr                  wb_master_seqr                                    -     @3837   
        mast_drv                  wb_master                                         -     @3974   
        mast_mon                  wb_master_mon                                     -     @3818   
        mstr_agent_cfg            wb_config                                         -     @235    
          port_size               sizes_e                                           32    DWORD   
          granularity             sizes_e                                           32    BYTE    
          cycles                  cycle_types_e                                     32    CLASSIC 
          max_n_wss               integral                                          32    'h5     
          min_addr                integral                                          32    'h0     
          max_addr                integral                                          32    'hfffffe
      master_agent[02]            wb_master_agent                                   -     @339    
        mast_drv                  wb_master                                         -     @4174   
          rsp_port                uvm_analysis_port                                 -     @4193   
          seq_item_port           uvm_seq_item_pull_port                            -     @4183   
        mast_mon                  wb_master_mon                                     -     @4018   
          mon_analysis_port       uvm_analysis_port                                 -     @4027   
        mast_sqr                  wb_master_seqr                                    -     @4037   
          rsp_export              uvm_analysis_export                               -     @4046   
          seq_item_export         uvm_seq_item_pull_imp                             -     @4164   
          my_seq_lenght           integral                                          32    'h0     
          arbitration_queue       array                                             0     -       
          lock_queue              array                                             0     -       
          num_last_reqs           integral                                          32    'd1     
          num_last_rsps           integral                                          32    'd1     
        mast_sqr                  wb_master_seqr                                    -     @4037   
        mast_drv                  wb_master                                         -     @4174   
        mast_mon                  wb_master_mon                                     -     @4018   
        mstr_agent_cfg            wb_config                                         -     @236    
          port_size               sizes_e                                           32    DWORD   
          granularity             sizes_e                                           32    BYTE    
          cycles                  cycle_types_e                                     32    CLASSIC 
          max_n_wss               integral                                          32    'h5     
          min_addr                integral                                          32    'h0     
          max_addr                integral                                          32    'hfffffe
      master_agent[03]            wb_master_agent                                   -     @350    
        mast_drv                  wb_master                                         -     @4374   
          rsp_port                uvm_analysis_port                                 -     @4393   
          seq_item_port           uvm_seq_item_pull_port                            -     @4383   
        mast_mon                  wb_master_mon                                     -     @4218   
          mon_analysis_port       uvm_analysis_port                                 -     @4227   
        mast_sqr                  wb_master_seqr                                    -     @4237   
          rsp_export              uvm_analysis_export                               -     @4246   
          seq_item_export         uvm_seq_item_pull_imp                             -     @4364   
          my_seq_lenght           integral                                          32    'h0     
          arbitration_queue       array                                             0     -       
          lock_queue              array                                             0     -       
          num_last_reqs           integral                                          32    'd1     
          num_last_rsps           integral                                          32    'd1     
        mast_sqr                  wb_master_seqr                                    -     @4237   
        mast_drv                  wb_master                                         -     @4374   
        mast_mon                  wb_master_mon                                     -     @4218   
        mstr_agent_cfg            wb_config                                         -     @237    
          port_size               sizes_e                                           32    DWORD   
          granularity             sizes_e                                           32    BYTE    
          cycles                  cycle_types_e                                     32    CLASSIC 
          max_n_wss               integral                                          32    'h5     
          min_addr                integral                                          32    'h0     
          max_addr                integral                                          32    'hfffffe
      master_agent[04]            wb_master_agent                                   -     @361    
        mast_drv                  wb_master                                         -     @4574   
          rsp_port                uvm_analysis_port                                 -     @4593   
          seq_item_port           uvm_seq_item_pull_port                            -     @4583   
        mast_mon                  wb_master_mon                                     -     @4418   
          mon_analysis_port       uvm_analysis_port                                 -     @4427   
        mast_sqr                  wb_master_seqr                                    -     @4437   
          rsp_export              uvm_analysis_export                               -     @4446   
          seq_item_export         uvm_seq_item_pull_imp                             -     @4564   
          my_seq_lenght           integral                                          32    'h0     
          arbitration_queue       array                                             0     -       
          lock_queue              array                                             0     -       
          num_last_reqs           integral                                          32    'd1     
          num_last_rsps           integral                                          32    'd1     
        mast_sqr                  wb_master_seqr                                    -     @4437   
        mast_drv                  wb_master                                         -     @4574   
        mast_mon                  wb_master_mon                                     -     @4418   
        mstr_agent_cfg            wb_config                                         -     @238    
          port_size               sizes_e                                           32    DWORD   
          granularity             sizes_e                                           32    BYTE    
          cycles                  cycle_types_e                                     32    CLASSIC 
          max_n_wss               integral                                          32    'h5     
          min_addr                integral                                          32    'h0     
          max_addr                integral                                          32    'hfffffe
      master_agent[05]            wb_master_agent                                   -     @372    
        mast_drv                  wb_master                                         -     @4774   
          rsp_port                uvm_analysis_port                                 -     @4793   
          seq_item_port           uvm_seq_item_pull_port                            -     @4783   
        mast_mon                  wb_master_mon                                     -     @4618   
          mon_analysis_port       uvm_analysis_port                                 -     @4627   
        mast_sqr                  wb_master_seqr                                    -     @4637   
          rsp_export              uvm_analysis_export                               -     @4646   
          seq_item_export         uvm_seq_item_pull_imp                             -     @4764   
          my_seq_lenght           integral                                          32    'h0     
          arbitration_queue       array                                             0     -       
          lock_queue              array                                             0     -       
          num_last_reqs           integral                                          32    'd1     
          num_last_rsps           integral                                          32    'd1     
        mast_sqr                  wb_master_seqr                                    -     @4637   
        mast_drv                  wb_master                                         -     @4774   
        mast_mon                  wb_master_mon                                     -     @4618   
        mstr_agent_cfg            wb_config                                         -     @239    
          port_size               sizes_e                                           32    DWORD   
          granularity             sizes_e                                           32    BYTE    
          cycles                  cycle_types_e                                     32    CLASSIC 
          max_n_wss               integral                                          32    'h5     
          min_addr                integral                                          32    'h0     
          max_addr                integral                                          32    'hfffffe
      master_agent[06]            wb_master_agent                                   -     @383    
        mast_drv                  wb_master                                         -     @4974   
          rsp_port                uvm_analysis_port                                 -     @4993   
          seq_item_port           uvm_seq_item_pull_port                            -     @4983   
        mast_mon                  wb_master_mon                                     -     @4818   
          mon_analysis_port       uvm_analysis_port                                 -     @4827   
        mast_sqr                  wb_master_seqr                                    -     @4837   
          rsp_export              uvm_analysis_export                               -     @4846   
          seq_item_export         uvm_seq_item_pull_imp                             -     @4964   
          my_seq_lenght           integral                                          32    'h0     
          arbitration_queue       array                                             0     -       
          lock_queue              array                                             0     -       
          num_last_reqs           integral                                          32    'd1     
          num_last_rsps           integral                                          32    'd1     
        mast_sqr                  wb_master_seqr                                    -     @4837   
        mast_drv                  wb_master                                         -     @4974   
        mast_mon                  wb_master_mon                                     -     @4818   
        mstr_agent_cfg            wb_config                                         -     @240    
          port_size               sizes_e                                           32    DWORD   
          granularity             sizes_e                                           32    BYTE    
          cycles                  cycle_types_e                                     32    CLASSIC 
          max_n_wss               integral                                          32    'h5     
          min_addr                integral                                          32    'h0     
          max_addr                integral                                          32    'hfffffe
      master_agent[07]            wb_master_agent                                   -     @394    
        mast_drv                  wb_master                                         -     @5174   
          rsp_port                uvm_analysis_port                                 -     @5193   
          seq_item_port           uvm_seq_item_pull_port                            -     @5183   
        mast_mon                  wb_master_mon                                     -     @5018   
          mon_analysis_port       uvm_analysis_port                                 -     @5027   
        mast_sqr                  wb_master_seqr                                    -     @5037   
          rsp_export              uvm_analysis_export                               -     @5046   
          seq_item_export         uvm_seq_item_pull_imp                             -     @5164   
          my_seq_lenght           integral                                          32    'h0     
          arbitration_queue       array                                             0     -       
          lock_queue              array                                             0     -       
          num_last_reqs           integral                                          32    'd1     
          num_last_rsps           integral                                          32    'd1     
        mast_sqr                  wb_master_seqr                                    -     @5037   
        mast_drv                  wb_master                                         -     @5174   
        mast_mon                  wb_master_mon                                     -     @5018   
        mstr_agent_cfg            wb_config                                         -     @241    
          port_size               sizes_e                                           32    DWORD   
          granularity             sizes_e                                           32    BYTE    
          cycles                  cycle_types_e                                     32    CLASSIC 
          max_n_wss               integral                                          32    'h5     
          min_addr                integral                                          32    'h0     
          max_addr                integral                                          32    'hfffffe
      slave_agent[00]             wb_slave_agent                                    -     @405    
        slv_drv                   wb_slave                                          -     @5237   
          rsp_port                uvm_analysis_port                                 -     @5256   
          seq_item_port           uvm_seq_item_pull_port                            -     @5246   
          slv_get_export          uvm_blocking_get_imp                              -     @5266   
        slv_mon                   wb_slave_mon                                      -     @5218   
          mon_analysis_port       uvm_analysis_port                                 -     @5227   
        slv_seqr                  wb_slave_seqr                                     -     @5276   
          rsp_export              uvm_analysis_export                               -     @5285   
          seq_item_export         uvm_seq_item_pull_imp                             -     @5403   
          slave_get_port          uvm_blocking_get_port                             -     @5413   
          arbitration_queue       array                                             0     -       
          lock_queue              array                                             0     -       
          num_last_reqs           integral                                          32    'd1     
          num_last_rsps           integral                                          32    'd1     
        slv_drv                   wb_slave                                          -     @5237   
        slv_mon                   wb_slave_mon                                      -     @5218   
      slave_agent[01]             wb_slave_agent                                    -     @416    
        slv_drv                   wb_slave                                          -     @5457   
          rsp_port                uvm_analysis_port                                 -     @5476   
          seq_item_port           uvm_seq_item_pull_port                            -     @5466   
          slv_get_export          uvm_blocking_get_imp                              -     @5486   
        slv_mon                   wb_slave_mon                                      -     @5438   
          mon_analysis_port       uvm_analysis_port                                 -     @5447   
        slv_seqr                  wb_slave_seqr                                     -     @5496   
          rsp_export              uvm_analysis_export                               -     @5505   
          seq_item_export         uvm_seq_item_pull_imp                             -     @5623   
          slave_get_port          uvm_blocking_get_port                             -     @5633   
          arbitration_queue       array                                             0     -       
          lock_queue              array                                             0     -       
          num_last_reqs           integral                                          32    'd1     
          num_last_rsps           integral                                          32    'd1     
        slv_drv                   wb_slave                                          -     @5457   
        slv_mon                   wb_slave_mon                                      -     @5438   
      slave_agent[02]             wb_slave_agent                                    -     @427    
        slv_drv                   wb_slave                                          -     @5677   
          rsp_port                uvm_analysis_port                                 -     @5696   
          seq_item_port           uvm_seq_item_pull_port                            -     @5686   
          slv_get_export          uvm_blocking_get_imp                              -     @5706   
        slv_mon                   wb_slave_mon                                      -     @5658   
          mon_analysis_port       uvm_analysis_port                                 -     @5667   
        slv_seqr                  wb_slave_seqr                                     -     @5716   
          rsp_export              uvm_analysis_export                               -     @5725   
          seq_item_export         uvm_seq_item_pull_imp                             -     @5843   
          slave_get_port          uvm_blocking_get_port                             -     @5853   
          arbitration_queue       array                                             0     -       
          lock_queue              array                                             0     -       
          num_last_reqs           integral                                          32    'd1     
          num_last_rsps           integral                                          32    'd1     
        slv_drv                   wb_slave                                          -     @5677   
        slv_mon                   wb_slave_mon                                      -     @5658   
      slave_agent[03]             wb_slave_agent                                    -     @438    
        slv_drv                   wb_slave                                          -     @5897   
          rsp_port                uvm_analysis_port                                 -     @5916   
          seq_item_port           uvm_seq_item_pull_port                            -     @5906   
          slv_get_export          uvm_blocking_get_imp                              -     @5926   
        slv_mon                   wb_slave_mon                                      -     @5878   
          mon_analysis_port       uvm_analysis_port                                 -     @5887   
        slv_seqr                  wb_slave_seqr                                     -     @5936   
          rsp_export              uvm_analysis_export                               -     @5945   
          seq_item_export         uvm_seq_item_pull_imp                             -     @6063   
          slave_get_port          uvm_blocking_get_port                             -     @6073   
          arbitration_queue       array                                             0     -       
          lock_queue              array                                             0     -       
          num_last_reqs           integral                                          32    'd1     
          num_last_rsps           integral                                          32    'd1     
        slv_drv                   wb_slave                                          -     @5897   
        slv_mon                   wb_slave_mon                                      -     @5878   
      slave_agent[04]             wb_slave_agent                                    -     @449    
        slv_drv                   wb_slave                                          -     @6117   
          rsp_port                uvm_analysis_port                                 -     @6136   
          seq_item_port           uvm_seq_item_pull_port                            -     @6126   
          slv_get_export          uvm_blocking_get_imp                              -     @6146   
        slv_mon                   wb_slave_mon                                      -     @6098   
          mon_analysis_port       uvm_analysis_port                                 -     @6107   
        slv_seqr                  wb_slave_seqr                                     -     @6156   
          rsp_export              uvm_analysis_export                               -     @6165   
          seq_item_export         uvm_seq_item_pull_imp                             -     @6283   
          slave_get_port          uvm_blocking_get_port                             -     @6293   
          arbitration_queue       array                                             0     -       
          lock_queue              array                                             0     -       
          num_last_reqs           integral                                          32    'd1     
          num_last_rsps           integral                                          32    'd1     
        slv_drv                   wb_slave                                          -     @6117   
        slv_mon                   wb_slave_mon                                      -     @6098   
      slave_agent[05]             wb_slave_agent                                    -     @460    
        slv_drv                   wb_slave                                          -     @6337   
          rsp_port                uvm_analysis_port                                 -     @6356   
          seq_item_port           uvm_seq_item_pull_port                            -     @6346   
          slv_get_export          uvm_blocking_get_imp                              -     @6366   
        slv_mon                   wb_slave_mon                                      -     @6318   
          mon_analysis_port       uvm_analysis_port                                 -     @6327   
        slv_seqr                  wb_slave_seqr                                     -     @6376   
          rsp_export              uvm_analysis_export                               -     @6385   
          seq_item_export         uvm_seq_item_pull_imp                             -     @6503   
          slave_get_port          uvm_blocking_get_port                             -     @6513   
          arbitration_queue       array                                             0     -       
          lock_queue              array                                             0     -       
          num_last_reqs           integral                                          32    'd1     
          num_last_rsps           integral                                          32    'd1     
        slv_drv                   wb_slave                                          -     @6337   
        slv_mon                   wb_slave_mon                                      -     @6318   
      slave_agent[06]             wb_slave_agent                                    -     @471    
        slv_drv                   wb_slave                                          -     @6557   
          rsp_port                uvm_analysis_port                                 -     @6576   
          seq_item_port           uvm_seq_item_pull_port                            -     @6566   
          slv_get_export          uvm_blocking_get_imp                              -     @6586   
        slv_mon                   wb_slave_mon                                      -     @6538   
          mon_analysis_port       uvm_analysis_port                                 -     @6547   
        slv_seqr                  wb_slave_seqr                                     -     @6596   
          rsp_export              uvm_analysis_export                               -     @6605   
          seq_item_export         uvm_seq_item_pull_imp                             -     @6723   
          slave_get_port          uvm_blocking_get_port                             -     @6733   
          arbitration_queue       array                                             0     -       
          lock_queue              array                                             0     -       
          num_last_reqs           integral                                          32    'd1     
          num_last_rsps           integral                                          32    'd1     
        slv_drv                   wb_slave                                          -     @6557   
        slv_mon                   wb_slave_mon                                      -     @6538   
      slave_agent[07]             wb_slave_agent                                    -     @482    
        slv_drv                   wb_slave                                          -     @6777   
          rsp_port                uvm_analysis_port                                 -     @6796   
          seq_item_port           uvm_seq_item_pull_port                            -     @6786   
          slv_get_export          uvm_blocking_get_imp                              -     @6806   
        slv_mon                   wb_slave_mon                                      -     @6758   
          mon_analysis_port       uvm_analysis_port                                 -     @6767   
        slv_seqr                  wb_slave_seqr                                     -     @6816   
          rsp_export              uvm_analysis_export                               -     @6825   
          seq_item_export         uvm_seq_item_pull_imp                             -     @6943   
          slave_get_port          uvm_blocking_get_port                             -     @6953   
          arbitration_queue       array                                             0     -       
          lock_queue              array                                             0     -       
          num_last_reqs           integral                                          32    'd1     
          num_last_rsps           integral                                          32    'd1     
        slv_drv                   wb_slave                                          -     @6777   
        slv_mon                   wb_slave_mon                                      -     @6758   
      slave_agent[08]             wb_slave_agent                                    -     @493    
        slv_drv                   wb_slave                                          -     @6997   
          rsp_port                uvm_analysis_port                                 -     @7016   
          seq_item_port           uvm_seq_item_pull_port                            -     @7006   
          slv_get_export          uvm_blocking_get_imp                              -     @7026   
        slv_mon                   wb_slave_mon                                      -     @6978   
          mon_analysis_port       uvm_analysis_port                                 -     @6987   
        slv_seqr                  wb_slave_seqr                                     -     @7036   
          rsp_export              uvm_analysis_export                               -     @7045   
          seq_item_export         uvm_seq_item_pull_imp                             -     @7163   
          slave_get_port          uvm_blocking_get_port                             -     @7173   
          arbitration_queue       array                                             0     -       
          lock_queue              array                                             0     -       
          num_last_reqs           integral                                          32    'd1     
          num_last_rsps           integral                                          32    'd1     
        slv_drv                   wb_slave                                          -     @6997   
        slv_mon                   wb_slave_mon                                      -     @6978   
      slave_agent[09]             wb_slave_agent                                    -     @504    
        slv_drv                   wb_slave                                          -     @7217   
          rsp_port                uvm_analysis_port                                 -     @7236   
          seq_item_port           uvm_seq_item_pull_port                            -     @7226   
          slv_get_export          uvm_blocking_get_imp                              -     @7246   
        slv_mon                   wb_slave_mon                                      -     @7198   
          mon_analysis_port       uvm_analysis_port                                 -     @7207   
        slv_seqr                  wb_slave_seqr                                     -     @7256   
          rsp_export              uvm_analysis_export                               -     @7265   
          seq_item_export         uvm_seq_item_pull_imp                             -     @7383   
          slave_get_port          uvm_blocking_get_port                             -     @7393   
          arbitration_queue       array                                             0     -       
          lock_queue              array                                             0     -       
          num_last_reqs           integral                                          32    'd1     
          num_last_rsps           integral                                          32    'd1     
        slv_drv                   wb_slave                                          -     @7217   
        slv_mon                   wb_slave_mon                                      -     @7198   
      slave_agent[10]             wb_slave_agent                                    -     @515    
        slv_drv                   wb_slave                                          -     @7437   
          rsp_port                uvm_analysis_port                                 -     @7456   
          seq_item_port           uvm_seq_item_pull_port                            -     @7446   
          slv_get_export          uvm_blocking_get_imp                              -     @7466   
        slv_mon                   wb_slave_mon                                      -     @7418   
          mon_analysis_port       uvm_analysis_port                                 -     @7427   
        slv_seqr                  wb_slave_seqr                                     -     @7476   
          rsp_export              uvm_analysis_export                               -     @7485   
          seq_item_export         uvm_seq_item_pull_imp                             -     @7603   
          slave_get_port          uvm_blocking_get_port                             -     @7613   
          arbitration_queue       array                                             0     -       
          lock_queue              array                                             0     -       
          num_last_reqs           integral                                          32    'd1     
          num_last_rsps           integral                                          32    'd1     
        slv_drv                   wb_slave                                          -     @7437   
        slv_mon                   wb_slave_mon                                      -     @7418   
      slave_agent[11]             wb_slave_agent                                    -     @526    
        slv_drv                   wb_slave                                          -     @7657   
          rsp_port                uvm_analysis_port                                 -     @7676   
          seq_item_port           uvm_seq_item_pull_port                            -     @7666   
          slv_get_export          uvm_blocking_get_imp                              -     @7686   
        slv_mon                   wb_slave_mon                                      -     @7638   
          mon_analysis_port       uvm_analysis_port                                 -     @7647   
        slv_seqr                  wb_slave_seqr                                     -     @7696   
          rsp_export              uvm_analysis_export                               -     @7705   
          seq_item_export         uvm_seq_item_pull_imp                             -     @7823   
          slave_get_port          uvm_blocking_get_port                             -     @7833   
          arbitration_queue       array                                             0     -       
          lock_queue              array                                             0     -       
          num_last_reqs           integral                                          32    'd1     
          num_last_rsps           integral                                          32    'd1     
        slv_drv                   wb_slave                                          -     @7657   
        slv_mon                   wb_slave_mon                                      -     @7638   
      slave_agent[12]             wb_slave_agent                                    -     @537    
        slv_drv                   wb_slave                                          -     @7877   
          rsp_port                uvm_analysis_port                                 -     @7896   
          seq_item_port           uvm_seq_item_pull_port                            -     @7886   
          slv_get_export          uvm_blocking_get_imp                              -     @7906   
        slv_mon                   wb_slave_mon                                      -     @7858   
          mon_analysis_port       uvm_analysis_port                                 -     @7867   
        slv_seqr                  wb_slave_seqr                                     -     @7916   
          rsp_export              uvm_analysis_export                               -     @7925   
          seq_item_export         uvm_seq_item_pull_imp                             -     @8043   
          slave_get_port          uvm_blocking_get_port                             -     @8053   
          arbitration_queue       array                                             0     -       
          lock_queue              array                                             0     -       
          num_last_reqs           integral                                          32    'd1     
          num_last_rsps           integral                                          32    'd1     
        slv_drv                   wb_slave                                          -     @7877   
        slv_mon                   wb_slave_mon                                      -     @7858   
      slave_agent[13]             wb_slave_agent                                    -     @548    
        slv_drv                   wb_slave                                          -     @8097   
          rsp_port                uvm_analysis_port                                 -     @8116   
          seq_item_port           uvm_seq_item_pull_port                            -     @8106   
          slv_get_export          uvm_blocking_get_imp                              -     @8126   
        slv_mon                   wb_slave_mon                                      -     @8078   
          mon_analysis_port       uvm_analysis_port                                 -     @8087   
        slv_seqr                  wb_slave_seqr                                     -     @8136   
          rsp_export              uvm_analysis_export                               -     @8145   
          seq_item_export         uvm_seq_item_pull_imp                             -     @8263   
          slave_get_port          uvm_blocking_get_port                             -     @8273   
          arbitration_queue       array                                             0     -       
          lock_queue              array                                             0     -       
          num_last_reqs           integral                                          32    'd1     
          num_last_rsps           integral                                          32    'd1     
        slv_drv                   wb_slave                                          -     @8097   
        slv_mon                   wb_slave_mon                                      -     @8078   
      slave_agent[14]             wb_slave_agent                                    -     @559    
        slv_drv                   wb_slave                                          -     @8317   
          rsp_port                uvm_analysis_port                                 -     @8336   
          seq_item_port           uvm_seq_item_pull_port                            -     @8326   
          slv_get_export          uvm_blocking_get_imp                              -     @8346   
        slv_mon                   wb_slave_mon                                      -     @8298   
          mon_analysis_port       uvm_analysis_port                                 -     @8307   
        slv_seqr                  wb_slave_seqr                                     -     @8356   
          rsp_export              uvm_analysis_export                               -     @8365   
          seq_item_export         uvm_seq_item_pull_imp                             -     @8483   
          slave_get_port          uvm_blocking_get_port                             -     @8493   
          arbitration_queue       array                                             0     -       
          lock_queue              array                                             0     -       
          num_last_reqs           integral                                          32    'd1     
          num_last_rsps           integral                                          32    'd1     
        slv_drv                   wb_slave                                          -     @8317   
        slv_mon                   wb_slave_mon                                      -     @8298   
      slave_agent[15]             wb_slave_agent                                    -     @570    
        slv_drv                   wb_slave                                          -     @8537   
          rsp_port                uvm_analysis_port                                 -     @8556   
          seq_item_port           uvm_seq_item_pull_port                            -     @8546   
          slv_get_export          uvm_blocking_get_imp                              -     @8566   
        slv_mon                   wb_slave_mon                                      -     @8518   
          mon_analysis_port       uvm_analysis_port                                 -     @8527   
        slv_seqr                  wb_slave_seqr                                     -     @8576   
          rsp_export              uvm_analysis_export                               -     @8585   
          seq_item_export         uvm_seq_item_pull_imp                             -     @8703   
          slave_get_port          uvm_blocking_get_port                             -     @8713   
          arbitration_queue       array                                             0     -       
          lock_queue              array                                             0     -       
          num_last_reqs           integral                                          32    'd1     
          num_last_rsps           integral                                          32    'd1     
        slv_drv                   wb_slave                                          -     @8537   
        slv_mon                   wb_slave_mon                                      -     @8518   
      wb_conmax_virt_seqr         wb_conmax_virtual_sequencer                       -     @708    
        rsp_export                uvm_analysis_export                               -     @717    
        seq_item_export           uvm_seq_item_pull_imp                             -     @835    
        arbitration_queue         array                                             0     -       
        lock_queue                array                                             0     -       
        num_last_reqs             integral                                          32    'd1     
        num_last_rsps             integral                                          32    'd1     
--------------------------------------------------------------------------------------------------
UVM_INFO ../src/wb_master_agent_sequence_library.sv(85) @ 0: uvm_test_top.env.master_agent[00].mast_sqr@@sequence_1 [uvm_test_top.env.master_agent[00].mast_sqr.sequence_1] Starting Sequence sequence_1 
UVM_INFO ../../common/wb_master.sv(163) @ 0: uvm_test_top.env.master_agent[00].mast_drv [wb_env_DRIVER] Starting transaction...
UVM_INFO ../../common/wb_master.sv(201) @ 5000: uvm_test_top.env.master_agent[00].mast_drv [Wb master] Got a read transaction
UVM_INFO ../../common/wb_slave.sv(158) @ 206000: uvm_test_top.env.slave_agent[00].slv_drv [uvm_test_top.env.slave_agent[00].slv_drv] responding in this cycle
UVM_INFO ../../common/wb_slave_mon.sv(151) @ 206000: uvm_test_top.env.slave_agent[00].slv_mon [Wb_slave Monitor] got a read transaction  
UVM_INFO ../../common/wb_slave.sv(198) @ 235000: uvm_test_top.env.slave_agent[00].slv_drv [SLAVE_DRIVER] Completed transaction...
UVM_INFO @ 235000: uvm_test_top.env.Scoreboard.comparator          0 [Comparator Match] 
UVM_INFO ../../common/wb_master.sv(191) @ 245000: uvm_test_top.env.master_agent[00].mast_drv [wb_env_DRIVER] Completed transaction...
UVM_INFO ../../common/wb_master.sv(163) @ 245000: uvm_test_top.env.master_agent[00].mast_drv [wb_env_DRIVER] Starting transaction...
UVM_INFO ../../common/wb_master.sv(240) @ 255000: uvm_test_top.env.master_agent[00].mast_drv [Wb master] Got a write transaction
UVM_INFO ../../common/wb_slave.sv(158) @ 276000: uvm_test_top.env.slave_agent[00].slv_drv [uvm_test_top.env.slave_agent[00].slv_drv] responding in this cycle
UVM_INFO ../../common/wb_slave_mon.sv(141) @ 276000: uvm_test_top.env.slave_agent[00].slv_mon [WB slave Monitor] got a write transaction  from Master 
UVM_INFO ../../common/wb_slave.sv(198) @ 305000: uvm_test_top.env.slave_agent[00].slv_drv [SLAVE_DRIVER] Completed transaction...
UVM_INFO @ 305000: uvm_test_top.env.Scoreboard.comparator          0 [Comparator Match] 
UVM_INFO ../../common/wb_master.sv(191) @ 315000: uvm_test_top.env.master_agent[00].mast_drv [wb_env_DRIVER] Completed transaction...
UVM_INFO ../../common/wb_master.sv(163) @ 315000: uvm_test_top.env.master_agent[00].mast_drv [wb_env_DRIVER] Starting transaction...
UVM_INFO ../../common/wb_master.sv(240) @ 325000: uvm_test_top.env.master_agent[00].mast_drv [Wb master] Got a write transaction
UVM_INFO ../../common/wb_slave.sv(158) @ 346000: uvm_test_top.env.slave_agent[00].slv_drv [uvm_test_top.env.slave_agent[00].slv_drv] responding in this cycle
UVM_INFO ../../common/wb_slave_mon.sv(141) @ 346000: uvm_test_top.env.slave_agent[00].slv_mon [WB slave Monitor] got a write transaction  from Master 
UVM_INFO ../../common/wb_slave.sv(198) @ 375000: uvm_test_top.env.slave_agent[00].slv_drv [SLAVE_DRIVER] Completed transaction...
UVM_INFO @ 375000: uvm_test_top.env.Scoreboard.comparator          0 [Comparator Match] 
UVM_INFO ../../common/wb_master.sv(191) @ 385000: uvm_test_top.env.master_agent[00].mast_drv [wb_env_DRIVER] Completed transaction...
UVM_INFO ../../common/wb_master.sv(163) @ 385000: uvm_test_top.env.master_agent[00].mast_drv [wb_env_DRIVER] Starting transaction...
UVM_INFO ../../common/wb_master.sv(201) @ 395000: uvm_test_top.env.master_agent[00].mast_drv [Wb master] Got a read transaction
UVM_INFO ../../common/wb_slave.sv(158) @ 416000: uvm_test_top.env.slave_agent[00].slv_drv [uvm_test_top.env.slave_agent[00].slv_drv] responding in this cycle
UVM_INFO ../../common/wb_slave_mon.sv(151) @ 416000: uvm_test_top.env.slave_agent[00].slv_mon [Wb_slave Monitor] got a read transaction  
UVM_INFO ../../common/wb_slave.sv(198) @ 445000: uvm_test_top.env.slave_agent[00].slv_drv [SLAVE_DRIVER] Completed transaction...
UVM_INFO @ 445000: uvm_test_top.env.Scoreboard.comparator          0 [Comparator Match] 
UVM_INFO ../../common/wb_master.sv(191) @ 455000: uvm_test_top.env.master_agent[00].mast_drv [wb_env_DRIVER] Completed transaction...
UVM_INFO ../../common/wb_master.sv(163) @ 455000: uvm_test_top.env.master_agent[00].mast_drv [wb_env_DRIVER] Starting transaction...
UVM_INFO ../../common/wb_master.sv(201) @ 465000: uvm_test_top.env.master_agent[00].mast_drv [Wb master] Got a read transaction
UVM_INFO ../../common/wb_slave.sv(158) @ 486000: uvm_test_top.env.slave_agent[00].slv_drv [uvm_test_top.env.slave_agent[00].slv_drv] responding in this cycle
UVM_INFO ../../common/wb_slave_mon.sv(151) @ 486000: uvm_test_top.env.slave_agent[00].slv_mon [Wb_slave Monitor] got a read transaction  
UVM_INFO ../../common/wb_slave.sv(198) @ 515000: uvm_test_top.env.slave_agent[00].slv_drv [SLAVE_DRIVER] Completed transaction...
UVM_INFO @ 515000: uvm_test_top.env.Scoreboard.comparator          0 [Comparator Match] 
UVM_INFO ../../common/wb_master.sv(191) @ 525000: uvm_test_top.env.master_agent[00].mast_drv [wb_env_DRIVER] Completed transaction...
UVM_INFO /global/apps/vcs_2019.06/etc/uvm-ieee/base/uvm_report_catcher.svh(675) @ 525000: reporter [UVM/REPORT/CATCHER] 
--- UVM Report catcher Summary ---


Number of demoted UVM_FATAL reports  :    0
Number of demoted UVM_ERROR reports  :    0
Number of demoted UVM_WARNING reports:    0
Number of caught UVM_FATAL reports   :    0
Number of caught UVM_ERROR reports   :    0
Number of caught UVM_WARNING reports :    0

UVM_INFO /global/apps/vcs_2019.06/etc/uvm-ieee/base/uvm_report_server.svh(899) @ 525000: reporter [UVM/REPORT/SERVER] 
--- UVM Report Summary ---

** Report counts by severity
UVM_INFO :   53
UVM_WARNING :    0
UVM_ERROR :    0
UVM_FATAL :    0
** Report counts by id
[Comparator Match]     5
[INSTOVR]     1
[RNTST]     1
[SLAVE_DRIVER]     5
[UVM/CONFIGDB/SPELLCHK]     9
[UVM/FACTORY/PRINT]     2
[UVM/RELNOTES]     1
[UVM/REPORT/CATCHER]     1
[UVMTOP]     2
[WB slave Monitor]     2
[Wb master]     5
[Wb_slave Monitor]     3
[uvm_test_top.env.master_agent[00].mast_sqr.sequence_1]     1
[uvm_test_top.env.slave_agent[00].slv_drv]     5
[wb_env_DRIVER]    10

$finish called from file "/global/apps/vcs_2019.06/etc/uvm-ieee/base/uvm_root.svh", line 596.
$finish at simulation time               525000
           V C S   S i m u l a t i o n   R e p o r t 
Time: 525000 ps
CPU Time:      1.440 seconds;       Data structure size:   1.2Mb
Fri Nov 22 18:22:33 2019
