Command: /SCRATCH/srivats/vs/IEEE_Book_modified/Practical-UVM-IEEE-Edition/Practical_Applications/soc/tb/uvm/wb_conmax/run/./simv -l simv.log -lca +UVM_TESTNAME=wb_conmax_simple_cmdline_proc -l wb_conmax_simple_cmdline_proc.log +slave_adr_max=1234567
Chronologic VCS simulator copyright 1991-2019
Contains Synopsys proprietary information.
Compiler version P-2019.06; Runtime version P-2019.06;  Nov 22 18:22 2019
UVM_INFO /global/apps/vcs_2019.06/etc/uvm-ieee/base/uvm_root.svh(460) @ 0: reporter [UVM/RELNOTES] 
  ***********       IMPORTANT RELEASE NOTES         ************

  This implementation of the UVM Library deviates from the 1800.2-2017
  standard.  See the DEVIATIONS.md file contained in the release
  for more details.

----------------------------------------------------------------
Accellera:1800.2-2017:UVM:1.0.Synopsys

All copyright owners for this kit are listed in NOTICE.txt
All Rights Reserved Worldwide
----------------------------------------------------------------

      (Specify +UVM_NO_RELNOTES to turn off this notice)

UVM_INFO @ 0: reporter [RNTST] Running test wb_conmax_simple_cmdline_proc...
SLAVE ADR = 0012d687
-------------------------------------------------------
Name                      Type           Size  Value   
-------------------------------------------------------
master_configuration[00]  wb_config      -     @239    
  port_size               sizes_e        32    DWORD   
  granularity             sizes_e        32    BYTE    
  cycles                  cycle_types_e  32    CLASSIC 
  max_n_wss               integral       32    'h5     
  min_addr                integral       32    'h0     
  max_addr                integral       32    'h12d687
-------------------------------------------------------
-------------------------------------------------------
Name                      Type           Size  Value   
-------------------------------------------------------
master_configuration[01]  wb_config      -     @249    
  port_size               sizes_e        32    DWORD   
  granularity             sizes_e        32    BYTE    
  cycles                  cycle_types_e  32    CLASSIC 
  max_n_wss               integral       32    'h5     
  min_addr                integral       32    'h0     
  max_addr                integral       32    'h12d687
-------------------------------------------------------
-------------------------------------------------------
Name                      Type           Size  Value   
-------------------------------------------------------
master_configuration[02]  wb_config      -     @250    
  port_size               sizes_e        32    DWORD   
  granularity             sizes_e        32    BYTE    
  cycles                  cycle_types_e  32    CLASSIC 
  max_n_wss               integral       32    'h5     
  min_addr                integral       32    'h0     
  max_addr                integral       32    'h12d687
-------------------------------------------------------
-------------------------------------------------------
Name                      Type           Size  Value   
-------------------------------------------------------
master_configuration[03]  wb_config      -     @251    
  port_size               sizes_e        32    DWORD   
  granularity             sizes_e        32    BYTE    
  cycles                  cycle_types_e  32    CLASSIC 
  max_n_wss               integral       32    'h5     
  min_addr                integral       32    'h0     
  max_addr                integral       32    'h12d687
-------------------------------------------------------
-------------------------------------------------------
Name                      Type           Size  Value   
-------------------------------------------------------
master_configuration[04]  wb_config      -     @252    
  port_size               sizes_e        32    DWORD   
  granularity             sizes_e        32    BYTE    
  cycles                  cycle_types_e  32    CLASSIC 
  max_n_wss               integral       32    'h5     
  min_addr                integral       32    'h0     
  max_addr                integral       32    'h12d687
-------------------------------------------------------
-------------------------------------------------------
Name                      Type           Size  Value   
-------------------------------------------------------
master_configuration[05]  wb_config      -     @253    
  port_size               sizes_e        32    DWORD   
  granularity             sizes_e        32    BYTE    
  cycles                  cycle_types_e  32    CLASSIC 
  max_n_wss               integral       32    'h5     
  min_addr                integral       32    'h0     
  max_addr                integral       32    'h12d687
-------------------------------------------------------
-------------------------------------------------------
Name                      Type           Size  Value   
-------------------------------------------------------
master_configuration[06]  wb_config      -     @254    
  port_size               sizes_e        32    DWORD   
  granularity             sizes_e        32    BYTE    
  cycles                  cycle_types_e  32    CLASSIC 
  max_n_wss               integral       32    'h5     
  min_addr                integral       32    'h0     
  max_addr                integral       32    'h12d687
-------------------------------------------------------
-------------------------------------------------------
Name                      Type           Size  Value   
-------------------------------------------------------
master_configuration[07]  wb_config      -     @255    
  port_size               sizes_e        32    DWORD   
  granularity             sizes_e        32    BYTE    
  cycles                  cycle_types_e  32    CLASSIC 
  max_n_wss               integral       32    'h5     
  min_addr                integral       32    'h0     
  max_addr                integral       32    'h12d687
-------------------------------------------------------
------------------------------------------------------
Name                     Type           Size  Value   
------------------------------------------------------
slave_configuration[00]  wb_config      -     @256    
  port_size              sizes_e        32    DWORD   
  granularity            sizes_e        32    BYTE    
  cycles                 cycle_types_e  32    CLASSIC 
  max_n_wss              integral       32    'h2     
  min_addr               integral       32    'h0     
  max_addr               integral       32    'h12d687
------------------------------------------------------
-------------------------------------------------------
Name                     Type           Size  Value    
-------------------------------------------------------
slave_configuration[01]  wb_config      -     @257     
  port_size              sizes_e        32    DWORD    
  granularity            sizes_e        32    BYTE     
  cycles                 cycle_types_e  32    CLASSIC  
  max_n_wss              integral       32    'h2      
  min_addr               integral       32    'h0      
  max_addr               integral       32    'h112d686
-------------------------------------------------------
-------------------------------------------------------
Name                     Type           Size  Value    
-------------------------------------------------------
slave_configuration[02]  wb_config      -     @258     
  port_size              sizes_e        32    DWORD    
  granularity            sizes_e        32    BYTE     
  cycles                 cycle_types_e  32    CLASSIC  
  max_n_wss              integral       32    'h2      
  min_addr               integral       32    'h0      
  max_addr               integral       32    'h212d685
-------------------------------------------------------
-------------------------------------------------------
Name                     Type           Size  Value    
-------------------------------------------------------
slave_configuration[03]  wb_config      -     @259     
  port_size              sizes_e        32    DWORD    
  granularity            sizes_e        32    BYTE     
  cycles                 cycle_types_e  32    CLASSIC  
  max_n_wss              integral       32    'h2      
  min_addr               integral       32    'h0      
  max_addr               integral       32    'h312d684
-------------------------------------------------------
-------------------------------------------------------
Name                     Type           Size  Value    
-------------------------------------------------------
slave_configuration[04]  wb_config      -     @260     
  port_size              sizes_e        32    DWORD    
  granularity            sizes_e        32    BYTE     
  cycles                 cycle_types_e  32    CLASSIC  
  max_n_wss              integral       32    'h2      
  min_addr               integral       32    'h0      
  max_addr               integral       32    'h412d683
-------------------------------------------------------
-------------------------------------------------------
Name                     Type           Size  Value    
-------------------------------------------------------
slave_configuration[05]  wb_config      -     @261     
  port_size              sizes_e        32    DWORD    
  granularity            sizes_e        32    BYTE     
  cycles                 cycle_types_e  32    CLASSIC  
  max_n_wss              integral       32    'h2      
  min_addr               integral       32    'h0      
  max_addr               integral       32    'h512d682
-------------------------------------------------------
-------------------------------------------------------
Name                     Type           Size  Value    
-------------------------------------------------------
slave_configuration[06]  wb_config      -     @262     
  port_size              sizes_e        32    DWORD    
  granularity            sizes_e        32    BYTE     
  cycles                 cycle_types_e  32    CLASSIC  
  max_n_wss              integral       32    'h2      
  min_addr               integral       32    'h0      
  max_addr               integral       32    'h612d681
-------------------------------------------------------
-------------------------------------------------------
Name                     Type           Size  Value    
-------------------------------------------------------
slave_configuration[07]  wb_config      -     @263     
  port_size              sizes_e        32    DWORD    
  granularity            sizes_e        32    BYTE     
  cycles                 cycle_types_e  32    CLASSIC  
  max_n_wss              integral       32    'h2      
  min_addr               integral       32    'h0      
  max_addr               integral       32    'h712d680
-------------------------------------------------------
-------------------------------------------------------
Name                     Type           Size  Value    
-------------------------------------------------------
slave_configuration[08]  wb_config      -     @264     
  port_size              sizes_e        32    DWORD    
  granularity            sizes_e        32    BYTE     
  cycles                 cycle_types_e  32    CLASSIC  
  max_n_wss              integral       32    'h2      
  min_addr               integral       32    'h0      
  max_addr               integral       32    'h812d67f
-------------------------------------------------------
-------------------------------------------------------
Name                     Type           Size  Value    
-------------------------------------------------------
slave_configuration[09]  wb_config      -     @265     
  port_size              sizes_e        32    DWORD    
  granularity            sizes_e        32    BYTE     
  cycles                 cycle_types_e  32    CLASSIC  
  max_n_wss              integral       32    'h2      
  min_addr               integral       32    'h0      
  max_addr               integral       32    'h912d67e
-------------------------------------------------------
-------------------------------------------------------
Name                     Type           Size  Value    
-------------------------------------------------------
slave_configuration[10]  wb_config      -     @266     
  port_size              sizes_e        32    DWORD    
  granularity            sizes_e        32    BYTE     
  cycles                 cycle_types_e  32    CLASSIC  
  max_n_wss              integral       32    'h2      
  min_addr               integral       32    'h0      
  max_addr               integral       32    'ha12d67d
-------------------------------------------------------
-------------------------------------------------------
Name                     Type           Size  Value    
-------------------------------------------------------
slave_configuration[11]  wb_config      -     @267     
  port_size              sizes_e        32    DWORD    
  granularity            sizes_e        32    BYTE     
  cycles                 cycle_types_e  32    CLASSIC  
  max_n_wss              integral       32    'h2      
  min_addr               integral       32    'h0      
  max_addr               integral       32    'hb12d67c
-------------------------------------------------------
-------------------------------------------------------
Name                     Type           Size  Value    
-------------------------------------------------------
slave_configuration[12]  wb_config      -     @268     
  port_size              sizes_e        32    DWORD    
  granularity            sizes_e        32    BYTE     
  cycles                 cycle_types_e  32    CLASSIC  
  max_n_wss              integral       32    'h2      
  min_addr               integral       32    'h0      
  max_addr               integral       32    'hc12d67b
-------------------------------------------------------
-------------------------------------------------------
Name                     Type           Size  Value    
-------------------------------------------------------
slave_configuration[13]  wb_config      -     @269     
  port_size              sizes_e        32    DWORD    
  granularity            sizes_e        32    BYTE     
  cycles                 cycle_types_e  32    CLASSIC  
  max_n_wss              integral       32    'h2      
  min_addr               integral       32    'h0      
  max_addr               integral       32    'hd12d67a
-------------------------------------------------------
-------------------------------------------------------
Name                     Type           Size  Value    
-------------------------------------------------------
slave_configuration[14]  wb_config      -     @270     
  port_size              sizes_e        32    DWORD    
  granularity            sizes_e        32    BYTE     
  cycles                 cycle_types_e  32    CLASSIC  
  max_n_wss              integral       32    'h2      
  min_addr               integral       32    'h0      
  max_addr               integral       32    'he12d679
-------------------------------------------------------
-------------------------------------------------------
Name                     Type           Size  Value    
-------------------------------------------------------
slave_configuration[15]  wb_config      -     @271     
  port_size              sizes_e        32    DWORD    
  granularity            sizes_e        32    BYTE     
  cycles                 cycle_types_e  32    CLASSIC  
  max_n_wss              integral       32    'h2      
  min_addr               integral       32    'h0      
  max_addr               integral       32    'hf12d678
-------------------------------------------------------
UVM_INFO ../tests/wb_conmax_simple_cmdline_proc.sv(87) @ 0: uvm_test_top [uvm_test_top] Value of Slave Adr max is 1012d677
UVM_INFO /global/apps/vcs_2019.06/etc/uvm-ieee/base/uvm_spell_chkr.svh(124) @ 0: reporter [UVM/CONFIGDB/SPELLCHK] include_coverage not located, did you mean default_sequence
UVM_INFO /global/apps/vcs_2019.06/etc/uvm-ieee/base/uvm_spell_chkr.svh(124) @ 0: reporter [UVM/CONFIGDB/SPELLCHK] include_coverage not located, did you mean default_sequence
UVM_INFO /global/apps/vcs_2019.06/etc/uvm-ieee/base/uvm_spell_chkr.svh(124) @ 0: reporter [UVM/CONFIGDB/SPELLCHK] include_coverage not located, did you mean default_sequence
UVM_INFO /global/apps/vcs_2019.06/etc/uvm-ieee/base/uvm_spell_chkr.svh(124) @ 0: reporter [UVM/CONFIGDB/SPELLCHK] include_coverage not located, did you mean default_sequence
UVM_INFO /global/apps/vcs_2019.06/etc/uvm-ieee/base/uvm_spell_chkr.svh(124) @ 0: reporter [UVM/CONFIGDB/SPELLCHK] include_coverage not located, did you mean default_sequence
UVM_INFO /global/apps/vcs_2019.06/etc/uvm-ieee/base/uvm_spell_chkr.svh(124) @ 0: reporter [UVM/CONFIGDB/SPELLCHK] include_coverage not located, did you mean default_sequence
UVM_INFO /global/apps/vcs_2019.06/etc/uvm-ieee/base/uvm_spell_chkr.svh(124) @ 0: reporter [UVM/CONFIGDB/SPELLCHK] include_coverage not located, did you mean default_sequence
UVM_INFO /global/apps/vcs_2019.06/etc/uvm-ieee/base/uvm_spell_chkr.svh(124) @ 0: reporter [UVM/CONFIGDB/SPELLCHK] include_coverage not located, did you mean default_sequence
UVM_INFO /global/apps/vcs_2019.06/etc/uvm-ieee/base/uvm_spell_chkr.svh(124) @ 0: reporter [UVM/CONFIGDB/SPELLCHK] include_coverage not located, did you mean default_sequence
UVM_INFO ../src/wb_conmax_virtual_sequence.sv(35) @ 0: uvm_test_top.env.wb_conmax_virt_seqr@@wb_conmax_virtual_sequence [UVM_VIRTUAL_SEQUENCER] Starting a virtual sequence on the virtual sequencer
UVM_INFO ../src/wb_conmax_virtual_sequence.sv(37) @ 0: uvm_test_top.env.wb_conmax_virt_seqr@@wb_conmax_virtual_sequence [VIRT_SEQQ] Starting Virtual Sequence: PART 0
UVM_INFO ../src/wb_master_agent_sequence_library.sv(67) @ 0: uvm_test_top.env.master_agent[00].mast_sqr@@wb_conmax_virtual_sequence.sequence0 [uvm_test_top.env.wb_conmax_virt_seqr.wb_conmax_virtual_sequence.sequence0] Starting Sequence sequence_0 
UVM_INFO ../../common/wb_master.sv(163) @ 0: uvm_test_top.env.master_agent[00].mast_drv [wb_env_DRIVER] Starting transaction...
UVM_INFO ../../common/wb_master.sv(240) @ 5000: uvm_test_top.env.master_agent[00].mast_drv [Wb master] Got a write transaction
UVM_INFO ../../common/wb_slave.sv(158) @ 206000: uvm_test_top.env.slave_agent[00].slv_drv [uvm_test_top.env.slave_agent[00].slv_drv] responding in this cycle
UVM_INFO ../../common/wb_slave_mon.sv(141) @ 206000: uvm_test_top.env.slave_agent[00].slv_mon [WB slave Monitor] got a write transaction  from Master 
UVM_INFO ../../common/wb_slave.sv(198) @ 235000: uvm_test_top.env.slave_agent[00].slv_drv [SLAVE_DRIVER] Completed transaction...
UVM_INFO @ 235000: uvm_test_top.env.Scoreboard.comparator          0 [Comparator Match] 
UVM_INFO ../../common/wb_master.sv(191) @ 245000: uvm_test_top.env.master_agent[00].mast_drv [wb_env_DRIVER] Completed transaction...
UVM_INFO ../../common/wb_master.sv(163) @ 245000: uvm_test_top.env.master_agent[00].mast_drv [wb_env_DRIVER] Starting transaction...
UVM_INFO ../../common/wb_master.sv(201) @ 255000: uvm_test_top.env.master_agent[00].mast_drv [Wb master] Got a read transaction
UVM_INFO ../../common/wb_slave.sv(158) @ 276000: uvm_test_top.env.slave_agent[00].slv_drv [uvm_test_top.env.slave_agent[00].slv_drv] responding in this cycle
UVM_INFO ../../common/wb_slave_mon.sv(151) @ 276000: uvm_test_top.env.slave_agent[00].slv_mon [Wb_slave Monitor] got a read transaction  
UVM_INFO ../../common/wb_slave.sv(198) @ 305000: uvm_test_top.env.slave_agent[00].slv_drv [SLAVE_DRIVER] Completed transaction...
UVM_INFO @ 305000: uvm_test_top.env.Scoreboard.comparator          0 [Comparator Match] 
UVM_INFO ../../common/wb_master.sv(191) @ 315000: uvm_test_top.env.master_agent[00].mast_drv [wb_env_DRIVER] Completed transaction...
UVM_INFO ../src/wb_conmax_virtual_sequence.sv(41) @ 315000: uvm_test_top.env.wb_conmax_virt_seqr@@wb_conmax_virtual_sequence [VIRT_SEQQ] Starting Virtual Sequence: PART 1
UVM_INFO ../src/wb_master_agent_sequence_library.sv(85) @ 315000: uvm_test_top.env.master_agent[01].mast_sqr@@wb_conmax_virtual_sequence.sequence1 [uvm_test_top.env.wb_conmax_virt_seqr.wb_conmax_virtual_sequence.sequence1] Starting Sequence sequence_1 
UVM_INFO ../../common/wb_master.sv(163) @ 315000: uvm_test_top.env.master_agent[01].mast_drv [wb_env_DRIVER] Starting transaction...
UVM_INFO ../../common/wb_master.sv(240) @ 325000: uvm_test_top.env.master_agent[01].mast_drv [Wb master] Got a write transaction
UVM_INFO ../../common/wb_slave.sv(158) @ 346000: uvm_test_top.env.slave_agent[00].slv_drv [uvm_test_top.env.slave_agent[00].slv_drv] responding in this cycle
UVM_INFO ../../common/wb_slave_mon.sv(141) @ 346000: uvm_test_top.env.slave_agent[00].slv_mon [WB slave Monitor] got a write transaction  from Master 
UVM_INFO ../../common/wb_slave.sv(198) @ 375000: uvm_test_top.env.slave_agent[00].slv_drv [SLAVE_DRIVER] Completed transaction...
UVM_INFO @ 375000: uvm_test_top.env.Scoreboard.comparator          0 [Comparator Match] 
UVM_INFO ../../common/wb_master.sv(191) @ 385000: uvm_test_top.env.master_agent[01].mast_drv [wb_env_DRIVER] Completed transaction...
UVM_INFO ../../common/wb_master.sv(163) @ 385000: uvm_test_top.env.master_agent[01].mast_drv [wb_env_DRIVER] Starting transaction...
UVM_INFO ../../common/wb_master.sv(240) @ 395000: uvm_test_top.env.master_agent[01].mast_drv [Wb master] Got a write transaction
UVM_INFO ../../common/wb_slave.sv(158) @ 416000: uvm_test_top.env.slave_agent[00].slv_drv [uvm_test_top.env.slave_agent[00].slv_drv] responding in this cycle
UVM_INFO ../../common/wb_slave_mon.sv(141) @ 416000: uvm_test_top.env.slave_agent[00].slv_mon [WB slave Monitor] got a write transaction  from Master 
UVM_INFO ../../common/wb_slave.sv(198) @ 445000: uvm_test_top.env.slave_agent[00].slv_drv [SLAVE_DRIVER] Completed transaction...
UVM_INFO @ 445000: uvm_test_top.env.Scoreboard.comparator          0 [Comparator Match] 
UVM_INFO ../../common/wb_master.sv(191) @ 455000: uvm_test_top.env.master_agent[01].mast_drv [wb_env_DRIVER] Completed transaction...
UVM_INFO ../../common/wb_master.sv(163) @ 455000: uvm_test_top.env.master_agent[01].mast_drv [wb_env_DRIVER] Starting transaction...
UVM_INFO ../../common/wb_master.sv(240) @ 465000: uvm_test_top.env.master_agent[01].mast_drv [Wb master] Got a write transaction
UVM_INFO ../../common/wb_slave.sv(158) @ 486000: uvm_test_top.env.slave_agent[00].slv_drv [uvm_test_top.env.slave_agent[00].slv_drv] responding in this cycle
UVM_INFO ../../common/wb_slave_mon.sv(141) @ 486000: uvm_test_top.env.slave_agent[00].slv_mon [WB slave Monitor] got a write transaction  from Master 
UVM_INFO ../../common/wb_slave.sv(198) @ 515000: uvm_test_top.env.slave_agent[00].slv_drv [SLAVE_DRIVER] Completed transaction...
UVM_INFO @ 515000: uvm_test_top.env.Scoreboard.comparator          0 [Comparator Match] 
UVM_INFO ../../common/wb_master.sv(191) @ 525000: uvm_test_top.env.master_agent[01].mast_drv [wb_env_DRIVER] Completed transaction...
UVM_INFO ../../common/wb_master.sv(163) @ 525000: uvm_test_top.env.master_agent[01].mast_drv [wb_env_DRIVER] Starting transaction...
UVM_INFO ../../common/wb_master.sv(201) @ 535000: uvm_test_top.env.master_agent[01].mast_drv [Wb master] Got a read transaction
UVM_INFO ../../common/wb_slave.sv(158) @ 556000: uvm_test_top.env.slave_agent[00].slv_drv [uvm_test_top.env.slave_agent[00].slv_drv] responding in this cycle
UVM_INFO ../../common/wb_slave_mon.sv(151) @ 556000: uvm_test_top.env.slave_agent[00].slv_mon [Wb_slave Monitor] got a read transaction  
UVM_INFO ../../common/wb_slave.sv(198) @ 585000: uvm_test_top.env.slave_agent[00].slv_drv [SLAVE_DRIVER] Completed transaction...
UVM_INFO @ 585000: uvm_test_top.env.Scoreboard.comparator          0 [Comparator Match] 
UVM_INFO ../../common/wb_master.sv(191) @ 595000: uvm_test_top.env.master_agent[01].mast_drv [wb_env_DRIVER] Completed transaction...
UVM_INFO ../../common/wb_master.sv(163) @ 595000: uvm_test_top.env.master_agent[01].mast_drv [wb_env_DRIVER] Starting transaction...
UVM_INFO ../../common/wb_master.sv(201) @ 605000: uvm_test_top.env.master_agent[01].mast_drv [Wb master] Got a read transaction
UVM_INFO ../../common/wb_slave.sv(158) @ 626000: uvm_test_top.env.slave_agent[00].slv_drv [uvm_test_top.env.slave_agent[00].slv_drv] responding in this cycle
UVM_INFO ../../common/wb_slave_mon.sv(151) @ 626000: uvm_test_top.env.slave_agent[00].slv_mon [Wb_slave Monitor] got a read transaction  
UVM_INFO ../../common/wb_slave.sv(198) @ 655000: uvm_test_top.env.slave_agent[00].slv_drv [SLAVE_DRIVER] Completed transaction...
UVM_INFO @ 655000: uvm_test_top.env.Scoreboard.comparator          0 [Comparator Match] 
UVM_INFO ../../common/wb_master.sv(191) @ 665000: uvm_test_top.env.master_agent[01].mast_drv [wb_env_DRIVER] Completed transaction...
UVM_INFO ../src/wb_conmax_virtual_sequence.sv(44) @ 665000: uvm_test_top.env.wb_conmax_virt_seqr@@wb_conmax_virtual_sequence [VIRT_SEQQ] Starting Virtual Sequence: PART 2
UVM_INFO ../src/wb_master_agent_sequence_library.sv(67) @ 665000: uvm_test_top.env.master_agent[02].mast_sqr@@wb_conmax_virtual_sequence.sequence0 [uvm_test_top.env.wb_conmax_virt_seqr.wb_conmax_virtual_sequence.sequence0] Starting Sequence sequence_0 
UVM_INFO ../../common/wb_master.sv(163) @ 665000: uvm_test_top.env.master_agent[02].mast_drv [wb_env_DRIVER] Starting transaction...
UVM_INFO ../../common/wb_master.sv(240) @ 675000: uvm_test_top.env.master_agent[02].mast_drv [Wb master] Got a write transaction
UVM_INFO ../../common/wb_slave.sv(158) @ 696000: uvm_test_top.env.slave_agent[00].slv_drv [uvm_test_top.env.slave_agent[00].slv_drv] responding in this cycle
UVM_INFO ../../common/wb_slave_mon.sv(141) @ 696000: uvm_test_top.env.slave_agent[00].slv_mon [WB slave Monitor] got a write transaction  from Master 
UVM_INFO ../../common/wb_slave.sv(198) @ 725000: uvm_test_top.env.slave_agent[00].slv_drv [SLAVE_DRIVER] Completed transaction...
UVM_INFO @ 725000: uvm_test_top.env.Scoreboard.comparator          0 [Comparator Match] 
UVM_INFO ../../common/wb_master.sv(191) @ 735000: uvm_test_top.env.master_agent[02].mast_drv [wb_env_DRIVER] Completed transaction...
UVM_INFO ../../common/wb_master.sv(163) @ 735000: uvm_test_top.env.master_agent[02].mast_drv [wb_env_DRIVER] Starting transaction...
UVM_INFO ../../common/wb_master.sv(201) @ 745000: uvm_test_top.env.master_agent[02].mast_drv [Wb master] Got a read transaction
UVM_INFO ../../common/wb_slave.sv(158) @ 766000: uvm_test_top.env.slave_agent[00].slv_drv [uvm_test_top.env.slave_agent[00].slv_drv] responding in this cycle
UVM_INFO ../../common/wb_slave_mon.sv(151) @ 766000: uvm_test_top.env.slave_agent[00].slv_mon [Wb_slave Monitor] got a read transaction  
UVM_INFO ../../common/wb_slave.sv(198) @ 795000: uvm_test_top.env.slave_agent[00].slv_drv [SLAVE_DRIVER] Completed transaction...
UVM_INFO @ 795000: uvm_test_top.env.Scoreboard.comparator          0 [Comparator Match] 
UVM_INFO ../../common/wb_master.sv(191) @ 805000: uvm_test_top.env.master_agent[02].mast_drv [wb_env_DRIVER] Completed transaction...
UVM_INFO ../src/wb_conmax_virtual_sequence.sv(47) @ 805000: uvm_test_top.env.wb_conmax_virt_seqr@@wb_conmax_virtual_sequence [VIRT_SEQQ] Starting Virtual Sequence: PART 3
UVM_INFO ../src/wb_master_agent_sequence_library.sv(67) @ 805000: uvm_test_top.env.master_agent[03].mast_sqr@@wb_conmax_virtual_sequence.sequence0 [uvm_test_top.env.wb_conmax_virt_seqr.wb_conmax_virtual_sequence.sequence0] Starting Sequence sequence_0 
UVM_INFO ../../common/wb_master.sv(163) @ 805000: uvm_test_top.env.master_agent[03].mast_drv [wb_env_DRIVER] Starting transaction...
UVM_INFO ../../common/wb_master.sv(240) @ 815000: uvm_test_top.env.master_agent[03].mast_drv [Wb master] Got a write transaction
UVM_INFO ../../common/wb_slave.sv(158) @ 836000: uvm_test_top.env.slave_agent[00].slv_drv [uvm_test_top.env.slave_agent[00].slv_drv] responding in this cycle
UVM_INFO ../../common/wb_slave_mon.sv(141) @ 836000: uvm_test_top.env.slave_agent[00].slv_mon [WB slave Monitor] got a write transaction  from Master 
UVM_INFO ../../common/wb_slave.sv(198) @ 865000: uvm_test_top.env.slave_agent[00].slv_drv [SLAVE_DRIVER] Completed transaction...
UVM_INFO @ 865000: uvm_test_top.env.Scoreboard.comparator          0 [Comparator Match] 
UVM_INFO ../../common/wb_master.sv(191) @ 875000: uvm_test_top.env.master_agent[03].mast_drv [wb_env_DRIVER] Completed transaction...
UVM_INFO ../../common/wb_master.sv(163) @ 875000: uvm_test_top.env.master_agent[03].mast_drv [wb_env_DRIVER] Starting transaction...
UVM_INFO ../../common/wb_master.sv(201) @ 885000: uvm_test_top.env.master_agent[03].mast_drv [Wb master] Got a read transaction
UVM_INFO ../../common/wb_slave.sv(158) @ 906000: uvm_test_top.env.slave_agent[00].slv_drv [uvm_test_top.env.slave_agent[00].slv_drv] responding in this cycle
UVM_INFO ../../common/wb_slave_mon.sv(151) @ 906000: uvm_test_top.env.slave_agent[00].slv_mon [Wb_slave Monitor] got a read transaction  
UVM_INFO ../../common/wb_slave.sv(198) @ 935000: uvm_test_top.env.slave_agent[00].slv_drv [SLAVE_DRIVER] Completed transaction...
UVM_INFO @ 935000: uvm_test_top.env.Scoreboard.comparator          0 [Comparator Match] 
UVM_INFO ../../common/wb_master.sv(191) @ 945000: uvm_test_top.env.master_agent[03].mast_drv [wb_env_DRIVER] Completed transaction...
UVM_INFO ../src/wb_conmax_virtual_sequence.sv(50) @ 945000: uvm_test_top.env.wb_conmax_virt_seqr@@wb_conmax_virtual_sequence [VIRT_SEQQ] Starting Virtual Sequence: PART 4
UVM_INFO ../src/wb_master_agent_sequence_library.sv(67) @ 945000: uvm_test_top.env.master_agent[04].mast_sqr@@wb_conmax_virtual_sequence.sequence0 [uvm_test_top.env.wb_conmax_virt_seqr.wb_conmax_virtual_sequence.sequence0] Starting Sequence sequence_0 
UVM_INFO ../../common/wb_master.sv(163) @ 945000: uvm_test_top.env.master_agent[04].mast_drv [wb_env_DRIVER] Starting transaction...
UVM_INFO ../../common/wb_master.sv(240) @ 955000: uvm_test_top.env.master_agent[04].mast_drv [Wb master] Got a write transaction
UVM_INFO ../../common/wb_slave.sv(158) @ 976000: uvm_test_top.env.slave_agent[00].slv_drv [uvm_test_top.env.slave_agent[00].slv_drv] responding in this cycle
UVM_INFO ../../common/wb_slave_mon.sv(141) @ 976000: uvm_test_top.env.slave_agent[00].slv_mon [WB slave Monitor] got a write transaction  from Master 
UVM_INFO ../../common/wb_slave.sv(198) @ 1005000: uvm_test_top.env.slave_agent[00].slv_drv [SLAVE_DRIVER] Completed transaction...
UVM_INFO @ 1005000: uvm_test_top.env.Scoreboard.comparator          0 [Comparator Match] 
UVM_INFO ../../common/wb_master.sv(191) @ 1015000: uvm_test_top.env.master_agent[04].mast_drv [wb_env_DRIVER] Completed transaction...
UVM_INFO ../../common/wb_master.sv(163) @ 1015000: uvm_test_top.env.master_agent[04].mast_drv [wb_env_DRIVER] Starting transaction...
UVM_INFO ../../common/wb_master.sv(201) @ 1025000: uvm_test_top.env.master_agent[04].mast_drv [Wb master] Got a read transaction
UVM_INFO ../../common/wb_slave.sv(158) @ 1046000: uvm_test_top.env.slave_agent[00].slv_drv [uvm_test_top.env.slave_agent[00].slv_drv] responding in this cycle
UVM_INFO ../../common/wb_slave_mon.sv(151) @ 1046000: uvm_test_top.env.slave_agent[00].slv_mon [Wb_slave Monitor] got a read transaction  
UVM_INFO ../../common/wb_slave.sv(198) @ 1075000: uvm_test_top.env.slave_agent[00].slv_drv [SLAVE_DRIVER] Completed transaction...
UVM_INFO @ 1075000: uvm_test_top.env.Scoreboard.comparator          0 [Comparator Match] 
UVM_INFO ../../common/wb_master.sv(191) @ 1085000: uvm_test_top.env.master_agent[04].mast_drv [wb_env_DRIVER] Completed transaction...
UVM_INFO ../src/wb_conmax_virtual_sequence.sv(53) @ 1085000: uvm_test_top.env.wb_conmax_virt_seqr@@wb_conmax_virtual_sequence [VIRT_SEQQ] Starting Virtual Sequence: PART 5
UVM_INFO ../src/wb_master_agent_sequence_library.sv(67) @ 1085000: uvm_test_top.env.master_agent[05].mast_sqr@@wb_conmax_virtual_sequence.sequence0 [uvm_test_top.env.wb_conmax_virt_seqr.wb_conmax_virtual_sequence.sequence0] Starting Sequence sequence_0 
UVM_INFO ../../common/wb_master.sv(163) @ 1085000: uvm_test_top.env.master_agent[05].mast_drv [wb_env_DRIVER] Starting transaction...
UVM_INFO ../../common/wb_master.sv(240) @ 1095000: uvm_test_top.env.master_agent[05].mast_drv [Wb master] Got a write transaction
UVM_INFO ../../common/wb_slave.sv(158) @ 1116000: uvm_test_top.env.slave_agent[00].slv_drv [uvm_test_top.env.slave_agent[00].slv_drv] responding in this cycle
UVM_INFO ../../common/wb_slave_mon.sv(141) @ 1116000: uvm_test_top.env.slave_agent[00].slv_mon [WB slave Monitor] got a write transaction  from Master 
UVM_INFO ../../common/wb_slave.sv(198) @ 1145000: uvm_test_top.env.slave_agent[00].slv_drv [SLAVE_DRIVER] Completed transaction...
UVM_INFO @ 1145000: uvm_test_top.env.Scoreboard.comparator          0 [Comparator Match] 
UVM_INFO ../../common/wb_master.sv(191) @ 1155000: uvm_test_top.env.master_agent[05].mast_drv [wb_env_DRIVER] Completed transaction...
UVM_INFO ../../common/wb_master.sv(163) @ 1155000: uvm_test_top.env.master_agent[05].mast_drv [wb_env_DRIVER] Starting transaction...
UVM_INFO ../../common/wb_master.sv(201) @ 1165000: uvm_test_top.env.master_agent[05].mast_drv [Wb master] Got a read transaction
UVM_INFO ../../common/wb_slave.sv(158) @ 1186000: uvm_test_top.env.slave_agent[00].slv_drv [uvm_test_top.env.slave_agent[00].slv_drv] responding in this cycle
UVM_INFO ../../common/wb_slave_mon.sv(151) @ 1186000: uvm_test_top.env.slave_agent[00].slv_mon [Wb_slave Monitor] got a read transaction  
UVM_INFO ../../common/wb_slave.sv(198) @ 1215000: uvm_test_top.env.slave_agent[00].slv_drv [SLAVE_DRIVER] Completed transaction...
UVM_INFO @ 1215000: uvm_test_top.env.Scoreboard.comparator          0 [Comparator Match] 
UVM_INFO ../../common/wb_master.sv(191) @ 1225000: uvm_test_top.env.master_agent[05].mast_drv [wb_env_DRIVER] Completed transaction...
UVM_INFO ../src/wb_conmax_virtual_sequence.sv(56) @ 1225000: uvm_test_top.env.wb_conmax_virt_seqr@@wb_conmax_virtual_sequence [VIRT_SEQQ] Starting Virtual Sequence: PART 6
UVM_INFO ../src/wb_master_agent_sequence_library.sv(67) @ 1225000: uvm_test_top.env.master_agent[06].mast_sqr@@wb_conmax_virtual_sequence.sequence0 [uvm_test_top.env.wb_conmax_virt_seqr.wb_conmax_virtual_sequence.sequence0] Starting Sequence sequence_0 
UVM_INFO ../../common/wb_master.sv(163) @ 1225000: uvm_test_top.env.master_agent[06].mast_drv [wb_env_DRIVER] Starting transaction...
UVM_INFO ../../common/wb_master.sv(240) @ 1235000: uvm_test_top.env.master_agent[06].mast_drv [Wb master] Got a write transaction
UVM_INFO ../../common/wb_slave.sv(158) @ 1256000: uvm_test_top.env.slave_agent[00].slv_drv [uvm_test_top.env.slave_agent[00].slv_drv] responding in this cycle
UVM_INFO ../../common/wb_slave_mon.sv(141) @ 1256000: uvm_test_top.env.slave_agent[00].slv_mon [WB slave Monitor] got a write transaction  from Master 
UVM_INFO ../../common/wb_slave.sv(198) @ 1285000: uvm_test_top.env.slave_agent[00].slv_drv [SLAVE_DRIVER] Completed transaction...
UVM_INFO @ 1285000: uvm_test_top.env.Scoreboard.comparator          0 [Comparator Match] 
UVM_INFO ../../common/wb_master.sv(191) @ 1295000: uvm_test_top.env.master_agent[06].mast_drv [wb_env_DRIVER] Completed transaction...
UVM_INFO ../../common/wb_master.sv(163) @ 1295000: uvm_test_top.env.master_agent[06].mast_drv [wb_env_DRIVER] Starting transaction...
UVM_INFO ../../common/wb_master.sv(201) @ 1305000: uvm_test_top.env.master_agent[06].mast_drv [Wb master] Got a read transaction
UVM_INFO ../../common/wb_slave.sv(158) @ 1326000: uvm_test_top.env.slave_agent[00].slv_drv [uvm_test_top.env.slave_agent[00].slv_drv] responding in this cycle
UVM_INFO ../../common/wb_slave_mon.sv(151) @ 1326000: uvm_test_top.env.slave_agent[00].slv_mon [Wb_slave Monitor] got a read transaction  
UVM_INFO ../../common/wb_slave.sv(198) @ 1355000: uvm_test_top.env.slave_agent[00].slv_drv [SLAVE_DRIVER] Completed transaction...
UVM_INFO @ 1355000: uvm_test_top.env.Scoreboard.comparator          0 [Comparator Match] 
UVM_INFO ../../common/wb_master.sv(191) @ 1365000: uvm_test_top.env.master_agent[06].mast_drv [wb_env_DRIVER] Completed transaction...
UVM_INFO ../src/wb_conmax_virtual_sequence.sv(59) @ 1365000: uvm_test_top.env.wb_conmax_virt_seqr@@wb_conmax_virtual_sequence [VIRT_SEQQ] Starting Virtual Sequence: PART 7
UVM_INFO ../src/wb_master_agent_sequence_library.sv(67) @ 1365000: uvm_test_top.env.master_agent[07].mast_sqr@@wb_conmax_virtual_sequence.sequence0 [uvm_test_top.env.wb_conmax_virt_seqr.wb_conmax_virtual_sequence.sequence0] Starting Sequence sequence_0 
UVM_INFO ../../common/wb_master.sv(163) @ 1365000: uvm_test_top.env.master_agent[07].mast_drv [wb_env_DRIVER] Starting transaction...
UVM_INFO ../../common/wb_master.sv(240) @ 1375000: uvm_test_top.env.master_agent[07].mast_drv [Wb master] Got a write transaction
UVM_INFO ../../common/wb_slave.sv(158) @ 1396000: uvm_test_top.env.slave_agent[00].slv_drv [uvm_test_top.env.slave_agent[00].slv_drv] responding in this cycle
UVM_INFO ../../common/wb_slave_mon.sv(141) @ 1396000: uvm_test_top.env.slave_agent[00].slv_mon [WB slave Monitor] got a write transaction  from Master 
UVM_INFO ../../common/wb_slave.sv(198) @ 1425000: uvm_test_top.env.slave_agent[00].slv_drv [SLAVE_DRIVER] Completed transaction...
UVM_INFO @ 1425000: uvm_test_top.env.Scoreboard.comparator          0 [Comparator Match] 
UVM_INFO ../../common/wb_master.sv(191) @ 1435000: uvm_test_top.env.master_agent[07].mast_drv [wb_env_DRIVER] Completed transaction...
UVM_INFO ../../common/wb_master.sv(163) @ 1435000: uvm_test_top.env.master_agent[07].mast_drv [wb_env_DRIVER] Starting transaction...
UVM_INFO ../../common/wb_master.sv(201) @ 1445000: uvm_test_top.env.master_agent[07].mast_drv [Wb master] Got a read transaction
UVM_INFO ../../common/wb_slave.sv(158) @ 1466000: uvm_test_top.env.slave_agent[00].slv_drv [uvm_test_top.env.slave_agent[00].slv_drv] responding in this cycle
UVM_INFO ../../common/wb_slave_mon.sv(151) @ 1466000: uvm_test_top.env.slave_agent[00].slv_mon [Wb_slave Monitor] got a read transaction  
UVM_INFO ../../common/wb_slave.sv(198) @ 1495000: uvm_test_top.env.slave_agent[00].slv_drv [SLAVE_DRIVER] Completed transaction...
UVM_INFO @ 1495000: uvm_test_top.env.Scoreboard.comparator          0 [Comparator Match] 
UVM_INFO ../../common/wb_master.sv(191) @ 1505000: uvm_test_top.env.master_agent[07].mast_drv [wb_env_DRIVER] Completed transaction...
UVM_INFO /global/apps/vcs_2019.06/etc/uvm-ieee/base/uvm_report_catcher.svh(675) @ 1505000: reporter [UVM/REPORT/CATCHER] 
--- UVM Report catcher Summary ---


Number of demoted UVM_FATAL reports  :    0
Number of demoted UVM_ERROR reports  :    0
Number of demoted UVM_WARNING reports:    0
Number of caught UVM_FATAL reports   :    0
Number of caught UVM_ERROR reports   :    0
Number of caught UVM_WARNING reports :    0

UVM_INFO /global/apps/vcs_2019.06/etc/uvm-ieee/base/uvm_report_server.svh(899) @ 1505000: reporter [UVM/REPORT/SERVER] 
--- UVM Report Summary ---

** Report counts by severity
UVM_INFO :  163
UVM_WARNING :    0
UVM_ERROR :    0
UVM_FATAL :    0
** Report counts by id
[Comparator Match]    19
[RNTST]     1
[SLAVE_DRIVER]    19
[UVM/CONFIGDB/SPELLCHK]     9
[UVM/RELNOTES]     1
[UVM/REPORT/CATCHER]     1
[UVM_VIRTUAL_SEQUENCER]     1
[VIRT_SEQQ]     8
[WB slave Monitor]    10
[Wb master]    19
[Wb_slave Monitor]     9
[uvm_test_top]     1
[uvm_test_top.env.slave_agent[00].slv_drv]    19
[uvm_test_top.env.wb_conmax_virt_seqr.wb_conmax_virtual_sequence.sequence0]     7
[uvm_test_top.env.wb_conmax_virt_seqr.wb_conmax_virtual_sequence.sequence1]     1
[wb_env_DRIVER]    38

$finish called from file "/global/apps/vcs_2019.06/etc/uvm-ieee/base/uvm_root.svh", line 596.
$finish at simulation time              1505000
           V C S   S i m u l a t i o n   R e p o r t 
Time: 1505000 ps
CPU Time:      1.400 seconds;       Data structure size:   1.2Mb
Fri Nov 22 18:22:27 2019
