Command: /SCRATCH/srivats/vs/new_book_examples/uvm-1.2/UVM_Building_Blocks/phase_callbacks/run/./simv -l simv.log -lca +ntb_random_seed=1 +UVM_TESTNAME=wb_env_phase_cb_test +UVM_LOG_RECORD
Chronologic VCS simulator copyright 1991-2019
Contains Synopsys proprietary information.
Compiler version P-2019.06; Runtime version P-2019.06;  Nov 24 13:51 2019
UVM_INFO /global/apps/vcs_2019.06/etc/uvm-1.2/base/uvm_root.svh(412) @ 0: reporter [UVM/RELNOTES] 
----------------------------------------------------------------
UVM-1.2.Synopsys
(C) 2007-2014 Mentor Graphics Corporation
(C) 2007-2014 Cadence Design Systems, Inc.
(C) 2006-2014 Synopsys, Inc.
(C) 2011-2013 Cypress Semiconductor Corp.
(C) 2013-2014 NVIDIA Corporation
----------------------------------------------------------------

  ***********       IMPORTANT RELEASE NOTES         ************

  You are using a version of the UVM library that has been compiled
  with `UVM_OBJECT_DO_NOT_NEED_CONSTRUCTOR undefined.
  See http://www.eda.org/svdb/view.php?id=3770 for more details.

      (Specify +UVM_NO_RELNOTES to turn off this notice)

VCD+ Writer P-2019.06 Copyright (c) 1991-2019 by Synopsys Inc.
UVM_INFO @ 0: reporter [RNTST] Running test wb_env_phase_cb_test...
UVM_INFO ../tests/wb_env_test_phase_cb.sv(13) @ 0: reporter [PHASE STATE_CHANGE ] phase name: build , OLD STATE UVM_PHASE_EXECUTING, NEW STATE : UVM_PHASE_ENDED

UVM_INFO ../tests/wb_env_test_phase_cb.sv(13) @ 0: reporter [PHASE STATE_CHANGE ] phase name: build , OLD STATE UVM_PHASE_ENDED, NEW STATE : UVM_PHASE_CLEANUP

UVM_INFO ../tests/wb_env_test_phase_cb.sv(13) @ 0: reporter [PHASE STATE_CHANGE ] phase name: build , OLD STATE UVM_PHASE_CLEANUP, NEW STATE : UVM_PHASE_DONE

UVM_INFO ../tests/wb_env_test_phase_cb.sv(13) @ 0: reporter [PHASE STATE_CHANGE ] phase name: connect , OLD STATE UVM_PHASE_DORMANT, NEW STATE : UVM_PHASE_SCHEDULED

UVM_INFO ../tests/wb_env_test_phase_cb.sv(13) @ 0: reporter [PHASE STATE_CHANGE ] phase name: connect , OLD STATE UVM_PHASE_SCHEDULED, NEW STATE : UVM_PHASE_SYNCING

UVM_INFO ../tests/wb_env_test_phase_cb.sv(13) @ 0: reporter [PHASE STATE_CHANGE ] phase name: connect , OLD STATE UVM_PHASE_SYNCING, NEW STATE : UVM_PHASE_STARTED

UVM_INFO ../tests/wb_env_test_phase_cb.sv(13) @ 0: reporter [PHASE STATE_CHANGE ] phase name: connect , OLD STATE UVM_PHASE_STARTED, NEW STATE : UVM_PHASE_EXECUTING

UVM_INFO ../tests/wb_env_test_phase_cb.sv(13) @ 0: reporter [PHASE STATE_CHANGE ] phase name: connect , OLD STATE UVM_PHASE_EXECUTING, NEW STATE : UVM_PHASE_ENDED

UVM_INFO ../tests/wb_env_test_phase_cb.sv(13) @ 0: reporter [PHASE STATE_CHANGE ] phase name: connect , OLD STATE UVM_PHASE_ENDED, NEW STATE : UVM_PHASE_CLEANUP

UVM_INFO ../tests/wb_env_test_phase_cb.sv(13) @ 0: reporter [PHASE STATE_CHANGE ] phase name: connect , OLD STATE UVM_PHASE_CLEANUP, NEW STATE : UVM_PHASE_DONE

UVM_INFO ../tests/wb_env_test_phase_cb.sv(13) @ 0: reporter [PHASE STATE_CHANGE ] phase name: end_of_elaboration , OLD STATE UVM_PHASE_DORMANT, NEW STATE : UVM_PHASE_SCHEDULED

UVM_INFO ../tests/wb_env_test_phase_cb.sv(13) @ 0: reporter [PHASE STATE_CHANGE ] phase name: end_of_elaboration , OLD STATE UVM_PHASE_SCHEDULED, NEW STATE : UVM_PHASE_SYNCING

UVM_INFO ../tests/wb_env_test_phase_cb.sv(13) @ 0: reporter [PHASE STATE_CHANGE ] phase name: end_of_elaboration , OLD STATE UVM_PHASE_SYNCING, NEW STATE : UVM_PHASE_STARTED

UVM_INFO ../tests/wb_env_test_phase_cb.sv(13) @ 0: reporter [PHASE STATE_CHANGE ] phase name: end_of_elaboration , OLD STATE UVM_PHASE_STARTED, NEW STATE : UVM_PHASE_EXECUTING

UVM_INFO ../tests/wb_env_test_phase_cb.sv(13) @ 0: reporter [PHASE STATE_CHANGE ] phase name: end_of_elaboration , OLD STATE UVM_PHASE_EXECUTING, NEW STATE : UVM_PHASE_ENDED

UVM_INFO ../tests/wb_env_test_phase_cb.sv(13) @ 0: reporter [PHASE STATE_CHANGE ] phase name: end_of_elaboration , OLD STATE UVM_PHASE_ENDED, NEW STATE : UVM_PHASE_CLEANUP

UVM_INFO ../tests/wb_env_test_phase_cb.sv(13) @ 0: reporter [PHASE STATE_CHANGE ] phase name: end_of_elaboration , OLD STATE UVM_PHASE_CLEANUP, NEW STATE : UVM_PHASE_DONE

UVM_INFO ../tests/wb_env_test_phase_cb.sv(13) @ 0: reporter [PHASE STATE_CHANGE ] phase name: start_of_simulation , OLD STATE UVM_PHASE_DORMANT, NEW STATE : UVM_PHASE_SCHEDULED

UVM_INFO ../tests/wb_env_test_phase_cb.sv(13) @ 0: reporter [PHASE STATE_CHANGE ] phase name: start_of_simulation , OLD STATE UVM_PHASE_SCHEDULED, NEW STATE : UVM_PHASE_SYNCING

UVM_INFO ../tests/wb_env_test_phase_cb.sv(13) @ 0: reporter [PHASE STATE_CHANGE ] phase name: start_of_simulation , OLD STATE UVM_PHASE_SYNCING, NEW STATE : UVM_PHASE_STARTED

UVM_INFO ../tests/wb_env_test_phase_cb.sv(13) @ 0: reporter [PHASE STATE_CHANGE ] phase name: start_of_simulation , OLD STATE UVM_PHASE_STARTED, NEW STATE : UVM_PHASE_EXECUTING

UVM_INFO ../tests/wb_env_test_phase_cb.sv(13) @ 0: reporter [PHASE STATE_CHANGE ] phase name: start_of_simulation , OLD STATE UVM_PHASE_EXECUTING, NEW STATE : UVM_PHASE_ENDED

UVM_INFO ../tests/wb_env_test_phase_cb.sv(13) @ 0: reporter [PHASE STATE_CHANGE ] phase name: start_of_simulation , OLD STATE UVM_PHASE_ENDED, NEW STATE : UVM_PHASE_CLEANUP

UVM_INFO ../tests/wb_env_test_phase_cb.sv(13) @ 0: reporter [PHASE STATE_CHANGE ] phase name: start_of_simulation , OLD STATE UVM_PHASE_CLEANUP, NEW STATE : UVM_PHASE_DONE

UVM_INFO ../tests/wb_env_test_phase_cb.sv(13) @ 0: reporter [PHASE STATE_CHANGE ] phase name: run , OLD STATE UVM_PHASE_DORMANT, NEW STATE : UVM_PHASE_SCHEDULED

UVM_INFO ../tests/wb_env_test_phase_cb.sv(13) @ 0: reporter [PHASE STATE_CHANGE ] phase name: uvm , OLD STATE UVM_PHASE_DORMANT, NEW STATE : UVM_PHASE_SCHEDULED

UVM_INFO ../tests/wb_env_test_phase_cb.sv(13) @ 0: reporter [PHASE STATE_CHANGE ] phase name: run , OLD STATE UVM_PHASE_SCHEDULED, NEW STATE : UVM_PHASE_SYNCING

UVM_INFO ../tests/wb_env_test_phase_cb.sv(13) @ 0: reporter [PHASE STATE_CHANGE ] phase name: run , OLD STATE UVM_PHASE_SYNCING, NEW STATE : UVM_PHASE_STARTED

UVM_INFO ../tests/wb_env_test_phase_cb.sv(13) @ 0: reporter [PHASE STATE_CHANGE ] phase name: uvm , OLD STATE UVM_PHASE_SCHEDULED, NEW STATE : UVM_PHASE_SYNCING

UVM_INFO ../tests/wb_env_test_phase_cb.sv(13) @ 0: reporter [PHASE STATE_CHANGE ] phase name: run , OLD STATE UVM_PHASE_STARTED, NEW STATE : UVM_PHASE_EXECUTING

UVM_INFO ../tests/wb_env_test_phase_cb.sv(13) @ 0: reporter [PHASE STATE_CHANGE ] phase name: uvm , OLD STATE UVM_PHASE_SYNCING, NEW STATE : UVM_PHASE_STARTED

UVM_INFO ../tests/wb_env_test_phase_cb.sv(13) @ 0: reporter [PHASE STATE_CHANGE ] phase name: uvm , OLD STATE UVM_PHASE_STARTED, NEW STATE : UVM_PHASE_EXECUTING

UVM_INFO ../src/wb_master_agent_sequence_library.sv(25) @ 0: uvm_test_top.env.master_agent.mast_sqr@@sequence_1 [sequence_1] sequence_1 pre_body() raising run objection
UVM_INFO ../tests/wb_env_test_phase_cb.sv(13) @ 0: reporter [PHASE STATE_CHANGE ] phase name: uvm , OLD STATE UVM_PHASE_EXECUTING, NEW STATE : UVM_PHASE_DONE

UVM_INFO ../tests/wb_env_test_phase_cb.sv(13) @ 0: reporter [PHASE STATE_CHANGE ] phase name: uvm_sched , OLD STATE UVM_PHASE_DORMANT, NEW STATE : UVM_PHASE_SCHEDULED

UVM_INFO ../tests/wb_env_test_phase_cb.sv(13) @ 0: reporter [PHASE STATE_CHANGE ] phase name: uvm_sched , OLD STATE UVM_PHASE_SCHEDULED, NEW STATE : UVM_PHASE_SYNCING

UVM_INFO ../tests/wb_env_test_phase_cb.sv(13) @ 0: reporter [PHASE STATE_CHANGE ] phase name: uvm_sched , OLD STATE UVM_PHASE_SYNCING, NEW STATE : UVM_PHASE_STARTED

UVM_INFO ../tests/wb_env_test_phase_cb.sv(13) @ 0: reporter [PHASE STATE_CHANGE ] phase name: uvm_sched , OLD STATE UVM_PHASE_STARTED, NEW STATE : UVM_PHASE_EXECUTING

UVM_INFO ../tests/wb_env_test_phase_cb.sv(13) @ 0: reporter [PHASE STATE_CHANGE ] phase name: uvm_sched , OLD STATE UVM_PHASE_EXECUTING, NEW STATE : UVM_PHASE_DONE

UVM_INFO ../tests/wb_env_test_phase_cb.sv(13) @ 0: reporter [PHASE STATE_CHANGE ] phase name: pre_reset , OLD STATE UVM_PHASE_DORMANT, NEW STATE : UVM_PHASE_SCHEDULED

UVM_INFO ../tests/wb_env_test_phase_cb.sv(13) @ 0: reporter [PHASE STATE_CHANGE ] phase name: pre_reset , OLD STATE UVM_PHASE_SCHEDULED, NEW STATE : UVM_PHASE_SYNCING

UVM_INFO ../tests/wb_env_test_phase_cb.sv(13) @ 0: reporter [PHASE STATE_CHANGE ] phase name: pre_reset , OLD STATE UVM_PHASE_SYNCING, NEW STATE : UVM_PHASE_STARTED

UVM_INFO ../tests/wb_env_test_phase_cb.sv(13) @ 0: reporter [PHASE STATE_CHANGE ] phase name: pre_reset , OLD STATE UVM_PHASE_STARTED, NEW STATE : UVM_PHASE_EXECUTING

UVM_INFO ../tests/wb_env_test_phase_cb.sv(13) @ 0: reporter [PHASE STATE_CHANGE ] phase name: pre_reset , OLD STATE UVM_PHASE_EXECUTING, NEW STATE : UVM_PHASE_READY_TO_END

UVM_INFO ../tests/wb_env_test_phase_cb.sv(13) @ 0: reporter [PHASE STATE_CHANGE ] phase name: pre_reset , OLD STATE UVM_PHASE_READY_TO_END, NEW STATE : UVM_PHASE_ENDED

UVM_INFO ../tests/wb_env_test_phase_cb.sv(13) @ 0: reporter [PHASE STATE_CHANGE ] phase name: pre_reset , OLD STATE UVM_PHASE_ENDED, NEW STATE : UVM_PHASE_CLEANUP

UVM_INFO ../tests/wb_env_test_phase_cb.sv(13) @ 0: reporter [PHASE STATE_CHANGE ] phase name: pre_reset , OLD STATE UVM_PHASE_CLEANUP, NEW STATE : UVM_PHASE_DONE

UVM_INFO ../tests/wb_env_test_phase_cb.sv(13) @ 0: reporter [PHASE STATE_CHANGE ] phase name: reset , OLD STATE UVM_PHASE_DORMANT, NEW STATE : UVM_PHASE_SCHEDULED

UVM_INFO ../tests/wb_env_test_phase_cb.sv(13) @ 0: reporter [PHASE STATE_CHANGE ] phase name: reset , OLD STATE UVM_PHASE_SCHEDULED, NEW STATE : UVM_PHASE_SYNCING

UVM_INFO ../tests/wb_env_test_phase_cb.sv(13) @ 0: reporter [PHASE STATE_CHANGE ] phase name: reset , OLD STATE UVM_PHASE_SYNCING, NEW STATE : UVM_PHASE_STARTED

UVM_INFO ../tests/wb_env_test_phase_cb.sv(13) @ 0: reporter [PHASE STATE_CHANGE ] phase name: reset , OLD STATE UVM_PHASE_STARTED, NEW STATE : UVM_PHASE_EXECUTING

UVM_INFO ../src/wb_slave.sv(145) @ 15: uvm_test_top.env.slave_agent.drv [uvm_test_top.env.slave_agent.drv] responding in this cycle
UVM_INFO ../src/wb_slave.sv(154) @ 15: uvm_test_top.env.slave_agent.drv [Wb_slave] got a write transaction  from Master 
SLAVE DRIVER WRITE : 
---------------------------------------------------
Name               Type            Size  Value     
---------------------------------------------------
tr                 wb_transaction  -     @1051     
  address          integral        32    'h3       
  data             integral        32    'hdeadbeef
  sel              integral        4     'h1       
  tga              integral        16    'h7f5f    
  tgc              integral        16    'hb857    
  tgd              integral        16    'hec92    
  lock             integral        1     'h0       
  num_wait_states  integral        32    'h0       
  kind             kinds_e         32    WRITE     
  status           status_e        32    ACK       
  next_cycle       pipelining_e    32    CLASSIC   
---------------------------------------------------

UVM_INFO ../src/wb_slave.sv(187) @ 45: uvm_test_top.env.slave_agent.drv [SLAVE_DRIVER] Completed transaction..
---------------------------------------------------
Name               Type            Size  Value     
---------------------------------------------------
tr                 wb_transaction  -     @1051     
  address          integral        32    'h3       
  data             integral        32    'hdeadbeef
  sel              integral        4     'h1       
  tga              integral        16    'h7f5f    
  tgc              integral        16    'hb857    
  tgd              integral        16    'hec92    
  lock             integral        1     'h0       
  num_wait_states  integral        32    'h0       
  kind             kinds_e         32    WRITE     
  status           status_e        32    ACK       
  next_cycle       pipelining_e    32    CLASSIC   
---------------------------------------------------

---------------------------------------------------
Name               Type            Size  Value     
---------------------------------------------------
tr                 wb_transaction  -     @1046     
  address          integral        32    'h3       
  data             integral        32    'hdeadbeef
  sel              integral        4     'h1       
  tga              integral        16    'h7f5f    
  tgc              integral        16    'hb857    
  tgd              integral        16    'h0       
  lock             integral        1     'h0       
  num_wait_states  integral        32    'h0       
  kind             kinds_e         32    WRITE     
  status           status_e        32    ACK       
  next_cycle       pipelining_e    32    CLASSIC   
---------------------------------------------------
---------------------------------------------------
Name               Type            Size  Value     
---------------------------------------------------
tr                 wb_transaction  -     @1060     
  address          integral        32    'h3       
  data             integral        32    'hdeadbeef
  sel              integral        4     'h1       
  tga              integral        16    'h7f5f    
  tgc              integral        16    'hb857    
  tgd              integral        16    'hec92    
  lock             integral        1     'h0       
  num_wait_states  integral        32    'h0       
  kind             kinds_e         32    WRITE     
  status           status_e        32    ACK       
  next_cycle       pipelining_e    32    CLASSIC   
---------------------------------------------------
UVM_ERROR ../src/wb_scoreboard.sv(48) @ 45: uvm_test_top.env.sb [WB Scoreboard] wb_transaction mismatch
---------------------------------------------------
Name               Type            Size  Value     
---------------------------------------------------
tr                 wb_transaction  -     @1046     
  address          integral        32    'h3       
  data             integral        32    'hdeadbeef
  sel              integral        4     'h1       
  tga              integral        16    'h7f5f    
  tgc              integral        16    'hb857    
  tgd              integral        16    'h0       
  lock             integral        1     'h0       
  num_wait_states  integral        32    'h0       
  kind             kinds_e         32    WRITE     
  status           status_e        32    ACK       
  next_cycle       pipelining_e    32    CLASSIC   
---------------------------------------------------
---------------------------------------------------
Name               Type            Size  Value     
---------------------------------------------------
tr                 wb_transaction  -     @1060     
  address          integral        32    'h3       
  data             integral        32    'hdeadbeef
  sel              integral        4     'h1       
  tga              integral        16    'h7f5f    
  tgc              integral        16    'hb857    
  tgd              integral        16    'hec92    
  lock             integral        1     'h0       
  num_wait_states  integral        32    'h0       
  kind             kinds_e         32    WRITE     
  status           status_e        32    ACK       
  next_cycle       pipelining_e    32    CLASSIC   
---------------------------------------------------
UVM_INFO ../tests/wb_env_test_phase_cb.sv(13) @ 60: reporter [PHASE STATE_CHANGE ] phase name: reset , OLD STATE UVM_PHASE_EXECUTING, NEW STATE : UVM_PHASE_READY_TO_END

UVM_INFO ../tests/wb_env_test_phase_cb.sv(13) @ 60: reporter [PHASE STATE_CHANGE ] phase name: reset , OLD STATE UVM_PHASE_READY_TO_END, NEW STATE : UVM_PHASE_ENDED

UVM_INFO ../tests/wb_env_test_phase_cb.sv(13) @ 60: reporter [PHASE STATE_CHANGE ] phase name: reset , OLD STATE UVM_PHASE_ENDED, NEW STATE : UVM_PHASE_CLEANUP

UVM_INFO ../tests/wb_env_test_phase_cb.sv(13) @ 60: reporter [PHASE STATE_CHANGE ] phase name: reset , OLD STATE UVM_PHASE_CLEANUP, NEW STATE : UVM_PHASE_DONE

UVM_INFO ../tests/wb_env_test_phase_cb.sv(13) @ 60: reporter [PHASE STATE_CHANGE ] phase name: post_reset , OLD STATE UVM_PHASE_DORMANT, NEW STATE : UVM_PHASE_SCHEDULED

UVM_INFO ../tests/wb_env_test_phase_cb.sv(13) @ 60: reporter [PHASE STATE_CHANGE ] phase name: post_reset , OLD STATE UVM_PHASE_SCHEDULED, NEW STATE : UVM_PHASE_SYNCING

UVM_INFO ../tests/wb_env_test_phase_cb.sv(13) @ 60: reporter [PHASE STATE_CHANGE ] phase name: post_reset , OLD STATE UVM_PHASE_SYNCING, NEW STATE : UVM_PHASE_STARTED

UVM_INFO ../tests/wb_env_test_phase_cb.sv(13) @ 60: reporter [PHASE STATE_CHANGE ] phase name: post_reset , OLD STATE UVM_PHASE_STARTED, NEW STATE : UVM_PHASE_EXECUTING

UVM_INFO ../tests/wb_env_test_phase_cb.sv(13) @ 60: reporter [PHASE STATE_CHANGE ] phase name: post_reset , OLD STATE UVM_PHASE_EXECUTING, NEW STATE : UVM_PHASE_READY_TO_END

UVM_INFO ../tests/wb_env_test_phase_cb.sv(13) @ 60: reporter [PHASE STATE_CHANGE ] phase name: post_reset , OLD STATE UVM_PHASE_READY_TO_END, NEW STATE : UVM_PHASE_ENDED

UVM_INFO ../tests/wb_env_test_phase_cb.sv(13) @ 60: reporter [PHASE STATE_CHANGE ] phase name: post_reset , OLD STATE UVM_PHASE_ENDED, NEW STATE : UVM_PHASE_CLEANUP

UVM_INFO ../tests/wb_env_test_phase_cb.sv(13) @ 60: reporter [PHASE STATE_CHANGE ] phase name: post_reset , OLD STATE UVM_PHASE_CLEANUP, NEW STATE : UVM_PHASE_DONE

UVM_INFO ../tests/wb_env_test_phase_cb.sv(13) @ 60: reporter [PHASE STATE_CHANGE ] phase name: pre_configure , OLD STATE UVM_PHASE_DORMANT, NEW STATE : UVM_PHASE_SCHEDULED

UVM_INFO ../tests/wb_env_test_phase_cb.sv(13) @ 60: reporter [PHASE STATE_CHANGE ] phase name: pre_configure , OLD STATE UVM_PHASE_SCHEDULED, NEW STATE : UVM_PHASE_SYNCING

UVM_INFO ../tests/wb_env_test_phase_cb.sv(13) @ 60: reporter [PHASE STATE_CHANGE ] phase name: pre_configure , OLD STATE UVM_PHASE_SYNCING, NEW STATE : UVM_PHASE_STARTED

UVM_INFO ../tests/wb_env_test_phase_cb.sv(13) @ 60: reporter [PHASE STATE_CHANGE ] phase name: pre_configure , OLD STATE UVM_PHASE_STARTED, NEW STATE : UVM_PHASE_EXECUTING

UVM_INFO ../tests/wb_env_test_phase_cb.sv(13) @ 60: reporter [PHASE STATE_CHANGE ] phase name: pre_configure , OLD STATE UVM_PHASE_EXECUTING, NEW STATE : UVM_PHASE_READY_TO_END

UVM_INFO ../tests/wb_env_test_phase_cb.sv(13) @ 60: reporter [PHASE STATE_CHANGE ] phase name: pre_configure , OLD STATE UVM_PHASE_READY_TO_END, NEW STATE : UVM_PHASE_ENDED

UVM_INFO ../tests/wb_env_test_phase_cb.sv(13) @ 60: reporter [PHASE STATE_CHANGE ] phase name: pre_configure , OLD STATE UVM_PHASE_ENDED, NEW STATE : UVM_PHASE_CLEANUP

UVM_INFO ../tests/wb_env_test_phase_cb.sv(13) @ 60: reporter [PHASE STATE_CHANGE ] phase name: pre_configure , OLD STATE UVM_PHASE_CLEANUP, NEW STATE : UVM_PHASE_DONE

UVM_INFO ../tests/wb_env_test_phase_cb.sv(13) @ 60: reporter [PHASE STATE_CHANGE ] phase name: configure , OLD STATE UVM_PHASE_DORMANT, NEW STATE : UVM_PHASE_SCHEDULED

UVM_INFO ../tests/wb_env_test_phase_cb.sv(13) @ 60: reporter [PHASE STATE_CHANGE ] phase name: configure , OLD STATE UVM_PHASE_SCHEDULED, NEW STATE : UVM_PHASE_SYNCING

UVM_INFO ../tests/wb_env_test_phase_cb.sv(13) @ 60: reporter [PHASE STATE_CHANGE ] phase name: configure , OLD STATE UVM_PHASE_SYNCING, NEW STATE : UVM_PHASE_STARTED

UVM_INFO ../tests/wb_env_test_phase_cb.sv(13) @ 60: reporter [PHASE STATE_CHANGE ] phase name: configure , OLD STATE UVM_PHASE_STARTED, NEW STATE : UVM_PHASE_EXECUTING

UVM_INFO ../tests/wb_env_test_phase_cb.sv(13) @ 60: reporter [PHASE STATE_CHANGE ] phase name: configure , OLD STATE UVM_PHASE_EXECUTING, NEW STATE : UVM_PHASE_READY_TO_END

UVM_INFO ../tests/wb_env_test_phase_cb.sv(13) @ 60: reporter [PHASE STATE_CHANGE ] phase name: configure , OLD STATE UVM_PHASE_READY_TO_END, NEW STATE : UVM_PHASE_ENDED

UVM_INFO ../tests/wb_env_test_phase_cb.sv(13) @ 60: reporter [PHASE STATE_CHANGE ] phase name: configure , OLD STATE UVM_PHASE_ENDED, NEW STATE : UVM_PHASE_CLEANUP

UVM_INFO ../tests/wb_env_test_phase_cb.sv(13) @ 60: reporter [PHASE STATE_CHANGE ] phase name: configure , OLD STATE UVM_PHASE_CLEANUP, NEW STATE : UVM_PHASE_DONE

UVM_INFO ../tests/wb_env_test_phase_cb.sv(13) @ 60: reporter [PHASE STATE_CHANGE ] phase name: post_configure , OLD STATE UVM_PHASE_DORMANT, NEW STATE : UVM_PHASE_SCHEDULED

UVM_INFO ../tests/wb_env_test_phase_cb.sv(13) @ 60: reporter [PHASE STATE_CHANGE ] phase name: post_configure , OLD STATE UVM_PHASE_SCHEDULED, NEW STATE : UVM_PHASE_SYNCING

UVM_INFO ../tests/wb_env_test_phase_cb.sv(13) @ 60: reporter [PHASE STATE_CHANGE ] phase name: post_configure , OLD STATE UVM_PHASE_SYNCING, NEW STATE : UVM_PHASE_STARTED

UVM_INFO ../tests/wb_env_test_phase_cb.sv(13) @ 60: reporter [PHASE STATE_CHANGE ] phase name: post_configure , OLD STATE UVM_PHASE_STARTED, NEW STATE : UVM_PHASE_EXECUTING

UVM_INFO ../tests/wb_env_test_phase_cb.sv(13) @ 60: reporter [PHASE STATE_CHANGE ] phase name: post_configure , OLD STATE UVM_PHASE_EXECUTING, NEW STATE : UVM_PHASE_READY_TO_END

UVM_INFO ../tests/wb_env_test_phase_cb.sv(13) @ 60: reporter [PHASE STATE_CHANGE ] phase name: post_configure , OLD STATE UVM_PHASE_READY_TO_END, NEW STATE : UVM_PHASE_ENDED

UVM_INFO ../tests/wb_env_test_phase_cb.sv(13) @ 60: reporter [PHASE STATE_CHANGE ] phase name: post_configure , OLD STATE UVM_PHASE_ENDED, NEW STATE : UVM_PHASE_CLEANUP

UVM_INFO ../tests/wb_env_test_phase_cb.sv(13) @ 60: reporter [PHASE STATE_CHANGE ] phase name: post_configure , OLD STATE UVM_PHASE_CLEANUP, NEW STATE : UVM_PHASE_DONE

UVM_INFO ../tests/wb_env_test_phase_cb.sv(13) @ 60: reporter [PHASE STATE_CHANGE ] phase name: pre_main , OLD STATE UVM_PHASE_DORMANT, NEW STATE : UVM_PHASE_SCHEDULED

UVM_INFO ../tests/wb_env_test_phase_cb.sv(13) @ 60: reporter [PHASE STATE_CHANGE ] phase name: pre_main , OLD STATE UVM_PHASE_SCHEDULED, NEW STATE : UVM_PHASE_SYNCING

UVM_INFO ../tests/wb_env_test_phase_cb.sv(13) @ 60: reporter [PHASE STATE_CHANGE ] phase name: pre_main , OLD STATE UVM_PHASE_SYNCING, NEW STATE : UVM_PHASE_STARTED

UVM_INFO ../tests/wb_env_test_phase_cb.sv(13) @ 60: reporter [PHASE STATE_CHANGE ] phase name: pre_main , OLD STATE UVM_PHASE_STARTED, NEW STATE : UVM_PHASE_EXECUTING

UVM_INFO ../tests/wb_env_test_phase_cb.sv(13) @ 60: reporter [PHASE STATE_CHANGE ] phase name: pre_main , OLD STATE UVM_PHASE_EXECUTING, NEW STATE : UVM_PHASE_READY_TO_END

UVM_INFO ../tests/wb_env_test_phase_cb.sv(13) @ 60: reporter [PHASE STATE_CHANGE ] phase name: pre_main , OLD STATE UVM_PHASE_READY_TO_END, NEW STATE : UVM_PHASE_ENDED

UVM_INFO ../tests/wb_env_test_phase_cb.sv(13) @ 60: reporter [PHASE STATE_CHANGE ] phase name: pre_main , OLD STATE UVM_PHASE_ENDED, NEW STATE : UVM_PHASE_CLEANUP

UVM_INFO ../tests/wb_env_test_phase_cb.sv(13) @ 60: reporter [PHASE STATE_CHANGE ] phase name: pre_main , OLD STATE UVM_PHASE_CLEANUP, NEW STATE : UVM_PHASE_DONE

UVM_INFO ../tests/wb_env_test_phase_cb.sv(13) @ 60: reporter [PHASE STATE_CHANGE ] phase name: main , OLD STATE UVM_PHASE_DORMANT, NEW STATE : UVM_PHASE_SCHEDULED

UVM_INFO ../tests/wb_env_test_phase_cb.sv(13) @ 60: reporter [PHASE STATE_CHANGE ] phase name: main , OLD STATE UVM_PHASE_SCHEDULED, NEW STATE : UVM_PHASE_SYNCING

UVM_INFO ../tests/wb_env_test_phase_cb.sv(13) @ 60: reporter [PHASE STATE_CHANGE ] phase name: main , OLD STATE UVM_PHASE_SYNCING, NEW STATE : UVM_PHASE_STARTED

UVM_INFO ../tests/wb_env_test_phase_cb.sv(13) @ 60: reporter [PHASE STATE_CHANGE ] phase name: main , OLD STATE UVM_PHASE_STARTED, NEW STATE : UVM_PHASE_EXECUTING

UVM_INFO ../tests/wb_env_test_phase_cb.sv(13) @ 60: reporter [PHASE STATE_CHANGE ] phase name: main , OLD STATE UVM_PHASE_EXECUTING, NEW STATE : UVM_PHASE_READY_TO_END

UVM_INFO ../tests/wb_env_test_phase_cb.sv(13) @ 60: reporter [PHASE STATE_CHANGE ] phase name: main , OLD STATE UVM_PHASE_READY_TO_END, NEW STATE : UVM_PHASE_ENDED

UVM_INFO ../tests/wb_env_test_phase_cb.sv(13) @ 60: reporter [PHASE STATE_CHANGE ] phase name: main , OLD STATE UVM_PHASE_ENDED, NEW STATE : UVM_PHASE_CLEANUP

UVM_INFO ../tests/wb_env_test_phase_cb.sv(13) @ 60: reporter [PHASE STATE_CHANGE ] phase name: main , OLD STATE UVM_PHASE_CLEANUP, NEW STATE : UVM_PHASE_DONE

UVM_INFO ../tests/wb_env_test_phase_cb.sv(13) @ 60: reporter [PHASE STATE_CHANGE ] phase name: post_main , OLD STATE UVM_PHASE_DORMANT, NEW STATE : UVM_PHASE_SCHEDULED

UVM_INFO ../tests/wb_env_test_phase_cb.sv(13) @ 60: reporter [PHASE STATE_CHANGE ] phase name: post_main , OLD STATE UVM_PHASE_SCHEDULED, NEW STATE : UVM_PHASE_SYNCING

UVM_INFO ../tests/wb_env_test_phase_cb.sv(13) @ 60: reporter [PHASE STATE_CHANGE ] phase name: post_main , OLD STATE UVM_PHASE_SYNCING, NEW STATE : UVM_PHASE_STARTED

UVM_INFO ../tests/wb_env_test_phase_cb.sv(13) @ 60: reporter [PHASE STATE_CHANGE ] phase name: post_main , OLD STATE UVM_PHASE_STARTED, NEW STATE : UVM_PHASE_EXECUTING

UVM_INFO ../tests/wb_env_test_phase_cb.sv(13) @ 60: reporter [PHASE STATE_CHANGE ] phase name: post_main , OLD STATE UVM_PHASE_EXECUTING, NEW STATE : UVM_PHASE_READY_TO_END

UVM_INFO ../tests/wb_env_test_phase_cb.sv(13) @ 60: reporter [PHASE STATE_CHANGE ] phase name: post_main , OLD STATE UVM_PHASE_READY_TO_END, NEW STATE : UVM_PHASE_ENDED

UVM_INFO ../tests/wb_env_test_phase_cb.sv(13) @ 60: reporter [PHASE STATE_CHANGE ] phase name: post_main , OLD STATE UVM_PHASE_ENDED, NEW STATE : UVM_PHASE_CLEANUP

UVM_INFO ../tests/wb_env_test_phase_cb.sv(13) @ 60: reporter [PHASE STATE_CHANGE ] phase name: post_main , OLD STATE UVM_PHASE_CLEANUP, NEW STATE : UVM_PHASE_DONE

UVM_INFO ../tests/wb_env_test_phase_cb.sv(13) @ 60: reporter [PHASE STATE_CHANGE ] phase name: pre_shutdown , OLD STATE UVM_PHASE_DORMANT, NEW STATE : UVM_PHASE_SCHEDULED

UVM_INFO ../tests/wb_env_test_phase_cb.sv(13) @ 60: reporter [PHASE STATE_CHANGE ] phase name: pre_shutdown , OLD STATE UVM_PHASE_SCHEDULED, NEW STATE : UVM_PHASE_SYNCING

UVM_INFO ../tests/wb_env_test_phase_cb.sv(13) @ 60: reporter [PHASE STATE_CHANGE ] phase name: pre_shutdown , OLD STATE UVM_PHASE_SYNCING, NEW STATE : UVM_PHASE_STARTED

UVM_INFO ../tests/wb_env_test_phase_cb.sv(13) @ 60: reporter [PHASE STATE_CHANGE ] phase name: pre_shutdown , OLD STATE UVM_PHASE_STARTED, NEW STATE : UVM_PHASE_EXECUTING

UVM_INFO ../tests/wb_env_test_phase_cb.sv(13) @ 60: reporter [PHASE STATE_CHANGE ] phase name: pre_shutdown , OLD STATE UVM_PHASE_EXECUTING, NEW STATE : UVM_PHASE_READY_TO_END

UVM_INFO ../tests/wb_env_test_phase_cb.sv(13) @ 60: reporter [PHASE STATE_CHANGE ] phase name: pre_shutdown , OLD STATE UVM_PHASE_READY_TO_END, NEW STATE : UVM_PHASE_ENDED

UVM_INFO ../tests/wb_env_test_phase_cb.sv(13) @ 60: reporter [PHASE STATE_CHANGE ] phase name: pre_shutdown , OLD STATE UVM_PHASE_ENDED, NEW STATE : UVM_PHASE_CLEANUP

UVM_INFO ../tests/wb_env_test_phase_cb.sv(13) @ 60: reporter [PHASE STATE_CHANGE ] phase name: pre_shutdown , OLD STATE UVM_PHASE_CLEANUP, NEW STATE : UVM_PHASE_DONE

UVM_INFO ../tests/wb_env_test_phase_cb.sv(13) @ 60: reporter [PHASE STATE_CHANGE ] phase name: shutdown , OLD STATE UVM_PHASE_DORMANT, NEW STATE : UVM_PHASE_SCHEDULED

UVM_INFO ../tests/wb_env_test_phase_cb.sv(13) @ 60: reporter [PHASE STATE_CHANGE ] phase name: shutdown , OLD STATE UVM_PHASE_SCHEDULED, NEW STATE : UVM_PHASE_SYNCING

UVM_INFO ../tests/wb_env_test_phase_cb.sv(13) @ 60: reporter [PHASE STATE_CHANGE ] phase name: shutdown , OLD STATE UVM_PHASE_SYNCING, NEW STATE : UVM_PHASE_STARTED

UVM_INFO ../tests/wb_env_test_phase_cb.sv(13) @ 60: reporter [PHASE STATE_CHANGE ] phase name: shutdown , OLD STATE UVM_PHASE_STARTED, NEW STATE : UVM_PHASE_EXECUTING

UVM_INFO ../tests/wb_env_test_phase_cb.sv(13) @ 60: reporter [PHASE STATE_CHANGE ] phase name: shutdown , OLD STATE UVM_PHASE_EXECUTING, NEW STATE : UVM_PHASE_READY_TO_END

UVM_INFO ../tests/wb_env_test_phase_cb.sv(13) @ 60: reporter [PHASE STATE_CHANGE ] phase name: shutdown , OLD STATE UVM_PHASE_READY_TO_END, NEW STATE : UVM_PHASE_ENDED

UVM_INFO ../tests/wb_env_test_phase_cb.sv(13) @ 60: reporter [PHASE STATE_CHANGE ] phase name: shutdown , OLD STATE UVM_PHASE_ENDED, NEW STATE : UVM_PHASE_CLEANUP

UVM_INFO ../tests/wb_env_test_phase_cb.sv(13) @ 60: reporter [PHASE STATE_CHANGE ] phase name: shutdown , OLD STATE UVM_PHASE_CLEANUP, NEW STATE : UVM_PHASE_DONE

UVM_INFO ../tests/wb_env_test_phase_cb.sv(13) @ 60: reporter [PHASE STATE_CHANGE ] phase name: post_shutdown , OLD STATE UVM_PHASE_DORMANT, NEW STATE : UVM_PHASE_SCHEDULED

UVM_INFO ../tests/wb_env_test_phase_cb.sv(13) @ 60: reporter [PHASE STATE_CHANGE ] phase name: post_shutdown , OLD STATE UVM_PHASE_SCHEDULED, NEW STATE : UVM_PHASE_SYNCING

UVM_INFO ../tests/wb_env_test_phase_cb.sv(13) @ 60: reporter [PHASE STATE_CHANGE ] phase name: post_shutdown , OLD STATE UVM_PHASE_SYNCING, NEW STATE : UVM_PHASE_STARTED

UVM_INFO ../tests/wb_env_test_phase_cb.sv(13) @ 60: reporter [PHASE STATE_CHANGE ] phase name: post_shutdown , OLD STATE UVM_PHASE_STARTED, NEW STATE : UVM_PHASE_EXECUTING

UVM_INFO ../src/wb_slave.sv(145) @ 65: uvm_test_top.env.slave_agent.drv [uvm_test_top.env.slave_agent.drv] responding in this cycle
UVM_INFO ../src/wb_slave.sv(154) @ 65: uvm_test_top.env.slave_agent.drv [Wb_slave] got a write transaction  from Master 
SLAVE DRIVER WRITE : 
---------------------------------------------------
Name               Type            Size  Value     
---------------------------------------------------
tr                 wb_transaction  -     @1265     
  address          integral        32    'h4       
  data             integral        32    'hbeefdead
  sel              integral        4     'h3       
  tga              integral        16    'hf794    
  tgc              integral        16    'h1903    
  tgd              integral        16    'h854c    
  lock             integral        1     'h0       
  num_wait_states  integral        32    'h0       
  kind             kinds_e         32    WRITE     
  status           status_e        32    ACK       
  next_cycle       pipelining_e    32    CLASSIC   
---------------------------------------------------

UVM_INFO ../src/wb_slave.sv(187) @ 95: uvm_test_top.env.slave_agent.drv [SLAVE_DRIVER] Completed transaction..
---------------------------------------------------
Name               Type            Size  Value     
---------------------------------------------------
tr                 wb_transaction  -     @1265     
  address          integral        32    'h4       
  data             integral        32    'hbeefdead
  sel              integral        4     'h3       
  tga              integral        16    'hf794    
  tgc              integral        16    'h1903    
  tgd              integral        16    'h854c    
  lock             integral        1     'h0       
  num_wait_states  integral        32    'h0       
  kind             kinds_e         32    WRITE     
  status           status_e        32    ACK       
  next_cycle       pipelining_e    32    CLASSIC   
---------------------------------------------------

---------------------------------------------------
Name               Type            Size  Value     
---------------------------------------------------
tr                 wb_transaction  -     @1255     
  address          integral        32    'h4       
  data             integral        32    'hbeefdead
  sel              integral        4     'h3       
  tga              integral        16    'hf794    
  tgc              integral        16    'h1903    
  tgd              integral        16    'h0       
  lock             integral        1     'h0       
  num_wait_states  integral        32    'h0       
  kind             kinds_e         32    WRITE     
  status           status_e        32    ACK       
  next_cycle       pipelining_e    32    CLASSIC   
---------------------------------------------------
---------------------------------------------------
Name               Type            Size  Value     
---------------------------------------------------
tr                 wb_transaction  -     @1260     
  address          integral        32    'h4       
  data             integral        32    'hbeefdead
  sel              integral        4     'h3       
  tga              integral        16    'hf794    
  tgc              integral        16    'h1903    
  tgd              integral        16    'h854c    
  lock             integral        1     'h0       
  num_wait_states  integral        32    'h0       
  kind             kinds_e         32    WRITE     
  status           status_e        32    ACK       
  next_cycle       pipelining_e    32    CLASSIC   
---------------------------------------------------
UVM_ERROR ../src/wb_scoreboard.sv(48) @ 95: uvm_test_top.env.sb [WB Scoreboard] wb_transaction mismatch
---------------------------------------------------
Name               Type            Size  Value     
---------------------------------------------------
tr                 wb_transaction  -     @1255     
  address          integral        32    'h4       
  data             integral        32    'hbeefdead
  sel              integral        4     'h3       
  tga              integral        16    'hf794    
  tgc              integral        16    'h1903    
  tgd              integral        16    'h0       
  lock             integral        1     'h0       
  num_wait_states  integral        32    'h0       
  kind             kinds_e         32    WRITE     
  status           status_e        32    ACK       
  next_cycle       pipelining_e    32    CLASSIC   
---------------------------------------------------
---------------------------------------------------
Name               Type            Size  Value     
---------------------------------------------------
tr                 wb_transaction  -     @1260     
  address          integral        32    'h4       
  data             integral        32    'hbeefdead
  sel              integral        4     'h3       
  tga              integral        16    'hf794    
  tgc              integral        16    'h1903    
  tgd              integral        16    'h854c    
  lock             integral        1     'h0       
  num_wait_states  integral        32    'h0       
  kind             kinds_e         32    WRITE     
  status           status_e        32    ACK       
  next_cycle       pipelining_e    32    CLASSIC   
---------------------------------------------------
UVM_INFO ../src/wb_slave.sv(145) @ 115: uvm_test_top.env.slave_agent.drv [uvm_test_top.env.slave_agent.drv] responding in this cycle
UVM_INFO ../src/wb_slave.sv(154) @ 115: uvm_test_top.env.slave_agent.drv [Wb_slave] got a write transaction  from Master 
SLAVE DRIVER WRITE : 
--------------------------------------------------
Name               Type            Size  Value    
--------------------------------------------------
tr                 wb_transaction  -     @1293    
  address          integral        32    'h5      
  data             integral        32    'h1234567
  sel              integral        4     'h1      
  tga              integral        16    'h6cf4   
  tgc              integral        16    'h56b7   
  tgd              integral        16    'hc43b   
  lock             integral        1     'h0      
  num_wait_states  integral        32    'h0      
  kind             kinds_e         32    WRITE    
  status           status_e        32    ACK      
  next_cycle       pipelining_e    32    CLASSIC  
--------------------------------------------------

UVM_INFO ../src/wb_slave.sv(187) @ 145: uvm_test_top.env.slave_agent.drv [SLAVE_DRIVER] Completed transaction..
--------------------------------------------------
Name               Type            Size  Value    
--------------------------------------------------
tr                 wb_transaction  -     @1293    
  address          integral        32    'h5      
  data             integral        32    'h1234567
  sel              integral        4     'h1      
  tga              integral        16    'h6cf4   
  tgc              integral        16    'h56b7   
  tgd              integral        16    'hc43b   
  lock             integral        1     'h0      
  num_wait_states  integral        32    'h0      
  kind             kinds_e         32    WRITE    
  status           status_e        32    ACK      
  next_cycle       pipelining_e    32    CLASSIC  
--------------------------------------------------

--------------------------------------------------
Name               Type            Size  Value    
--------------------------------------------------
tr                 wb_transaction  -     @1283    
  address          integral        32    'h5      
  data             integral        32    'h1234567
  sel              integral        4     'h1      
  tga              integral        16    'h6cf4   
  tgc              integral        16    'h56b7   
  tgd              integral        16    'h0      
  lock             integral        1     'h0      
  num_wait_states  integral        32    'h0      
  kind             kinds_e         32    WRITE    
  status           status_e        32    ACK      
  next_cycle       pipelining_e    32    CLASSIC  
--------------------------------------------------
--------------------------------------------------
Name               Type            Size  Value    
--------------------------------------------------
tr                 wb_transaction  -     @1288    
  address          integral        32    'h5      
  data             integral        32    'h1234567
  sel              integral        4     'h1      
  tga              integral        16    'h6cf4   
  tgc              integral        16    'h56b7   
  tgd              integral        16    'hc43b   
  lock             integral        1     'h0      
  num_wait_states  integral        32    'h0      
  kind             kinds_e         32    WRITE    
  status           status_e        32    ACK      
  next_cycle       pipelining_e    32    CLASSIC  
--------------------------------------------------
UVM_ERROR ../src/wb_scoreboard.sv(48) @ 145: uvm_test_top.env.sb [WB Scoreboard] wb_transaction mismatch
--------------------------------------------------
Name               Type            Size  Value    
--------------------------------------------------
tr                 wb_transaction  -     @1283    
  address          integral        32    'h5      
  data             integral        32    'h1234567
  sel              integral        4     'h1      
  tga              integral        16    'h6cf4   
  tgc              integral        16    'h56b7   
  tgd              integral        16    'h0      
  lock             integral        1     'h0      
  num_wait_states  integral        32    'h0      
  kind             kinds_e         32    WRITE    
  status           status_e        32    ACK      
  next_cycle       pipelining_e    32    CLASSIC  
--------------------------------------------------
--------------------------------------------------
Name               Type            Size  Value    
--------------------------------------------------
tr                 wb_transaction  -     @1288    
  address          integral        32    'h5      
  data             integral        32    'h1234567
  sel              integral        4     'h1      
  tga              integral        16    'h6cf4   
  tgc              integral        16    'h56b7   
  tgd              integral        16    'hc43b   
  lock             integral        1     'h0      
  num_wait_states  integral        32    'h0      
  kind             kinds_e         32    WRITE    
  status           status_e        32    ACK      
  next_cycle       pipelining_e    32    CLASSIC  
--------------------------------------------------
UVM_INFO ../src/wb_slave.sv(145) @ 165: uvm_test_top.env.slave_agent.drv [uvm_test_top.env.slave_agent.drv] responding in this cycle
UVM_INFO ../src/wb_slave.sv(163) @ 165: uvm_test_top.env.slave_agent.drv [Wb_slave] got a read transaction  
SLAVE DRIVER READ: 
------------------------------------------------
Name               Type            Size  Value  
------------------------------------------------
tr                 wb_transaction  -     @1321  
  address          integral        32    'h6    
  data             integral        32    'h0    
  sel              integral        4     'hf    
  tga              integral        16    'hbfc7 
  tgc              integral        16    'h4883 
  tgd              integral        16    'h0    
  lock             integral        1     'h1    
  num_wait_states  integral        32    'h0    
  kind             kinds_e         32    READ   
  status           status_e        32    ACK    
  next_cycle       pipelining_e    32    CLASSIC
------------------------------------------------

UVM_INFO ../src/wb_slave.sv(187) @ 195: uvm_test_top.env.slave_agent.drv [SLAVE_DRIVER] Completed transaction..
------------------------------------------------
Name               Type            Size  Value  
------------------------------------------------
tr                 wb_transaction  -     @1321  
  address          integral        32    'h6    
  data             integral        32    'h0    
  sel              integral        4     'hf    
  tga              integral        16    'hbfc7 
  tgc              integral        16    'h4883 
  tgd              integral        16    'h0    
  lock             integral        1     'h1    
  num_wait_states  integral        32    'h0    
  kind             kinds_e         32    READ   
  status           status_e        32    ACK    
  next_cycle       pipelining_e    32    CLASSIC
------------------------------------------------

------------------------------------------------
Name               Type            Size  Value  
------------------------------------------------
tr                 wb_transaction  -     @1311  
  address          integral        32    'h6    
  data             integral        32    'h0    
  sel              integral        4     'hf    
  tga              integral        16    'hbfc7 
  tgc              integral        16    'h4883 
  tgd              integral        16    'h0    
  lock             integral        1     'h1    
  num_wait_states  integral        32    'h0    
  kind             kinds_e         32    READ   
  status           status_e        32    ACK    
  next_cycle       pipelining_e    32    CLASSIC
------------------------------------------------
------------------------------------------------
Name               Type            Size  Value  
------------------------------------------------
tr                 wb_transaction  -     @1316  
  address          integral        32    'h6    
  data             integral        32    'h0    
  sel              integral        4     'hf    
  tga              integral        16    'hbfc7 
  tgc              integral        16    'h4883 
  tgd              integral        16    'h0    
  lock             integral        1     'h1    
  num_wait_states  integral        32    'h0    
  kind             kinds_e         32    READ   
  status           status_e        32    ACK    
  next_cycle       pipelining_e    32    CLASSIC
------------------------------------------------
UVM_ERROR ../src/wb_scoreboard.sv(48) @ 195: uvm_test_top.env.sb [WB Scoreboard] wb_transaction mismatch
------------------------------------------------
Name               Type            Size  Value  
------------------------------------------------
tr                 wb_transaction  -     @1311  
  address          integral        32    'h6    
  data             integral        32    'h0    
  sel              integral        4     'hf    
  tga              integral        16    'hbfc7 
  tgc              integral        16    'h4883 
  tgd              integral        16    'h0    
  lock             integral        1     'h1    
  num_wait_states  integral        32    'h0    
  kind             kinds_e         32    READ   
  status           status_e        32    ACK    
  next_cycle       pipelining_e    32    CLASSIC
------------------------------------------------
------------------------------------------------
Name               Type            Size  Value  
------------------------------------------------
tr                 wb_transaction  -     @1316  
  address          integral        32    'h6    
  data             integral        32    'h0    
  sel              integral        4     'hf    
  tga              integral        16    'hbfc7 
  tgc              integral        16    'h4883 
  tgd              integral        16    'h0    
  lock             integral        1     'h1    
  num_wait_states  integral        32    'h0    
  kind             kinds_e         32    READ   
  status           status_e        32    ACK    
  next_cycle       pipelining_e    32    CLASSIC
------------------------------------------------
UVM_INFO ../src/wb_slave.sv(145) @ 215: uvm_test_top.env.slave_agent.drv [uvm_test_top.env.slave_agent.drv] responding in this cycle
UVM_INFO ../src/wb_slave.sv(163) @ 215: uvm_test_top.env.slave_agent.drv [Wb_slave] got a read transaction  
SLAVE DRIVER READ: 
------------------------------------------------
Name               Type            Size  Value  
------------------------------------------------
tr                 wb_transaction  -     @1349  
  address          integral        32    'h6    
  data             integral        32    'h0    
  sel              integral        4     'h1    
  tga              integral        16    'hd2e2 
  tgc              integral        16    'h7e6f 
  tgd              integral        16    'h0    
  lock             integral        1     'h1    
  num_wait_states  integral        32    'h0    
  kind             kinds_e         32    READ   
  status           status_e        32    ACK    
  next_cycle       pipelining_e    32    CLASSIC
------------------------------------------------

UVM_INFO ../src/wb_slave.sv(187) @ 245: uvm_test_top.env.slave_agent.drv [SLAVE_DRIVER] Completed transaction..
------------------------------------------------
Name               Type            Size  Value  
------------------------------------------------
tr                 wb_transaction  -     @1349  
  address          integral        32    'h6    
  data             integral        32    'h0    
  sel              integral        4     'h1    
  tga              integral        16    'hd2e2 
  tgc              integral        16    'h7e6f 
  tgd              integral        16    'h0    
  lock             integral        1     'h1    
  num_wait_states  integral        32    'h0    
  kind             kinds_e         32    READ   
  status           status_e        32    ACK    
  next_cycle       pipelining_e    32    CLASSIC
------------------------------------------------

------------------------------------------------
Name               Type            Size  Value  
------------------------------------------------
tr                 wb_transaction  -     @1339  
  address          integral        32    'h6    
  data             integral        32    'h0    
  sel              integral        4     'h1    
  tga              integral        16    'hd2e2 
  tgc              integral        16    'h7e6f 
  tgd              integral        16    'h0    
  lock             integral        1     'h1    
  num_wait_states  integral        32    'h0    
  kind             kinds_e         32    READ   
  status           status_e        32    ACK    
  next_cycle       pipelining_e    32    CLASSIC
------------------------------------------------
------------------------------------------------
Name               Type            Size  Value  
------------------------------------------------
tr                 wb_transaction  -     @1344  
  address          integral        32    'h6    
  data             integral        32    'h0    
  sel              integral        4     'h1    
  tga              integral        16    'hd2e2 
  tgc              integral        16    'h7e6f 
  tgd              integral        16    'h0    
  lock             integral        1     'h1    
  num_wait_states  integral        32    'h0    
  kind             kinds_e         32    READ   
  status           status_e        32    ACK    
  next_cycle       pipelining_e    32    CLASSIC
------------------------------------------------
UVM_ERROR ../src/wb_scoreboard.sv(48) @ 245: uvm_test_top.env.sb [WB Scoreboard] wb_transaction mismatch
------------------------------------------------
Name               Type            Size  Value  
------------------------------------------------
tr                 wb_transaction  -     @1339  
  address          integral        32    'h6    
  data             integral        32    'h0    
  sel              integral        4     'h1    
  tga              integral        16    'hd2e2 
  tgc              integral        16    'h7e6f 
  tgd              integral        16    'h0    
  lock             integral        1     'h1    
  num_wait_states  integral        32    'h0    
  kind             kinds_e         32    READ   
  status           status_e        32    ACK    
  next_cycle       pipelining_e    32    CLASSIC
------------------------------------------------
------------------------------------------------
Name               Type            Size  Value  
------------------------------------------------
tr                 wb_transaction  -     @1344  
  address          integral        32    'h6    
  data             integral        32    'h0    
  sel              integral        4     'h1    
  tga              integral        16    'hd2e2 
  tgc              integral        16    'h7e6f 
  tgd              integral        16    'h0    
  lock             integral        1     'h1    
  num_wait_states  integral        32    'h0    
  kind             kinds_e         32    READ   
  status           status_e        32    ACK    
  next_cycle       pipelining_e    32    CLASSIC
------------------------------------------------
UVM_INFO ../src/wb_slave.sv(145) @ 265: uvm_test_top.env.slave_agent.drv [uvm_test_top.env.slave_agent.drv] responding in this cycle
UVM_INFO ../src/wb_slave.sv(163) @ 265: uvm_test_top.env.slave_agent.drv [Wb_slave] got a read transaction  
SLAVE DRIVER READ: 
------------------------------------------------
Name               Type            Size  Value  
------------------------------------------------
tr                 wb_transaction  -     @1377  
  address          integral        32    'h7    
  data             integral        32    'h0    
  sel              integral        4     'h7    
  tga              integral        16    'h139c 
  tgc              integral        16    'h89bf 
  tgd              integral        16    'h0    
  lock             integral        1     'h0    
  num_wait_states  integral        32    'h0    
  kind             kinds_e         32    READ   
  status           status_e        32    ACK    
  next_cycle       pipelining_e    32    CLASSIC
------------------------------------------------

UVM_INFO ../src/wb_slave.sv(187) @ 295: uvm_test_top.env.slave_agent.drv [SLAVE_DRIVER] Completed transaction..
------------------------------------------------
Name               Type            Size  Value  
------------------------------------------------
tr                 wb_transaction  -     @1377  
  address          integral        32    'h7    
  data             integral        32    'h0    
  sel              integral        4     'h7    
  tga              integral        16    'h139c 
  tgc              integral        16    'h89bf 
  tgd              integral        16    'h0    
  lock             integral        1     'h0    
  num_wait_states  integral        32    'h0    
  kind             kinds_e         32    READ   
  status           status_e        32    ACK    
  next_cycle       pipelining_e    32    CLASSIC
------------------------------------------------

------------------------------------------------
Name               Type            Size  Value  
------------------------------------------------
tr                 wb_transaction  -     @1367  
  address          integral        32    'h7    
  data             integral        32    'h0    
  sel              integral        4     'h7    
  tga              integral        16    'h139c 
  tgc              integral        16    'h89bf 
  tgd              integral        16    'h0    
  lock             integral        1     'h0    
  num_wait_states  integral        32    'h0    
  kind             kinds_e         32    READ   
  status           status_e        32    ACK    
  next_cycle       pipelining_e    32    CLASSIC
------------------------------------------------
------------------------------------------------
Name               Type            Size  Value  
------------------------------------------------
tr                 wb_transaction  -     @1372  
  address          integral        32    'h7    
  data             integral        32    'h0    
  sel              integral        4     'h7    
  tga              integral        16    'h139c 
  tgc              integral        16    'h89bf 
  tgd              integral        16    'h0    
  lock             integral        1     'h0    
  num_wait_states  integral        32    'h0    
  kind             kinds_e         32    READ   
  status           status_e        32    ACK    
  next_cycle       pipelining_e    32    CLASSIC
------------------------------------------------
UVM_ERROR ../src/wb_scoreboard.sv(48) @ 295: uvm_test_top.env.sb [WB Scoreboard] wb_transaction mismatch
------------------------------------------------
Name               Type            Size  Value  
------------------------------------------------
tr                 wb_transaction  -     @1367  
  address          integral        32    'h7    
  data             integral        32    'h0    
  sel              integral        4     'h7    
  tga              integral        16    'h139c 
  tgc              integral        16    'h89bf 
  tgd              integral        16    'h0    
  lock             integral        1     'h0    
  num_wait_states  integral        32    'h0    
  kind             kinds_e         32    READ   
  status           status_e        32    ACK    
  next_cycle       pipelining_e    32    CLASSIC
------------------------------------------------
------------------------------------------------
Name               Type            Size  Value  
------------------------------------------------
tr                 wb_transaction  -     @1372  
  address          integral        32    'h7    
  data             integral        32    'h0    
  sel              integral        4     'h7    
  tga              integral        16    'h139c 
  tgc              integral        16    'h89bf 
  tgd              integral        16    'h0    
  lock             integral        1     'h0    
  num_wait_states  integral        32    'h0    
  kind             kinds_e         32    READ   
  status           status_e        32    ACK    
  next_cycle       pipelining_e    32    CLASSIC
------------------------------------------------
UVM_INFO ../src/wb_master_agent_sequence_library.sv(31) @ 305: uvm_test_top.env.master_agent.mast_sqr@@sequence_1 [sequence_1] sequence_1 post_body() dropping run objection
UVM_INFO ../tests/wb_env_test_phase_cb.sv(13) @ 305: reporter [PHASE STATE_CHANGE ] phase name: post_shutdown , OLD STATE UVM_PHASE_EXECUTING, NEW STATE : UVM_PHASE_READY_TO_END

UVM_INFO ../tests/wb_env_test_phase_cb.sv(13) @ 305: reporter [PHASE STATE_CHANGE ] phase name: run , OLD STATE UVM_PHASE_EXECUTING, NEW STATE : UVM_PHASE_READY_TO_END

UVM_INFO ../tests/wb_env_test_phase_cb.sv(13) @ 305: reporter [PHASE STATE_CHANGE ] phase name: run , OLD STATE UVM_PHASE_READY_TO_END, NEW STATE : UVM_PHASE_ENDED

UVM_INFO ../tests/wb_env_test_phase_cb.sv(13) @ 305: reporter [PHASE STATE_CHANGE ] phase name: post_shutdown , OLD STATE UVM_PHASE_READY_TO_END, NEW STATE : UVM_PHASE_ENDED

UVM_INFO ../tests/wb_env_test_phase_cb.sv(13) @ 305: reporter [PHASE STATE_CHANGE ] phase name: run , OLD STATE UVM_PHASE_ENDED, NEW STATE : UVM_PHASE_CLEANUP

UVM_INFO ../tests/wb_env_test_phase_cb.sv(13) @ 305: reporter [PHASE STATE_CHANGE ] phase name: post_shutdown , OLD STATE UVM_PHASE_ENDED, NEW STATE : UVM_PHASE_CLEANUP

UVM_INFO ../tests/wb_env_test_phase_cb.sv(13) @ 305: reporter [PHASE STATE_CHANGE ] phase name: run , OLD STATE UVM_PHASE_CLEANUP, NEW STATE : UVM_PHASE_DONE

UVM_INFO ../tests/wb_env_test_phase_cb.sv(13) @ 305: reporter [PHASE STATE_CHANGE ] phase name: post_shutdown , OLD STATE UVM_PHASE_CLEANUP, NEW STATE : UVM_PHASE_DONE

UVM_INFO ../tests/wb_env_test_phase_cb.sv(13) @ 305: reporter [PHASE STATE_CHANGE ] phase name: extract , OLD STATE UVM_PHASE_DORMANT, NEW STATE : UVM_PHASE_SCHEDULED

UVM_INFO ../tests/wb_env_test_phase_cb.sv(13) @ 305: reporter [PHASE STATE_CHANGE ] phase name: uvm_sched_end , OLD STATE UVM_PHASE_UNINITIALIZED, NEW STATE : UVM_PHASE_SCHEDULED

UVM_INFO ../tests/wb_env_test_phase_cb.sv(13) @ 305: reporter [PHASE STATE_CHANGE ] phase name: uvm_sched_end , OLD STATE UVM_PHASE_SCHEDULED, NEW STATE : UVM_PHASE_SYNCING

UVM_INFO ../tests/wb_env_test_phase_cb.sv(13) @ 305: reporter [PHASE STATE_CHANGE ] phase name: uvm_sched_end , OLD STATE UVM_PHASE_SYNCING, NEW STATE : UVM_PHASE_STARTED

UVM_INFO ../tests/wb_env_test_phase_cb.sv(13) @ 305: reporter [PHASE STATE_CHANGE ] phase name: uvm_sched_end , OLD STATE UVM_PHASE_STARTED, NEW STATE : UVM_PHASE_EXECUTING

UVM_INFO ../tests/wb_env_test_phase_cb.sv(13) @ 305: reporter [PHASE STATE_CHANGE ] phase name: uvm_sched_end , OLD STATE UVM_PHASE_EXECUTING, NEW STATE : UVM_PHASE_DONE

UVM_INFO ../tests/wb_env_test_phase_cb.sv(13) @ 305: reporter [PHASE STATE_CHANGE ] phase name: uvm_end , OLD STATE UVM_PHASE_UNINITIALIZED, NEW STATE : UVM_PHASE_SCHEDULED

UVM_INFO ../tests/wb_env_test_phase_cb.sv(13) @ 305: reporter [PHASE STATE_CHANGE ] phase name: uvm_end , OLD STATE UVM_PHASE_SCHEDULED, NEW STATE : UVM_PHASE_SYNCING

UVM_INFO ../tests/wb_env_test_phase_cb.sv(13) @ 305: reporter [PHASE STATE_CHANGE ] phase name: uvm_end , OLD STATE UVM_PHASE_SYNCING, NEW STATE : UVM_PHASE_STARTED

UVM_INFO ../tests/wb_env_test_phase_cb.sv(13) @ 305: reporter [PHASE STATE_CHANGE ] phase name: uvm_end , OLD STATE UVM_PHASE_STARTED, NEW STATE : UVM_PHASE_EXECUTING

UVM_INFO ../tests/wb_env_test_phase_cb.sv(13) @ 305: reporter [PHASE STATE_CHANGE ] phase name: uvm_end , OLD STATE UVM_PHASE_EXECUTING, NEW STATE : UVM_PHASE_DONE

UVM_INFO ../tests/wb_env_test_phase_cb.sv(13) @ 305: reporter [PHASE STATE_CHANGE ] phase name: extract , OLD STATE UVM_PHASE_SCHEDULED, NEW STATE : UVM_PHASE_SYNCING

UVM_INFO ../tests/wb_env_test_phase_cb.sv(13) @ 305: reporter [PHASE STATE_CHANGE ] phase name: extract , OLD STATE UVM_PHASE_SYNCING, NEW STATE : UVM_PHASE_STARTED

UVM_INFO ../tests/wb_env_test_phase_cb.sv(13) @ 305: reporter [PHASE STATE_CHANGE ] phase name: extract , OLD STATE UVM_PHASE_STARTED, NEW STATE : UVM_PHASE_EXECUTING

UVM_INFO ../tests/wb_env_test_phase_cb.sv(13) @ 305: reporter [PHASE STATE_CHANGE ] phase name: extract , OLD STATE UVM_PHASE_EXECUTING, NEW STATE : UVM_PHASE_ENDED

UVM_INFO ../tests/wb_env_test_phase_cb.sv(13) @ 305: reporter [PHASE STATE_CHANGE ] phase name: extract , OLD STATE UVM_PHASE_ENDED, NEW STATE : UVM_PHASE_CLEANUP

UVM_INFO ../tests/wb_env_test_phase_cb.sv(13) @ 305: reporter [PHASE STATE_CHANGE ] phase name: extract , OLD STATE UVM_PHASE_CLEANUP, NEW STATE : UVM_PHASE_DONE

UVM_INFO ../tests/wb_env_test_phase_cb.sv(13) @ 305: reporter [PHASE STATE_CHANGE ] phase name: check , OLD STATE UVM_PHASE_DORMANT, NEW STATE : UVM_PHASE_SCHEDULED

UVM_INFO ../tests/wb_env_test_phase_cb.sv(13) @ 305: reporter [PHASE STATE_CHANGE ] phase name: check , OLD STATE UVM_PHASE_SCHEDULED, NEW STATE : UVM_PHASE_SYNCING

UVM_INFO ../tests/wb_env_test_phase_cb.sv(13) @ 305: reporter [PHASE STATE_CHANGE ] phase name: check , OLD STATE UVM_PHASE_SYNCING, NEW STATE : UVM_PHASE_STARTED

UVM_INFO ../tests/wb_env_test_phase_cb.sv(13) @ 305: reporter [PHASE STATE_CHANGE ] phase name: check , OLD STATE UVM_PHASE_STARTED, NEW STATE : UVM_PHASE_EXECUTING

UVM_INFO ../tests/wb_env_test_phase_cb.sv(13) @ 305: reporter [PHASE STATE_CHANGE ] phase name: check , OLD STATE UVM_PHASE_EXECUTING, NEW STATE : UVM_PHASE_ENDED

UVM_INFO ../tests/wb_env_test_phase_cb.sv(13) @ 305: reporter [PHASE STATE_CHANGE ] phase name: check , OLD STATE UVM_PHASE_ENDED, NEW STATE : UVM_PHASE_CLEANUP

UVM_INFO ../tests/wb_env_test_phase_cb.sv(13) @ 305: reporter [PHASE STATE_CHANGE ] phase name: check , OLD STATE UVM_PHASE_CLEANUP, NEW STATE : UVM_PHASE_DONE

UVM_INFO ../tests/wb_env_test_phase_cb.sv(13) @ 305: reporter [PHASE STATE_CHANGE ] phase name: report , OLD STATE UVM_PHASE_DORMANT, NEW STATE : UVM_PHASE_SCHEDULED

UVM_INFO ../tests/wb_env_test_phase_cb.sv(13) @ 305: reporter [PHASE STATE_CHANGE ] phase name: report , OLD STATE UVM_PHASE_SCHEDULED, NEW STATE : UVM_PHASE_SYNCING

UVM_INFO ../tests/wb_env_test_phase_cb.sv(13) @ 305: reporter [PHASE STATE_CHANGE ] phase name: report , OLD STATE UVM_PHASE_SYNCING, NEW STATE : UVM_PHASE_STARTED

UVM_INFO ../tests/wb_env_test_phase_cb.sv(13) @ 305: reporter [PHASE STATE_CHANGE ] phase name: report , OLD STATE UVM_PHASE_STARTED, NEW STATE : UVM_PHASE_EXECUTING

UVM_INFO ../tests/wb_env_test_phase_cb.sv(64) @ 305: uvm_test_top [wb_env_phase_cb_test] ** UVM TEST PASSED **
UVM_INFO ../tests/wb_env_test_phase_cb.sv(13) @ 305: reporter [PHASE STATE_CHANGE ] phase name: report , OLD STATE UVM_PHASE_EXECUTING, NEW STATE : UVM_PHASE_ENDED

UVM_INFO ../tests/wb_env_test_phase_cb.sv(13) @ 305: reporter [PHASE STATE_CHANGE ] phase name: report , OLD STATE UVM_PHASE_ENDED, NEW STATE : UVM_PHASE_CLEANUP

UVM_INFO ../tests/wb_env_test_phase_cb.sv(13) @ 305: reporter [PHASE STATE_CHANGE ] phase name: report , OLD STATE UVM_PHASE_CLEANUP, NEW STATE : UVM_PHASE_DONE

UVM_INFO ../tests/wb_env_test_phase_cb.sv(13) @ 305: reporter [PHASE STATE_CHANGE ] phase name: final , OLD STATE UVM_PHASE_DORMANT, NEW STATE : UVM_PHASE_SCHEDULED

UVM_INFO ../tests/wb_env_test_phase_cb.sv(13) @ 305: reporter [PHASE STATE_CHANGE ] phase name: final , OLD STATE UVM_PHASE_SCHEDULED, NEW STATE : UVM_PHASE_SYNCING

UVM_INFO ../tests/wb_env_test_phase_cb.sv(13) @ 305: reporter [PHASE STATE_CHANGE ] phase name: final , OLD STATE UVM_PHASE_SYNCING, NEW STATE : UVM_PHASE_STARTED

UVM_INFO ../tests/wb_env_test_phase_cb.sv(13) @ 305: reporter [PHASE STATE_CHANGE ] phase name: final , OLD STATE UVM_PHASE_STARTED, NEW STATE : UVM_PHASE_EXECUTING

UVM_INFO ../tests/wb_env_test_phase_cb.sv(13) @ 305: reporter [PHASE STATE_CHANGE ] phase name: final , OLD STATE UVM_PHASE_EXECUTING, NEW STATE : UVM_PHASE_ENDED

UVM_INFO ../tests/wb_env_test_phase_cb.sv(13) @ 305: reporter [PHASE STATE_CHANGE ] phase name: final , OLD STATE UVM_PHASE_ENDED, NEW STATE : UVM_PHASE_CLEANUP

UVM_INFO ../tests/wb_env_test_phase_cb.sv(13) @ 305: reporter [PHASE STATE_CHANGE ] phase name: final , OLD STATE UVM_PHASE_CLEANUP, NEW STATE : UVM_PHASE_DONE

UVM_INFO ../tests/wb_env_test_phase_cb.sv(13) @ 305: reporter [PHASE STATE_CHANGE ] phase name: common_end , OLD STATE UVM_PHASE_UNINITIALIZED, NEW STATE : UVM_PHASE_SCHEDULED

UVM_INFO ../tests/wb_env_test_phase_cb.sv(13) @ 305: reporter [PHASE STATE_CHANGE ] phase name: common_end , OLD STATE UVM_PHASE_SCHEDULED, NEW STATE : UVM_PHASE_SYNCING

UVM_INFO ../tests/wb_env_test_phase_cb.sv(13) @ 305: reporter [PHASE STATE_CHANGE ] phase name: common_end , OLD STATE UVM_PHASE_SYNCING, NEW STATE : UVM_PHASE_STARTED

UVM_INFO ../tests/wb_env_test_phase_cb.sv(13) @ 305: reporter [PHASE STATE_CHANGE ] phase name: common_end , OLD STATE UVM_PHASE_STARTED, NEW STATE : UVM_PHASE_EXECUTING

UVM_INFO ../tests/wb_env_test_phase_cb.sv(13) @ 305: reporter [PHASE STATE_CHANGE ] phase name: common_end , OLD STATE UVM_PHASE_EXECUTING, NEW STATE : UVM_PHASE_DONE

UVM_INFO /global/apps/vcs_2019.06/etc/uvm-1.2/base/uvm_report_catcher.svh(705) @ 305: reporter [UVM/REPORT/CATCHER] 
--- UVM Report catcher Summary ---


Number of demoted UVM_FATAL reports  :    0
Number of demoted UVM_ERROR reports  :    0
Number of demoted UVM_WARNING reports:    0
Number of caught UVM_FATAL reports   :    0
Number of caught UVM_ERROR reports   :    0
Number of caught UVM_WARNING reports :    0

UVM_INFO /global/apps/vcs_2019.06/etc/uvm-1.2/base/uvm_report_server.svh(894) @ 305: reporter [UVM/REPORT/SERVER] 
--- UVM Report Summary ---

** Report counts by severity
UVM_INFO :  205
UVM_WARNING :    0
UVM_ERROR :    6
UVM_FATAL :    0
** Report counts by id
[PHASE STATE_CHANGE ]   181
[RNTST]     1
[SLAVE_DRIVER]     6
[UVM/RELNOTES]     1
[UVM/REPORT/CATCHER]     1
[WB Scoreboard]     6
[Wb_slave]     6
[sequence_1]     2
[uvm_test_top.env.slave_agent.drv]     6
[wb_env_phase_cb_test]     1

$finish called from file "/global/apps/vcs_2019.06/etc/uvm-1.2/base/uvm_root.svh", line 613.
$finish at simulation time                  305
           V C S   S i m u l a t i o n   R e p o r t 
Time: 305
CPU Time:      0.990 seconds;       Data structure size:   0.5Mb
Sun Nov 24 13:51:59 2019
