1   //----------------------------------------------------------------------
  2   //   Copyright 2007-2010 Mentor Graphics Corporation
    3   //   Copyright 2007-2010 Cadence Design Systems, Inc.
      4   //   Copyright 2010-2011 Synopsys, Inc.
	5   //   All Rights Reserved Worldwide
	  6   //
	    7   //   Licensed under the Apache License, Version 2.0 (the
	      8   //   "License"); you may not use this file except in
		9   //   compliance with the License.  You may obtain a copy of
		  10   //   the License at
		    11   //
		      12   //       http://www.apache.org/licenses/LICENSE-2.0
		      13   //
			14   //   Unless required by applicable law or agreed to in
			  15   //   writing, software distributed under the License is
			    16   //   distributed on an "AS IS" BASIS, WITHOUT WARRANTIES OR
			      17   //   CONDITIONS OF ANY KIND, either express or implied.  See
				18   //   the License for the specific language governing
				  19   //   permissions and limitations under the License.
				    20   //----------------------------------------------------------------------
				      21   `ifndef CLASSC_SVH
					22   `define CLASSC_SVH
					  23   
					    24   class C extends uvm_component;
					       25     int v=0;
					       26     int s=0;
					       27    // string myaa[string];
						 28   
						   29      string mytest;
					       30      int dummy_int;
					       31      logic [4095:0] dummy_int2;
					       32   
						 33     function new(string name, uvm_component parent);
						    34       super.new(name, parent);
						    35     endfunction
					       36   
						 37     function void build_phase(uvm_phase phase);
						    38       super.build_phase(phase);
						    39       $display("%s: In Build: v = %0d  s = %0d", get_full_name(), v, s);
						    40     endfunction
					       41   
						 42   
						   43   
						     44     `uvm_component_utils_begin(C)
							45       `uvm_field_int(v, UVM_DEFAULT)
							46       `uvm_field_int(s, UVM_DEFAULT)
							47   //    `uvm_field_aa_string_string(myaa, UVM_DEFAULT)
							  48     `uvm_component_utils_end
					       49   endclass
50   
  51   `endif
