version: (200506)

available memory: 64M bytes
used memory: 2M bytes [need 2M bytes if disable swap]

used block: 34 [memory(34) file(0)]
                 [ 8K(17) 32K(4) 64K(13) { total 2M bytes } ]
overhead: (5835) bytes for (34) blocks [Average: (171) bytes/block]

write  => 0(times) 0K(bytes) [0K bytes to file]
read   => 13(times) 390K(bytes) [87K bytes compressed data from file]
access => 60660(times) 601M(bytes)
          [hit ratio: 99.9786%]

time: write(0) read(0)  unit: second

swap file directory: (/SCRATCH/srivats/vs/IEEE_Book/Practical-UVM-IEEE-Edition/UVM_Building_Blocks/Config_DB_NewFeatures/run/verdiLog)
used swap file number: (13)



swap file manager:
arrSize: (256)
idxCnt: (14)
closeHead: (5)
closeTail: (2)
openCnt: (10)
fid(13): fd(1073741833) fileName(/SCRATCH/srivats/vs/IEEE_Book/Practical-UVM-IEEE-Edition/UVM_Building_Blocks/Config_DB_NewFeatures/run/simv.daidir/kdb.elab++/work.lib++/wb_slave_mon.sv#inc__wb_env_tb_mod__187#.tdc)
	size(11170) lastModTime(1562130046) curModTime(1562130046)
	mode(rb)	hot(2) cool(12) pos(0)
fid(12): fd(1073741824) fileName(/SCRATCH/srivats/vs/IEEE_Book/Practical-UVM-IEEE-Edition/UVM_Building_Blocks/Config_DB_NewFeatures/run/simv.daidir/kdb.elab++/work.lib++/wb_slave.sv#inc__wb_env_tb_mod__188#.tdc)
	size(10404) lastModTime(1562130046) curModTime(1562130046)
	mode(rb)	hot(13) cool(11) pos(0)
fid(11): fd(1073741832) fileName(/SCRATCH/srivats/vs/IEEE_Book/Practical-UVM-IEEE-Edition/UVM_Building_Blocks/Config_DB_NewFeatures/run/simv.daidir/kdb.elab++/work.lib++/wb_slave_agent.sv#inc__wb_env_tb_mod__189#.tdc)
	size(24572) lastModTime(1562130046) curModTime(1562130046)
	mode(rb)	hot(12) cool(10) pos(0)
fid(10): fd(1073741831) fileName(/SCRATCH/srivats/vs/IEEE_Book/Practical-UVM-IEEE-Edition/UVM_Building_Blocks/Config_DB_NewFeatures/run/simv.daidir/kdb.elab++/work.lib++/wb_master_mon.sv#inc__wb_env_tb_mod__180#.tdc)
	size(11816) lastModTime(1562130046) curModTime(1562130046)
	mode(rb)	hot(11) cool(9) pos(0)
fid(9): fd(1073741830) fileName(/SCRATCH/srivats/vs/IEEE_Book/Practical-UVM-IEEE-Edition/UVM_Building_Blocks/Config_DB_NewFeatures/run/simv.daidir/kdb.elab++/work.lib++/wb_master_agent.sv#inc__wb_env_tb_mod__185#.tdc)
	size(30882) lastModTime(1562130046) curModTime(1562130046)
	mode(rb)	hot(10) cool(8) pos(0)
fid(8): fd(1073741829) fileName(/SCRATCH/srivats/vs/IEEE_Book/Practical-UVM-IEEE-Edition/UVM_Building_Blocks/Config_DB_NewFeatures/run/simv.daidir/kdb.elab++/work.lib++/wb_env_slave_test.sv#inc__wb_env_tb_mod__197#.tdc)
	size(3295) lastModTime(1562130046) curModTime(1562130046)
	mode(rb)	hot(9) cool(7) pos(0)
fid(7): fd(1073741828) fileName(/SCRATCH/srivats/vs/IEEE_Book/Practical-UVM-IEEE-Edition/UVM_Building_Blocks/Config_DB_NewFeatures/run/simv.daidir/kdb.elab++/work.lib++/uvm_component.svh#inc__uvm_pkg__71#.tdc)
	size(130363) lastModTime(1562130046) curModTime(1562130046)
	mode(rb)	hot(8) cool(6) pos(0)
fid(6): fd(1073741827) fileName(/SCRATCH/srivats/vs/IEEE_Book/Practical-UVM-IEEE-Edition/UVM_Building_Blocks/Config_DB_NewFeatures/run/simv.daidir/kdb.elab++/work.lib++/wb_env_tb_mod.sv.tdc)
	size(2218) lastModTime(1562130046) curModTime(1562130046)
	mode(rb)	hot(7) cool(5) pos(0)
fid(5): fd(1073741826) fileName(/SCRATCH/srivats/vs/IEEE_Book/Practical-UVM-IEEE-Edition/UVM_Building_Blocks/Config_DB_NewFeatures/run/simv.daidir/kdb.elab++/work.lib++/wb_master.sv#inc__wb_env_tb_mod__183#.tdc)
	size(22991) lastModTime(1562130046) curModTime(1562130046)
	mode(rb)	hot(6) cool(4) pos(0)
fid(4): fd(0) fileName(/SCRATCH/srivats/vs/IEEE_Book/Practical-UVM-IEEE-Edition/UVM_Building_Blocks/Config_DB_NewFeatures/run/simv.daidir/kdb.elab++/work.lib++/wb_slave_agent_sequence_library.sv#inc__wb_env_tb_mod__192#.tdc)
	size(6564) lastModTime(1562130046) curModTime(1562130046)
	mode(rb)	hot(5) cool(1) pos(6564)
fid(3): fd(0) fileName(/SCRATCH/srivats/vs/IEEE_Book/Practical-UVM-IEEE-Edition/UVM_Building_Blocks/Config_DB_NewFeatures/run/simv.daidir/kdb.elab++/work.lib++/uvm_custom_install_verdi_recorder.sv.tdc)
	size(12884) lastModTime(1562130046) curModTime(1562130046)
	mode(rb)	hot(0) cool(0) pos(0)
fid(2): fd(35) fileName(/SCRATCH/srivats/vs/IEEE_Book/Practical-UVM-IEEE-Edition/UVM_Building_Blocks/Config_DB_NewFeatures/run/verdiLog/_swap_0001#252333158#11170)
	size(0) lastModTime(0) curModTime(1562130090)
	mode(r+b)	hot(4) cool(13) pos(0)
fid(1): fd(0) fileName(/SCRATCH/srivats/vs/IEEE_Book/Practical-UVM-IEEE-Edition/UVM_Building_Blocks/Config_DB_NewFeatures/run/simv.daidir/kdb.elab++/work.lib++/wb_env_top.sv.tdc)
	size(1860) lastModTime(1562130046) curModTime(1562130046)
	mode(rb)	hot(4) cool(0) pos(1860)
fid(0): fd(0) fileName(NULL)
	mode(NULL)	hot(0) cool(0) pos(0)
==================================================
mySelf(1b07c418) pre(1b0744d0) next(0)
version(200506)
date(May 27 2019 23:18:32)
