Command: /u/srivats/proj_area/Practical-UVM-IEEE-Edition/IEEE_version/Advanced_UVM_Topics/phase_callbacks/run/./simv -l simv.log -lca +ntb_random_seed=1 +UVM_TESTNAME=wb_env_test +UVM_LOG_RECORD -ucli -do dump2.do
Chronologic VCS simulator copyright 1991-2019
Contains Synopsys proprietary information.
Compiler version P-2019.06-SP2-1; Runtime version P-2019.06-SP2-1;  Feb 22 20:04 2020
UVM_INFO /global/apps/vcs_2019.06-SP2-1/etc/uvm-1.2/base/uvm_root.svh(412) @ 0: reporter [UVM/RELNOTES] 
----------------------------------------------------------------
UVM-1.2.Synopsys
(C) 2007-2014 Mentor Graphics Corporation
(C) 2007-2014 Cadence Design Systems, Inc.
(C) 2006-2014 Synopsys, Inc.
(C) 2011-2013 Cypress Semiconductor Corp.
(C) 2013-2014 NVIDIA Corporation
----------------------------------------------------------------

  ***********       IMPORTANT RELEASE NOTES         ************

  You are using a version of the UVM library that has been compiled
  with `UVM_OBJECT_DO_NOT_NEED_CONSTRUCTOR undefined.
  See http://www.eda.org/svdb/view.php?id=3770 for more details.

      (Specify +UVM_NO_RELNOTES to turn off this notice)

ucli% dump -add / -depth 0
*Verdi* Loading libsscore_vcs201906.so
FSDB Dumper for VCS, Release Verdi_P-2019.06-SP2-1, Linux, 01/19/2020
(C) 1996 - 2020 by Synopsys, Inc.
*Verdi* : Create FSDB file 'inter.fsdb'
*Verdi* : Begin traversing the scope (/), layer (0).
*Verdi* : End of traversing.
*Verdi* : Flush all FSDB Files at 0 s.
1
ucli% run
VCD+ Writer P-2019.06-SP2-1 Copyright (c) 1991-2019 by Synopsys Inc.
UVM_INFO @ 0: reporter [RNTST] Running test wb_env_test...
UVM_INFO ../src/wb_master_agent_sequence_library.sv(25) @ 60: uvm_test_top.env.master_agent.mast_sqr@@sequence_1 [sequence_1] sequence_1 pre_body() raising main objection
UVM_INFO ../src/wb_slave.sv(145) @ 65: uvm_test_top.env.slave_agent.drv [uvm_test_top.env.slave_agent.drv] responding in this cycle
UVM_INFO ../src/wb_slave.sv(154) @ 65: uvm_test_top.env.slave_agent.drv [Wb_slave] got a write transaction  from Master 
SLAVE DRIVER WRITE : 
---------------------------------------------------
Name               Type            Size  Value     
---------------------------------------------------
tr                 wb_transaction  -     @1021     
  address          integral        32    'h3       
  data             integral        32    'hdeadbeef
  sel              integral        4     'h1       
  tga              integral        16    'h7f5f    
  tgc              integral        16    'hb857    
  tgd              integral        16    'hec92    
  lock             integral        1     'h0       
  num_wait_states  integral        32    'h0       
  kind             kinds_e         32    WRITE     
  status           status_e        32    ACK       
  next_cycle       pipelining_e    32    CLASSIC   
---------------------------------------------------

UVM_INFO ../src/wb_slave.sv(187) @ 95: uvm_test_top.env.slave_agent.drv [SLAVE_DRIVER] Completed transaction..
---------------------------------------------------
Name               Type            Size  Value     
---------------------------------------------------
tr                 wb_transaction  -     @1021     
  address          integral        32    'h3       
  data             integral        32    'hdeadbeef
  sel              integral        4     'h1       
  tga              integral        16    'h7f5f    
  tgc              integral        16    'hb857    
  tgd              integral        16    'hec92    
  lock             integral        1     'h0       
  num_wait_states  integral        32    'h0       
  kind             kinds_e         32    WRITE     
  status           status_e        32    ACK       
  next_cycle       pipelining_e    32    CLASSIC   
---------------------------------------------------

UVM_INFO @ 95: uvm_test_top.env.sb.comparator [Comparator Match] 
UVM_INFO ../src/wb_slave.sv(145) @ 115: uvm_test_top.env.slave_agent.drv [uvm_test_top.env.slave_agent.drv] responding in this cycle
UVM_INFO ../src/wb_slave.sv(154) @ 115: uvm_test_top.env.slave_agent.drv [Wb_slave] got a write transaction  from Master 
SLAVE DRIVER WRITE : 
---------------------------------------------------
Name               Type            Size  Value     
---------------------------------------------------
tr                 wb_transaction  -     @1066     
  address          integral        32    'h4       
  data             integral        32    'hbeefdead
  sel              integral        4     'h3       
  tga              integral        16    'hf794    
  tgc              integral        16    'h1903    
  tgd              integral        16    'h854c    
  lock             integral        1     'h0       
  num_wait_states  integral        32    'h0       
  kind             kinds_e         32    WRITE     
  status           status_e        32    ACK       
  next_cycle       pipelining_e    32    CLASSIC   
---------------------------------------------------

UVM_INFO ../src/wb_slave.sv(187) @ 145: uvm_test_top.env.slave_agent.drv [SLAVE_DRIVER] Completed transaction..
---------------------------------------------------
Name               Type            Size  Value     
---------------------------------------------------
tr                 wb_transaction  -     @1066     
  address          integral        32    'h4       
  data             integral        32    'hbeefdead
  sel              integral        4     'h3       
  tga              integral        16    'hf794    
  tgc              integral        16    'h1903    
  tgd              integral        16    'h854c    
  lock             integral        1     'h0       
  num_wait_states  integral        32    'h0       
  kind             kinds_e         32    WRITE     
  status           status_e        32    ACK       
  next_cycle       pipelining_e    32    CLASSIC   
---------------------------------------------------

UVM_INFO @ 145: uvm_test_top.env.sb.comparator [Comparator Match] 
UVM_INFO ../src/wb_slave.sv(145) @ 165: uvm_test_top.env.slave_agent.drv [uvm_test_top.env.slave_agent.drv] responding in this cycle
UVM_INFO ../src/wb_slave.sv(154) @ 165: uvm_test_top.env.slave_agent.drv [Wb_slave] got a write transaction  from Master 
SLAVE DRIVER WRITE : 
--------------------------------------------------
Name               Type            Size  Value    
--------------------------------------------------
tr                 wb_transaction  -     @1105    
  address          integral        32    'h5      
  data             integral        32    'h1234567
  sel              integral        4     'h1      
  tga              integral        16    'h6cf4   
  tgc              integral        16    'h56b7   
  tgd              integral        16    'hc43b   
  lock             integral        1     'h0      
  num_wait_states  integral        32    'h0      
  kind             kinds_e         32    WRITE    
  status           status_e        32    ACK      
  next_cycle       pipelining_e    32    CLASSIC  
--------------------------------------------------

UVM_INFO ../src/wb_slave.sv(187) @ 195: uvm_test_top.env.slave_agent.drv [SLAVE_DRIVER] Completed transaction..
--------------------------------------------------
Name               Type            Size  Value    
--------------------------------------------------
tr                 wb_transaction  -     @1105    
  address          integral        32    'h5      
  data             integral        32    'h1234567
  sel              integral        4     'h1      
  tga              integral        16    'h6cf4   
  tgc              integral        16    'h56b7   
  tgd              integral        16    'hc43b   
  lock             integral        1     'h0      
  num_wait_states  integral        32    'h0      
  kind             kinds_e         32    WRITE    
  status           status_e        32    ACK      
  next_cycle       pipelining_e    32    CLASSIC  
--------------------------------------------------

UVM_INFO @ 195: uvm_test_top.env.sb.comparator [Comparator Match] 
UVM_INFO ../src/wb_slave.sv(145) @ 215: uvm_test_top.env.slave_agent.drv [uvm_test_top.env.slave_agent.drv] responding in this cycle
UVM_INFO ../src/wb_slave.sv(163) @ 215: uvm_test_top.env.slave_agent.drv [Wb_slave] got a read transaction  
SLAVE DRIVER READ: 
------------------------------------------------
Name               Type            Size  Value  
------------------------------------------------
tr                 wb_transaction  -     @1144  
  address          integral        32    'h6    
  data             integral        32    'h0    
  sel              integral        4     'hf    
  tga              integral        16    'hbfc7 
  tgc              integral        16    'h4883 
  tgd              integral        16    'h0    
  lock             integral        1     'h1    
  num_wait_states  integral        32    'h0    
  kind             kinds_e         32    READ   
  status           status_e        32    ACK    
  next_cycle       pipelining_e    32    CLASSIC
------------------------------------------------

UVM_INFO ../src/wb_slave.sv(187) @ 245: uvm_test_top.env.slave_agent.drv [SLAVE_DRIVER] Completed transaction..
------------------------------------------------
Name               Type            Size  Value  
------------------------------------------------
tr                 wb_transaction  -     @1144  
  address          integral        32    'h6    
  data             integral        32    'h0    
  sel              integral        4     'hf    
  tga              integral        16    'hbfc7 
  tgc              integral        16    'h4883 
  tgd              integral        16    'h0    
  lock             integral        1     'h1    
  num_wait_states  integral        32    'h0    
  kind             kinds_e         32    READ   
  status           status_e        32    ACK    
  next_cycle       pipelining_e    32    CLASSIC
------------------------------------------------

UVM_INFO @ 245: uvm_test_top.env.sb.comparator [Comparator Match] 
UVM_INFO ../src/wb_slave.sv(145) @ 265: uvm_test_top.env.slave_agent.drv [uvm_test_top.env.slave_agent.drv] responding in this cycle
UVM_INFO ../src/wb_slave.sv(163) @ 265: uvm_test_top.env.slave_agent.drv [Wb_slave] got a read transaction  
SLAVE DRIVER READ: 
------------------------------------------------
Name               Type            Size  Value  
------------------------------------------------
tr                 wb_transaction  -     @1183  
  address          integral        32    'h6    
  data             integral        32    'h0    
  sel              integral        4     'h1    
  tga              integral        16    'hd2e2 
  tgc              integral        16    'h7e6f 
  tgd              integral        16    'h0    
  lock             integral        1     'h1    
  num_wait_states  integral        32    'h0    
  kind             kinds_e         32    READ   
  status           status_e        32    ACK    
  next_cycle       pipelining_e    32    CLASSIC
------------------------------------------------

UVM_INFO ../src/wb_slave.sv(187) @ 295: uvm_test_top.env.slave_agent.drv [SLAVE_DRIVER] Completed transaction..
------------------------------------------------
Name               Type            Size  Value  
------------------------------------------------
tr                 wb_transaction  -     @1183  
  address          integral        32    'h6    
  data             integral        32    'h0    
  sel              integral        4     'h1    
  tga              integral        16    'hd2e2 
  tgc              integral        16    'h7e6f 
  tgd              integral        16    'h0    
  lock             integral        1     'h1    
  num_wait_states  integral        32    'h0    
  kind             kinds_e         32    READ   
  status           status_e        32    ACK    
  next_cycle       pipelining_e    32    CLASSIC
------------------------------------------------

UVM_INFO @ 295: uvm_test_top.env.sb.comparator [Comparator Match] 
UVM_INFO ../src/wb_slave.sv(145) @ 315: uvm_test_top.env.slave_agent.drv [uvm_test_top.env.slave_agent.drv] responding in this cycle
UVM_INFO ../src/wb_slave.sv(163) @ 315: uvm_test_top.env.slave_agent.drv [Wb_slave] got a read transaction  
SLAVE DRIVER READ: 
------------------------------------------------
Name               Type            Size  Value  
------------------------------------------------
tr                 wb_transaction  -     @1222  
  address          integral        32    'h7    
  data             integral        32    'h0    
  sel              integral        4     'h7    
  tga              integral        16    'h139c 
  tgc              integral        16    'h89bf 
  tgd              integral        16    'h0    
  lock             integral        1     'h0    
  num_wait_states  integral        32    'h0    
  kind             kinds_e         32    READ   
  status           status_e        32    ACK    
  next_cycle       pipelining_e    32    CLASSIC
------------------------------------------------

UVM_INFO ../src/wb_slave.sv(187) @ 345: uvm_test_top.env.slave_agent.drv [SLAVE_DRIVER] Completed transaction..
------------------------------------------------
Name               Type            Size  Value  
------------------------------------------------
tr                 wb_transaction  -     @1222  
  address          integral        32    'h7    
  data             integral        32    'h0    
  sel              integral        4     'h7    
  tga              integral        16    'h139c 
  tgc              integral        16    'h89bf 
  tgd              integral        16    'h0    
  lock             integral        1     'h0    
  num_wait_states  integral        32    'h0    
  kind             kinds_e         32    READ   
  status           status_e        32    ACK    
  next_cycle       pipelining_e    32    CLASSIC
------------------------------------------------

UVM_INFO @ 345: uvm_test_top.env.sb.comparator [Comparator Match] 
UVM_INFO ../src/wb_master_agent_sequence_library.sv(31) @ 355: uvm_test_top.env.master_agent.mast_sqr@@sequence_1 [sequence_1] sequence_1 post_body() dropping main objection
UVM_INFO ../src/wb_scoreboard.sv(50) @ 355: uvm_test_top.env.sb [SBRPT] Matches = 6, Mismatches = 0
UVM_INFO ../tests/wb_env_test.sv(43) @ 355: uvm_test_top [wb_env_test] ** UVM TEST PASSED **
UVM_INFO /global/apps/vcs_2019.06-SP2-1/etc/uvm-1.2/base/uvm_report_catcher.svh(705) @ 355: reporter [UVM/REPORT/CATCHER] 
--- UVM Report catcher Summary ---


Number of demoted UVM_FATAL reports  :    0
Number of demoted UVM_ERROR reports  :    0
Number of demoted UVM_WARNING reports:    0
Number of caught UVM_FATAL reports   :    0
Number of caught UVM_ERROR reports   :    0
Number of caught UVM_WARNING reports :    0

UVM_INFO /global/apps/vcs_2019.06-SP2-1/etc/uvm-1.2/base/uvm_report_server.svh(894) @ 355: reporter [UVM/REPORT/SERVER] 
--- UVM Report Summary ---

** Report counts by severity
UVM_INFO :   31
UVM_WARNING :    0
UVM_ERROR :    0
UVM_FATAL :    0
** Report counts by id
[Comparator Match]     6
[RNTST]     1
[SBRPT]     1
[SLAVE_DRIVER]     6
[UVM/RELNOTES]     1
[UVM/REPORT/CATCHER]     1
[Wb_slave]     6
[sequence_1]     2
[uvm_test_top.env.slave_agent.drv]     6
[wb_env_test]     1

$finish called from file "/global/apps/vcs_2019.06-SP2-1/etc/uvm-1.2/base/uvm_root.svh", line 613.
$finish at simulation time                  355
           V C S   S i m u l a t i o n   R e p o r t 
Time: 355
CPU Time:      0.710 seconds;       Data structure size:   0.5Mb
Sat Feb 22 20:04:09 2020
