Command: /SCRATCH/srivats/vs/new_book_examples/uvm-1.2/Practical_Applications/soc/tb/uvm/ethernet/run/./simv +UVM_TESTNAME=eth_transmit_event_heartbeat_test -l x.log
Chronologic VCS simulator copyright 1991-2019
Contains Synopsys proprietary information.
Compiler version P-2019.06; Runtime version P-2019.06;  Dec  6 19:23 2019
UVM_INFO /global/apps/vcs_2019.06/etc/uvm-1.2/base/uvm_root.svh(412) @ 0: reporter [UVM/RELNOTES] 
----------------------------------------------------------------
UVM-1.2.Synopsys
(C) 2007-2014 Mentor Graphics Corporation
(C) 2007-2014 Cadence Design Systems, Inc.
(C) 2006-2014 Synopsys, Inc.
(C) 2011-2013 Cypress Semiconductor Corp.
(C) 2013-2014 NVIDIA Corporation
----------------------------------------------------------------

  ***********       IMPORTANT RELEASE NOTES         ************

  You are using a version of the UVM library that has been compiled
  with `UVM_NO_DEPRECATED undefined.
  See http://www.eda.org/svdb/view.php?id=3313 for more details.

  You are using a version of the UVM library that has been compiled
  with `UVM_OBJECT_DO_NOT_NEED_CONSTRUCTOR undefined.
  See http://www.eda.org/svdb/view.php?id=3770 for more details.

      (Specify +UVM_NO_RELNOTES to turn off this notice)

UVM_INFO @ 0: reporter [RNTST] Running test eth_transmit_event_heartbeat_test...
Finished Initializing RAM
UVM_INFO /global/apps/vcs_2019.06/etc/uvm-1.2/base/uvm_root.svh(675) @ 0: reporter [UVMTOP] UVM testbench topology:
-----------------------------------------------------------------------------
Name                       Type                               Size  Value    
-----------------------------------------------------------------------------
uvm_test_top               eth_transmit_event_heartbeat_test  -     @515     
  env                      eth_blk_env                        -     @553     
    mii_rx_agt             mii_rx_agent                       -     @611     
      mon                  mii_rx_mon                         -     @5418    
        mon_analysis_port  uvm_analysis_port                  -     @5427    
    mii_tx_agt             mii_tx_agent                       -     @602     
      mii_tx_monitor       mii_tx_mon                         -     @5445    
        mon_analysis_port  uvm_analysis_port                  -     @5454    
    virt_seqr              wb_eth_virt_seqr                   -     @620     
      rsp_export           uvm_analysis_export                -     @629     
      seq_item_export      uvm_seq_item_pull_imp              -     @747     
      arbitration_queue    array                              0     -        
      lock_queue           array                              0     -        
      num_last_reqs        integral                           32    'd1      
      num_last_rsps        integral                           32    'd1      
    wb_master_agt          wb_master_agent                    -     @582     
      mast_drv             wb_master                          -     @5634    
        rsp_port           uvm_analysis_port                  -     @5653    
        seq_item_port      uvm_seq_item_pull_port             -     @5643    
      mast_mon             wb_master_mon                      -     @5478    
        mon_analysis_port  uvm_analysis_port                  -     @5487    
      mast_sqr             wb_master_seqr                     -     @5497    
        rsp_export         uvm_analysis_export                -     @5506    
        seq_item_export    uvm_seq_item_pull_imp              -     @5624    
        my_seq_lenght      integral                           32    'h0      
        arbitration_queue  array                              0     -        
        lock_queue         array                              0     -        
        num_last_reqs      integral                           32    'd1      
        num_last_rsps      integral                           32    'd1      
      mast_sqr             wb_master_seqr                     -     @5497    
        rsp_export         uvm_analysis_export                -     @5506    
        seq_item_export    uvm_seq_item_pull_imp              -     @5624    
        my_seq_lenght      integral                           32    'h0      
        arbitration_queue  array                              0     -        
        lock_queue         array                              0     -        
        num_last_reqs      integral                           32    'd1      
        num_last_rsps      integral                           32    'd1      
      mast_drv             wb_master                          -     @5634    
        rsp_port           uvm_analysis_port                  -     @5653    
        seq_item_port      uvm_seq_item_pull_port             -     @5643    
      mast_mon             wb_master_mon                      -     @5478    
        mon_analysis_port  uvm_analysis_port                  -     @5487    
      mstr_agent_cfg       wb_config                          -     @567     
        port_size          sizes_e                            32    DWORD    
        granularity        sizes_e                            32    BYTE     
        cycles             cycle_types_e                      32    CLASSIC  
        max_n_wss          integral                           32    'h5      
        min_addr           integral                           32    'h0      
        max_addr           integral                           32    'hffffffe
    wb_slave_agt           wb_slave_agent                     -     @592     
      slv_drv              wb_slave                           -     @5698    
        rsp_port           uvm_analysis_port                  -     @5717    
        seq_item_port      uvm_seq_item_pull_port             -     @5707    
        slv_get_export     uvm_blocking_get_imp               -     @5727    
      slv_mon              wb_slave_mon                       -     @5679    
        mon_analysis_port  uvm_analysis_port                  -     @5688    
      slv_drv              wb_slave                           -     @5698    
        rsp_port           uvm_analysis_port                  -     @5717    
        seq_item_port      uvm_seq_item_pull_port             -     @5707    
        slv_get_export     uvm_blocking_get_imp               -     @5727    
      slv_mon              wb_slave_mon                       -     @5679    
        mon_analysis_port  uvm_analysis_port                  -     @5688    
-----------------------------------------------------------------------------

UVM_INFO /global/apps/vcs_2019.06/etc/uvm-1.2/base/uvm_objection.svh(1276) @ 0: reporter [TEST_DONE] 'run' phase is ready to proceed to the 'extract' phase
UVM_INFO ../src/sequences/tx_interrupt_event_seq.sv(14) @ 255000: uvm_test_top.env.wb_master_agt.mast_sqr@@tx_int_bar_seq_inst [uvm_test_top.env.wb_master_agt.mast_sqr.tx_int_bar_seq_inst] waiting for Interrupt at start of Sequence                  255
UVM_INFO ../src/wb_master.sv(165) @ 255000: uvm_test_top.env.wb_master_agt.mast_drv [wb_env_DRIVER] Starting transaction...
UVM_INFO ../src/wb_master.sv(283) @ 295000: uvm_test_top.env.wb_master_agt.mast_drv [Wb master] Completed Write transaction
UVM_INFO ../src/wb_master.sv(165) @ 295000: uvm_test_top.env.wb_master_agt.mast_drv [wb_env_DRIVER] Starting transaction...
UVM_INFO ../src/wb_master.sv(283) @ 335000: uvm_test_top.env.wb_master_agt.mast_drv [Wb master] Completed Write transaction
UVM_INFO ../src/wb_master.sv(165) @ 335000: uvm_test_top.env.wb_master_agt.mast_drv [wb_env_DRIVER] Starting transaction...
UVM_INFO ../src/wb_master.sv(283) @ 375000: uvm_test_top.env.wb_master_agt.mast_drv [Wb master] Completed Write transaction
UVM_INFO ../src/sequences/initialize_txbd_rxbd_sequence.sv(12) @ 375000: uvm_test_top.env.wb_master_agt.mast_sqr@@initialize_desc_sequence [uvm_test_top.env.wb_master_agt.mast_sqr.initialize_desc_sequence] Began cleaning up descriptors                  375
UVM_INFO ../src/wb_master.sv(165) @ 375000: uvm_test_top.env.wb_master_agt.mast_drv [wb_env_DRIVER] Starting transaction...
UVM_INFO ../src/wb_master.sv(283) @ 415000: uvm_test_top.env.wb_master_agt.mast_drv [Wb master] Completed Write transaction
UVM_INFO ../src/wb_master.sv(165) @ 415000: uvm_test_top.env.wb_master_agt.mast_drv [wb_env_DRIVER] Starting transaction...
UVM_INFO ../src/wb_master.sv(283) @ 495000: uvm_test_top.env.wb_master_agt.mast_drv [Wb master] Completed Write transaction
UVM_INFO ../src/wb_master.sv(165) @ 495000: uvm_test_top.env.wb_master_agt.mast_drv [wb_env_DRIVER] Starting transaction...
UVM_INFO ../src/wb_master.sv(283) @ 575000: uvm_test_top.env.wb_master_agt.mast_drv [Wb master] Completed Write transaction
UVM_INFO ../src/wb_master.sv(165) @ 575000: uvm_test_top.env.wb_master_agt.mast_drv [wb_env_DRIVER] Starting transaction...
UVM_INFO ../src/wb_master.sv(283) @ 655000: uvm_test_top.env.wb_master_agt.mast_drv [Wb master] Completed Write transaction
UVM_INFO ../src/wb_master.sv(165) @ 655000: uvm_test_top.env.wb_master_agt.mast_drv [wb_env_DRIVER] Starting transaction...
UVM_INFO ../src/wb_master.sv(283) @ 735000: uvm_test_top.env.wb_master_agt.mast_drv [Wb master] Completed Write transaction
UVM_INFO ../src/wb_master.sv(165) @ 735000: uvm_test_top.env.wb_master_agt.mast_drv [wb_env_DRIVER] Starting transaction...
UVM_INFO ../src/wb_master.sv(283) @ 815000: uvm_test_top.env.wb_master_agt.mast_drv [Wb master] Completed Write transaction
UVM_INFO ../src/wb_master.sv(165) @ 815000: uvm_test_top.env.wb_master_agt.mast_drv [wb_env_DRIVER] Starting transaction...
UVM_INFO ../src/wb_master.sv(283) @ 895000: uvm_test_top.env.wb_master_agt.mast_drv [Wb master] Completed Write transaction
UVM_INFO ../src/wb_master.sv(165) @ 895000: uvm_test_top.env.wb_master_agt.mast_drv [wb_env_DRIVER] Starting transaction...
UVM_INFO ../src/wb_master.sv(283) @ 975000: uvm_test_top.env.wb_master_agt.mast_drv [Wb master] Completed Write transaction
UVM_INFO ../src/wb_master.sv(165) @ 975000: uvm_test_top.env.wb_master_agt.mast_drv [wb_env_DRIVER] Starting transaction...
UVM_INFO ../src/wb_master.sv(283) @ 1055000: uvm_test_top.env.wb_master_agt.mast_drv [Wb master] Completed Write transaction
UVM_INFO ../src/wb_master.sv(165) @ 1055000: uvm_test_top.env.wb_master_agt.mast_drv [wb_env_DRIVER] Starting transaction...
UVM_INFO ../src/wb_master.sv(283) @ 1135000: uvm_test_top.env.wb_master_agt.mast_drv [Wb master] Completed Write transaction
UVM_INFO ../src/wb_master.sv(165) @ 1135000: uvm_test_top.env.wb_master_agt.mast_drv [wb_env_DRIVER] Starting transaction...
UVM_INFO ../src/wb_master.sv(283) @ 1215000: uvm_test_top.env.wb_master_agt.mast_drv [Wb master] Completed Write transaction
UVM_INFO ../src/wb_master.sv(165) @ 1215000: uvm_test_top.env.wb_master_agt.mast_drv [wb_env_DRIVER] Starting transaction...
UVM_INFO ../src/wb_master.sv(283) @ 1295000: uvm_test_top.env.wb_master_agt.mast_drv [Wb master] Completed Write transaction
UVM_INFO ../src/wb_master.sv(165) @ 1295000: uvm_test_top.env.wb_master_agt.mast_drv [wb_env_DRIVER] Starting transaction...
UVM_INFO ../src/wb_master.sv(283) @ 1375000: uvm_test_top.env.wb_master_agt.mast_drv [Wb master] Completed Write transaction
UVM_INFO ../src/wb_master.sv(165) @ 1375000: uvm_test_top.env.wb_master_agt.mast_drv [wb_env_DRIVER] Starting transaction...
UVM_INFO ../src/wb_master.sv(283) @ 1455000: uvm_test_top.env.wb_master_agt.mast_drv [Wb master] Completed Write transaction
UVM_INFO ../src/wb_master.sv(165) @ 1455000: uvm_test_top.env.wb_master_agt.mast_drv [wb_env_DRIVER] Starting transaction...
UVM_INFO ../src/wb_master.sv(283) @ 1535000: uvm_test_top.env.wb_master_agt.mast_drv [Wb master] Completed Write transaction
UVM_INFO ../src/wb_master.sv(165) @ 1535000: uvm_test_top.env.wb_master_agt.mast_drv [wb_env_DRIVER] Starting transaction...
UVM_INFO ../src/wb_master.sv(283) @ 1615000: uvm_test_top.env.wb_master_agt.mast_drv [Wb master] Completed Write transaction
UVM_INFO ../src/wb_master.sv(165) @ 1615000: uvm_test_top.env.wb_master_agt.mast_drv [wb_env_DRIVER] Starting transaction...
UVM_INFO ../src/wb_master.sv(283) @ 1695000: uvm_test_top.env.wb_master_agt.mast_drv [Wb master] Completed Write transaction
UVM_INFO ../src/wb_master.sv(165) @ 1695000: uvm_test_top.env.wb_master_agt.mast_drv [wb_env_DRIVER] Starting transaction...
UVM_INFO ../src/wb_master.sv(283) @ 1775000: uvm_test_top.env.wb_master_agt.mast_drv [Wb master] Completed Write transaction
UVM_INFO ../src/wb_master.sv(165) @ 1775000: uvm_test_top.env.wb_master_agt.mast_drv [wb_env_DRIVER] Starting transaction...
UVM_INFO ../src/wb_master.sv(283) @ 1855000: uvm_test_top.env.wb_master_agt.mast_drv [Wb master] Completed Write transaction
UVM_INFO ../src/wb_master.sv(165) @ 1855000: uvm_test_top.env.wb_master_agt.mast_drv [wb_env_DRIVER] Starting transaction...
UVM_INFO ../src/wb_master.sv(283) @ 1935000: uvm_test_top.env.wb_master_agt.mast_drv [Wb master] Completed Write transaction
UVM_INFO ../src/wb_master.sv(165) @ 1935000: uvm_test_top.env.wb_master_agt.mast_drv [wb_env_DRIVER] Starting transaction...
UVM_INFO ../src/wb_master.sv(283) @ 2015000: uvm_test_top.env.wb_master_agt.mast_drv [Wb master] Completed Write transaction
UVM_INFO ../src/wb_master.sv(165) @ 2015000: uvm_test_top.env.wb_master_agt.mast_drv [wb_env_DRIVER] Starting transaction...
UVM_INFO ../src/wb_master.sv(283) @ 2095000: uvm_test_top.env.wb_master_agt.mast_drv [Wb master] Completed Write transaction
UVM_INFO ../src/wb_master.sv(165) @ 2095000: uvm_test_top.env.wb_master_agt.mast_drv [wb_env_DRIVER] Starting transaction...
UVM_INFO ../src/wb_master.sv(283) @ 2175000: uvm_test_top.env.wb_master_agt.mast_drv [Wb master] Completed Write transaction
UVM_INFO ../src/wb_master.sv(165) @ 2175000: uvm_test_top.env.wb_master_agt.mast_drv [wb_env_DRIVER] Starting transaction...
UVM_INFO ../src/wb_master.sv(283) @ 2255000: uvm_test_top.env.wb_master_agt.mast_drv [Wb master] Completed Write transaction
UVM_INFO ../src/wb_master.sv(165) @ 2255000: uvm_test_top.env.wb_master_agt.mast_drv [wb_env_DRIVER] Starting transaction...
UVM_INFO ../src/wb_master.sv(283) @ 2335000: uvm_test_top.env.wb_master_agt.mast_drv [Wb master] Completed Write transaction
UVM_INFO ../src/wb_master.sv(165) @ 2335000: uvm_test_top.env.wb_master_agt.mast_drv [wb_env_DRIVER] Starting transaction...
UVM_INFO ../src/wb_master.sv(283) @ 2415000: uvm_test_top.env.wb_master_agt.mast_drv [Wb master] Completed Write transaction
UVM_INFO ../src/wb_master.sv(165) @ 2415000: uvm_test_top.env.wb_master_agt.mast_drv [wb_env_DRIVER] Starting transaction...
UVM_INFO ../src/wb_master.sv(283) @ 2495000: uvm_test_top.env.wb_master_agt.mast_drv [Wb master] Completed Write transaction
UVM_INFO ../src/wb_master.sv(165) @ 2495000: uvm_test_top.env.wb_master_agt.mast_drv [wb_env_DRIVER] Starting transaction...
UVM_INFO ../src/wb_master.sv(283) @ 2575000: uvm_test_top.env.wb_master_agt.mast_drv [Wb master] Completed Write transaction
UVM_INFO ../src/wb_master.sv(165) @ 2575000: uvm_test_top.env.wb_master_agt.mast_drv [wb_env_DRIVER] Starting transaction...
UVM_INFO ../src/wb_master.sv(283) @ 2655000: uvm_test_top.env.wb_master_agt.mast_drv [Wb master] Completed Write transaction
UVM_INFO ../src/wb_master.sv(165) @ 2655000: uvm_test_top.env.wb_master_agt.mast_drv [wb_env_DRIVER] Starting transaction...
UVM_INFO ../src/wb_master.sv(283) @ 2735000: uvm_test_top.env.wb_master_agt.mast_drv [Wb master] Completed Write transaction
UVM_INFO ../src/wb_master.sv(165) @ 2735000: uvm_test_top.env.wb_master_agt.mast_drv [wb_env_DRIVER] Starting transaction...
UVM_INFO ../src/wb_master.sv(283) @ 2815000: uvm_test_top.env.wb_master_agt.mast_drv [Wb master] Completed Write transaction
UVM_INFO ../src/wb_master.sv(165) @ 2815000: uvm_test_top.env.wb_master_agt.mast_drv [wb_env_DRIVER] Starting transaction...
UVM_INFO ../src/wb_master.sv(283) @ 2895000: uvm_test_top.env.wb_master_agt.mast_drv [Wb master] Completed Write transaction
UVM_INFO ../src/wb_master.sv(165) @ 2895000: uvm_test_top.env.wb_master_agt.mast_drv [wb_env_DRIVER] Starting transaction...
UVM_INFO ../src/wb_master.sv(283) @ 2975000: uvm_test_top.env.wb_master_agt.mast_drv [Wb master] Completed Write transaction
UVM_INFO ../src/wb_master.sv(165) @ 2975000: uvm_test_top.env.wb_master_agt.mast_drv [wb_env_DRIVER] Starting transaction...
UVM_INFO ../src/wb_master.sv(283) @ 3055000: uvm_test_top.env.wb_master_agt.mast_drv [Wb master] Completed Write transaction
UVM_INFO ../src/wb_master.sv(165) @ 3055000: uvm_test_top.env.wb_master_agt.mast_drv [wb_env_DRIVER] Starting transaction...
UVM_INFO ../src/wb_master.sv(283) @ 3135000: uvm_test_top.env.wb_master_agt.mast_drv [Wb master] Completed Write transaction
UVM_INFO ../src/wb_master.sv(165) @ 3135000: uvm_test_top.env.wb_master_agt.mast_drv [wb_env_DRIVER] Starting transaction...
UVM_INFO ../src/wb_master.sv(283) @ 3215000: uvm_test_top.env.wb_master_agt.mast_drv [Wb master] Completed Write transaction
UVM_INFO ../src/wb_master.sv(165) @ 3215000: uvm_test_top.env.wb_master_agt.mast_drv [wb_env_DRIVER] Starting transaction...
UVM_INFO ../src/wb_master.sv(283) @ 3295000: uvm_test_top.env.wb_master_agt.mast_drv [Wb master] Completed Write transaction
UVM_INFO ../src/wb_master.sv(165) @ 3295000: uvm_test_top.env.wb_master_agt.mast_drv [wb_env_DRIVER] Starting transaction...
UVM_INFO ../src/wb_master.sv(283) @ 3375000: uvm_test_top.env.wb_master_agt.mast_drv [Wb master] Completed Write transaction
UVM_INFO ../src/wb_master.sv(165) @ 3375000: uvm_test_top.env.wb_master_agt.mast_drv [wb_env_DRIVER] Starting transaction...
UVM_INFO ../src/wb_master.sv(283) @ 3455000: uvm_test_top.env.wb_master_agt.mast_drv [Wb master] Completed Write transaction
UVM_INFO ../src/wb_master.sv(165) @ 3455000: uvm_test_top.env.wb_master_agt.mast_drv [wb_env_DRIVER] Starting transaction...
UVM_INFO ../src/wb_master.sv(283) @ 3535000: uvm_test_top.env.wb_master_agt.mast_drv [Wb master] Completed Write transaction
UVM_INFO ../src/wb_master.sv(165) @ 3535000: uvm_test_top.env.wb_master_agt.mast_drv [wb_env_DRIVER] Starting transaction...
UVM_INFO ../src/wb_master.sv(283) @ 3615000: uvm_test_top.env.wb_master_agt.mast_drv [Wb master] Completed Write transaction
UVM_INFO ../src/wb_master.sv(165) @ 3615000: uvm_test_top.env.wb_master_agt.mast_drv [wb_env_DRIVER] Starting transaction...
UVM_INFO ../src/wb_master.sv(283) @ 3695000: uvm_test_top.env.wb_master_agt.mast_drv [Wb master] Completed Write transaction
UVM_INFO ../src/wb_master.sv(165) @ 3695000: uvm_test_top.env.wb_master_agt.mast_drv [wb_env_DRIVER] Starting transaction...
UVM_INFO ../src/wb_master.sv(283) @ 3775000: uvm_test_top.env.wb_master_agt.mast_drv [Wb master] Completed Write transaction
UVM_INFO ../src/wb_master.sv(165) @ 3775000: uvm_test_top.env.wb_master_agt.mast_drv [wb_env_DRIVER] Starting transaction...
UVM_INFO ../src/wb_master.sv(283) @ 3855000: uvm_test_top.env.wb_master_agt.mast_drv [Wb master] Completed Write transaction
UVM_INFO ../src/wb_master.sv(165) @ 3855000: uvm_test_top.env.wb_master_agt.mast_drv [wb_env_DRIVER] Starting transaction...
UVM_INFO ../src/wb_master.sv(283) @ 3935000: uvm_test_top.env.wb_master_agt.mast_drv [Wb master] Completed Write transaction
UVM_INFO ../src/wb_master.sv(165) @ 3935000: uvm_test_top.env.wb_master_agt.mast_drv [wb_env_DRIVER] Starting transaction...
UVM_INFO ../src/wb_master.sv(283) @ 4015000: uvm_test_top.env.wb_master_agt.mast_drv [Wb master] Completed Write transaction
UVM_INFO ../src/wb_master.sv(165) @ 4015000: uvm_test_top.env.wb_master_agt.mast_drv [wb_env_DRIVER] Starting transaction...
UVM_INFO ../src/wb_master.sv(283) @ 4095000: uvm_test_top.env.wb_master_agt.mast_drv [Wb master] Completed Write transaction
UVM_INFO ../src/wb_master.sv(165) @ 4095000: uvm_test_top.env.wb_master_agt.mast_drv [wb_env_DRIVER] Starting transaction...
UVM_INFO ../src/wb_master.sv(283) @ 4175000: uvm_test_top.env.wb_master_agt.mast_drv [Wb master] Completed Write transaction
UVM_INFO ../src/wb_master.sv(165) @ 4175000: uvm_test_top.env.wb_master_agt.mast_drv [wb_env_DRIVER] Starting transaction...
UVM_INFO ../src/wb_master.sv(283) @ 4255000: uvm_test_top.env.wb_master_agt.mast_drv [Wb master] Completed Write transaction
UVM_INFO ../src/wb_master.sv(165) @ 4255000: uvm_test_top.env.wb_master_agt.mast_drv [wb_env_DRIVER] Starting transaction...
UVM_INFO ../src/wb_master.sv(283) @ 4335000: uvm_test_top.env.wb_master_agt.mast_drv [Wb master] Completed Write transaction
UVM_INFO ../src/wb_master.sv(165) @ 4335000: uvm_test_top.env.wb_master_agt.mast_drv [wb_env_DRIVER] Starting transaction...
UVM_INFO ../src/wb_master.sv(283) @ 4415000: uvm_test_top.env.wb_master_agt.mast_drv [Wb master] Completed Write transaction
UVM_INFO ../src/wb_master.sv(165) @ 4415000: uvm_test_top.env.wb_master_agt.mast_drv [wb_env_DRIVER] Starting transaction...
UVM_INFO ../src/wb_master.sv(283) @ 4495000: uvm_test_top.env.wb_master_agt.mast_drv [Wb master] Completed Write transaction
UVM_INFO ../src/wb_master.sv(165) @ 4495000: uvm_test_top.env.wb_master_agt.mast_drv [wb_env_DRIVER] Starting transaction...
UVM_INFO ../src/wb_master.sv(283) @ 4575000: uvm_test_top.env.wb_master_agt.mast_drv [Wb master] Completed Write transaction
UVM_INFO ../src/wb_master.sv(165) @ 4575000: uvm_test_top.env.wb_master_agt.mast_drv [wb_env_DRIVER] Starting transaction...
UVM_INFO ../src/wb_master.sv(283) @ 4655000: uvm_test_top.env.wb_master_agt.mast_drv [Wb master] Completed Write transaction
UVM_INFO ../src/wb_master.sv(165) @ 4655000: uvm_test_top.env.wb_master_agt.mast_drv [wb_env_DRIVER] Starting transaction...
UVM_INFO ../src/wb_master.sv(283) @ 4735000: uvm_test_top.env.wb_master_agt.mast_drv [Wb master] Completed Write transaction
UVM_INFO ../src/wb_master.sv(165) @ 4735000: uvm_test_top.env.wb_master_agt.mast_drv [wb_env_DRIVER] Starting transaction...
UVM_INFO ../src/wb_master.sv(283) @ 4815000: uvm_test_top.env.wb_master_agt.mast_drv [Wb master] Completed Write transaction
UVM_INFO ../src/wb_master.sv(165) @ 4815000: uvm_test_top.env.wb_master_agt.mast_drv [wb_env_DRIVER] Starting transaction...
UVM_INFO ../src/wb_master.sv(283) @ 4895000: uvm_test_top.env.wb_master_agt.mast_drv [Wb master] Completed Write transaction
UVM_INFO ../src/wb_master.sv(165) @ 4895000: uvm_test_top.env.wb_master_agt.mast_drv [wb_env_DRIVER] Starting transaction...
UVM_INFO ../src/wb_master.sv(283) @ 4975000: uvm_test_top.env.wb_master_agt.mast_drv [Wb master] Completed Write transaction
UVM_INFO ../src/wb_master.sv(165) @ 4975000: uvm_test_top.env.wb_master_agt.mast_drv [wb_env_DRIVER] Starting transaction...
UVM_INFO ../src/wb_master.sv(283) @ 5055000: uvm_test_top.env.wb_master_agt.mast_drv [Wb master] Completed Write transaction
UVM_INFO ../src/wb_master.sv(165) @ 5055000: uvm_test_top.env.wb_master_agt.mast_drv [wb_env_DRIVER] Starting transaction...
UVM_INFO ../src/wb_master.sv(283) @ 5135000: uvm_test_top.env.wb_master_agt.mast_drv [Wb master] Completed Write transaction
UVM_INFO ../src/wb_master.sv(165) @ 5135000: uvm_test_top.env.wb_master_agt.mast_drv [wb_env_DRIVER] Starting transaction...
UVM_INFO ../src/wb_master.sv(283) @ 5215000: uvm_test_top.env.wb_master_agt.mast_drv [Wb master] Completed Write transaction
UVM_INFO ../src/wb_master.sv(165) @ 5215000: uvm_test_top.env.wb_master_agt.mast_drv [wb_env_DRIVER] Starting transaction...
UVM_INFO ../src/wb_master.sv(283) @ 5295000: uvm_test_top.env.wb_master_agt.mast_drv [Wb master] Completed Write transaction
UVM_INFO ../src/wb_master.sv(165) @ 5295000: uvm_test_top.env.wb_master_agt.mast_drv [wb_env_DRIVER] Starting transaction...
UVM_INFO ../src/wb_master.sv(283) @ 5375000: uvm_test_top.env.wb_master_agt.mast_drv [Wb master] Completed Write transaction
UVM_INFO ../src/wb_master.sv(165) @ 5375000: uvm_test_top.env.wb_master_agt.mast_drv [wb_env_DRIVER] Starting transaction...
UVM_INFO ../src/wb_master.sv(283) @ 5455000: uvm_test_top.env.wb_master_agt.mast_drv [Wb master] Completed Write transaction
UVM_INFO ../src/wb_master.sv(165) @ 5455000: uvm_test_top.env.wb_master_agt.mast_drv [wb_env_DRIVER] Starting transaction...
UVM_INFO ../src/wb_master.sv(283) @ 5535000: uvm_test_top.env.wb_master_agt.mast_drv [Wb master] Completed Write transaction
UVM_INFO ../src/wb_master.sv(165) @ 5535000: uvm_test_top.env.wb_master_agt.mast_drv [wb_env_DRIVER] Starting transaction...
UVM_INFO ../src/wb_master.sv(283) @ 5615000: uvm_test_top.env.wb_master_agt.mast_drv [Wb master] Completed Write transaction
UVM_INFO ../src/wb_master.sv(165) @ 5615000: uvm_test_top.env.wb_master_agt.mast_drv [wb_env_DRIVER] Starting transaction...
UVM_INFO ../src/wb_master.sv(283) @ 5695000: uvm_test_top.env.wb_master_agt.mast_drv [Wb master] Completed Write transaction
UVM_INFO ../src/wb_master.sv(165) @ 5695000: uvm_test_top.env.wb_master_agt.mast_drv [wb_env_DRIVER] Starting transaction...
UVM_INFO ../src/wb_master.sv(283) @ 5775000: uvm_test_top.env.wb_master_agt.mast_drv [Wb master] Completed Write transaction
UVM_INFO ../src/wb_master.sv(165) @ 5775000: uvm_test_top.env.wb_master_agt.mast_drv [wb_env_DRIVER] Starting transaction...
UVM_INFO ../src/wb_master.sv(283) @ 5855000: uvm_test_top.env.wb_master_agt.mast_drv [Wb master] Completed Write transaction
UVM_INFO ../src/wb_master.sv(165) @ 5855000: uvm_test_top.env.wb_master_agt.mast_drv [wb_env_DRIVER] Starting transaction...
UVM_INFO ../src/wb_master.sv(283) @ 5935000: uvm_test_top.env.wb_master_agt.mast_drv [Wb master] Completed Write transaction
UVM_INFO ../src/wb_master.sv(165) @ 5935000: uvm_test_top.env.wb_master_agt.mast_drv [wb_env_DRIVER] Starting transaction...
UVM_INFO ../src/wb_master.sv(283) @ 6015000: uvm_test_top.env.wb_master_agt.mast_drv [Wb master] Completed Write transaction
UVM_INFO ../src/wb_master.sv(165) @ 6015000: uvm_test_top.env.wb_master_agt.mast_drv [wb_env_DRIVER] Starting transaction...
UVM_INFO ../src/wb_master.sv(283) @ 6095000: uvm_test_top.env.wb_master_agt.mast_drv [Wb master] Completed Write transaction
UVM_INFO ../src/wb_master.sv(165) @ 6095000: uvm_test_top.env.wb_master_agt.mast_drv [wb_env_DRIVER] Starting transaction...
UVM_INFO ../src/wb_master.sv(283) @ 6175000: uvm_test_top.env.wb_master_agt.mast_drv [Wb master] Completed Write transaction
UVM_INFO ../src/wb_master.sv(165) @ 6175000: uvm_test_top.env.wb_master_agt.mast_drv [wb_env_DRIVER] Starting transaction...
UVM_INFO ../src/wb_master.sv(283) @ 6255000: uvm_test_top.env.wb_master_agt.mast_drv [Wb master] Completed Write transaction
UVM_INFO ../src/wb_master.sv(165) @ 6255000: uvm_test_top.env.wb_master_agt.mast_drv [wb_env_DRIVER] Starting transaction...
UVM_INFO ../src/wb_master.sv(283) @ 6335000: uvm_test_top.env.wb_master_agt.mast_drv [Wb master] Completed Write transaction
UVM_INFO ../src/wb_master.sv(165) @ 6335000: uvm_test_top.env.wb_master_agt.mast_drv [wb_env_DRIVER] Starting transaction...
UVM_INFO ../src/wb_master.sv(283) @ 6415000: uvm_test_top.env.wb_master_agt.mast_drv [Wb master] Completed Write transaction
UVM_INFO ../src/wb_master.sv(165) @ 6415000: uvm_test_top.env.wb_master_agt.mast_drv [wb_env_DRIVER] Starting transaction...
UVM_INFO ../src/wb_master.sv(283) @ 6495000: uvm_test_top.env.wb_master_agt.mast_drv [Wb master] Completed Write transaction
UVM_INFO ../src/wb_master.sv(165) @ 6495000: uvm_test_top.env.wb_master_agt.mast_drv [wb_env_DRIVER] Starting transaction...
UVM_INFO ../src/wb_master.sv(283) @ 6575000: uvm_test_top.env.wb_master_agt.mast_drv [Wb master] Completed Write transaction
UVM_INFO ../src/wb_master.sv(165) @ 6575000: uvm_test_top.env.wb_master_agt.mast_drv [wb_env_DRIVER] Starting transaction...
UVM_INFO ../src/wb_master.sv(283) @ 6655000: uvm_test_top.env.wb_master_agt.mast_drv [Wb master] Completed Write transaction
UVM_INFO ../src/wb_master.sv(165) @ 6655000: uvm_test_top.env.wb_master_agt.mast_drv [wb_env_DRIVER] Starting transaction...
UVM_INFO ../src/wb_master.sv(283) @ 6735000: uvm_test_top.env.wb_master_agt.mast_drv [Wb master] Completed Write transaction
UVM_INFO ../src/wb_master.sv(165) @ 6735000: uvm_test_top.env.wb_master_agt.mast_drv [wb_env_DRIVER] Starting transaction...
UVM_INFO ../src/wb_master.sv(283) @ 6815000: uvm_test_top.env.wb_master_agt.mast_drv [Wb master] Completed Write transaction
UVM_INFO ../src/wb_master.sv(165) @ 6815000: uvm_test_top.env.wb_master_agt.mast_drv [wb_env_DRIVER] Starting transaction...
UVM_INFO ../src/wb_master.sv(283) @ 6895000: uvm_test_top.env.wb_master_agt.mast_drv [Wb master] Completed Write transaction
UVM_INFO ../src/wb_master.sv(165) @ 6895000: uvm_test_top.env.wb_master_agt.mast_drv [wb_env_DRIVER] Starting transaction...
UVM_INFO ../src/wb_master.sv(283) @ 6975000: uvm_test_top.env.wb_master_agt.mast_drv [Wb master] Completed Write transaction
UVM_INFO ../src/wb_master.sv(165) @ 6975000: uvm_test_top.env.wb_master_agt.mast_drv [wb_env_DRIVER] Starting transaction...
UVM_INFO ../src/wb_master.sv(283) @ 7055000: uvm_test_top.env.wb_master_agt.mast_drv [Wb master] Completed Write transaction
UVM_INFO ../src/wb_master.sv(165) @ 7055000: uvm_test_top.env.wb_master_agt.mast_drv [wb_env_DRIVER] Starting transaction...
UVM_INFO ../src/wb_master.sv(283) @ 7135000: uvm_test_top.env.wb_master_agt.mast_drv [Wb master] Completed Write transaction
UVM_INFO ../src/wb_master.sv(165) @ 7135000: uvm_test_top.env.wb_master_agt.mast_drv [wb_env_DRIVER] Starting transaction...
UVM_INFO ../src/wb_master.sv(283) @ 7215000: uvm_test_top.env.wb_master_agt.mast_drv [Wb master] Completed Write transaction
UVM_INFO ../src/wb_master.sv(165) @ 7215000: uvm_test_top.env.wb_master_agt.mast_drv [wb_env_DRIVER] Starting transaction...
UVM_INFO ../src/wb_master.sv(283) @ 7295000: uvm_test_top.env.wb_master_agt.mast_drv [Wb master] Completed Write transaction
UVM_INFO ../src/wb_master.sv(165) @ 7295000: uvm_test_top.env.wb_master_agt.mast_drv [wb_env_DRIVER] Starting transaction...
UVM_INFO ../src/wb_master.sv(283) @ 7375000: uvm_test_top.env.wb_master_agt.mast_drv [Wb master] Completed Write transaction
UVM_INFO ../src/wb_master.sv(165) @ 7375000: uvm_test_top.env.wb_master_agt.mast_drv [wb_env_DRIVER] Starting transaction...
UVM_INFO ../src/wb_master.sv(283) @ 7455000: uvm_test_top.env.wb_master_agt.mast_drv [Wb master] Completed Write transaction
UVM_INFO ../src/wb_master.sv(165) @ 7455000: uvm_test_top.env.wb_master_agt.mast_drv [wb_env_DRIVER] Starting transaction...
UVM_INFO ../src/wb_master.sv(283) @ 7535000: uvm_test_top.env.wb_master_agt.mast_drv [Wb master] Completed Write transaction
UVM_INFO ../src/wb_master.sv(165) @ 7535000: uvm_test_top.env.wb_master_agt.mast_drv [wb_env_DRIVER] Starting transaction...
UVM_INFO ../src/wb_master.sv(283) @ 7615000: uvm_test_top.env.wb_master_agt.mast_drv [Wb master] Completed Write transaction
UVM_INFO ../src/wb_master.sv(165) @ 7615000: uvm_test_top.env.wb_master_agt.mast_drv [wb_env_DRIVER] Starting transaction...
UVM_INFO ../src/wb_master.sv(283) @ 7695000: uvm_test_top.env.wb_master_agt.mast_drv [Wb master] Completed Write transaction
UVM_INFO ../src/wb_master.sv(165) @ 7695000: uvm_test_top.env.wb_master_agt.mast_drv [wb_env_DRIVER] Starting transaction...
UVM_INFO ../src/wb_master.sv(283) @ 7775000: uvm_test_top.env.wb_master_agt.mast_drv [Wb master] Completed Write transaction
UVM_INFO ../src/wb_master.sv(165) @ 7775000: uvm_test_top.env.wb_master_agt.mast_drv [wb_env_DRIVER] Starting transaction...
UVM_INFO ../src/wb_master.sv(283) @ 7855000: uvm_test_top.env.wb_master_agt.mast_drv [Wb master] Completed Write transaction
UVM_INFO ../src/wb_master.sv(165) @ 7855000: uvm_test_top.env.wb_master_agt.mast_drv [wb_env_DRIVER] Starting transaction...
UVM_INFO ../src/wb_master.sv(283) @ 7935000: uvm_test_top.env.wb_master_agt.mast_drv [Wb master] Completed Write transaction
UVM_INFO ../src/wb_master.sv(165) @ 7935000: uvm_test_top.env.wb_master_agt.mast_drv [wb_env_DRIVER] Starting transaction...
UVM_INFO ../src/wb_master.sv(283) @ 8015000: uvm_test_top.env.wb_master_agt.mast_drv [Wb master] Completed Write transaction
UVM_INFO ../src/wb_master.sv(165) @ 8015000: uvm_test_top.env.wb_master_agt.mast_drv [wb_env_DRIVER] Starting transaction...
UVM_INFO ../src/wb_master.sv(283) @ 8095000: uvm_test_top.env.wb_master_agt.mast_drv [Wb master] Completed Write transaction
UVM_INFO ../src/wb_master.sv(165) @ 8095000: uvm_test_top.env.wb_master_agt.mast_drv [wb_env_DRIVER] Starting transaction...
UVM_INFO ../src/wb_master.sv(283) @ 8175000: uvm_test_top.env.wb_master_agt.mast_drv [Wb master] Completed Write transaction
UVM_INFO ../src/wb_master.sv(165) @ 8175000: uvm_test_top.env.wb_master_agt.mast_drv [wb_env_DRIVER] Starting transaction...
UVM_INFO ../src/wb_master.sv(283) @ 8255000: uvm_test_top.env.wb_master_agt.mast_drv [Wb master] Completed Write transaction
UVM_INFO ../src/wb_master.sv(165) @ 8255000: uvm_test_top.env.wb_master_agt.mast_drv [wb_env_DRIVER] Starting transaction...
UVM_INFO ../src/wb_master.sv(283) @ 8335000: uvm_test_top.env.wb_master_agt.mast_drv [Wb master] Completed Write transaction
UVM_INFO ../src/wb_master.sv(165) @ 8335000: uvm_test_top.env.wb_master_agt.mast_drv [wb_env_DRIVER] Starting transaction...
UVM_INFO ../src/wb_master.sv(283) @ 8415000: uvm_test_top.env.wb_master_agt.mast_drv [Wb master] Completed Write transaction
UVM_INFO ../src/wb_master.sv(165) @ 8415000: uvm_test_top.env.wb_master_agt.mast_drv [wb_env_DRIVER] Starting transaction...
UVM_INFO ../src/wb_master.sv(283) @ 8495000: uvm_test_top.env.wb_master_agt.mast_drv [Wb master] Completed Write transaction
UVM_INFO ../src/wb_master.sv(165) @ 8495000: uvm_test_top.env.wb_master_agt.mast_drv [wb_env_DRIVER] Starting transaction...
UVM_INFO ../src/wb_master.sv(283) @ 8575000: uvm_test_top.env.wb_master_agt.mast_drv [Wb master] Completed Write transaction
UVM_INFO ../src/wb_master.sv(165) @ 8575000: uvm_test_top.env.wb_master_agt.mast_drv [wb_env_DRIVER] Starting transaction...
UVM_INFO ../src/wb_master.sv(283) @ 8655000: uvm_test_top.env.wb_master_agt.mast_drv [Wb master] Completed Write transaction
UVM_INFO ../src/wb_master.sv(165) @ 8655000: uvm_test_top.env.wb_master_agt.mast_drv [wb_env_DRIVER] Starting transaction...
UVM_INFO ../src/wb_master.sv(283) @ 8735000: uvm_test_top.env.wb_master_agt.mast_drv [Wb master] Completed Write transaction
UVM_INFO ../src/wb_master.sv(165) @ 8735000: uvm_test_top.env.wb_master_agt.mast_drv [wb_env_DRIVER] Starting transaction...
UVM_INFO ../src/wb_master.sv(283) @ 8815000: uvm_test_top.env.wb_master_agt.mast_drv [Wb master] Completed Write transaction
UVM_INFO ../src/wb_master.sv(165) @ 8815000: uvm_test_top.env.wb_master_agt.mast_drv [wb_env_DRIVER] Starting transaction...
UVM_INFO ../src/wb_master.sv(283) @ 8895000: uvm_test_top.env.wb_master_agt.mast_drv [Wb master] Completed Write transaction
UVM_INFO ../src/wb_master.sv(165) @ 8895000: uvm_test_top.env.wb_master_agt.mast_drv [wb_env_DRIVER] Starting transaction...
UVM_INFO ../src/wb_master.sv(283) @ 8975000: uvm_test_top.env.wb_master_agt.mast_drv [Wb master] Completed Write transaction
UVM_INFO ../src/wb_master.sv(165) @ 8975000: uvm_test_top.env.wb_master_agt.mast_drv [wb_env_DRIVER] Starting transaction...
UVM_INFO ../src/wb_master.sv(283) @ 9055000: uvm_test_top.env.wb_master_agt.mast_drv [Wb master] Completed Write transaction
UVM_INFO ../src/wb_master.sv(165) @ 9055000: uvm_test_top.env.wb_master_agt.mast_drv [wb_env_DRIVER] Starting transaction...
UVM_INFO ../src/wb_master.sv(283) @ 9135000: uvm_test_top.env.wb_master_agt.mast_drv [Wb master] Completed Write transaction
UVM_INFO ../src/wb_master.sv(165) @ 9135000: uvm_test_top.env.wb_master_agt.mast_drv [wb_env_DRIVER] Starting transaction...
UVM_INFO ../src/wb_master.sv(283) @ 9215000: uvm_test_top.env.wb_master_agt.mast_drv [Wb master] Completed Write transaction
UVM_INFO ../src/wb_master.sv(165) @ 9215000: uvm_test_top.env.wb_master_agt.mast_drv [wb_env_DRIVER] Starting transaction...
UVM_INFO ../src/wb_master.sv(283) @ 9295000: uvm_test_top.env.wb_master_agt.mast_drv [Wb master] Completed Write transaction
UVM_INFO ../src/wb_master.sv(165) @ 9295000: uvm_test_top.env.wb_master_agt.mast_drv [wb_env_DRIVER] Starting transaction...
UVM_INFO ../src/wb_master.sv(283) @ 9375000: uvm_test_top.env.wb_master_agt.mast_drv [Wb master] Completed Write transaction
UVM_INFO ../src/wb_master.sv(165) @ 9375000: uvm_test_top.env.wb_master_agt.mast_drv [wb_env_DRIVER] Starting transaction...
UVM_INFO ../src/wb_master.sv(283) @ 9455000: uvm_test_top.env.wb_master_agt.mast_drv [Wb master] Completed Write transaction
UVM_INFO ../src/wb_master.sv(165) @ 9455000: uvm_test_top.env.wb_master_agt.mast_drv [wb_env_DRIVER] Starting transaction...
UVM_INFO ../src/wb_master.sv(283) @ 9535000: uvm_test_top.env.wb_master_agt.mast_drv [Wb master] Completed Write transaction
UVM_INFO ../src/wb_master.sv(165) @ 9535000: uvm_test_top.env.wb_master_agt.mast_drv [wb_env_DRIVER] Starting transaction...
UVM_INFO ../src/wb_master.sv(283) @ 9615000: uvm_test_top.env.wb_master_agt.mast_drv [Wb master] Completed Write transaction
UVM_INFO ../src/wb_master.sv(165) @ 9615000: uvm_test_top.env.wb_master_agt.mast_drv [wb_env_DRIVER] Starting transaction...
UVM_INFO ../src/wb_master.sv(283) @ 9695000: uvm_test_top.env.wb_master_agt.mast_drv [Wb master] Completed Write transaction
UVM_INFO ../src/wb_master.sv(165) @ 9695000: uvm_test_top.env.wb_master_agt.mast_drv [wb_env_DRIVER] Starting transaction...
UVM_INFO ../src/wb_master.sv(283) @ 9775000: uvm_test_top.env.wb_master_agt.mast_drv [Wb master] Completed Write transaction
UVM_INFO ../src/wb_master.sv(165) @ 9775000: uvm_test_top.env.wb_master_agt.mast_drv [wb_env_DRIVER] Starting transaction...
UVM_INFO ../src/wb_master.sv(283) @ 9855000: uvm_test_top.env.wb_master_agt.mast_drv [Wb master] Completed Write transaction
UVM_INFO ../src/wb_master.sv(165) @ 9855000: uvm_test_top.env.wb_master_agt.mast_drv [wb_env_DRIVER] Starting transaction...
UVM_INFO ../src/wb_master.sv(283) @ 9935000: uvm_test_top.env.wb_master_agt.mast_drv [Wb master] Completed Write transaction
UVM_INFO ../src/wb_master.sv(165) @ 9935000: uvm_test_top.env.wb_master_agt.mast_drv [wb_env_DRIVER] Starting transaction...
UVM_INFO ../src/wb_master.sv(283) @ 10015000: uvm_test_top.env.wb_master_agt.mast_drv [Wb master] Completed Write transaction
UVM_INFO ../src/wb_master.sv(165) @ 10015000: uvm_test_top.env.wb_master_agt.mast_drv [wb_env_DRIVER] Starting transaction...
UVM_INFO ../src/wb_master.sv(283) @ 10095000: uvm_test_top.env.wb_master_agt.mast_drv [Wb master] Completed Write transaction
UVM_INFO ../src/wb_master.sv(165) @ 10095000: uvm_test_top.env.wb_master_agt.mast_drv [wb_env_DRIVER] Starting transaction...
UVM_INFO ../src/wb_master.sv(283) @ 10175000: uvm_test_top.env.wb_master_agt.mast_drv [Wb master] Completed Write transaction
UVM_INFO ../src/wb_master.sv(165) @ 10175000: uvm_test_top.env.wb_master_agt.mast_drv [wb_env_DRIVER] Starting transaction...
UVM_INFO ../src/wb_master.sv(283) @ 10255000: uvm_test_top.env.wb_master_agt.mast_drv [Wb master] Completed Write transaction
UVM_INFO ../src/wb_master.sv(165) @ 10255000: uvm_test_top.env.wb_master_agt.mast_drv [wb_env_DRIVER] Starting transaction...
UVM_INFO ../src/wb_master.sv(283) @ 10335000: uvm_test_top.env.wb_master_agt.mast_drv [Wb master] Completed Write transaction
UVM_INFO ../src/wb_master.sv(165) @ 10335000: uvm_test_top.env.wb_master_agt.mast_drv [wb_env_DRIVER] Starting transaction...
UVM_INFO ../src/wb_master.sv(283) @ 10415000: uvm_test_top.env.wb_master_agt.mast_drv [Wb master] Completed Write transaction
UVM_INFO ../src/wb_master.sv(165) @ 10415000: uvm_test_top.env.wb_master_agt.mast_drv [wb_env_DRIVER] Starting transaction...
UVM_INFO ../src/wb_master.sv(283) @ 10495000: uvm_test_top.env.wb_master_agt.mast_drv [Wb master] Completed Write transaction
UVM_INFO ../src/wb_master.sv(165) @ 10495000: uvm_test_top.env.wb_master_agt.mast_drv [wb_env_DRIVER] Starting transaction...
UVM_INFO ../src/wb_master.sv(283) @ 10575000: uvm_test_top.env.wb_master_agt.mast_drv [Wb master] Completed Write transaction
UVM_INFO ../src/wb_master.sv(165) @ 10575000: uvm_test_top.env.wb_master_agt.mast_drv [wb_env_DRIVER] Starting transaction...
UVM_INFO ../src/wb_master.sv(283) @ 10655000: uvm_test_top.env.wb_master_agt.mast_drv [Wb master] Completed Write transaction
UVM_INFO ../src/sequences/initialize_txbd_rxbd_sequence.sv(18) @ 10655000: uvm_test_top.env.wb_master_agt.mast_sqr@@initialize_desc_sequence [uvm_test_top.env.wb_master_agt.mast_sqr.initialize_desc_sequence] End cleaning up descriptors                10655
UVM_INFO ../src/wb_master.sv(165) @ 10655000: uvm_test_top.env.wb_master_agt.mast_drv [wb_env_DRIVER] Starting transaction...
UVM_INFO ../src/wb_master.sv(283) @ 10695000: uvm_test_top.env.wb_master_agt.mast_drv [Wb master] Completed Write transaction
UVM_INFO ../src/wb_master.sv(165) @ 10695000: uvm_test_top.env.wb_master_agt.mast_drv [wb_env_DRIVER] Starting transaction...
UVM_INFO ../src/wb_master.sv(283) @ 10735000: uvm_test_top.env.wb_master_agt.mast_drv [Wb master] Completed Write transaction
UVM_INFO ../src/wb_master.sv(165) @ 10735000: uvm_test_top.env.wb_master_agt.mast_drv [wb_env_DRIVER] Starting transaction...
UVM_INFO ../src/wb_master.sv(283) @ 10775000: uvm_test_top.env.wb_master_agt.mast_drv [Wb master] Completed Write transaction
UVM_INFO ../src/wb_master.sv(165) @ 10775000: uvm_test_top.env.wb_master_agt.mast_drv [wb_env_DRIVER] Starting transaction...
UVM_INFO ../src/wb_master.sv(283) @ 10835000: uvm_test_top.env.wb_master_agt.mast_drv [Wb master] Completed Write transaction
UVM_INFO ../src/wb_master.sv(165) @ 10835000: uvm_test_top.env.wb_master_agt.mast_drv [wb_env_DRIVER] Starting transaction...
UVM_INFO ../src/wb_master.sv(283) @ 10895000: uvm_test_top.env.wb_master_agt.mast_drv [Wb master] Completed Write transaction
CTRL Time is                10895          80 000000000050f800

VALUE Time is                10895          80 00000000000003e8

UVM_INFO ../src/wb_master.sv(165) @ 10895000: uvm_test_top.env.wb_master_agt.mast_drv [wb_env_DRIVER] Starting transaction...
UVM_INFO ../src/wb_slave.sv(180) @ 10916000: uvm_test_top.env.wb_slave_agt.slv_drv [uvm_test_top.env.wb_slave_agt.slv_drv] responding in this cycle
UVM_INFO ../src/wb_slave_mon.sv(163) @ 10916000: uvm_test_top.env.wb_slave_agt.slv_mon [Wb_slave Monitor] got a read transaction  
UVM_INFO ../src/wb_master.sv(283) @ 10935000: uvm_test_top.env.wb_master_agt.mast_drv [Wb master] Completed Write transaction
UVM_INFO ../src/wb_master.sv(165) @ 10935000: uvm_test_top.env.wb_master_agt.mast_drv [wb_env_DRIVER] Starting transaction...
UVM_INFO ../src/wb_slave.sv(220) @ 10945000: uvm_test_top.env.wb_slave_agt.slv_drv [SLAVE_DRIVER] Completed transaction...
UVM_INFO ../src/wb_slave.sv(180) @ 10946000: uvm_test_top.env.wb_slave_agt.slv_drv [uvm_test_top.env.wb_slave_agt.slv_drv] responding in this cycle
UVM_INFO ../src/wb_slave_mon.sv(163) @ 10946000: uvm_test_top.env.wb_slave_agt.slv_mon [Wb_slave Monitor] got a read transaction  
UVM_INFO ../src/wb_slave.sv(220) @ 10975000: uvm_test_top.env.wb_slave_agt.slv_drv [SLAVE_DRIVER] Completed transaction...
UVM_INFO ../src/wb_slave.sv(180) @ 10986000: uvm_test_top.env.wb_slave_agt.slv_drv [uvm_test_top.env.wb_slave_agt.slv_drv] responding in this cycle
UVM_INFO ../src/wb_slave_mon.sv(163) @ 10986000: uvm_test_top.env.wb_slave_agt.slv_mon [Wb_slave Monitor] got a read transaction  
UVM_INFO ../src/wb_master.sv(283) @ 10995000: uvm_test_top.env.wb_master_agt.mast_drv [Wb master] Completed Write transaction
UVM_INFO ../src/wb_master.sv(165) @ 10995000: uvm_test_top.env.wb_master_agt.mast_drv [wb_env_DRIVER] Starting transaction...
UVM_INFO ../src/wb_slave.sv(220) @ 11015000: uvm_test_top.env.wb_slave_agt.slv_drv [SLAVE_DRIVER] Completed transaction...
UVM_INFO ../src/wb_slave.sv(180) @ 11016000: uvm_test_top.env.wb_slave_agt.slv_drv [uvm_test_top.env.wb_slave_agt.slv_drv] responding in this cycle
UVM_INFO ../src/wb_slave_mon.sv(163) @ 11016000: uvm_test_top.env.wb_slave_agt.slv_mon [Wb_slave Monitor] got a read transaction  
UVM_INFO ../src/wb_slave.sv(220) @ 11045000: uvm_test_top.env.wb_slave_agt.slv_drv [SLAVE_DRIVER] Completed transaction...
UVM_INFO ../src/wb_slave.sv(180) @ 11056000: uvm_test_top.env.wb_slave_agt.slv_drv [uvm_test_top.env.wb_slave_agt.slv_drv] responding in this cycle
UVM_INFO ../src/wb_slave_mon.sv(163) @ 11056000: uvm_test_top.env.wb_slave_agt.slv_mon [Wb_slave Monitor] got a read transaction  
UVM_INFO ../src/wb_master.sv(283) @ 11075000: uvm_test_top.env.wb_master_agt.mast_drv [Wb master] Completed Write transaction
CTRL Time is                11075          80 000000000050f800

VALUE Time is                11075          80 00000000000003e8

UVM_INFO ../src/wb_master.sv(165) @ 11075000: uvm_test_top.env.wb_master_agt.mast_drv [wb_env_DRIVER] Starting transaction...
UVM_INFO ../src/wb_slave.sv(220) @ 11085000: uvm_test_top.env.wb_slave_agt.slv_drv [SLAVE_DRIVER] Completed transaction...
UVM_INFO ../src/wb_master.sv(204) @ 11085000: uvm_test_top.env.wb_master_agt.mast_drv [Wb master] Got a read transaction
UVM_INFO ../src/wb_slave.sv(180) @ 11086000: uvm_test_top.env.wb_slave_agt.slv_drv [uvm_test_top.env.wb_slave_agt.slv_drv] responding in this cycle
UVM_INFO ../src/wb_slave_mon.sv(163) @ 11086000: uvm_test_top.env.wb_slave_agt.slv_mon [Wb_slave Monitor] got a read transaction  
UVM_INFO ../src/wb_slave.sv(220) @ 11115000: uvm_test_top.env.wb_slave_agt.slv_drv [SLAVE_DRIVER] Completed transaction...
UVM_INFO ../src/wb_slave.sv(180) @ 11126000: uvm_test_top.env.wb_slave_agt.slv_drv [uvm_test_top.env.wb_slave_agt.slv_drv] responding in this cycle
UVM_INFO ../src/wb_slave_mon.sv(163) @ 11126000: uvm_test_top.env.wb_slave_agt.slv_mon [Wb_slave Monitor] got a read transaction  
UVM_INFO ../src/wb_master.sv(241) @ 11145000: uvm_test_top.env.wb_master_agt.mast_drv [Wb master] Completed read transaction
UVM_INFO ../src/wb_master.sv(165) @ 11145000: uvm_test_top.env.wb_master_agt.mast_drv [wb_env_DRIVER] Starting transaction...
UVM_INFO ../src/wb_slave.sv(220) @ 11155000: uvm_test_top.env.wb_slave_agt.slv_drv [SLAVE_DRIVER] Completed transaction...
UVM_INFO ../src/wb_master.sv(204) @ 11155000: uvm_test_top.env.wb_master_agt.mast_drv [Wb master] Got a read transaction
UVM_INFO ../src/wb_slave.sv(180) @ 11156000: uvm_test_top.env.wb_slave_agt.slv_drv [uvm_test_top.env.wb_slave_agt.slv_drv] responding in this cycle
UVM_INFO ../src/wb_slave_mon.sv(163) @ 11156000: uvm_test_top.env.wb_slave_agt.slv_mon [Wb_slave Monitor] got a read transaction  
UVM_INFO ../src/wb_slave.sv(220) @ 11185000: uvm_test_top.env.wb_slave_agt.slv_drv [SLAVE_DRIVER] Completed transaction...
UVM_INFO ../src/wb_slave.sv(180) @ 11196000: uvm_test_top.env.wb_slave_agt.slv_drv [uvm_test_top.env.wb_slave_agt.slv_drv] responding in this cycle
UVM_INFO ../src/wb_slave_mon.sv(163) @ 11196000: uvm_test_top.env.wb_slave_agt.slv_mon [Wb_slave Monitor] got a read transaction  
UVM_INFO ../src/wb_slave.sv(220) @ 11225000: uvm_test_top.env.wb_slave_agt.slv_drv [SLAVE_DRIVER] Completed transaction...
UVM_INFO ../src/wb_master.sv(241) @ 11225000: uvm_test_top.env.wb_master_agt.mast_drv [Wb master] Completed read transaction
UVM_INFO ../src/wb_master.sv(165) @ 11225000: uvm_test_top.env.wb_master_agt.mast_drv [wb_env_DRIVER] Starting transaction...
UVM_INFO ../src/wb_master.sv(204) @ 11235000: uvm_test_top.env.wb_master_agt.mast_drv [Wb master] Got a read transaction
UVM_INFO ../src/wb_slave.sv(180) @ 11236000: uvm_test_top.env.wb_slave_agt.slv_drv [uvm_test_top.env.wb_slave_agt.slv_drv] responding in this cycle
UVM_INFO ../src/wb_slave_mon.sv(163) @ 11236000: uvm_test_top.env.wb_slave_agt.slv_mon [Wb_slave Monitor] got a read transaction  
UVM_INFO ../src/wb_slave.sv(220) @ 11265000: uvm_test_top.env.wb_slave_agt.slv_drv [SLAVE_DRIVER] Completed transaction...
UVM_INFO ../src/wb_slave.sv(180) @ 11276000: uvm_test_top.env.wb_slave_agt.slv_drv [uvm_test_top.env.wb_slave_agt.slv_drv] responding in this cycle
UVM_INFO ../src/wb_slave_mon.sv(163) @ 11276000: uvm_test_top.env.wb_slave_agt.slv_mon [Wb_slave Monitor] got a read transaction  
UVM_INFO ../src/wb_slave.sv(220) @ 11305000: uvm_test_top.env.wb_slave_agt.slv_drv [SLAVE_DRIVER] Completed transaction...
UVM_INFO ../src/wb_master.sv(241) @ 11305000: uvm_test_top.env.wb_master_agt.mast_drv [Wb master] Completed read transaction
UVM_INFO ../src/wb_master.sv(165) @ 11305000: uvm_test_top.env.wb_master_agt.mast_drv [wb_env_DRIVER] Starting transaction...
UVM_INFO ../src/wb_master.sv(204) @ 11315000: uvm_test_top.env.wb_master_agt.mast_drv [Wb master] Got a read transaction
UVM_INFO ../src/wb_slave.sv(180) @ 11316000: uvm_test_top.env.wb_slave_agt.slv_drv [uvm_test_top.env.wb_slave_agt.slv_drv] responding in this cycle
UVM_INFO ../src/wb_slave_mon.sv(163) @ 11316000: uvm_test_top.env.wb_slave_agt.slv_mon [Wb_slave Monitor] got a read transaction  
UVM_INFO ../src/wb_slave.sv(220) @ 11345000: uvm_test_top.env.wb_slave_agt.slv_drv [SLAVE_DRIVER] Completed transaction...
UVM_INFO ../src/wb_master.sv(241) @ 11385000: uvm_test_top.env.wb_master_agt.mast_drv [Wb master] Completed read transaction
UVM_INFO ../src/wb_master.sv(165) @ 11385000: uvm_test_top.env.wb_master_agt.mast_drv [wb_env_DRIVER] Starting transaction...
UVM_INFO ../src/wb_master.sv(204) @ 11395000: uvm_test_top.env.wb_master_agt.mast_drv [Wb master] Got a read transaction
UVM_INFO ../src/wb_master.sv(241) @ 11465000: uvm_test_top.env.wb_master_agt.mast_drv [Wb master] Completed read transaction
UVM_INFO ../src/sequences/tx_interrupt_event_seq.sv(16) @ 11465000: uvm_test_top.env.wb_master_agt.mast_sqr@@tx_int_bar_seq_inst [uvm_test_top.env.wb_master_agt.mast_sqr.tx_int_bar_seq_inst] waiting for Interrupt trigger                11465
looking for Interrupt
UVM_INFO ../src/sequences/tx_interrupt_event_seq.sv(18) @ 86336000: uvm_test_top.env.wb_master_agt.mast_sqr@@tx_int_bar_seq_inst [uvm_test_top.env.wb_master_agt.mast_sqr.tx_int_bar_seq_inst] Got Interrupt finally                86336
UVM_INFO ../src/wb_master.sv(165) @ 86336000: uvm_test_top.env.wb_master_agt.mast_drv [wb_env_DRIVER] Starting transaction...
UVM_INFO ../src/wb_master.sv(204) @ 86345000: uvm_test_top.env.wb_master_agt.mast_drv [Wb master] Got a read transaction
UVM_INFO ../src/wb_master.sv(241) @ 86375000: uvm_test_top.env.wb_master_agt.mast_drv [Wb master] Completed read transaction
UVM_INFO ../src/wb_master.sv(165) @ 86375000: uvm_test_top.env.wb_master_agt.mast_drv [wb_env_DRIVER] Starting transaction...
UVM_INFO ../src/wb_master.sv(283) @ 86415000: uvm_test_top.env.wb_master_agt.mast_drv [Wb master] Completed Write transaction
UVM_INFO ../src/wb_master.sv(165) @ 86415000: uvm_test_top.env.wb_master_agt.mast_drv [wb_env_DRIVER] Starting transaction...
UVM_INFO ../src/wb_master.sv(204) @ 86425000: uvm_test_top.env.wb_master_agt.mast_drv [Wb master] Got a read transaction
UVM_INFO ../src/wb_master.sv(241) @ 86455000: uvm_test_top.env.wb_master_agt.mast_drv [Wb master] Completed read transaction
UVM_INFO ../src/wb_master.sv(165) @ 86455000: uvm_test_top.env.wb_master_agt.mast_drv [wb_env_DRIVER] Starting transaction...
UVM_INFO ../src/wb_master.sv(283) @ 86495000: uvm_test_top.env.wb_master_agt.mast_drv [Wb master] Completed Write transaction
UVM_INFO ../src/sequences/tx_interrupt_event_seq.sv(25) @ 86495000: uvm_test_top.env.wb_master_agt.mast_sqr@@tx_int_bar_seq_inst [uvm_test_top.env.wb_master_agt.mast_sqr.tx_int_bar_seq_inst] Completed interrupt sequence                86495
Donelooking for Interrupt
UVM_INFO ../src/sequences/tx_interrupt_event_seq.sv(14) @ 86495000: uvm_test_top.env.wb_master_agt.mast_sqr@@tx_int_bar_seq_inst [uvm_test_top.env.wb_master_agt.mast_sqr.tx_int_bar_seq_inst] waiting for Interrupt at start of Sequence                86495
UVM_INFO ../src/wb_master.sv(165) @ 86495000: uvm_test_top.env.wb_master_agt.mast_drv [wb_env_DRIVER] Starting transaction...
UVM_INFO ../src/wb_master.sv(283) @ 86535000: uvm_test_top.env.wb_master_agt.mast_drv [Wb master] Completed Write transaction
UVM_INFO ../src/wb_master.sv(165) @ 86535000: uvm_test_top.env.wb_master_agt.mast_drv [wb_env_DRIVER] Starting transaction...
UVM_INFO ../src/wb_master.sv(283) @ 86575000: uvm_test_top.env.wb_master_agt.mast_drv [Wb master] Completed Write transaction
UVM_INFO ../src/wb_master.sv(165) @ 86575000: uvm_test_top.env.wb_master_agt.mast_drv [wb_env_DRIVER] Starting transaction...
UVM_INFO ../src/wb_master.sv(283) @ 86615000: uvm_test_top.env.wb_master_agt.mast_drv [Wb master] Completed Write transaction
UVM_INFO ../src/sequences/initialize_txbd_rxbd_sequence.sv(12) @ 86615000: uvm_test_top.env.wb_master_agt.mast_sqr@@initialize_desc_sequence [uvm_test_top.env.wb_master_agt.mast_sqr.initialize_desc_sequence] Began cleaning up descriptors                86615
UVM_INFO ../src/wb_master.sv(165) @ 86615000: uvm_test_top.env.wb_master_agt.mast_drv [wb_env_DRIVER] Starting transaction...
UVM_INFO ../src/wb_master.sv(283) @ 86655000: uvm_test_top.env.wb_master_agt.mast_drv [Wb master] Completed Write transaction
UVM_INFO ../src/wb_master.sv(165) @ 86655000: uvm_test_top.env.wb_master_agt.mast_drv [wb_env_DRIVER] Starting transaction...
UVM_INFO ../src/wb_master.sv(283) @ 86735000: uvm_test_top.env.wb_master_agt.mast_drv [Wb master] Completed Write transaction
UVM_INFO ../src/wb_master.sv(165) @ 86735000: uvm_test_top.env.wb_master_agt.mast_drv [wb_env_DRIVER] Starting transaction...
UVM_INFO ../src/wb_master.sv(283) @ 86795000: uvm_test_top.env.wb_master_agt.mast_drv [Wb master] Completed Write transaction
UVM_INFO ../src/wb_master.sv(165) @ 86795000: uvm_test_top.env.wb_master_agt.mast_drv [wb_env_DRIVER] Starting transaction...
UVM_INFO ../src/wb_master.sv(283) @ 86855000: uvm_test_top.env.wb_master_agt.mast_drv [Wb master] Completed Write transaction
UVM_INFO ../src/wb_master.sv(165) @ 86855000: uvm_test_top.env.wb_master_agt.mast_drv [wb_env_DRIVER] Starting transaction...
UVM_INFO ../src/wb_master.sv(283) @ 86915000: uvm_test_top.env.wb_master_agt.mast_drv [Wb master] Completed Write transaction
UVM_INFO ../src/wb_master.sv(165) @ 86915000: uvm_test_top.env.wb_master_agt.mast_drv [wb_env_DRIVER] Starting transaction...
UVM_INFO ../src/wb_master.sv(283) @ 86975000: uvm_test_top.env.wb_master_agt.mast_drv [Wb master] Completed Write transaction
UVM_INFO ../src/wb_master.sv(165) @ 86975000: uvm_test_top.env.wb_master_agt.mast_drv [wb_env_DRIVER] Starting transaction...
UVM_INFO ../src/wb_master.sv(283) @ 87035000: uvm_test_top.env.wb_master_agt.mast_drv [Wb master] Completed Write transaction
UVM_INFO ../src/wb_master.sv(165) @ 87035000: uvm_test_top.env.wb_master_agt.mast_drv [wb_env_DRIVER] Starting transaction...
UVM_INFO ../src/wb_master.sv(283) @ 87095000: uvm_test_top.env.wb_master_agt.mast_drv [Wb master] Completed Write transaction
UVM_INFO ../src/wb_master.sv(165) @ 87095000: uvm_test_top.env.wb_master_agt.mast_drv [wb_env_DRIVER] Starting transaction...
UVM_INFO ../src/wb_master.sv(283) @ 87155000: uvm_test_top.env.wb_master_agt.mast_drv [Wb master] Completed Write transaction
UVM_INFO ../src/wb_master.sv(165) @ 87155000: uvm_test_top.env.wb_master_agt.mast_drv [wb_env_DRIVER] Starting transaction...
UVM_INFO ../src/wb_master.sv(283) @ 87215000: uvm_test_top.env.wb_master_agt.mast_drv [Wb master] Completed Write transaction
UVM_INFO ../src/wb_master.sv(165) @ 87215000: uvm_test_top.env.wb_master_agt.mast_drv [wb_env_DRIVER] Starting transaction...
UVM_INFO ../src/wb_master.sv(283) @ 87275000: uvm_test_top.env.wb_master_agt.mast_drv [Wb master] Completed Write transaction
UVM_INFO ../src/wb_master.sv(165) @ 87275000: uvm_test_top.env.wb_master_agt.mast_drv [wb_env_DRIVER] Starting transaction...
UVM_INFO ../src/wb_master.sv(283) @ 87335000: uvm_test_top.env.wb_master_agt.mast_drv [Wb master] Completed Write transaction
UVM_INFO ../src/wb_master.sv(165) @ 87335000: uvm_test_top.env.wb_master_agt.mast_drv [wb_env_DRIVER] Starting transaction...
UVM_INFO ../src/wb_master.sv(283) @ 87395000: uvm_test_top.env.wb_master_agt.mast_drv [Wb master] Completed Write transaction
UVM_INFO ../src/wb_master.sv(165) @ 87395000: uvm_test_top.env.wb_master_agt.mast_drv [wb_env_DRIVER] Starting transaction...
UVM_INFO ../src/wb_master.sv(283) @ 87455000: uvm_test_top.env.wb_master_agt.mast_drv [Wb master] Completed Write transaction
UVM_INFO ../src/wb_master.sv(165) @ 87455000: uvm_test_top.env.wb_master_agt.mast_drv [wb_env_DRIVER] Starting transaction...
UVM_INFO ../src/wb_master.sv(283) @ 87515000: uvm_test_top.env.wb_master_agt.mast_drv [Wb master] Completed Write transaction
UVM_INFO ../src/wb_master.sv(165) @ 87515000: uvm_test_top.env.wb_master_agt.mast_drv [wb_env_DRIVER] Starting transaction...
UVM_INFO ../src/wb_master.sv(283) @ 87575000: uvm_test_top.env.wb_master_agt.mast_drv [Wb master] Completed Write transaction
UVM_INFO ../src/wb_master.sv(165) @ 87575000: uvm_test_top.env.wb_master_agt.mast_drv [wb_env_DRIVER] Starting transaction...
UVM_INFO ../src/wb_master.sv(283) @ 87635000: uvm_test_top.env.wb_master_agt.mast_drv [Wb master] Completed Write transaction
UVM_INFO ../src/wb_master.sv(165) @ 87635000: uvm_test_top.env.wb_master_agt.mast_drv [wb_env_DRIVER] Starting transaction...
UVM_INFO ../src/wb_master.sv(283) @ 87695000: uvm_test_top.env.wb_master_agt.mast_drv [Wb master] Completed Write transaction
UVM_INFO ../src/wb_master.sv(165) @ 87695000: uvm_test_top.env.wb_master_agt.mast_drv [wb_env_DRIVER] Starting transaction...
UVM_INFO ../src/wb_master.sv(283) @ 87755000: uvm_test_top.env.wb_master_agt.mast_drv [Wb master] Completed Write transaction
UVM_INFO ../src/wb_master.sv(165) @ 87755000: uvm_test_top.env.wb_master_agt.mast_drv [wb_env_DRIVER] Starting transaction...
UVM_INFO ../src/wb_master.sv(283) @ 87815000: uvm_test_top.env.wb_master_agt.mast_drv [Wb master] Completed Write transaction
UVM_INFO ../src/wb_master.sv(165) @ 87815000: uvm_test_top.env.wb_master_agt.mast_drv [wb_env_DRIVER] Starting transaction...
UVM_INFO ../src/wb_master.sv(283) @ 87875000: uvm_test_top.env.wb_master_agt.mast_drv [Wb master] Completed Write transaction
UVM_INFO ../src/wb_master.sv(165) @ 87875000: uvm_test_top.env.wb_master_agt.mast_drv [wb_env_DRIVER] Starting transaction...
UVM_INFO ../src/wb_master.sv(283) @ 87935000: uvm_test_top.env.wb_master_agt.mast_drv [Wb master] Completed Write transaction
UVM_INFO ../src/wb_master.sv(165) @ 87935000: uvm_test_top.env.wb_master_agt.mast_drv [wb_env_DRIVER] Starting transaction...
UVM_INFO ../src/wb_master.sv(283) @ 87995000: uvm_test_top.env.wb_master_agt.mast_drv [Wb master] Completed Write transaction
UVM_INFO ../src/wb_master.sv(165) @ 87995000: uvm_test_top.env.wb_master_agt.mast_drv [wb_env_DRIVER] Starting transaction...
UVM_INFO ../src/wb_master.sv(283) @ 88055000: uvm_test_top.env.wb_master_agt.mast_drv [Wb master] Completed Write transaction
UVM_INFO ../src/wb_master.sv(165) @ 88055000: uvm_test_top.env.wb_master_agt.mast_drv [wb_env_DRIVER] Starting transaction...
UVM_INFO ../src/wb_master.sv(283) @ 88115000: uvm_test_top.env.wb_master_agt.mast_drv [Wb master] Completed Write transaction
UVM_INFO ../src/wb_master.sv(165) @ 88115000: uvm_test_top.env.wb_master_agt.mast_drv [wb_env_DRIVER] Starting transaction...
UVM_INFO ../src/wb_master.sv(283) @ 88175000: uvm_test_top.env.wb_master_agt.mast_drv [Wb master] Completed Write transaction
UVM_INFO ../src/wb_master.sv(165) @ 88175000: uvm_test_top.env.wb_master_agt.mast_drv [wb_env_DRIVER] Starting transaction...
UVM_INFO ../src/wb_master.sv(283) @ 88235000: uvm_test_top.env.wb_master_agt.mast_drv [Wb master] Completed Write transaction
UVM_INFO ../src/wb_master.sv(165) @ 88235000: uvm_test_top.env.wb_master_agt.mast_drv [wb_env_DRIVER] Starting transaction...
UVM_INFO ../src/wb_master.sv(283) @ 88295000: uvm_test_top.env.wb_master_agt.mast_drv [Wb master] Completed Write transaction
UVM_INFO ../src/wb_master.sv(165) @ 88295000: uvm_test_top.env.wb_master_agt.mast_drv [wb_env_DRIVER] Starting transaction...
UVM_INFO ../src/wb_master.sv(283) @ 88355000: uvm_test_top.env.wb_master_agt.mast_drv [Wb master] Completed Write transaction
UVM_INFO ../src/wb_master.sv(165) @ 88355000: uvm_test_top.env.wb_master_agt.mast_drv [wb_env_DRIVER] Starting transaction...
UVM_INFO ../src/wb_master.sv(283) @ 88415000: uvm_test_top.env.wb_master_agt.mast_drv [Wb master] Completed Write transaction
UVM_INFO ../src/wb_master.sv(165) @ 88415000: uvm_test_top.env.wb_master_agt.mast_drv [wb_env_DRIVER] Starting transaction...
UVM_INFO ../src/wb_master.sv(283) @ 88475000: uvm_test_top.env.wb_master_agt.mast_drv [Wb master] Completed Write transaction
UVM_INFO ../src/wb_master.sv(165) @ 88475000: uvm_test_top.env.wb_master_agt.mast_drv [wb_env_DRIVER] Starting transaction...
UVM_INFO ../src/wb_master.sv(283) @ 88535000: uvm_test_top.env.wb_master_agt.mast_drv [Wb master] Completed Write transaction
UVM_INFO ../src/wb_master.sv(165) @ 88535000: uvm_test_top.env.wb_master_agt.mast_drv [wb_env_DRIVER] Starting transaction...
UVM_INFO ../src/wb_master.sv(283) @ 88595000: uvm_test_top.env.wb_master_agt.mast_drv [Wb master] Completed Write transaction
UVM_INFO ../src/wb_master.sv(165) @ 88595000: uvm_test_top.env.wb_master_agt.mast_drv [wb_env_DRIVER] Starting transaction...
UVM_INFO ../src/wb_master.sv(283) @ 88655000: uvm_test_top.env.wb_master_agt.mast_drv [Wb master] Completed Write transaction
UVM_INFO ../src/wb_master.sv(165) @ 88655000: uvm_test_top.env.wb_master_agt.mast_drv [wb_env_DRIVER] Starting transaction...
UVM_INFO ../src/wb_master.sv(283) @ 88715000: uvm_test_top.env.wb_master_agt.mast_drv [Wb master] Completed Write transaction
UVM_INFO ../src/wb_master.sv(165) @ 88715000: uvm_test_top.env.wb_master_agt.mast_drv [wb_env_DRIVER] Starting transaction...
UVM_INFO ../src/wb_master.sv(283) @ 88775000: uvm_test_top.env.wb_master_agt.mast_drv [Wb master] Completed Write transaction
UVM_INFO ../src/wb_master.sv(165) @ 88775000: uvm_test_top.env.wb_master_agt.mast_drv [wb_env_DRIVER] Starting transaction...
UVM_INFO ../src/wb_master.sv(283) @ 88835000: uvm_test_top.env.wb_master_agt.mast_drv [Wb master] Completed Write transaction
UVM_INFO ../src/wb_master.sv(165) @ 88835000: uvm_test_top.env.wb_master_agt.mast_drv [wb_env_DRIVER] Starting transaction...
UVM_INFO ../src/wb_master.sv(283) @ 88895000: uvm_test_top.env.wb_master_agt.mast_drv [Wb master] Completed Write transaction
UVM_INFO ../src/wb_master.sv(165) @ 88895000: uvm_test_top.env.wb_master_agt.mast_drv [wb_env_DRIVER] Starting transaction...
UVM_INFO ../src/wb_master.sv(283) @ 88955000: uvm_test_top.env.wb_master_agt.mast_drv [Wb master] Completed Write transaction
UVM_INFO ../src/wb_master.sv(165) @ 88955000: uvm_test_top.env.wb_master_agt.mast_drv [wb_env_DRIVER] Starting transaction...
UVM_INFO ../src/wb_master.sv(283) @ 89015000: uvm_test_top.env.wb_master_agt.mast_drv [Wb master] Completed Write transaction
UVM_INFO ../src/wb_master.sv(165) @ 89015000: uvm_test_top.env.wb_master_agt.mast_drv [wb_env_DRIVER] Starting transaction...
UVM_INFO ../src/wb_master.sv(283) @ 89075000: uvm_test_top.env.wb_master_agt.mast_drv [Wb master] Completed Write transaction
UVM_INFO ../src/wb_master.sv(165) @ 89075000: uvm_test_top.env.wb_master_agt.mast_drv [wb_env_DRIVER] Starting transaction...
UVM_INFO ../src/wb_master.sv(283) @ 89135000: uvm_test_top.env.wb_master_agt.mast_drv [Wb master] Completed Write transaction
UVM_INFO ../src/wb_master.sv(165) @ 89135000: uvm_test_top.env.wb_master_agt.mast_drv [wb_env_DRIVER] Starting transaction...
UVM_INFO ../src/wb_master.sv(283) @ 89195000: uvm_test_top.env.wb_master_agt.mast_drv [Wb master] Completed Write transaction
UVM_INFO ../src/wb_master.sv(165) @ 89195000: uvm_test_top.env.wb_master_agt.mast_drv [wb_env_DRIVER] Starting transaction...
UVM_INFO ../src/wb_master.sv(283) @ 89255000: uvm_test_top.env.wb_master_agt.mast_drv [Wb master] Completed Write transaction
UVM_INFO ../src/wb_master.sv(165) @ 89255000: uvm_test_top.env.wb_master_agt.mast_drv [wb_env_DRIVER] Starting transaction...
UVM_INFO ../src/wb_master.sv(283) @ 89315000: uvm_test_top.env.wb_master_agt.mast_drv [Wb master] Completed Write transaction
UVM_INFO ../src/wb_master.sv(165) @ 89315000: uvm_test_top.env.wb_master_agt.mast_drv [wb_env_DRIVER] Starting transaction...
UVM_INFO ../src/wb_master.sv(283) @ 89375000: uvm_test_top.env.wb_master_agt.mast_drv [Wb master] Completed Write transaction
UVM_INFO ../src/wb_master.sv(165) @ 89375000: uvm_test_top.env.wb_master_agt.mast_drv [wb_env_DRIVER] Starting transaction...
UVM_INFO ../src/wb_master.sv(283) @ 89435000: uvm_test_top.env.wb_master_agt.mast_drv [Wb master] Completed Write transaction
UVM_INFO ../src/wb_master.sv(165) @ 89435000: uvm_test_top.env.wb_master_agt.mast_drv [wb_env_DRIVER] Starting transaction...
UVM_INFO ../src/wb_master.sv(283) @ 89495000: uvm_test_top.env.wb_master_agt.mast_drv [Wb master] Completed Write transaction
UVM_INFO ../src/wb_master.sv(165) @ 89495000: uvm_test_top.env.wb_master_agt.mast_drv [wb_env_DRIVER] Starting transaction...
UVM_INFO ../src/wb_master.sv(283) @ 89555000: uvm_test_top.env.wb_master_agt.mast_drv [Wb master] Completed Write transaction
UVM_INFO ../src/wb_master.sv(165) @ 89555000: uvm_test_top.env.wb_master_agt.mast_drv [wb_env_DRIVER] Starting transaction...
UVM_INFO ../src/wb_master.sv(283) @ 89615000: uvm_test_top.env.wb_master_agt.mast_drv [Wb master] Completed Write transaction
UVM_INFO ../src/wb_master.sv(165) @ 89615000: uvm_test_top.env.wb_master_agt.mast_drv [wb_env_DRIVER] Starting transaction...
UVM_INFO ../src/wb_master.sv(283) @ 89675000: uvm_test_top.env.wb_master_agt.mast_drv [Wb master] Completed Write transaction
UVM_INFO ../src/wb_master.sv(165) @ 89675000: uvm_test_top.env.wb_master_agt.mast_drv [wb_env_DRIVER] Starting transaction...
UVM_INFO ../src/wb_master.sv(283) @ 89735000: uvm_test_top.env.wb_master_agt.mast_drv [Wb master] Completed Write transaction
UVM_INFO ../src/wb_master.sv(165) @ 89735000: uvm_test_top.env.wb_master_agt.mast_drv [wb_env_DRIVER] Starting transaction...
UVM_INFO ../src/wb_master.sv(283) @ 89795000: uvm_test_top.env.wb_master_agt.mast_drv [Wb master] Completed Write transaction
UVM_INFO ../src/wb_master.sv(165) @ 89795000: uvm_test_top.env.wb_master_agt.mast_drv [wb_env_DRIVER] Starting transaction...
UVM_INFO ../src/wb_master.sv(283) @ 89855000: uvm_test_top.env.wb_master_agt.mast_drv [Wb master] Completed Write transaction
UVM_INFO ../src/wb_master.sv(165) @ 89855000: uvm_test_top.env.wb_master_agt.mast_drv [wb_env_DRIVER] Starting transaction...
UVM_INFO ../src/wb_master.sv(283) @ 89915000: uvm_test_top.env.wb_master_agt.mast_drv [Wb master] Completed Write transaction
UVM_INFO ../src/wb_master.sv(165) @ 89915000: uvm_test_top.env.wb_master_agt.mast_drv [wb_env_DRIVER] Starting transaction...
UVM_INFO ../src/wb_master.sv(283) @ 89975000: uvm_test_top.env.wb_master_agt.mast_drv [Wb master] Completed Write transaction
UVM_INFO ../src/wb_master.sv(165) @ 89975000: uvm_test_top.env.wb_master_agt.mast_drv [wb_env_DRIVER] Starting transaction...
UVM_INFO ../src/wb_master.sv(283) @ 90035000: uvm_test_top.env.wb_master_agt.mast_drv [Wb master] Completed Write transaction
UVM_INFO ../src/wb_master.sv(165) @ 90035000: uvm_test_top.env.wb_master_agt.mast_drv [wb_env_DRIVER] Starting transaction...
UVM_INFO ../src/wb_master.sv(283) @ 90095000: uvm_test_top.env.wb_master_agt.mast_drv [Wb master] Completed Write transaction
UVM_INFO ../src/wb_master.sv(165) @ 90095000: uvm_test_top.env.wb_master_agt.mast_drv [wb_env_DRIVER] Starting transaction...
UVM_INFO ../src/wb_master.sv(283) @ 90155000: uvm_test_top.env.wb_master_agt.mast_drv [Wb master] Completed Write transaction
UVM_INFO ../src/wb_master.sv(165) @ 90155000: uvm_test_top.env.wb_master_agt.mast_drv [wb_env_DRIVER] Starting transaction...
UVM_INFO ../src/wb_master.sv(283) @ 90215000: uvm_test_top.env.wb_master_agt.mast_drv [Wb master] Completed Write transaction
UVM_INFO ../src/wb_master.sv(165) @ 90215000: uvm_test_top.env.wb_master_agt.mast_drv [wb_env_DRIVER] Starting transaction...
UVM_INFO ../src/wb_master.sv(283) @ 90275000: uvm_test_top.env.wb_master_agt.mast_drv [Wb master] Completed Write transaction
UVM_INFO ../src/wb_master.sv(165) @ 90275000: uvm_test_top.env.wb_master_agt.mast_drv [wb_env_DRIVER] Starting transaction...
UVM_INFO ../src/wb_master.sv(283) @ 90335000: uvm_test_top.env.wb_master_agt.mast_drv [Wb master] Completed Write transaction
UVM_INFO ../src/wb_master.sv(165) @ 90335000: uvm_test_top.env.wb_master_agt.mast_drv [wb_env_DRIVER] Starting transaction...
UVM_INFO ../src/wb_master.sv(283) @ 90395000: uvm_test_top.env.wb_master_agt.mast_drv [Wb master] Completed Write transaction
UVM_INFO ../src/wb_master.sv(165) @ 90395000: uvm_test_top.env.wb_master_agt.mast_drv [wb_env_DRIVER] Starting transaction...
UVM_INFO ../src/wb_master.sv(283) @ 90455000: uvm_test_top.env.wb_master_agt.mast_drv [Wb master] Completed Write transaction
UVM_INFO ../src/wb_master.sv(165) @ 90455000: uvm_test_top.env.wb_master_agt.mast_drv [wb_env_DRIVER] Starting transaction...
UVM_INFO ../src/wb_master.sv(283) @ 90515000: uvm_test_top.env.wb_master_agt.mast_drv [Wb master] Completed Write transaction
UVM_INFO ../src/wb_master.sv(165) @ 90515000: uvm_test_top.env.wb_master_agt.mast_drv [wb_env_DRIVER] Starting transaction...
UVM_INFO ../src/wb_master.sv(283) @ 90575000: uvm_test_top.env.wb_master_agt.mast_drv [Wb master] Completed Write transaction
UVM_INFO ../src/wb_master.sv(165) @ 90575000: uvm_test_top.env.wb_master_agt.mast_drv [wb_env_DRIVER] Starting transaction...
UVM_INFO ../src/wb_master.sv(283) @ 90635000: uvm_test_top.env.wb_master_agt.mast_drv [Wb master] Completed Write transaction
UVM_INFO ../src/wb_master.sv(165) @ 90635000: uvm_test_top.env.wb_master_agt.mast_drv [wb_env_DRIVER] Starting transaction...
UVM_INFO ../src/wb_master.sv(283) @ 90695000: uvm_test_top.env.wb_master_agt.mast_drv [Wb master] Completed Write transaction
UVM_INFO ../src/wb_master.sv(165) @ 90695000: uvm_test_top.env.wb_master_agt.mast_drv [wb_env_DRIVER] Starting transaction...
UVM_INFO ../src/wb_master.sv(283) @ 90755000: uvm_test_top.env.wb_master_agt.mast_drv [Wb master] Completed Write transaction
UVM_INFO ../src/wb_master.sv(165) @ 90755000: uvm_test_top.env.wb_master_agt.mast_drv [wb_env_DRIVER] Starting transaction...
UVM_INFO ../src/wb_master.sv(283) @ 90815000: uvm_test_top.env.wb_master_agt.mast_drv [Wb master] Completed Write transaction
UVM_INFO ../src/wb_master.sv(165) @ 90815000: uvm_test_top.env.wb_master_agt.mast_drv [wb_env_DRIVER] Starting transaction...
UVM_INFO ../src/wb_master.sv(283) @ 90875000: uvm_test_top.env.wb_master_agt.mast_drv [Wb master] Completed Write transaction
UVM_INFO ../src/wb_master.sv(165) @ 90875000: uvm_test_top.env.wb_master_agt.mast_drv [wb_env_DRIVER] Starting transaction...
UVM_INFO ../src/wb_master.sv(283) @ 90935000: uvm_test_top.env.wb_master_agt.mast_drv [Wb master] Completed Write transaction
UVM_INFO ../src/wb_master.sv(165) @ 90935000: uvm_test_top.env.wb_master_agt.mast_drv [wb_env_DRIVER] Starting transaction...
UVM_INFO ../src/wb_master.sv(283) @ 90995000: uvm_test_top.env.wb_master_agt.mast_drv [Wb master] Completed Write transaction
UVM_INFO ../src/wb_master.sv(165) @ 90995000: uvm_test_top.env.wb_master_agt.mast_drv [wb_env_DRIVER] Starting transaction...
UVM_INFO ../src/wb_master.sv(283) @ 91055000: uvm_test_top.env.wb_master_agt.mast_drv [Wb master] Completed Write transaction
UVM_INFO ../src/wb_master.sv(165) @ 91055000: uvm_test_top.env.wb_master_agt.mast_drv [wb_env_DRIVER] Starting transaction...
UVM_INFO ../src/wb_master.sv(283) @ 91115000: uvm_test_top.env.wb_master_agt.mast_drv [Wb master] Completed Write transaction
UVM_INFO ../src/wb_master.sv(165) @ 91115000: uvm_test_top.env.wb_master_agt.mast_drv [wb_env_DRIVER] Starting transaction...
UVM_INFO ../src/wb_master.sv(283) @ 91175000: uvm_test_top.env.wb_master_agt.mast_drv [Wb master] Completed Write transaction
UVM_INFO ../src/wb_master.sv(165) @ 91175000: uvm_test_top.env.wb_master_agt.mast_drv [wb_env_DRIVER] Starting transaction...
UVM_INFO ../src/wb_master.sv(283) @ 91235000: uvm_test_top.env.wb_master_agt.mast_drv [Wb master] Completed Write transaction
UVM_INFO ../src/wb_master.sv(165) @ 91235000: uvm_test_top.env.wb_master_agt.mast_drv [wb_env_DRIVER] Starting transaction...
UVM_INFO ../src/wb_master.sv(283) @ 91295000: uvm_test_top.env.wb_master_agt.mast_drv [Wb master] Completed Write transaction
UVM_INFO ../src/wb_master.sv(165) @ 91295000: uvm_test_top.env.wb_master_agt.mast_drv [wb_env_DRIVER] Starting transaction...
UVM_INFO ../src/wb_master.sv(283) @ 91355000: uvm_test_top.env.wb_master_agt.mast_drv [Wb master] Completed Write transaction
UVM_INFO ../src/wb_master.sv(165) @ 91355000: uvm_test_top.env.wb_master_agt.mast_drv [wb_env_DRIVER] Starting transaction...
UVM_INFO ../src/wb_master.sv(283) @ 91415000: uvm_test_top.env.wb_master_agt.mast_drv [Wb master] Completed Write transaction
UVM_INFO ../src/wb_master.sv(165) @ 91415000: uvm_test_top.env.wb_master_agt.mast_drv [wb_env_DRIVER] Starting transaction...
UVM_INFO ../src/wb_master.sv(283) @ 91475000: uvm_test_top.env.wb_master_agt.mast_drv [Wb master] Completed Write transaction
UVM_INFO ../src/wb_master.sv(165) @ 91475000: uvm_test_top.env.wb_master_agt.mast_drv [wb_env_DRIVER] Starting transaction...
UVM_INFO ../src/wb_master.sv(283) @ 91535000: uvm_test_top.env.wb_master_agt.mast_drv [Wb master] Completed Write transaction
UVM_INFO ../src/wb_master.sv(165) @ 91535000: uvm_test_top.env.wb_master_agt.mast_drv [wb_env_DRIVER] Starting transaction...
UVM_INFO ../src/wb_master.sv(283) @ 91595000: uvm_test_top.env.wb_master_agt.mast_drv [Wb master] Completed Write transaction
UVM_INFO ../src/wb_master.sv(165) @ 91595000: uvm_test_top.env.wb_master_agt.mast_drv [wb_env_DRIVER] Starting transaction...
UVM_INFO ../src/wb_master.sv(283) @ 91655000: uvm_test_top.env.wb_master_agt.mast_drv [Wb master] Completed Write transaction
UVM_INFO ../src/wb_master.sv(165) @ 91655000: uvm_test_top.env.wb_master_agt.mast_drv [wb_env_DRIVER] Starting transaction...
UVM_INFO ../src/wb_master.sv(283) @ 91715000: uvm_test_top.env.wb_master_agt.mast_drv [Wb master] Completed Write transaction
UVM_INFO ../src/wb_master.sv(165) @ 91715000: uvm_test_top.env.wb_master_agt.mast_drv [wb_env_DRIVER] Starting transaction...
UVM_INFO ../src/wb_master.sv(283) @ 91775000: uvm_test_top.env.wb_master_agt.mast_drv [Wb master] Completed Write transaction
UVM_INFO ../src/wb_master.sv(165) @ 91775000: uvm_test_top.env.wb_master_agt.mast_drv [wb_env_DRIVER] Starting transaction...
UVM_INFO ../src/wb_master.sv(283) @ 91835000: uvm_test_top.env.wb_master_agt.mast_drv [Wb master] Completed Write transaction
UVM_INFO ../src/wb_master.sv(165) @ 91835000: uvm_test_top.env.wb_master_agt.mast_drv [wb_env_DRIVER] Starting transaction...
UVM_INFO ../src/wb_master.sv(283) @ 91895000: uvm_test_top.env.wb_master_agt.mast_drv [Wb master] Completed Write transaction
UVM_INFO ../src/wb_master.sv(165) @ 91895000: uvm_test_top.env.wb_master_agt.mast_drv [wb_env_DRIVER] Starting transaction...
UVM_INFO ../src/wb_master.sv(283) @ 91955000: uvm_test_top.env.wb_master_agt.mast_drv [Wb master] Completed Write transaction
UVM_INFO ../src/wb_master.sv(165) @ 91955000: uvm_test_top.env.wb_master_agt.mast_drv [wb_env_DRIVER] Starting transaction...
UVM_INFO ../src/wb_master.sv(283) @ 92015000: uvm_test_top.env.wb_master_agt.mast_drv [Wb master] Completed Write transaction
UVM_INFO ../src/wb_master.sv(165) @ 92015000: uvm_test_top.env.wb_master_agt.mast_drv [wb_env_DRIVER] Starting transaction...
UVM_INFO ../src/wb_master.sv(283) @ 92075000: uvm_test_top.env.wb_master_agt.mast_drv [Wb master] Completed Write transaction
UVM_INFO ../src/wb_master.sv(165) @ 92075000: uvm_test_top.env.wb_master_agt.mast_drv [wb_env_DRIVER] Starting transaction...
UVM_INFO ../src/wb_master.sv(283) @ 92135000: uvm_test_top.env.wb_master_agt.mast_drv [Wb master] Completed Write transaction
UVM_INFO ../src/wb_master.sv(165) @ 92135000: uvm_test_top.env.wb_master_agt.mast_drv [wb_env_DRIVER] Starting transaction...
UVM_INFO ../src/wb_master.sv(283) @ 92195000: uvm_test_top.env.wb_master_agt.mast_drv [Wb master] Completed Write transaction
UVM_INFO ../src/wb_master.sv(165) @ 92195000: uvm_test_top.env.wb_master_agt.mast_drv [wb_env_DRIVER] Starting transaction...
UVM_INFO ../src/wb_master.sv(283) @ 92255000: uvm_test_top.env.wb_master_agt.mast_drv [Wb master] Completed Write transaction
UVM_INFO ../src/wb_master.sv(165) @ 92255000: uvm_test_top.env.wb_master_agt.mast_drv [wb_env_DRIVER] Starting transaction...
UVM_INFO ../src/wb_master.sv(283) @ 92315000: uvm_test_top.env.wb_master_agt.mast_drv [Wb master] Completed Write transaction
UVM_INFO ../src/wb_master.sv(165) @ 92315000: uvm_test_top.env.wb_master_agt.mast_drv [wb_env_DRIVER] Starting transaction...
UVM_INFO ../src/wb_master.sv(283) @ 92375000: uvm_test_top.env.wb_master_agt.mast_drv [Wb master] Completed Write transaction
UVM_INFO ../src/wb_master.sv(165) @ 92375000: uvm_test_top.env.wb_master_agt.mast_drv [wb_env_DRIVER] Starting transaction...
UVM_INFO ../src/wb_master.sv(283) @ 92435000: uvm_test_top.env.wb_master_agt.mast_drv [Wb master] Completed Write transaction
UVM_INFO ../src/wb_master.sv(165) @ 92435000: uvm_test_top.env.wb_master_agt.mast_drv [wb_env_DRIVER] Starting transaction...
UVM_INFO ../src/wb_master.sv(283) @ 92495000: uvm_test_top.env.wb_master_agt.mast_drv [Wb master] Completed Write transaction
UVM_INFO ../src/wb_master.sv(165) @ 92495000: uvm_test_top.env.wb_master_agt.mast_drv [wb_env_DRIVER] Starting transaction...
UVM_INFO ../src/wb_master.sv(283) @ 92555000: uvm_test_top.env.wb_master_agt.mast_drv [Wb master] Completed Write transaction
UVM_INFO ../src/wb_master.sv(165) @ 92555000: uvm_test_top.env.wb_master_agt.mast_drv [wb_env_DRIVER] Starting transaction...
UVM_INFO ../src/wb_master.sv(283) @ 92615000: uvm_test_top.env.wb_master_agt.mast_drv [Wb master] Completed Write transaction
UVM_INFO ../src/wb_master.sv(165) @ 92615000: uvm_test_top.env.wb_master_agt.mast_drv [wb_env_DRIVER] Starting transaction...
UVM_INFO ../src/wb_master.sv(283) @ 92675000: uvm_test_top.env.wb_master_agt.mast_drv [Wb master] Completed Write transaction
UVM_INFO ../src/wb_master.sv(165) @ 92675000: uvm_test_top.env.wb_master_agt.mast_drv [wb_env_DRIVER] Starting transaction...
UVM_INFO ../src/wb_master.sv(283) @ 92735000: uvm_test_top.env.wb_master_agt.mast_drv [Wb master] Completed Write transaction
UVM_INFO ../src/wb_master.sv(165) @ 92735000: uvm_test_top.env.wb_master_agt.mast_drv [wb_env_DRIVER] Starting transaction...
UVM_INFO ../src/wb_master.sv(283) @ 92795000: uvm_test_top.env.wb_master_agt.mast_drv [Wb master] Completed Write transaction
UVM_INFO ../src/wb_master.sv(165) @ 92795000: uvm_test_top.env.wb_master_agt.mast_drv [wb_env_DRIVER] Starting transaction...
UVM_INFO ../src/wb_master.sv(283) @ 92855000: uvm_test_top.env.wb_master_agt.mast_drv [Wb master] Completed Write transaction
UVM_INFO ../src/wb_master.sv(165) @ 92855000: uvm_test_top.env.wb_master_agt.mast_drv [wb_env_DRIVER] Starting transaction...
UVM_INFO ../src/wb_master.sv(283) @ 92915000: uvm_test_top.env.wb_master_agt.mast_drv [Wb master] Completed Write transaction
UVM_INFO ../src/wb_master.sv(165) @ 92915000: uvm_test_top.env.wb_master_agt.mast_drv [wb_env_DRIVER] Starting transaction...
UVM_INFO ../src/wb_master.sv(283) @ 92975000: uvm_test_top.env.wb_master_agt.mast_drv [Wb master] Completed Write transaction
UVM_INFO ../src/wb_master.sv(165) @ 92975000: uvm_test_top.env.wb_master_agt.mast_drv [wb_env_DRIVER] Starting transaction...
UVM_INFO ../src/wb_master.sv(283) @ 93035000: uvm_test_top.env.wb_master_agt.mast_drv [Wb master] Completed Write transaction
UVM_INFO ../src/wb_master.sv(165) @ 93035000: uvm_test_top.env.wb_master_agt.mast_drv [wb_env_DRIVER] Starting transaction...
UVM_INFO ../src/wb_master.sv(283) @ 93095000: uvm_test_top.env.wb_master_agt.mast_drv [Wb master] Completed Write transaction
UVM_INFO ../src/wb_master.sv(165) @ 93095000: uvm_test_top.env.wb_master_agt.mast_drv [wb_env_DRIVER] Starting transaction...
UVM_INFO ../src/wb_master.sv(283) @ 93155000: uvm_test_top.env.wb_master_agt.mast_drv [Wb master] Completed Write transaction
UVM_INFO ../src/wb_master.sv(165) @ 93155000: uvm_test_top.env.wb_master_agt.mast_drv [wb_env_DRIVER] Starting transaction...
UVM_INFO ../src/wb_master.sv(283) @ 93215000: uvm_test_top.env.wb_master_agt.mast_drv [Wb master] Completed Write transaction
UVM_INFO ../src/wb_master.sv(165) @ 93215000: uvm_test_top.env.wb_master_agt.mast_drv [wb_env_DRIVER] Starting transaction...
UVM_INFO ../src/wb_master.sv(283) @ 93275000: uvm_test_top.env.wb_master_agt.mast_drv [Wb master] Completed Write transaction
UVM_INFO ../src/wb_master.sv(165) @ 93275000: uvm_test_top.env.wb_master_agt.mast_drv [wb_env_DRIVER] Starting transaction...
UVM_INFO ../src/wb_master.sv(283) @ 93335000: uvm_test_top.env.wb_master_agt.mast_drv [Wb master] Completed Write transaction
UVM_INFO ../src/wb_master.sv(165) @ 93335000: uvm_test_top.env.wb_master_agt.mast_drv [wb_env_DRIVER] Starting transaction...
UVM_INFO ../src/wb_master.sv(283) @ 93395000: uvm_test_top.env.wb_master_agt.mast_drv [Wb master] Completed Write transaction
UVM_INFO ../src/wb_master.sv(165) @ 93395000: uvm_test_top.env.wb_master_agt.mast_drv [wb_env_DRIVER] Starting transaction...
UVM_INFO ../src/wb_master.sv(283) @ 93455000: uvm_test_top.env.wb_master_agt.mast_drv [Wb master] Completed Write transaction
UVM_INFO ../src/wb_master.sv(165) @ 93455000: uvm_test_top.env.wb_master_agt.mast_drv [wb_env_DRIVER] Starting transaction...
UVM_INFO ../src/wb_master.sv(283) @ 93515000: uvm_test_top.env.wb_master_agt.mast_drv [Wb master] Completed Write transaction
UVM_INFO ../src/wb_master.sv(165) @ 93515000: uvm_test_top.env.wb_master_agt.mast_drv [wb_env_DRIVER] Starting transaction...
UVM_INFO ../src/wb_master.sv(283) @ 93575000: uvm_test_top.env.wb_master_agt.mast_drv [Wb master] Completed Write transaction
UVM_INFO ../src/wb_master.sv(165) @ 93575000: uvm_test_top.env.wb_master_agt.mast_drv [wb_env_DRIVER] Starting transaction...
UVM_INFO ../src/wb_master.sv(283) @ 93635000: uvm_test_top.env.wb_master_agt.mast_drv [Wb master] Completed Write transaction
UVM_INFO ../src/wb_master.sv(165) @ 93635000: uvm_test_top.env.wb_master_agt.mast_drv [wb_env_DRIVER] Starting transaction...
UVM_INFO ../src/wb_master.sv(283) @ 93695000: uvm_test_top.env.wb_master_agt.mast_drv [Wb master] Completed Write transaction
UVM_INFO ../src/wb_master.sv(165) @ 93695000: uvm_test_top.env.wb_master_agt.mast_drv [wb_env_DRIVER] Starting transaction...
UVM_INFO ../src/wb_master.sv(283) @ 93755000: uvm_test_top.env.wb_master_agt.mast_drv [Wb master] Completed Write transaction
UVM_INFO ../src/wb_master.sv(165) @ 93755000: uvm_test_top.env.wb_master_agt.mast_drv [wb_env_DRIVER] Starting transaction...
UVM_INFO ../src/wb_master.sv(283) @ 93815000: uvm_test_top.env.wb_master_agt.mast_drv [Wb master] Completed Write transaction
UVM_INFO ../src/wb_master.sv(165) @ 93815000: uvm_test_top.env.wb_master_agt.mast_drv [wb_env_DRIVER] Starting transaction...
UVM_INFO ../src/wb_master.sv(283) @ 93875000: uvm_test_top.env.wb_master_agt.mast_drv [Wb master] Completed Write transaction
UVM_INFO ../src/wb_master.sv(165) @ 93875000: uvm_test_top.env.wb_master_agt.mast_drv [wb_env_DRIVER] Starting transaction...
UVM_INFO ../src/wb_master.sv(283) @ 93935000: uvm_test_top.env.wb_master_agt.mast_drv [Wb master] Completed Write transaction
UVM_INFO ../src/wb_master.sv(165) @ 93935000: uvm_test_top.env.wb_master_agt.mast_drv [wb_env_DRIVER] Starting transaction...
UVM_INFO ../src/wb_master.sv(283) @ 93995000: uvm_test_top.env.wb_master_agt.mast_drv [Wb master] Completed Write transaction
UVM_INFO ../src/wb_master.sv(165) @ 93995000: uvm_test_top.env.wb_master_agt.mast_drv [wb_env_DRIVER] Starting transaction...
UVM_INFO ../src/wb_master.sv(283) @ 94055000: uvm_test_top.env.wb_master_agt.mast_drv [Wb master] Completed Write transaction
UVM_INFO ../src/wb_master.sv(165) @ 94055000: uvm_test_top.env.wb_master_agt.mast_drv [wb_env_DRIVER] Starting transaction...
UVM_INFO ../src/wb_master.sv(283) @ 94115000: uvm_test_top.env.wb_master_agt.mast_drv [Wb master] Completed Write transaction
UVM_INFO ../src/wb_master.sv(165) @ 94115000: uvm_test_top.env.wb_master_agt.mast_drv [wb_env_DRIVER] Starting transaction...
UVM_INFO ../src/wb_master.sv(283) @ 94175000: uvm_test_top.env.wb_master_agt.mast_drv [Wb master] Completed Write transaction
UVM_INFO ../src/wb_master.sv(165) @ 94175000: uvm_test_top.env.wb_master_agt.mast_drv [wb_env_DRIVER] Starting transaction...
UVM_INFO ../src/wb_master.sv(283) @ 94235000: uvm_test_top.env.wb_master_agt.mast_drv [Wb master] Completed Write transaction
UVM_INFO ../src/wb_master.sv(165) @ 94235000: uvm_test_top.env.wb_master_agt.mast_drv [wb_env_DRIVER] Starting transaction...
UVM_INFO ../src/wb_master.sv(283) @ 94295000: uvm_test_top.env.wb_master_agt.mast_drv [Wb master] Completed Write transaction
UVM_INFO ../src/wb_master.sv(165) @ 94295000: uvm_test_top.env.wb_master_agt.mast_drv [wb_env_DRIVER] Starting transaction...
UVM_INFO ../src/wb_master.sv(283) @ 94355000: uvm_test_top.env.wb_master_agt.mast_drv [Wb master] Completed Write transaction
UVM_INFO ../src/sequences/initialize_txbd_rxbd_sequence.sv(18) @ 94355000: uvm_test_top.env.wb_master_agt.mast_sqr@@initialize_desc_sequence [uvm_test_top.env.wb_master_agt.mast_sqr.initialize_desc_sequence] End cleaning up descriptors                94355
UVM_INFO ../src/wb_master.sv(165) @ 94355000: uvm_test_top.env.wb_master_agt.mast_drv [wb_env_DRIVER] Starting transaction...
UVM_INFO ../src/wb_master.sv(283) @ 94395000: uvm_test_top.env.wb_master_agt.mast_drv [Wb master] Completed Write transaction
UVM_INFO ../src/wb_master.sv(165) @ 94395000: uvm_test_top.env.wb_master_agt.mast_drv [wb_env_DRIVER] Starting transaction...
UVM_INFO ../src/wb_master.sv(283) @ 94435000: uvm_test_top.env.wb_master_agt.mast_drv [Wb master] Completed Write transaction
UVM_INFO ../src/wb_master.sv(165) @ 94435000: uvm_test_top.env.wb_master_agt.mast_drv [wb_env_DRIVER] Starting transaction...
UVM_INFO ../src/wb_master.sv(283) @ 94475000: uvm_test_top.env.wb_master_agt.mast_drv [Wb master] Completed Write transaction
UVM_INFO ../src/wb_master.sv(165) @ 94475000: uvm_test_top.env.wb_master_agt.mast_drv [wb_env_DRIVER] Starting transaction...
UVM_INFO ../src/wb_master.sv(283) @ 94535000: uvm_test_top.env.wb_master_agt.mast_drv [Wb master] Completed Write transaction
UVM_INFO ../src/wb_master.sv(165) @ 94535000: uvm_test_top.env.wb_master_agt.mast_drv [wb_env_DRIVER] Starting transaction...
UVM_INFO ../src/wb_master.sv(283) @ 94595000: uvm_test_top.env.wb_master_agt.mast_drv [Wb master] Completed Write transaction
CTRL Time is                94595          80 000000000050f800

VALUE Time is                94595          80 00000000000003e8

UVM_INFO ../src/wb_master.sv(165) @ 94595000: uvm_test_top.env.wb_master_agt.mast_drv [wb_env_DRIVER] Starting transaction...
UVM_INFO ../src/wb_slave.sv(180) @ 94616000: uvm_test_top.env.wb_slave_agt.slv_drv [uvm_test_top.env.wb_slave_agt.slv_drv] responding in this cycle
UVM_INFO ../src/wb_slave_mon.sv(163) @ 94616000: uvm_test_top.env.wb_slave_agt.slv_mon [Wb_slave Monitor] got a read transaction  
UVM_INFO ../src/wb_master.sv(283) @ 94635000: uvm_test_top.env.wb_master_agt.mast_drv [Wb master] Completed Write transaction
UVM_INFO ../src/wb_master.sv(165) @ 94635000: uvm_test_top.env.wb_master_agt.mast_drv [wb_env_DRIVER] Starting transaction...
UVM_INFO ../src/wb_slave.sv(220) @ 94645000: uvm_test_top.env.wb_slave_agt.slv_drv [SLAVE_DRIVER] Completed transaction...
UVM_INFO ../src/wb_slave.sv(180) @ 94646000: uvm_test_top.env.wb_slave_agt.slv_drv [uvm_test_top.env.wb_slave_agt.slv_drv] responding in this cycle
UVM_INFO ../src/wb_slave_mon.sv(163) @ 94646000: uvm_test_top.env.wb_slave_agt.slv_mon [Wb_slave Monitor] got a read transaction  
UVM_INFO ../src/wb_slave.sv(220) @ 94675000: uvm_test_top.env.wb_slave_agt.slv_drv [SLAVE_DRIVER] Completed transaction...
UVM_INFO ../src/wb_slave.sv(180) @ 94686000: uvm_test_top.env.wb_slave_agt.slv_drv [uvm_test_top.env.wb_slave_agt.slv_drv] responding in this cycle
UVM_INFO ../src/wb_slave_mon.sv(163) @ 94686000: uvm_test_top.env.wb_slave_agt.slv_mon [Wb_slave Monitor] got a read transaction  
UVM_INFO ../src/wb_master.sv(283) @ 94695000: uvm_test_top.env.wb_master_agt.mast_drv [Wb master] Completed Write transaction
UVM_INFO ../src/wb_master.sv(165) @ 94695000: uvm_test_top.env.wb_master_agt.mast_drv [wb_env_DRIVER] Starting transaction...
UVM_INFO ../src/wb_slave.sv(220) @ 94715000: uvm_test_top.env.wb_slave_agt.slv_drv [SLAVE_DRIVER] Completed transaction...
UVM_INFO ../src/wb_slave.sv(180) @ 94716000: uvm_test_top.env.wb_slave_agt.slv_drv [uvm_test_top.env.wb_slave_agt.slv_drv] responding in this cycle
UVM_INFO ../src/wb_slave_mon.sv(163) @ 94716000: uvm_test_top.env.wb_slave_agt.slv_mon [Wb_slave Monitor] got a read transaction  
UVM_INFO ../src/wb_slave.sv(220) @ 94745000: uvm_test_top.env.wb_slave_agt.slv_drv [SLAVE_DRIVER] Completed transaction...
UVM_INFO ../src/wb_slave.sv(180) @ 94756000: uvm_test_top.env.wb_slave_agt.slv_drv [uvm_test_top.env.wb_slave_agt.slv_drv] responding in this cycle
UVM_INFO ../src/wb_slave_mon.sv(163) @ 94756000: uvm_test_top.env.wb_slave_agt.slv_mon [Wb_slave Monitor] got a read transaction  
UVM_INFO ../src/wb_master.sv(283) @ 94775000: uvm_test_top.env.wb_master_agt.mast_drv [Wb master] Completed Write transaction
CTRL Time is                94775          80 000000000050f800

VALUE Time is                94775          80 00000000000003e8

UVM_INFO ../src/wb_master.sv(165) @ 94775000: uvm_test_top.env.wb_master_agt.mast_drv [wb_env_DRIVER] Starting transaction...
UVM_INFO ../src/wb_slave.sv(220) @ 94785000: uvm_test_top.env.wb_slave_agt.slv_drv [SLAVE_DRIVER] Completed transaction...
UVM_INFO ../src/wb_master.sv(204) @ 94785000: uvm_test_top.env.wb_master_agt.mast_drv [Wb master] Got a read transaction
UVM_INFO ../src/wb_slave.sv(180) @ 94786000: uvm_test_top.env.wb_slave_agt.slv_drv [uvm_test_top.env.wb_slave_agt.slv_drv] responding in this cycle
UVM_INFO ../src/wb_slave_mon.sv(163) @ 94786000: uvm_test_top.env.wb_slave_agt.slv_mon [Wb_slave Monitor] got a read transaction  
UVM_INFO ../src/wb_slave.sv(220) @ 94815000: uvm_test_top.env.wb_slave_agt.slv_drv [SLAVE_DRIVER] Completed transaction...
UVM_INFO ../src/wb_slave.sv(180) @ 94826000: uvm_test_top.env.wb_slave_agt.slv_drv [uvm_test_top.env.wb_slave_agt.slv_drv] responding in this cycle
UVM_INFO ../src/wb_slave_mon.sv(163) @ 94826000: uvm_test_top.env.wb_slave_agt.slv_mon [Wb_slave Monitor] got a read transaction  
UVM_INFO ../src/wb_master.sv(241) @ 94845000: uvm_test_top.env.wb_master_agt.mast_drv [Wb master] Completed read transaction
UVM_INFO ../src/wb_master.sv(165) @ 94845000: uvm_test_top.env.wb_master_agt.mast_drv [wb_env_DRIVER] Starting transaction...
UVM_INFO ../src/wb_slave.sv(220) @ 94855000: uvm_test_top.env.wb_slave_agt.slv_drv [SLAVE_DRIVER] Completed transaction...
UVM_INFO ../src/wb_master.sv(204) @ 94855000: uvm_test_top.env.wb_master_agt.mast_drv [Wb master] Got a read transaction
UVM_INFO ../src/wb_slave.sv(180) @ 94856000: uvm_test_top.env.wb_slave_agt.slv_drv [uvm_test_top.env.wb_slave_agt.slv_drv] responding in this cycle
UVM_INFO ../src/wb_slave_mon.sv(163) @ 94856000: uvm_test_top.env.wb_slave_agt.slv_mon [Wb_slave Monitor] got a read transaction  
UVM_INFO ../src/wb_slave.sv(220) @ 94885000: uvm_test_top.env.wb_slave_agt.slv_drv [SLAVE_DRIVER] Completed transaction...
UVM_INFO ../src/wb_slave.sv(180) @ 94896000: uvm_test_top.env.wb_slave_agt.slv_drv [uvm_test_top.env.wb_slave_agt.slv_drv] responding in this cycle
UVM_INFO ../src/wb_slave_mon.sv(163) @ 94896000: uvm_test_top.env.wb_slave_agt.slv_mon [Wb_slave Monitor] got a read transaction  
UVM_INFO ../src/wb_slave.sv(220) @ 94925000: uvm_test_top.env.wb_slave_agt.slv_drv [SLAVE_DRIVER] Completed transaction...
UVM_INFO ../src/wb_master.sv(241) @ 94925000: uvm_test_top.env.wb_master_agt.mast_drv [Wb master] Completed read transaction
UVM_INFO ../src/wb_master.sv(165) @ 94925000: uvm_test_top.env.wb_master_agt.mast_drv [wb_env_DRIVER] Starting transaction...
UVM_INFO ../src/wb_master.sv(204) @ 94935000: uvm_test_top.env.wb_master_agt.mast_drv [Wb master] Got a read transaction
UVM_INFO ../src/wb_slave.sv(180) @ 94936000: uvm_test_top.env.wb_slave_agt.slv_drv [uvm_test_top.env.wb_slave_agt.slv_drv] responding in this cycle
UVM_INFO ../src/wb_slave_mon.sv(163) @ 94936000: uvm_test_top.env.wb_slave_agt.slv_mon [Wb_slave Monitor] got a read transaction  
UVM_INFO ../src/wb_slave.sv(220) @ 94965000: uvm_test_top.env.wb_slave_agt.slv_drv [SLAVE_DRIVER] Completed transaction...
UVM_INFO ../src/wb_slave.sv(180) @ 94976000: uvm_test_top.env.wb_slave_agt.slv_drv [uvm_test_top.env.wb_slave_agt.slv_drv] responding in this cycle
UVM_INFO ../src/wb_slave_mon.sv(163) @ 94976000: uvm_test_top.env.wb_slave_agt.slv_mon [Wb_slave Monitor] got a read transaction  
UVM_INFO ../src/wb_slave.sv(220) @ 95005000: uvm_test_top.env.wb_slave_agt.slv_drv [SLAVE_DRIVER] Completed transaction...
UVM_INFO ../src/wb_master.sv(241) @ 95005000: uvm_test_top.env.wb_master_agt.mast_drv [Wb master] Completed read transaction
UVM_INFO ../src/wb_master.sv(165) @ 95005000: uvm_test_top.env.wb_master_agt.mast_drv [wb_env_DRIVER] Starting transaction...
UVM_INFO ../src/wb_master.sv(204) @ 95015000: uvm_test_top.env.wb_master_agt.mast_drv [Wb master] Got a read transaction
UVM_INFO ../src/wb_slave.sv(180) @ 95016000: uvm_test_top.env.wb_slave_agt.slv_drv [uvm_test_top.env.wb_slave_agt.slv_drv] responding in this cycle
UVM_INFO ../src/wb_slave_mon.sv(163) @ 95016000: uvm_test_top.env.wb_slave_agt.slv_mon [Wb_slave Monitor] got a read transaction  
UVM_INFO ../src/wb_slave.sv(220) @ 95045000: uvm_test_top.env.wb_slave_agt.slv_drv [SLAVE_DRIVER] Completed transaction...
UVM_INFO ../src/wb_master.sv(241) @ 95085000: uvm_test_top.env.wb_master_agt.mast_drv [Wb master] Completed read transaction
UVM_INFO ../src/wb_master.sv(165) @ 95085000: uvm_test_top.env.wb_master_agt.mast_drv [wb_env_DRIVER] Starting transaction...
UVM_INFO ../src/wb_master.sv(204) @ 95095000: uvm_test_top.env.wb_master_agt.mast_drv [Wb master] Got a read transaction
UVM_INFO ../src/wb_master.sv(241) @ 95165000: uvm_test_top.env.wb_master_agt.mast_drv [Wb master] Completed read transaction
UVM_FATAL @ 95165000: uvm_test_top [HBFAIL] Did not recieve an update of hb_objection on any component since last event trigger at time 11465000. The list of registered components is:
  uvm_test_top.env.wb_master_agt.mast_sqr
UVM_INFO /global/apps/vcs_2019.06/etc/uvm-1.2/base/uvm_report_catcher.svh(705) @ 95165000: reporter [UVM/REPORT/CATCHER] 
--- UVM Report catcher Summary ---


Number of demoted UVM_FATAL reports  :    0
Number of demoted UVM_ERROR reports  :    0
Number of demoted UVM_WARNING reports:    0
Number of caught UVM_FATAL reports   :    0
Number of caught UVM_ERROR reports   :    0
Number of caught UVM_WARNING reports :    0

UVM_INFO /global/apps/vcs_2019.06/etc/uvm-1.2/base/uvm_report_server.svh(894) @ 95165000: reporter [UVM/REPORT/SERVER] 
--- UVM Report Summary ---

** Report counts by severity
UVM_INFO :  686
UVM_WARNING :    0
UVM_ERROR :    0
UVM_FATAL :    1
** Report counts by id
[HBFAIL]     1
[RNTST]     1
[SLAVE_DRIVER]    24
[TEST_DONE]     1
[UVM/RELNOTES]     1
[UVM/REPORT/CATCHER]     1
[UVMTOP]     1
[Wb master]   306
[Wb_slave Monitor]    24
[uvm_test_top.env.wb_master_agt.mast_sqr.initialize_desc_sequence]     4
[uvm_test_top.env.wb_master_agt.mast_sqr.tx_int_bar_seq_inst]     5
[uvm_test_top.env.wb_slave_agt.slv_drv]    24
[wb_env_DRIVER]   294

$finish called from file "/global/apps/vcs_2019.06/etc/uvm-1.2/base/uvm_root.svh", line 145.
$finish at simulation time             95165000
           V C S   S i m u l a t i o n   R e p o r t 
Time: 95165000 ps
CPU Time:      2.370 seconds;       Data structure size:   0.7Mb
Fri Dec  6 19:23:55 2019
