Command: vcs -sverilog -ntb_opts uvm-1.2 ../src/do_print_example2.sv +incdir+../src \
-R -l do_print_example2.log -q

4 modules and 0 UDP read.
ld -shared -m elf_i386  -Bsymbolic  -o .//../simv.daidir//_csrc0.so objs/amcQw_d.o \

rm -f _csrc0.so
../simv up to date
Command: /SCRATCH/srivats/vs/new_book_examples/uvm-1.2/UVM_Building_Blocks/Uvm_Core_Utils/run/./simv -a do_print_example2.log -q
UVM_INFO /global/apps/vcs_2019.06/etc/uvm-1.2/base/uvm_root.svh(412) @ 0: reporter [UVM/RELNOTES] 
----------------------------------------------------------------
UVM-1.2.Synopsys
(C) 2007-2014 Mentor Graphics Corporation
(C) 2007-2014 Cadence Design Systems, Inc.
(C) 2006-2014 Synopsys, Inc.
(C) 2011-2013 Cypress Semiconductor Corp.
(C) 2013-2014 NVIDIA Corporation
----------------------------------------------------------------

  ***********       IMPORTANT RELEASE NOTES         ************

  You are using a version of the UVM library that has been compiled
  with `UVM_NO_DEPRECATED undefined.
  See http://www.eda.org/svdb/view.php?id=3313 for more details.

  You are using a version of the UVM library that has been compiled
  with `UVM_OBJECT_DO_NOT_NEED_CONSTRUCTOR undefined.
  See http://www.eda.org/svdb/view.php?id=3770 for more details.

      (Specify +UVM_NO_RELNOTES to turn off this notice)

---------------------------------
Name           Size  Value       
---------------------------------
class_C_inst   -     @335        
  cl_int       32    'h8         
  cl_string    12    class_C_inst
  cl_int_arr   0     -           
  cl_int_sarr  40    -           
    [0]        32    'h0         
    [1]        32    'h2         
    [2]        32    'h4         
    [3]        32    'h6         
    [4]        32    'h8         
    [5]        32    'ha         
    [6]        32    'hc         
    ...        ...   ...         
    [38]       32    'h4c        
    [39]       32    'h4e        
---------------------------------
