Command: ./simv -l s.log
Chronologic VCS simulator copyright 1991-2012
Contains Synopsys proprietary information.
Compiler version F-2011.12-SP1-3; Runtime version F-2011.12-SP1-3;  Feb 28 22:41 2013
----------------------------------------------------------------
UVM-1.1b.VCS
(C) 2007-2012 Mentor Graphics Corporation
(C) 2007-2012 Cadence Design Systems, Inc.
(C) 2006-2012 Synopsys, Inc.
(C) 2011-2012 Cypress Semiconductor Corp.
----------------------------------------------------------------

  ***********       IMPORTANT RELEASE NOTES         ************

  You are using a version of the UVM library that has been compiled
  with `UVM_NO_DEPRECATED undefined.
  See http://www.eda.org/svdb/view.php?id=3313 for more details.

  You are using a version of the UVM library that has been compiled
  with `UVM_OBJECT_MUST_HAVE_CONSTRUCTOR undefined.
  See http://www.eda.org/svdb/view.php?id=3770 for more details.

      (Specify +UVM_NO_RELNOTES to turn off this notice)

UVM_INFO @ 0: reporter [RNTST] Running test ...
UVM_FATAL @ 0: reporter [FCTTYP] Factory did not return a component of type 'simple_drv'. A component of type 'param_drv #(packet)' was returned instead. Name=driver0 Parent=simple_agent contxt=env0.agent1

--- UVM Report Summary ---

** Report counts by severity
UVM_INFO :    1
UVM_WARNING :    0
UVM_ERROR :    0
UVM_FATAL :    1
** Report counts by id
[FCTTYP]     1
[RNTST]     1
$finish called from file "/global/apps3/vcs_2011.12-SP1-3/etc/uvm-1.1/base/uvm_report_object.svh", line 277.
$finish at simulation time                    0
           V C S   S i m u l a t i o n   R e p o r t 
Time: 0
CPU Time:      0.370 seconds;       Data structure size:   0.1Mb
Thu Feb 28 22:41:40 2013
