Command: ./simv -l sri.log
Chronologic VCS simulator copyright 1991-2012
Contains Synopsys proprietary information.
Compiler version F-2011.12-SP1-3; Runtime version F-2011.12-SP1-3;  Feb 28 17:07 2013
----------------------------------------------------------------
UVM-1.1b.VCS
(C) 2007-2012 Mentor Graphics Corporation
(C) 2007-2012 Cadence Design Systems, Inc.
(C) 2006-2012 Synopsys, Inc.
(C) 2011-2012 Cypress Semiconductor Corp.
----------------------------------------------------------------

  ***********       IMPORTANT RELEASE NOTES         ************

  You are using a version of the UVM library that has been compiled
  with `UVM_NO_DEPRECATED undefined.
  See http://www.eda.org/svdb/view.php?id=3313 for more details.

  You are using a version of the UVM library that has been compiled
  with `UVM_OBJECT_MUST_HAVE_CONSTRUCTOR undefined.
  See http://www.eda.org/svdb/view.php?id=3770 for more details.

      (Specify +UVM_NO_RELNOTES to turn off this notice)

UVM_INFO @ 0: reporter [RNTST] Running test ...
UVM_INFO @ 0: reporter [UVMTOP] UVM testbench topology:
--------------------------------------------------------
Name                 Type                    Size  Value
--------------------------------------------------------
env0                 env                     -     @492 
  agent0             agent                   -     @500 
    driver0          driverB #(packet)       -     @516 
      rsp_port       uvm_analysis_port       -     @533 
      sqr_pull_port  uvm_seq_item_pull_port  -     @524 
      pkt            packet                  -     @568 
    driver1          driverD1 #(packet)      -     @542 
      rsp_port       uvm_analysis_port       -     @559 
      sqr_pull_port  uvm_seq_item_pull_port  -     @550 
      pkt            packet                  -     @569 
  agent1             agent                   -     @508 
    driver0          driverD1 #(packet)      -     @570 
      rsp_port       uvm_analysis_port       -     @587 
      sqr_pull_port  uvm_seq_item_pull_port  -     @578 
      pkt            packet                  -     @622 
    driver1          driverD2 #(packet)      -     @596 
      rsp_port       uvm_analysis_port       -     @613 
      sqr_pull_port  uvm_seq_item_pull_port  -     @604 
      pkt            packet                  -     @623 
--------------------------------------------------------


--- UVM Report Summary ---

** Report counts by severity
UVM_INFO :    2
UVM_WARNING :    0
UVM_ERROR :    0
UVM_FATAL :    0
** Report counts by id
[RNTST]     1
[UVMTOP]     1
$finish called from file "/global/apps3/vcs_2011.12-SP1-3/etc/uvm-1.1/base/uvm_root.svh", line 408.
$finish at simulation time                    0
           V C S   S i m u l a t i o n   R e p o r t 
Time: 0
CPU Time:      0.360 seconds;       Data structure size:   0.1Mb
Thu Feb 28 17:07:31 2013
