Command: /SCRATCH/srivats/vs/new_book_examples/IEEE_version/UVM_Quickstart/Generating_Stimulus/run/./simv -l simv.log -lca +ntb_random_seed=1 +UVM_TESTNAME=wb_env_base_test +UVM_TR_RECORD +UVM_LOG_RECORD
Chronologic VCS simulator copyright 1991-2019
Contains Synopsys proprietary information.
Compiler version P-2019.06; Runtime version P-2019.06;  Dec  3 14:31 2019
UVM_INFO /global/apps/vcs_2019.06/etc/uvm-ieee/base/uvm_root.svh(460) @ 0: reporter [UVM/RELNOTES] 
  ***********       IMPORTANT RELEASE NOTES         ************

  This implementation of the UVM Library deviates from the 1800.2-2017
  standard.  See the DEVIATIONS.md file contained in the release
  for more details.

----------------------------------------------------------------
Accellera:1800.2-2017:UVM:1.0.Synopsys

All copyright owners for this kit are listed in NOTICE.txt
All Rights Reserved Worldwide
----------------------------------------------------------------

      (Specify +UVM_NO_RELNOTES to turn off this notice)

VCD+ Writer P-2019.06 Copyright (c) 1991-2019 by Synopsys Inc.
UVM_INFO /global/apps/vcs_2019.06/etc/uvm-ieee/vcs/uvm_custom_install_vcs_recorder.sv(85) @ 0: reporter [VCS_TR_AUTO] +UVM_TR_RECORD implicitly enables recording_details to UVM_FULL for all components. For explicit control use +UVM_DISABLE_AUTO_COMPONENT and set recording_detail on components accordingly
UVM_INFO @ 0: reporter [RNTST] Running test wb_env_base_test...
UVM_INFO ../src/wb_slave_seqr.sv(42) @ 0: uvm_test_top.env.slave_agent.slv_seqr [WB_SLAVE_SEQR] Initializing memory
----------------------------------------------
Name             Type           Size  Value   
----------------------------------------------
wb_slave_config  wb_config      -     @240    
  port_size      sizes_e        32    BYTE    
  granularity    sizes_e        32    BYTE    
  cycles         cycle_types_e  32    CLASSIC 
  max_n_wss      integral       32    'ha     
  min_addr       integral       64    'h0     
  max_addr       integral       64    'h989680
----------------------------------------------
UVM_INFO ../src/wb_master.sv(145) @ 0: uvm_test_top.env.master_agent.mast_drv [wb_env_DRIVER] Starting transaction...
UVM_INFO ../src/wb_master.sv(222) @ 5: uvm_test_top.env.master_agent.mast_drv [Wb master] Got a write transaction
UVM_INFO ../src/wb_master_mon.sv(157) @ 5: uvm_test_top.env.master_agent.mast_mon [WB master Monitor] got a write transaction  from Master 
UVM_INFO ../src/wb_slave.sv(154) @ 5: uvm_test_top.env.slave_agent.slv_drv [Wb_slave] got a write transaction  from Master 
UVM_INFO ../src/wb_slave_mon.sv(146) @ 5: uvm_test_top.env.slave_agent.slv_mon [WB slave Monitor] got a write transaction  from Master 
UVM_INFO ../src/wb_slave_agent_sequence_library.sv(50) @ 5: uvm_test_top.env.slave_agent.slv_seqr@@ram_sequence [uvm_test_top.env.slave_agent.slv_seqr.ram_sequence] In SLAVE SEQUENCER, Transaction address = 0000000000000003   kind = WRITE
UVM_INFO ../src/wb_slave_agent_sequence_library.sv(56) @ 5: uvm_test_top.env.slave_agent.slv_seqr@@ram_sequence [uvm_test_top.env.slave_agent.slv_seqr.ram_sequence] SLAVE SEQUENCER OUTPUT, Transaction address = 0000000000000003   kind = WRITE data = 00000000deadbeef
UVM_INFO ../src/wb_master.sv(171) @ 115: uvm_test_top.env.master_agent.mast_drv [wb_env_DRIVER] ------------------------------------------------------------------------------------------------------
Name                           Type            Size  Value                                            
------------------------------------------------------------------------------------------------------
req                            wb_transaction  -     @907                                             
  address                      integral        64    'h3                                              
  data                         da(integral)    54    -                                                
    [0]                        integral        64    'hdeadbeef                                       
    [1]                        integral        64    'h43f87f5f247eb857                               
    [2]                        integral        64    'hd3bd5f6f4c34ec92                               
    [3]                        integral        64    'hc8b1e74124d48d4e                               
    [4]                        integral        64    'hd2b7b74be4c263                                 
    ...                        ...             ...   ...                                              
    [49]                       integral        64    'h8ca34a2f27566e96                               
    [50]                       integral        64    'h6ec87e5eedc8b3eb                               
    [51]                       integral        64    'hf6c546363bd45a1a                               
    [52]                       integral        64    'h6a32b8c90f13c984                               
    [53]                       integral        64    'h5ee9334e725eadfe                               
  sel                          integral        8     'h1                                              
  tga                          integral        16    'h3d9a                                           
  tgc                          integral        16    'hf36                                            
  lock                         integral        1     'h0                                              
  num_wait_states              integral        32    'h0                                              
  kind                         kinds_e         32    WRITE                                            
  status                       status_e        32    ACK                                              
  next_cycle                   pipelining_e    32    CLASSIC                                          
  begin_time                   time            64    0                                                
  depth                        int             32    'd2                                              
  parent sequence (name)       string          10    sequence_1                                       
  parent sequence (full name)  string          49    uvm_test_top.env.master_agent.mast_sqr.sequence_1
  sequencer                    string          38    uvm_test_top.env.master_agent.mast_sqr           
------------------------------------------------------------------------------------------------------

UVM_INFO ../src/wb_master.sv(174) @ 115: uvm_test_top.env.master_agent.mast_drv [wb_env_DRIVER] Completed transaction...
UVM_INFO ../src/wb_master.sv(145) @ 115: uvm_test_top.env.master_agent.mast_drv [wb_env_DRIVER] Starting transaction...
UVM_INFO ../src/wb_slave.sv(180) @ 125: uvm_test_top.env.slave_agent.slv_drv [SLAVE_DRIVER] Completed transaction...
UVM_INFO ../src/wb_master.sv(222) @ 125: uvm_test_top.env.master_agent.mast_drv [Wb master] Got a write transaction
UVM_INFO ../src/wb_master_mon.sv(157) @ 125: uvm_test_top.env.master_agent.mast_mon [WB master Monitor] got a write transaction  from Master 
UVM_INFO ../src/wb_slave_mon.sv(146) @ 125: uvm_test_top.env.slave_agent.slv_mon [WB slave Monitor] got a write transaction  from Master 
UVM_INFO ../src/wb_slave.sv(154) @ 125: uvm_test_top.env.slave_agent.slv_drv [Wb_slave] got a write transaction  from Master 
UVM_INFO ../src/wb_slave_agent_sequence_library.sv(50) @ 125: uvm_test_top.env.slave_agent.slv_seqr@@ram_sequence [uvm_test_top.env.slave_agent.slv_seqr.ram_sequence] In SLAVE SEQUENCER, Transaction address = 0000000000000004   kind = WRITE
UVM_INFO ../src/wb_slave_agent_sequence_library.sv(56) @ 125: uvm_test_top.env.slave_agent.slv_seqr@@ram_sequence [uvm_test_top.env.slave_agent.slv_seqr.ram_sequence] SLAVE SEQUENCER OUTPUT, Transaction address = 0000000000000004   kind = WRITE data = 00000000beefdead
UVM_INFO ../src/wb_master.sv(171) @ 235: uvm_test_top.env.master_agent.mast_drv [wb_env_DRIVER] ------------------------------------------------------------------------------------------------------
Name                           Type            Size  Value                                            
------------------------------------------------------------------------------------------------------
req                            wb_transaction  -     @1073                                            
  address                      integral        64    'h4                                              
  data                         da(integral)    56    -                                                
    [0]                        integral        64    'hbeefdead                                       
    [1]                        integral        64    'hcdc5f7947f161903                               
    [2]                        integral        64    'hb95857161ad2854c                               
    [3]                        integral        64    'hfeb8f58478adb8e                                
    [4]                        integral        64    'h9356ebba74ff903e                               
    ...                        ...             ...   ...                                              
    [51]                       integral        64    'hbab9d003210434c                                
    [52]                       integral        64    'h9c0187d795328861                               
    [53]                       integral        64    'hc5103c743a91f5f2                               
    [54]                       integral        64    'h48101e8229bc1da8                               
    [55]                       integral        64    'h632c5f4c2bea26cb                               
  sel                          integral        8     'h1                                              
  tga                          integral        16    'ha63                                            
  tgc                          integral        16    'h9ec                                            
  lock                         integral        1     'h0                                              
  num_wait_states              integral        32    'h0                                              
  kind                         kinds_e         32    WRITE                                            
  status                       status_e        32    ACK                                              
  next_cycle                   pipelining_e    32    CLASSIC                                          
  begin_time                   time            64    115                                              
  depth                        int             32    'd2                                              
  parent sequence (name)       string          10    sequence_1                                       
  parent sequence (full name)  string          49    uvm_test_top.env.master_agent.mast_sqr.sequence_1
  sequencer                    string          38    uvm_test_top.env.master_agent.mast_sqr           
------------------------------------------------------------------------------------------------------

UVM_INFO ../src/wb_master.sv(174) @ 235: uvm_test_top.env.master_agent.mast_drv [wb_env_DRIVER] Completed transaction...
UVM_INFO ../src/wb_master.sv(145) @ 235: uvm_test_top.env.master_agent.mast_drv [wb_env_DRIVER] Starting transaction...
UVM_INFO ../src/wb_slave.sv(180) @ 245: uvm_test_top.env.slave_agent.slv_drv [SLAVE_DRIVER] Completed transaction...
UVM_INFO ../src/wb_master.sv(222) @ 245: uvm_test_top.env.master_agent.mast_drv [Wb master] Got a write transaction
UVM_INFO ../src/wb_master_mon.sv(157) @ 245: uvm_test_top.env.master_agent.mast_mon [WB master Monitor] got a write transaction  from Master 
UVM_INFO ../src/wb_slave_mon.sv(146) @ 245: uvm_test_top.env.slave_agent.slv_mon [WB slave Monitor] got a write transaction  from Master 
UVM_INFO ../src/wb_slave.sv(154) @ 245: uvm_test_top.env.slave_agent.slv_drv [Wb_slave] got a write transaction  from Master 
UVM_INFO ../src/wb_slave_agent_sequence_library.sv(50) @ 245: uvm_test_top.env.slave_agent.slv_seqr@@ram_sequence [uvm_test_top.env.slave_agent.slv_seqr.ram_sequence] In SLAVE SEQUENCER, Transaction address = 0000000000000005   kind = WRITE
UVM_INFO ../src/wb_slave_agent_sequence_library.sv(56) @ 245: uvm_test_top.env.slave_agent.slv_seqr@@ram_sequence [uvm_test_top.env.slave_agent.slv_seqr.ram_sequence] SLAVE SEQUENCER OUTPUT, Transaction address = 0000000000000005   kind = WRITE data = 0000000001234578
UVM_INFO ../src/wb_master.sv(171) @ 355: uvm_test_top.env.master_agent.mast_drv [wb_env_DRIVER] ------------------------------------------------------------------------------------------------------
Name                           Type            Size  Value                                            
------------------------------------------------------------------------------------------------------
req                            wb_transaction  -     @1113                                            
  address                      integral        64    'h5                                              
  data                         da(integral)    23    -                                                
    [0]                        integral        64    'h1234578                                        
    [1]                        integral        64    'h73936cf40ccf56b7                               
    [2]                        integral        64    'h25148d0f615bc43b                               
    [3]                        integral        64    'h6990050af21fc893                               
    [4]                        integral        64    'h1d1504c8c6fd9c36                               
    ...                        ...             ...   ...                                              
    [18]                       integral        64    'h1eab4890d7f0f60d                               
    [19]                       integral        64    'hc1db3c405466f270                               
    [20]                       integral        64    'h58eee492e5330d04                               
    [21]                       integral        64    'h6720a7b648a4655b                               
    [22]                       integral        64    'hf14dc49d538c5191                               
  sel                          integral        8     'h1                                              
  tga                          integral        16    'hbf44                                           
  tgc                          integral        16    'he878                                           
  lock                         integral        1     'h0                                              
  num_wait_states              integral        32    'h0                                              
  kind                         kinds_e         32    WRITE                                            
  status                       status_e        32    ACK                                              
  next_cycle                   pipelining_e    32    CLASSIC                                          
  begin_time                   time            64    235                                              
  depth                        int             32    'd2                                              
  parent sequence (name)       string          10    sequence_1                                       
  parent sequence (full name)  string          49    uvm_test_top.env.master_agent.mast_sqr.sequence_1
  sequencer                    string          38    uvm_test_top.env.master_agent.mast_sqr           
------------------------------------------------------------------------------------------------------

UVM_INFO ../src/wb_master.sv(174) @ 355: uvm_test_top.env.master_agent.mast_drv [wb_env_DRIVER] Completed transaction...
UVM_INFO ../src/wb_master.sv(145) @ 355: uvm_test_top.env.master_agent.mast_drv [wb_env_DRIVER] Starting transaction...
UVM_INFO ../src/wb_slave.sv(180) @ 365: uvm_test_top.env.slave_agent.slv_drv [SLAVE_DRIVER] Completed transaction...
UVM_INFO ../src/wb_master.sv(183) @ 365: uvm_test_top.env.master_agent.mast_drv [Wb master] Got a read transaction
UVM_INFO ../src/wb_master_mon.sv(164) @ 365: uvm_test_top.env.master_agent.mast_mon [Wb_master Monitor] got a read transaction  
UVM_INFO ../src/wb_slave_mon.sv(153) @ 365: uvm_test_top.env.slave_agent.slv_mon [Wb_slave Monitor] got a read transaction  
UVM_INFO ../src/wb_slave.sv(160) @ 365: uvm_test_top.env.slave_agent.slv_drv [Wb_slave] got a read transaction  
UVM_INFO ../src/wb_slave_agent_sequence_library.sv(50) @ 365: uvm_test_top.env.slave_agent.slv_seqr@@ram_sequence [uvm_test_top.env.slave_agent.slv_seqr.ram_sequence] In SLAVE SEQUENCER, Transaction address = 0000000000000003   kind = READ
UVM_INFO ../src/wb_slave_agent_sequence_library.sv(56) @ 365: uvm_test_top.env.slave_agent.slv_seqr@@ram_sequence [uvm_test_top.env.slave_agent.slv_seqr.ram_sequence] SLAVE SEQUENCER OUTPUT, Transaction address = 0000000000000003   kind = READ data = 00000000deadbeef
UVM_INFO ../src/wb_master.sv(171) @ 475: uvm_test_top.env.master_agent.mast_drv [wb_env_DRIVER] ------------------------------------------------------------------------------------------------------
Name                           Type            Size  Value                                            
------------------------------------------------------------------------------------------------------
req                            wb_transaction  -     @1152                                            
  address                      integral        64    'h3                                              
  data                         da(integral)    32    -                                                
    [0]                        integral        64    'hdeadbeef                                       
    [1]                        integral        64    'hcbff1d04a0d2bfc7                               
    [2]                        integral        64    'h93ce848e8cf7d05f                               
    [3]                        integral        64    'had65ea4862848697                               
    [4]                        integral        64    'hb0e0f31c66ed3bee                               
    ...                        ...             ...   ...                                              
    [27]                       integral        64    'hb68880c36dbaae7d                               
    [28]                       integral        64    'hf3b2f111087c6790                               
    [29]                       integral        64    'hf9b0b3cbd8daa352                               
    [30]                       integral        64    'h887b677e076fefc0                               
    [31]                       integral        64    'h3df1850ec904379b                               
  sel                          integral        8     'h1                                              
  tga                          integral        16    'h5234                                           
  tgc                          integral        16    'h6409                                           
  lock                         integral        1     'h1                                              
  num_wait_states              integral        32    'h0                                              
  kind                         kinds_e         32    READ                                             
  status                       status_e        32    ACK                                              
  next_cycle                   pipelining_e    32    CLASSIC                                          
  begin_time                   time            64    355                                              
  depth                        int             32    'd2                                              
  parent sequence (name)       string          10    sequence_1                                       
  parent sequence (full name)  string          49    uvm_test_top.env.master_agent.mast_sqr.sequence_1
  sequencer                    string          38    uvm_test_top.env.master_agent.mast_sqr           
------------------------------------------------------------------------------------------------------

UVM_INFO ../src/wb_master.sv(174) @ 475: uvm_test_top.env.master_agent.mast_drv [wb_env_DRIVER] Completed transaction...
UVM_INFO ../src/wb_master.sv(145) @ 475: uvm_test_top.env.master_agent.mast_drv [wb_env_DRIVER] Starting transaction...
UVM_INFO ../src/wb_slave.sv(180) @ 485: uvm_test_top.env.slave_agent.slv_drv [SLAVE_DRIVER] Completed transaction...
UVM_INFO ../src/wb_master.sv(183) @ 485: uvm_test_top.env.master_agent.mast_drv [Wb master] Got a read transaction
UVM_INFO ../src/wb_master_mon.sv(164) @ 485: uvm_test_top.env.master_agent.mast_mon [Wb_master Monitor] got a read transaction  
UVM_INFO ../src/wb_slave_mon.sv(153) @ 485: uvm_test_top.env.slave_agent.slv_mon [Wb_slave Monitor] got a read transaction  
UVM_INFO ../src/wb_slave.sv(160) @ 485: uvm_test_top.env.slave_agent.slv_drv [Wb_slave] got a read transaction  
UVM_INFO ../src/wb_slave_agent_sequence_library.sv(50) @ 485: uvm_test_top.env.slave_agent.slv_seqr@@ram_sequence [uvm_test_top.env.slave_agent.slv_seqr.ram_sequence] In SLAVE SEQUENCER, Transaction address = 0000000000000004   kind = READ
UVM_INFO ../src/wb_slave_agent_sequence_library.sv(56) @ 485: uvm_test_top.env.slave_agent.slv_seqr@@ram_sequence [uvm_test_top.env.slave_agent.slv_seqr.ram_sequence] SLAVE SEQUENCER OUTPUT, Transaction address = 0000000000000004   kind = READ data = 00000000beefdead
UVM_INFO ../src/wb_master.sv(171) @ 595: uvm_test_top.env.master_agent.mast_drv [wb_env_DRIVER] ------------------------------------------------------------------------------------------------------
Name                           Type            Size  Value                                            
------------------------------------------------------------------------------------------------------
req                            wb_transaction  -     @1191                                            
  address                      integral        64    'h4                                              
  data                         da(integral)    58    -                                                
    [0]                        integral        64    'hbeefdead                                       
    [1]                        integral        64    'h66ba6730f88dd2e2                               
    [2]                        integral        64    'ha53cf3c70ff38a6d                               
    [3]                        integral        64    'he51677fcaebbc627                               
    [4]                        integral        64    'h7794bc49b336e8dd                               
    ...                        ...             ...   ...                                              
    [53]                       integral        64    'h2235ec4d5dc8085a                               
    [54]                       integral        64    'hcd58c4275fb7ee4f                               
    [55]                       integral        64    'ha4dd1b9fc4f1255e                               
    [56]                       integral        64    'h9068135b850ce423                               
    [57]                       integral        64    'h262811a91900cea6                               
  sel                          integral        8     'h1                                              
  tga                          integral        16    'h4bb7                                           
  tgc                          integral        16    'h6a49                                           
  lock                         integral        1     'h1                                              
  num_wait_states              integral        32    'h0                                              
  kind                         kinds_e         32    READ                                             
  status                       status_e        32    ACK                                              
  next_cycle                   pipelining_e    32    CLASSIC                                          
  begin_time                   time            64    475                                              
  depth                        int             32    'd2                                              
  parent sequence (name)       string          10    sequence_1                                       
  parent sequence (full name)  string          49    uvm_test_top.env.master_agent.mast_sqr.sequence_1
  sequencer                    string          38    uvm_test_top.env.master_agent.mast_sqr           
------------------------------------------------------------------------------------------------------

UVM_INFO ../src/wb_master.sv(174) @ 595: uvm_test_top.env.master_agent.mast_drv [wb_env_DRIVER] Completed transaction...
UVM_INFO ../src/wb_master.sv(145) @ 595: uvm_test_top.env.master_agent.mast_drv [wb_env_DRIVER] Starting transaction...
UVM_INFO ../src/wb_slave.sv(180) @ 605: uvm_test_top.env.slave_agent.slv_drv [SLAVE_DRIVER] Completed transaction...
UVM_INFO ../src/wb_master.sv(183) @ 605: uvm_test_top.env.master_agent.mast_drv [Wb master] Got a read transaction
UVM_INFO ../src/wb_master_mon.sv(164) @ 605: uvm_test_top.env.master_agent.mast_mon [Wb_master Monitor] got a read transaction  
UVM_INFO ../src/wb_slave_mon.sv(153) @ 605: uvm_test_top.env.slave_agent.slv_mon [Wb_slave Monitor] got a read transaction  
UVM_INFO ../src/wb_slave.sv(160) @ 605: uvm_test_top.env.slave_agent.slv_drv [Wb_slave] got a read transaction  
UVM_INFO ../src/wb_slave_agent_sequence_library.sv(50) @ 605: uvm_test_top.env.slave_agent.slv_seqr@@ram_sequence [uvm_test_top.env.slave_agent.slv_seqr.ram_sequence] In SLAVE SEQUENCER, Transaction address = 0000000000000005   kind = READ
UVM_INFO ../src/wb_slave_agent_sequence_library.sv(56) @ 605: uvm_test_top.env.slave_agent.slv_seqr@@ram_sequence [uvm_test_top.env.slave_agent.slv_seqr.ram_sequence] SLAVE SEQUENCER OUTPUT, Transaction address = 0000000000000005   kind = READ data = 0000000001234578
UVM_INFO ../src/wb_master.sv(171) @ 715: uvm_test_top.env.master_agent.mast_drv [wb_env_DRIVER] ------------------------------------------------------------------------------------------------------
Name                           Type            Size  Value                                            
------------------------------------------------------------------------------------------------------
req                            wb_transaction  -     @1230                                            
  address                      integral        64    'h5                                              
  data                         da(integral)    50    -                                                
    [0]                        integral        64    'h1234578                                        
    [1]                        integral        64    'h6a5460949a77139c                               
    [2]                        integral        64    'he7fd46304a0090da                               
    [3]                        integral        64    'hff47864229861664                               
    [4]                        integral        64    'h95d7412f7d0f502                                
    ...                        ...             ...   ...                                              
    [45]                       integral        64    'hf0c9ba7f59285a81                               
    [46]                       integral        64    'h963e1ce417aa9a95                               
    [47]                       integral        64    'hcd1c6981b2ba8af6                               
    [48]                       integral        64    'he8dc3ae81cd0d01a                               
    [49]                       integral        64    'h3545430d311e8bfa                               
  sel                          integral        8     'h1                                              
  tga                          integral        16    'h647d                                           
  tgc                          integral        16    'h6ae9                                           
  lock                         integral        1     'h1                                              
  num_wait_states              integral        32    'h0                                              
  kind                         kinds_e         32    READ                                             
  status                       status_e        32    ACK                                              
  next_cycle                   pipelining_e    32    CLASSIC                                          
  begin_time                   time            64    595                                              
  depth                        int             32    'd2                                              
  parent sequence (name)       string          10    sequence_1                                       
  parent sequence (full name)  string          49    uvm_test_top.env.master_agent.mast_sqr.sequence_1
  sequencer                    string          38    uvm_test_top.env.master_agent.mast_sqr           
------------------------------------------------------------------------------------------------------

UVM_INFO ../src/wb_master.sv(174) @ 715: uvm_test_top.env.master_agent.mast_drv [wb_env_DRIVER] Completed transaction...
UVM_INFO /global/apps/vcs_2019.06/etc/uvm-ieee/base/uvm_report_catcher.svh(675) @ 715: reporter [UVM/REPORT/CATCHER] 
--- UVM Report catcher Summary ---


Number of demoted UVM_FATAL reports  :    0
Number of demoted UVM_ERROR reports  :    0
Number of demoted UVM_WARNING reports:    0
Number of caught UVM_FATAL reports   :    0
Number of caught UVM_ERROR reports   :    0
Number of caught UVM_WARNING reports :    0

UVM_INFO /global/apps/vcs_2019.06/etc/uvm-ieee/base/uvm_report_server.svh(899) @ 715: reporter [UVM/REPORT/SERVER] 
--- UVM Report Summary ---

** Report counts by severity
UVM_INFO :   64
UVM_WARNING :    0
UVM_ERROR :    0
UVM_FATAL :    0
** Report counts by id
[RNTST]     1
[SLAVE_DRIVER]     5
[UVM/RELNOTES]     1
[UVM/REPORT/CATCHER]     1
[VCS_TR_AUTO]     1
[WB master Monitor]     3
[WB slave Monitor]     3
[WB_SLAVE_SEQR]     1
[Wb master]     6
[Wb_master Monitor]     3
[Wb_slave]     6
[Wb_slave Monitor]     3
[uvm_test_top.env.slave_agent.slv_seqr.ram_sequence]    12
[wb_env_DRIVER]    18

$finish called from file "/global/apps/vcs_2019.06/etc/uvm-ieee/base/uvm_root.svh", line 596.
$finish at simulation time                  715
           V C S   S i m u l a t i o n   R e p o r t 
Time: 715
CPU Time:      0.770 seconds;       Data structure size:   0.4Mb
Tue Dec  3 14:31:03 2019
